                Time          Cycles PC       Instr    Mnemonic
               65500               5 00000080 0040006f jal              x0, 4              
               66500               6 00000084 f1402573 csrrs            x10, x0, 0xf14      x10=00000000
               67500               7 00000088 01f57593 andi             x11, x10, 31        x11=00000000 x10:00000000
               68500               8 0000008c 00555513 srli             x10, x10, 0x5       x10=00000000 x10:00000000
               69500               9 0000008e 00010297 auipc            x5, 0x10000          x5=0001008e
               70500              10 00000092 0b228293 addi             x5, x5, 178          x5=00010140  x5:0001008e
               71500              11 00000096 00010317 auipc            x6, 0x10000          x6=00010096
               72500              12 0000009a 17a30313 addi             x6, x6, 378          x6=00010210  x6:00010096
               73500              13 0000009e 0002a023 sw               x0, 0(x5)            x5:00010140  PA:00010140
               75500              15 000000a2 00428293 addi             x5, x5, 4            x5=00010144  x5:00010140
               77500              17 000000a4 fe62ede3 bltu             x5, x6, -6           x5:00010144  x6:00010210
               80500              20 0000009e 0002a023 sw               x0, 0(x5)            x5:00010144  PA:00010144
               82500              22 000000a2 00428293 addi             x5, x5, 4            x5=00010148  x5:00010144
               84500              24 000000a4 fe62ede3 bltu             x5, x6, -6           x5:00010148  x6:00010210
               87500              27 0000009e 0002a023 sw               x0, 0(x5)            x5:00010148  PA:00010148
               89500              29 000000a2 00428293 addi             x5, x5, 4            x5=0001014c  x5:00010148
               91500              31 000000a4 fe62ede3 bltu             x5, x6, -6           x5:0001014c  x6:00010210
               94500              34 0000009e 0002a023 sw               x0, 0(x5)            x5:0001014c  PA:0001014c
               96500              36 000000a2 00428293 addi             x5, x5, 4            x5=00010150  x5:0001014c
               98500              38 000000a4 fe62ede3 bltu             x5, x6, -6           x5:00010150  x6:00010210
              101500              41 0000009e 0002a023 sw               x0, 0(x5)            x5:00010150  PA:00010150
              103500              43 000000a2 00428293 addi             x5, x5, 4            x5=00010154  x5:00010150
              105500              45 000000a4 fe62ede3 bltu             x5, x6, -6           x5:00010154  x6:00010210
              108500              48 0000009e 0002a023 sw               x0, 0(x5)            x5:00010154  PA:00010154
              110500              50 000000a2 00428293 addi             x5, x5, 4            x5=00010158  x5:00010154
              112500              52 000000a4 fe62ede3 bltu             x5, x6, -6           x5:00010158  x6:00010210
              115500              55 0000009e 0002a023 sw               x0, 0(x5)            x5:00010158  PA:00010158
              117500              57 000000a2 00428293 addi             x5, x5, 4            x5=0001015c  x5:00010158
              119500              59 000000a4 fe62ede3 bltu             x5, x6, -6           x5:0001015c  x6:00010210
              122500              62 0000009e 0002a023 sw               x0, 0(x5)            x5:0001015c  PA:0001015c
              124500              64 000000a2 00428293 addi             x5, x5, 4            x5=00010160  x5:0001015c
              126500              66 000000a4 fe62ede3 bltu             x5, x6, -6           x5:00010160  x6:00010210
              129500              69 0000009e 0002a023 sw               x0, 0(x5)            x5:00010160  PA:00010160
              131500              71 000000a2 00428293 addi             x5, x5, 4            x5=00010164  x5:00010160
              133500              73 000000a4 fe62ede3 bltu             x5, x6, -6           x5:00010164  x6:00010210
              136500              76 0000009e 0002a023 sw               x0, 0(x5)            x5:00010164  PA:00010164
              138500              78 000000a2 00428293 addi             x5, x5, 4            x5=00010168  x5:00010164
              140500              80 000000a4 fe62ede3 bltu             x5, x6, -6           x5:00010168  x6:00010210
              143500              83 0000009e 0002a023 sw               x0, 0(x5)            x5:00010168  PA:00010168
              145500              85 000000a2 00428293 addi             x5, x5, 4            x5=0001016c  x5:00010168
              147500              87 000000a4 fe62ede3 bltu             x5, x6, -6           x5:0001016c  x6:00010210
              150500              90 0000009e 0002a023 sw               x0, 0(x5)            x5:0001016c  PA:0001016c
              152500              92 000000a2 00428293 addi             x5, x5, 4            x5=00010170  x5:0001016c
              154500              94 000000a4 fe62ede3 bltu             x5, x6, -6           x5:00010170  x6:00010210
              157500              97 0000009e 0002a023 sw               x0, 0(x5)            x5:00010170  PA:00010170
              159500              99 000000a2 00428293 addi             x5, x5, 4            x5=00010174  x5:00010170
              161500             101 000000a4 fe62ede3 bltu             x5, x6, -6           x5:00010174  x6:00010210
              164500             104 0000009e 0002a023 sw               x0, 0(x5)            x5:00010174  PA:00010174
              166500             106 000000a2 00428293 addi             x5, x5, 4            x5=00010178  x5:00010174
              168500             108 000000a4 fe62ede3 bltu             x5, x6, -6           x5:00010178  x6:00010210
              171500             111 0000009e 0002a023 sw               x0, 0(x5)            x5:00010178  PA:00010178
              173500             113 000000a2 00428293 addi             x5, x5, 4            x5=0001017c  x5:00010178
              175500             115 000000a4 fe62ede3 bltu             x5, x6, -6           x5:0001017c  x6:00010210
              178500             118 0000009e 0002a023 sw               x0, 0(x5)            x5:0001017c  PA:0001017c
              180500             120 000000a2 00428293 addi             x5, x5, 4            x5=00010180  x5:0001017c
              182500             122 000000a4 fe62ede3 bltu             x5, x6, -6           x5:00010180  x6:00010210
              185500             125 0000009e 0002a023 sw               x0, 0(x5)            x5:00010180  PA:00010180
              187500             127 000000a2 00428293 addi             x5, x5, 4            x5=00010184  x5:00010180
              189500             129 000000a4 fe62ede3 bltu             x5, x6, -6           x5:00010184  x6:00010210
              192500             132 0000009e 0002a023 sw               x0, 0(x5)            x5:00010184  PA:00010184
              194500             134 000000a2 00428293 addi             x5, x5, 4            x5=00010188  x5:00010184
              196500             136 000000a4 fe62ede3 bltu             x5, x6, -6           x5:00010188  x6:00010210
              199500             139 0000009e 0002a023 sw               x0, 0(x5)            x5:00010188  PA:00010188
              201500             141 000000a2 00428293 addi             x5, x5, 4            x5=0001018c  x5:00010188
              203500             143 000000a4 fe62ede3 bltu             x5, x6, -6           x5:0001018c  x6:00010210
              206500             146 0000009e 0002a023 sw               x0, 0(x5)            x5:0001018c  PA:0001018c
              208500             148 000000a2 00428293 addi             x5, x5, 4            x5=00010190  x5:0001018c
              210500             150 000000a4 fe62ede3 bltu             x5, x6, -6           x5:00010190  x6:00010210
              213500             153 0000009e 0002a023 sw               x0, 0(x5)            x5:00010190  PA:00010190
              215500             155 000000a2 00428293 addi             x5, x5, 4            x5=00010194  x5:00010190
              217500             157 000000a4 fe62ede3 bltu             x5, x6, -6           x5:00010194  x6:00010210
              220500             160 0000009e 0002a023 sw               x0, 0(x5)            x5:00010194  PA:00010194
              222500             162 000000a2 00428293 addi             x5, x5, 4            x5=00010198  x5:00010194
              224500             164 000000a4 fe62ede3 bltu             x5, x6, -6           x5:00010198  x6:00010210
              227500             167 0000009e 0002a023 sw               x0, 0(x5)            x5:00010198  PA:00010198
              229500             169 000000a2 00428293 addi             x5, x5, 4            x5=0001019c  x5:00010198
              231500             171 000000a4 fe62ede3 bltu             x5, x6, -6           x5:0001019c  x6:00010210
              234500             174 0000009e 0002a023 sw               x0, 0(x5)            x5:0001019c  PA:0001019c
              236500             176 000000a2 00428293 addi             x5, x5, 4            x5=000101a0  x5:0001019c
              238500             178 000000a4 fe62ede3 bltu             x5, x6, -6           x5:000101a0  x6:00010210
              241500             181 0000009e 0002a023 sw               x0, 0(x5)            x5:000101a0  PA:000101a0
              243500             183 000000a2 00428293 addi             x5, x5, 4            x5=000101a4  x5:000101a0
              245500             185 000000a4 fe62ede3 bltu             x5, x6, -6           x5:000101a4  x6:00010210
              248500             188 0000009e 0002a023 sw               x0, 0(x5)            x5:000101a4  PA:000101a4
              250500             190 000000a2 00428293 addi             x5, x5, 4            x5=000101a8  x5:000101a4
              252500             192 000000a4 fe62ede3 bltu             x5, x6, -6           x5:000101a8  x6:00010210
              255500             195 0000009e 0002a023 sw               x0, 0(x5)            x5:000101a8  PA:000101a8
              257500             197 000000a2 00428293 addi             x5, x5, 4            x5=000101ac  x5:000101a8
              259500             199 000000a4 fe62ede3 bltu             x5, x6, -6           x5:000101ac  x6:00010210
              262500             202 0000009e 0002a023 sw               x0, 0(x5)            x5:000101ac  PA:000101ac
              264500             204 000000a2 00428293 addi             x5, x5, 4            x5=000101b0  x5:000101ac
              266500             206 000000a4 fe62ede3 bltu             x5, x6, -6           x5:000101b0  x6:00010210
              269500             209 0000009e 0002a023 sw               x0, 0(x5)            x5:000101b0  PA:000101b0
              271500             211 000000a2 00428293 addi             x5, x5, 4            x5=000101b4  x5:000101b0
              273500             213 000000a4 fe62ede3 bltu             x5, x6, -6           x5:000101b4  x6:00010210
              276500             216 0000009e 0002a023 sw               x0, 0(x5)            x5:000101b4  PA:000101b4
              278500             218 000000a2 00428293 addi             x5, x5, 4            x5=000101b8  x5:000101b4
              280500             220 000000a4 fe62ede3 bltu             x5, x6, -6           x5:000101b8  x6:00010210
              283500             223 0000009e 0002a023 sw               x0, 0(x5)            x5:000101b8  PA:000101b8
              285500             225 000000a2 00428293 addi             x5, x5, 4            x5=000101bc  x5:000101b8
              287500             227 000000a4 fe62ede3 bltu             x5, x6, -6           x5:000101bc  x6:00010210
              290500             230 0000009e 0002a023 sw               x0, 0(x5)            x5:000101bc  PA:000101bc
              292500             232 000000a2 00428293 addi             x5, x5, 4            x5=000101c0  x5:000101bc
              294500             234 000000a4 fe62ede3 bltu             x5, x6, -6           x5:000101c0  x6:00010210
              297500             237 0000009e 0002a023 sw               x0, 0(x5)            x5:000101c0  PA:000101c0
              299500             239 000000a2 00428293 addi             x5, x5, 4            x5=000101c4  x5:000101c0
              301500             241 000000a4 fe62ede3 bltu             x5, x6, -6           x5:000101c4  x6:00010210
              304500             244 0000009e 0002a023 sw               x0, 0(x5)            x5:000101c4  PA:000101c4
              306500             246 000000a2 00428293 addi             x5, x5, 4            x5=000101c8  x5:000101c4
              308500             248 000000a4 fe62ede3 bltu             x5, x6, -6           x5:000101c8  x6:00010210
              311500             251 0000009e 0002a023 sw               x0, 0(x5)            x5:000101c8  PA:000101c8
              313500             253 000000a2 00428293 addi             x5, x5, 4            x5=000101cc  x5:000101c8
              315500             255 000000a4 fe62ede3 bltu             x5, x6, -6           x5:000101cc  x6:00010210
              318500             258 0000009e 0002a023 sw               x0, 0(x5)            x5:000101cc  PA:000101cc
              320500             260 000000a2 00428293 addi             x5, x5, 4            x5=000101d0  x5:000101cc
              322500             262 000000a4 fe62ede3 bltu             x5, x6, -6           x5:000101d0  x6:00010210
              325500             265 0000009e 0002a023 sw               x0, 0(x5)            x5:000101d0  PA:000101d0
              327500             267 000000a2 00428293 addi             x5, x5, 4            x5=000101d4  x5:000101d0
              329500             269 000000a4 fe62ede3 bltu             x5, x6, -6           x5:000101d4  x6:00010210
              332500             272 0000009e 0002a023 sw               x0, 0(x5)            x5:000101d4  PA:000101d4
              334500             274 000000a2 00428293 addi             x5, x5, 4            x5=000101d8  x5:000101d4
              336500             276 000000a4 fe62ede3 bltu             x5, x6, -6           x5:000101d8  x6:00010210
              339500             279 0000009e 0002a023 sw               x0, 0(x5)            x5:000101d8  PA:000101d8
              341500             281 000000a2 00428293 addi             x5, x5, 4            x5=000101dc  x5:000101d8
              343500             283 000000a4 fe62ede3 bltu             x5, x6, -6           x5:000101dc  x6:00010210
              346500             286 0000009e 0002a023 sw               x0, 0(x5)            x5:000101dc  PA:000101dc
              348500             288 000000a2 00428293 addi             x5, x5, 4            x5=000101e0  x5:000101dc
              350500             290 000000a4 fe62ede3 bltu             x5, x6, -6           x5:000101e0  x6:00010210
              353500             293 0000009e 0002a023 sw               x0, 0(x5)            x5:000101e0  PA:000101e0
              355500             295 000000a2 00428293 addi             x5, x5, 4            x5=000101e4  x5:000101e0
              357500             297 000000a4 fe62ede3 bltu             x5, x6, -6           x5:000101e4  x6:00010210
              360500             300 0000009e 0002a023 sw               x0, 0(x5)            x5:000101e4  PA:000101e4
              362500             302 000000a2 00428293 addi             x5, x5, 4            x5=000101e8  x5:000101e4
              364500             304 000000a4 fe62ede3 bltu             x5, x6, -6           x5:000101e8  x6:00010210
              367500             307 0000009e 0002a023 sw               x0, 0(x5)            x5:000101e8  PA:000101e8
              369500             309 000000a2 00428293 addi             x5, x5, 4            x5=000101ec  x5:000101e8
              371500             311 000000a4 fe62ede3 bltu             x5, x6, -6           x5:000101ec  x6:00010210
              374500             314 0000009e 0002a023 sw               x0, 0(x5)            x5:000101ec  PA:000101ec
              376500             316 000000a2 00428293 addi             x5, x5, 4            x5=000101f0  x5:000101ec
              378500             318 000000a4 fe62ede3 bltu             x5, x6, -6           x5:000101f0  x6:00010210
              381500             321 0000009e 0002a023 sw               x0, 0(x5)            x5:000101f0  PA:000101f0
              383500             323 000000a2 00428293 addi             x5, x5, 4            x5=000101f4  x5:000101f0
              385500             325 000000a4 fe62ede3 bltu             x5, x6, -6           x5:000101f4  x6:00010210
              388500             328 0000009e 0002a023 sw               x0, 0(x5)            x5:000101f4  PA:000101f4
              390500             330 000000a2 00428293 addi             x5, x5, 4            x5=000101f8  x5:000101f4
              392500             332 000000a4 fe62ede3 bltu             x5, x6, -6           x5:000101f8  x6:00010210
              395500             335 0000009e 0002a023 sw               x0, 0(x5)            x5:000101f8  PA:000101f8
              397500             337 000000a2 00428293 addi             x5, x5, 4            x5=000101fc  x5:000101f8
              399500             339 000000a4 fe62ede3 bltu             x5, x6, -6           x5:000101fc  x6:00010210
              402500             342 0000009e 0002a023 sw               x0, 0(x5)            x5:000101fc  PA:000101fc
              404500             344 000000a2 00428293 addi             x5, x5, 4            x5=00010200  x5:000101fc
              406500             346 000000a4 fe62ede3 bltu             x5, x6, -6           x5:00010200  x6:00010210
              409500             349 0000009e 0002a023 sw               x0, 0(x5)            x5:00010200  PA:00010200
              411500             351 000000a2 00428293 addi             x5, x5, 4            x5=00010204  x5:00010200
              413500             353 000000a4 fe62ede3 bltu             x5, x6, -6           x5:00010204  x6:00010210
              416500             356 0000009e 0002a023 sw               x0, 0(x5)            x5:00010204  PA:00010204
              418500             358 000000a2 00428293 addi             x5, x5, 4            x5=00010208  x5:00010204
              420500             360 000000a4 fe62ede3 bltu             x5, x6, -6           x5:00010208  x6:00010210
              423500             363 0000009e 0002a023 sw               x0, 0(x5)            x5:00010208  PA:00010208
              425500             365 000000a2 00428293 addi             x5, x5, 4            x5=0001020c  x5:00010208
              427500             367 000000a4 fe62ede3 bltu             x5, x6, -6           x5:0001020c  x6:00010210
              430500             370 0000009e 0002a023 sw               x0, 0(x5)            x5:0001020c  PA:0001020c
              432500             372 000000a2 00428293 addi             x5, x5, 4            x5=00010210  x5:0001020c
              433500             373 000000a4 fe62ede3 bltu             x5, x6, -6           x5:00010210  x6:00010210
              434500             374 000000a8 0001f117 auipc            x2, 0x1f000          x2=0001f0a8
              435500             375 000000ac f5810113 addi             x2, x2, -168         x2=0001f000  x2:0001f0a8
              436500             376 000000b0 00000513 addi             x10, x0, 0          x10=00000000
              437500             377 000000b4 00000593 addi             x11, x0, 0          x11=00000000
              438500             378 000000b8 00000397 auipc            x7, 0x0              x7=000000b8
              439500             379 000000bc 46838393 addi             x7, x7, 1128         x7=00000520  x7:000000b8
              441500             381 000000c0 000380e7 jalr             x1, x7, 0            x1=000000c4  x7:00000520
              442500             382 00000520 fe010113 addi             x2, x2, -32          x2=0001efe0  x2:0001f000
              443500             383 00000522 00012623 sw               x0, 12(x2)           x2:0001efe0  PA:0001efec
              445500             385 00000524 001007b7 lui              x15, 0x100000       x15=00100000
              446500             386 00000528 0047a783 lw               x15, 4(x15)         x15=00000000 x15:00100000  PA:00100004
              448500             388 0000052a 00112e23 sw               x1, 28(x2)           x1:000000c4  x2:0001efe0  PA:0001effc
              450500             390 0000052c 00812c23 sw               x8, 24(x2)           x8:00000000  x2:0001efe0  PA:0001eff8
              452500             392 0000052e 0007c063 blt              x15, x0, 0          x15:00000000
              453500             393 00000532 001007b7 lui              x15, 0x100000       x15=00100000
              454500             394 00000536 00010737 lui              x14, 0x10000        x14=00010000
              455500             395 00000538 02e7aa23 sw               x14, 52(x15)        x14:00010000 x15:00100000  PA:00100034
              457500             397 0000053a 00233737 lui              x14, 0x233000       x14=00233000
              458500             398 0000053e c0570713 addi             x14, x14, -1019     x14=00232c05 x14:00233000
              459500             399 00000542 02e7a023 sw               x14, 32(x15)        x14:00232c05 x15:00100000  PA:00100020
              461500             401 00000544 1c010737 lui              x14, 0x1c010000     x14=1c010000
              462500             402 00000548 07070713 addi             x14, x14, 112       x14=1c010070 x14:1c010000
              463500             403 0000054c 04e7a023 sw               x14, 64(x15)        x14:1c010070 x15:00100000  PA:00100040
              465500             405 0000054e 00100713 addi             x14, x0, 1          x14=00000001
              466500             406 00000550 04e7a823 sw               x14, 80(x15)        x14:00000001 x15:00100000  PA:00100050
              468500             408 00000552 03100713 addi             x14, x0, 49         x14=00000031
              469500             409 00000556 04e7aa23 sw               x14, 84(x15)        x14:00000031 x15:00100000  PA:00100054
              471500             411 00000558 0c800713 addi             x14, x0, 200        x14=000000c8
              472500             412 0000055c 04e7ae23 sw               x14, 92(x15)        x14:000000c8 x15:00100000  PA:0010005c
              474500             414 0000055e 1c010437 lui              x8, 0x1c010000       x8=1c010000
              475500             415 00000562 00001737 lui              x14, 0x1000         x14=00001000
              476500             416 00000564 14040413 addi             x8, x8, 320          x8=1c010140  x8:1c010000
              477500             417 00000568 a5770713 addi             x14, x14, -1449     x14=00000a57 x14:00001000
              478500             418 0000056c 0207ac23 sw               x0, 56(x15)         x15:00100000  PA:00100038
              480500             420 00000570 0207a823 sw               x0, 48(x15)         x15:00100000  PA:00100030
              482500             422 00000574 0207a623 sw               x0, 44(x15)         x15:00100000  PA:0010002c
              484500             424 00000578 0207a423 sw               x0, 40(x15)         x15:00100000  PA:00100028
              486500             426 0000057c 0207a223 sw               x0, 36(x15)         x15:00100000  PA:00100024
              488500             428 00000580 0487a623 sw               x8, 76(x15)          x8:1c010140 x15:00100000  PA:0010004c
              490500             430 00000582 04e7ac23 sw               x14, 88(x15)        x14:00000a57 x15:00100000  PA:00100058
              492500             432 00000584 0007a023 sw               x0, 0(x15)          x15:00100000  PA:00100000
              494500             434 00000588 10500073 wfi                                 
