                Time          Cycles PC       Instr    Mnemonic
               65500               5 00000080 0040006f jal              x0, 4              
               66500               6 00000084 f1402573 csrrs            x10, x0, 0xf14      x10=00000000
               67500               7 00000088 01f57593 andi             x11, x10, 31        x11=00000000 x10:00000000
               68500               8 0000008c 00555513 srli             x10, x10, 0x5       x10=00000000 x10:00000000
               69500               9 0000008e 00010297 auipc            x5, 0x10000          x5=0001008e
               70500              10 00000092 7d628293 addi             x5, x5, 2006         x5=00010864  x5:0001008e
               71500              11 00000096 00010317 auipc            x6, 0x10000          x6=00010096
               72500              12 0000009a 7d630313 addi             x6, x6, 2006         x6=0001086c  x6:00010096
               73500              13 0000009e 0002a023 sw               x0, 0(x5)            x5:00010864  PA:00010864
               75500              15 000000a2 00428293 addi             x5, x5, 4            x5=00010868  x5:00010864
               77500              17 000000a4 fe62ede3 bltu             x5, x6, -6           x5:00010868  x6:0001086c
               80500              20 0000009e 0002a023 sw               x0, 0(x5)            x5:00010868  PA:00010868
               82500              22 000000a2 00428293 addi             x5, x5, 4            x5=0001086c  x5:00010868
               83500              23 000000a4 fe62ede3 bltu             x5, x6, -6           x5:0001086c  x6:0001086c
               84500              24 000000a8 0001f117 auipc            x2, 0x1f000          x2=0001f0a8
               85500              25 000000ac f5810113 addi             x2, x2, -168         x2=0001f000  x2:0001f0a8
               86500              26 000000b0 00000513 addi             x10, x0, 0          x10=00000000
               87500              27 000000b4 00000593 addi             x11, x0, 0          x11=00000000
               88500              28 000000b8 00000397 auipc            x7, 0x0              x7=000000b8
               89500              29 000000bc 46838393 addi             x7, x7, 1128         x7=00000520  x7:000000b8
               91500              31 000000c0 000380e7 jalr             x1, x7, 0            x1=000000c4  x7:00000520
               92500              32 00000520 fe010113 addi             x2, x2, -32          x2=0001efe0  x2:0001f000
               93500              33 00000522 00012623 sw               x0, 12(x2)           x2:0001efe0  PA:0001efec
               95500              35 00000524 001007b7 lui              x15, 0x100000       x15=00100000
               96500              36 00000528 0047a783 lw               x15, 4(x15)         x15=00000000 x15:00100000  PA:00100004
               98500              38 0000052a 00112e23 sw               x1, 28(x2)           x1:000000c4  x2:0001efe0  PA:0001effc
              100500              40 0000052c 00812c23 sw               x8, 24(x2)           x8:00000000  x2:0001efe0  PA:0001eff8
              102500              42 0000052e 00912a23 sw               x9, 20(x2)           x9:00000000  x2:0001efe0  PA:0001eff4
              104500              44 00000530 01212823 sw               x18, 16(x2)         x18:00000000  x2:0001efe0  PA:0001eff0
              106500              46 00000532 0007c063 blt              x15, x0, 0          x15:00000000
              108500              48 00000536 001007b7 lui              x15, 0x100000       x15=00100000
              109500              49 0000053a 000406b7 lui              x13, 0x40000        x13=00040000
              110500              50 0000053e 02d7aa23 sw               x13, 52(x15)        x13:00040000 x15:00100000  PA:00100034
              112500              52 00000540 000016b7 lui              x13, 0x1000         x13=00001000
              113500              53 00000542 8cd68693 addi             x13, x13, -1843     x13=000008cd x13:00001000
              114500              54 00000546 02d7a223 sw               x13, 36(x15)        x13:000008cd x15:00100000  PA:00100024
              116500              56 00000548 11a136b7 lui              x13, 0x11a13000     x13=11a13000
              117500              57 0000054c c0568693 addi             x13, x13, -1019     x13=11a12c05 x13:11a13000
              118500              58 00000550 02d7a023 sw               x13, 32(x15)        x13:11a12c05 x15:00100000  PA:00100020
              120500              60 00000552 00400693 addi             x13, x0, 4          x13=00000004
              121500              61 00000554 04d7a823 sw               x13, 80(x15)        x13:00000004 x15:00100000  PA:00100050
              123500              63 00000556 1c010737 lui              x14, 0x1c010000     x14=1c010000
              124500              64 0000055a 01f00693 addi             x13, x0, 31         x13=0000001f
              125500              65 0000055c 1c010937 lui              x18, 0x1c010000     x18=1c010000
              126500              66 00000560 1c0104b7 lui              x9, 0x1c010000       x9=1c010000
              127500              67 00000564 1c010437 lui              x8, 0x1c010000       x8=1c010000
              128500              68 00000568 03070713 addi             x14, x14, 48        x14=1c010030 x14:1c010000
              129500              69 0000056c 24090913 addi             x18, x18, 576       x18=1c010240 x18:1c010000
              130500              70 00000570 45048493 addi             x9, x9, 1104         x9=1c010450  x9:1c010000
              131500              71 00000574 66040413 addi             x8, x8, 1632         x8=1c010660  x8:1c010000
              132500              72 00000578 04d7aa23 sw               x13, 84(x15)        x13:0000001f x15:00100000  PA:00100054
              134500              74 0000057a 08000693 addi             x13, x0, 128        x13=00000080
              135500              75 0000057e 0207ac23 sw               x0, 56(x15)         x15:00100000  PA:00100038
              137500              77 00000582 0207a823 sw               x0, 48(x15)         x15:00100000  PA:00100030
              139500              79 00000586 0207a623 sw               x0, 44(x15)         x15:00100000  PA:0010002c
              141500              81 0000058a 0207a423 sw               x0, 40(x15)         x15:00100000  PA:00100028
              143500              83 0000058e 04e7a023 sw               x14, 64(x15)        x14:1c010030 x15:00100000  PA:00100040
              145500              85 00000590 0527a223 sw               x18, 68(x15)        x18:1c010240 x15:00100000  PA:00100044
              147500              87 00000594 0497a423 sw               x9, 72(x15)          x9:1c010450 x15:00100000  PA:00100048
              149500              89 00000596 0487a623 sw               x8, 76(x15)          x8:1c010660 x15:00100000  PA:0010004c
              151500              91 00000598 04d7ae23 sw               x13, 92(x15)        x13:00000080 x15:00100000  PA:0010005c
              153500              93 0000059a 0407ac23 sw               x0, 88(x15)         x15:00100000  PA:00100058
              155500              95 0000059e 0007a023 sw               x0, 0(x15)          x15:00100000  PA:00100000
              157500              97 000005a2 10500073 wfi                                 
              338500             278 000005a6 7f2297b7 lui              x15, 0x7f229000     x15=7f229000
              339500             279 000005aa 00042683 lw               x13, 0(x8)          x13=7f228fd6  x8:1c010660  PA:1c010660
              341500             281 000005ac fd678793 addi             x15, x15, -42       x15=7f228fd6 x15:7f229000
              343500             283 000005b0 00f68563 beq              x13, x15, 10        x13:7f228fd6 x15:7f228fd6
              346500             286 000005ba 23a7d7b7 lui              x15, 0x23a7d000     x15=23a7d000
              347500             287 000005be 00442683 lw               x13, 4(x8)          x13=23a7d5c2  x8:1c010660  PA:1c010664
              349500             289 000005c0 5c278793 addi             x15, x15, 1474      x15=23a7d5c2 x15:23a7d000
              351500             291 000005c4 00f68563 beq              x13, x15, 10        x13:23a7d5c2 x15:23a7d5c2
              354500             294 000005ce 7f2827b7 lui              x15, 0x7f282000     x15=7f282000
              355500             295 000005d2 00842683 lw               x13, 8(x8)          x13=7f281848  x8:1c010660  PA:1c010668
              357500             297 000005d4 84878793 addi             x15, x15, -1976     x15=7f281848 x15:7f282000
              359500             299 000005d8 00f68563 beq              x13, x15, 10        x13:7f281848 x15:7f281848
              362500             302 000005e2 6127e7b7 lui              x15, 0x6127e000     x15=6127e000
              363500             303 000005e6 00c42683 lw               x13, 12(x8)         x13=6127d834  x8:1c010660  PA:1c01066c
              365500             305 000005e8 83478793 addi             x15, x15, -1996     x15=6127d834 x15:6127e000
              367500             307 000005ec 00f68563 beq              x13, x15, 10        x13:6127d834 x15:6127d834
              369500             309 000005f6 00072583 lw               x11, 0(x14)         x11=b1200062 x14:1c010030  PA:1c010030
              371500             311 000005f8 1c010537 lui              x10, 0x1c010000     x10=1c010000
              372500             312 000005fc 00050513 addi             x10, x10, 0         x10=1c010000 x10:1c010000
              374500             314 00000600 eedff0ef jal              x1, -276             x1=00000602
              375500             315 000004ec fc010113 addi             x2, x2, -64          x2=0001efa0  x2:0001efe0
              376500             316 000004ee 02c12423 sw               x12, 40(x2)         x12:00000000  x2:0001efa0  PA:0001efc8
              378500             318 000004f0 1c011637 lui              x12, 0x1c011000     x12=1c011000
              379500             319 000004f4 02b12223 sw               x11, 36(x2)         x11:b1200062  x2:0001efa0  PA:0001efc4
              381500             321 000004f6 86462583 lw               x11, -1948(x12)     x11=00000000 x12:1c011000  PA:1c010864
              383500             323 000004fa 00a00633 add              x12, x0, x10        x12=1c010000 x10:1c010000
              384500             324 000004fc 1c011537 lui              x10, 0x1c011000     x10=1c011000
              385500             325 00000500 02410313 addi             x6, x2, 36           x6=0001efc4  x2:0001efa0
              386500             326 00000504 86852503 lw               x10, -1944(x10)     x10=00000000 x10:1c011000  PA:1c010868
              388500             328 00000508 02d12623 sw               x13, 44(x2)         x13:6127d834  x2:0001efa0  PA:0001efcc
              390500             330 0000050a 006006b3 add              x13, x0, x6         x13=0001efc4  x6:0001efc4
              391500             331 0000050c 00112e23 sw               x1, 28(x2)           x1:00000602  x2:0001efa0  PA:0001efbc
              393500             333 0000050e 02e12823 sw               x14, 48(x2)         x14:1c010030  x2:0001efa0  PA:0001efd0
              395500             335 00000510 02f12a23 sw               x15, 52(x2)         x15:6127d834  x2:0001efa0  PA:0001efd4
              397500             337 00000512 03012c23 sw               x16, 56(x2)         x16:00000000  x2:0001efa0  PA:0001efd8
              399500             339 00000514 03112e23 sw               x17, 60(x2)         x17:00000000  x2:0001efa0  PA:0001efdc
              401500             341 00000516 00612623 sw               x6, 12(x2)           x6:0001efc4  x2:0001efa0  PA:0001efac
              404500             344 00000518 d83ff0ef jal              x1, -638             x1=0000051a
              405500             345 0000029a fb010113 addi             x2, x2, -80          x2=0001ef50  x2:0001efa0
              406500             346 0000029c 01010793 addi             x15, x2, 16         x15=0001ef60  x2:0001ef50
              407500             347 0000029e 04812423 sw               x8, 72(x2)           x8:1c010660  x2:0001ef50  PA:0001ef98
              409500             349 000002a0 04912223 sw               x9, 68(x2)           x9:1c010450  x2:0001ef50  PA:0001ef94
              411500             351 000002a2 05212023 sw               x18, 64(x2)         x18:1c010240  x2:0001ef50  PA:0001ef90
              413500             353 000002a4 04112623 sw               x1, 76(x2)           x1:0000051a  x2:0001ef50  PA:0001ef9c
              415500             355 000002a6 03312e23 sw               x19, 60(x2)         x19:00000000  x2:0001ef50  PA:0001ef8c
              417500             357 000002a8 02f12623 sw               x15, 44(x2)         x15:0001ef60  x2:0001ef50  PA:0001ef7c
              419500             359 000002aa 02d00413 addi             x8, x0, 45           x8=0000002d
              420500             360 000002ae 03000493 addi             x9, x0, 48           x9=00000030
              422500             362 000002b2 02300913 addi             x18, x0, 35         x18=00000023
              423500             363 000002b6 00064783 lbu              x15, 0(x12)         x15=00000061 x12:1c010000  PA:1c010000
              425500             365 000002ba 00160613 addi             x12, x12, 1         x12=1c010001 x12:1c010000
              426500             366 000002bc 00078c63 beq              x15, x0, 24         x15:00000061
              427500             367 000002be 02500713 addi             x14, x0, 37         x14=00000025
              429500             369 000002c2 02e78063 beq              x15, x14, 32        x15:00000061 x14:00000025
              430500             370 000002c6 80000737 lui              x14, 0x80000000     x14=80000000
              431500             371 000002ca 00f72223 sw               x15, 4(x14)         x15:00000061 x14:80000000  PA:80000004
              433500             373 000002cc 00064783 lbu              x15, 0(x12)         x15=0000005b x12:1c010001  PA:1c010001
              435500             375 000002d0 00160613 addi             x12, x12, 1         x12=1c010002 x12:1c010001
              437500             377 000002d2 fe0796e3 bne              x15, x0, -20        x15:0000005b
              440500             380 000002be 02500713 addi             x14, x0, 37         x14=00000025
              441500             381 000002c2 02e78063 beq              x15, x14, 32        x15:0000005b x14:00000025
              442500             382 000002c6 80000737 lui              x14, 0x80000000     x14=80000000
              443500             383 000002ca 00f72223 sw               x15, 4(x14)         x15:0000005b x14:80000000  PA:80000004
              445500             385 000002cc 00064783 lbu              x15, 0(x12)         x15=00000030 x12:1c010002  PA:1c010002
              447500             387 000002d0 00160613 addi             x12, x12, 1         x12=1c010003 x12:1c010002
              449500             389 000002d2 fe0796e3 bne              x15, x0, -20        x15:00000030
              452500             392 000002be 02500713 addi             x14, x0, 37         x14=00000025
              453500             393 000002c2 02e78063 beq              x15, x14, 32        x15:00000030 x14:00000025
              454500             394 000002c6 80000737 lui              x14, 0x80000000     x14=80000000
              455500             395 000002ca 00f72223 sw               x15, 4(x14)         x15:00000030 x14:80000000  PA:80000004
              457500             397 000002cc 00064783 lbu              x15, 0(x12)         x15=0000005d x12:1c010003  PA:1c010003
              459500             399 000002d0 00160613 addi             x12, x12, 1         x12=1c010004 x12:1c010003
              461500             401 000002d2 fe0796e3 bne              x15, x0, -20        x15:0000005d
              464500             404 000002be 02500713 addi             x14, x0, 37         x14=00000025
              465500             405 000002c2 02e78063 beq              x15, x14, 32        x15:0000005d x14:00000025
              466500             406 000002c6 80000737 lui              x14, 0x80000000     x14=80000000
              467500             407 000002ca 00f72223 sw               x15, 4(x14)         x15:0000005d x14:80000000  PA:80000004
              469500             409 000002cc 00064783 lbu              x15, 0(x12)         x15=0000003d x12:1c010004  PA:1c010004
              471500             411 000002d0 00160613 addi             x12, x12, 1         x12=1c010005 x12:1c010004
              473500             413 000002d2 fe0796e3 bne              x15, x0, -20        x15:0000003d
              476500             416 000002be 02500713 addi             x14, x0, 37         x14=00000025
              477500             417 000002c2 02e78063 beq              x15, x14, 32        x15:0000003d x14:00000025
              478500             418 000002c6 80000737 lui              x14, 0x80000000     x14=80000000
              479500             419 000002ca 00f72223 sw               x15, 4(x14)         x15:0000003d x14:80000000  PA:80000004
              481500             421 000002cc 00064783 lbu              x15, 0(x12)         x15=00000025 x12:1c010005  PA:1c010005
              483500             423 000002d0 00160613 addi             x12, x12, 1         x12=1c010006 x12:1c010005
              485500             425 000002d2 fe0796e3 bne              x15, x0, -20        x15:00000025
              488500             428 000002be 02500713 addi             x14, x0, 37         x14=00000025
              490500             430 000002c2 02e78063 beq              x15, x14, 32        x15:00000025 x14:00000025
              493500             433 000002e2 01c14783 lbu              x15, 28(x2)         x15=000000xx  x2:0001ef50  PA:0001ef6c
              495500             435 000002e6 02012023 sw               x0, 32(x2)           x2:0001ef50  PA:0001ef70
              497500             437 000002e8 ff47f793 andi             x15, x15, -12       x15=000000xX x15:000000xx
              498500             438 000002ea 00f10e23 sb               x15, 28(x2)         x15:000000xX  x2:0001ef50  PA:0001ef6c
              500500             440 000002ee 02010223 sb               x0, 36(x2)           x2:0001ef50  PA:0001ef74
              502500             442 000002f2 00000813 addi             x16, x0, 0          x16=00000000
              503500             443 000002f4 00000593 addi             x11, x0, 0          x11=00000000
              504500             444 000002f6 00000893 addi             x17, x0, 0          x17=00000000
              505500             445 000002f8 00000713 addi             x14, x0, 0          x14=00000000
              506500             446 000002fa 00000513 addi             x10, x0, 0          x10=00000000
              507500             447 000002fc 00160613 addi             x12, x12, 1         x12=1c010007 x12:1c010006
              508500             448 000002fe fff64783 lbu              x15, -1(x12)        x15=00000064 x12:1c010007  PA:1c010006
              510500             450 00000302 fc0789e3 beq              x15, x0, -46        x15:00000064
              511500             451 00000304 0a878663 beq              x15, x8, 172        x15:00000064  x8:0000002d
              512500             452 00000308 0a978a63 beq              x15, x9, 180        x15:00000064  x9:00000030
              513500             453 0000030c 0b278563 beq              x15, x18, 170       x15:00000064 x18:00000023
              514500             454 00000310 0a071863 bne              x14, x0, 176        x14:00000000
              516500             456 00000312 00088863 beq              x17, x0, 16         x17:00000000
              520500             460 00000322 00080963 beq              x16, x0, 18         x16:00000000
              522500             462 00000334 fd078593 addi             x11, x15, -48       x11=00000034 x15:00000064
              523500             463 00000338 0ff5f513 andi             x10, x11, 255       x10=00000034 x11:00000034
              524500             464 0000033c 00900713 addi             x14, x0, 9          x14=00000009
              525500             465 0000033e 08a77963 bgeu             x14, x10, 146       x14:00000009 x10:00000034
              526500             466 00000342 02e00713 addi             x14, x0, 46         x14=0000002e
              527500             467 00000346 0ee78263 beq              x15, x14, 228       x15:00000064 x14:0000002e
              528500             468 0000034a 06900713 addi             x14, x0, 105        x14=00000069
              529500             469 0000034e 16e78963 beq              x15, x14, 370       x15:00000064 x14:00000069
              531500             471 00000352 0ef77d63 bgeu             x14, x15, 250       x14:00000069 x15:00000064
              533500             473 0000044c 05800713 addi             x14, x0, 88         x14=00000058
              534500             474 00000450 f2e787e3 beq              x15, x14, -210      x15:00000064 x14:00000058
              535500             475 00000454 02f77863 bgeu             x14, x15, 48        x14:00000058 x15:00000064
              536500             476 00000458 06300713 addi             x14, x0, 99         x14=00000063
              538500             478 0000045c 04e79e63 bne              x15, x14, 92        x15:00000064 x14:00000063
              540500             480 000004b8 06400713 addi             x14, x0, 100        x14=00000064
              541500             481 000004bc dee79de3 bne              x15, x14, -518      x15:00000064 x14:00000064
              542500             482 000004c0 00a00793 addi             x15, x0, 10         x15=0000000a
              543500             483 000004c2 0006a503 lw               x10, 0(x13)         x10=b1200062 x13:0001efc4  PA:0001efc4
              545500             485 000004c4 02f12423 sw               x15, 40(x2)         x15:0000000a  x2:0001ef50  PA:0001ef78
              547500             487 000004c6 00468993 addi             x19, x13, 4         x19=0001efc8 x13:0001efc4
              549500             489 000004ca 00054463 blt              x10, x0, 8          x10:b1200062
              552500             492 000004d2 02d00793 addi             x15, x0, 45         x15=0000002d
              553500             493 000004d6 40a00533 sub              x10, x0, x10        x10=4edfff9e x10:b1200062
              554500             494 000004da 02f10223 sb               x15, 36(x2)         x15:0000002d  x2:0001ef50  PA:0001ef74
              556500             496 000004de 01c10593 addi             x11, x2, 28         x11=0001ef6c  x2:0001ef50
              558500             498 000004e0 ec3ff06f jal              x0, -318           
              559500             499 000003a2 00c12623 sw               x12, 12(x2)         x12:1c010007  x2:0001ef50  PA:0001ef5c
              562500             502 000003a4 d3bff0ef jal              x1, -710             x1=000003a6
              563500             503 000000de 00c5a683 lw               x13, 12(x11)        x13=0000000a x11:0001ef6c  PA:0001ef78
              565500             505 000000e0 0105a803 lw               x16, 16(x11)        x16=0001ef60 x11:0001ef6c  PA:0001ef7c
              567500             507 000000e4 00100793 addi             x15, x0, 1          x15=00000001
              568500             508 000000e6 06d56a63 bltu             x10, x13, 116       x10:4edfff9e x13:0000000a
              571500             511 000000ea 02d787b3 mul              x15, x15, x13       x15=0000000a x15:00000001 x13:0000000a
              608500             548 000000ee 02f55733 divu             x14, x10, x15       x14=07e33329 x10:4edfff9e x15:0000000a
              610500             550 000000f2 fed77ce3 bgeu             x14, x13, -8        x14:07e33329 x13:0000000a
              615500             555 000000ea 02d787b3 mul              x15, x15, x13       x15=00000064 x15:0000000a x13:0000000a
              652500             592 000000ee 02f55733 divu             x14, x10, x15       x14=00c9eb84 x10:4edfff9e x15:00000064
              654500             594 000000f2 fed77ce3 bgeu             x14, x13, -8        x14:00c9eb84 x13:0000000a
              659500             599 000000ea 02d787b3 mul              x15, x15, x13       x15=000003e8 x15:00000064 x13:0000000a
              696500             636 000000ee 02f55733 divu             x14, x10, x15       x14=00143126 x10:4edfff9e x15:000003e8
              698500             638 000000f2 fed77ce3 bgeu             x14, x13, -8        x14:00143126 x13:0000000a
              703500             643 000000ea 02d787b3 mul              x15, x15, x13       x15=00002710 x15:000003e8 x13:0000000a
              740500             680 000000ee 02f55733 divu             x14, x10, x15       x14=000204ea x10:4edfff9e x15:00002710
              742500             682 000000f2 fed77ce3 bgeu             x14, x13, -8        x14:000204ea x13:0000000a
              747500             687 000000ea 02d787b3 mul              x15, x15, x13       x15=000186a0 x15:00002710 x13:0000000a
              784500             724 000000ee 02f55733 divu             x14, x10, x15       x14=000033b1 x10:4edfff9e x15:000186a0
              786500             726 000000f2 fed77ce3 bgeu             x14, x13, -8        x14:000033b1 x13:0000000a
              791500             731 000000ea 02d787b3 mul              x15, x15, x13       x15=000f4240 x15:000186a0 x13:0000000a
              828500             768 000000ee 02f55733 divu             x14, x10, x15       x14=0000052b x10:4edfff9e x15:000f4240
              830500             770 000000f2 fed77ce3 bgeu             x14, x13, -8        x14:0000052b x13:0000000a
              835500             775 000000ea 02d787b3 mul              x15, x15, x13       x15=00989680 x15:000f4240 x13:0000000a
              872500             812 000000ee 02f55733 divu             x14, x10, x15       x14=00000084 x10:4edfff9e x15:00989680
              874500             814 000000f2 fed77ce3 bgeu             x14, x13, -8        x14:00000084 x13:0000000a
              879500             819 000000ea 02d787b3 mul              x15, x15, x13       x15=05f5e100 x15:00989680 x13:0000000a
              916500             856 000000ee 02f55733 divu             x14, x10, x15       x14=0000000d x10:4edfff9e x15:05f5e100
              918500             858 000000f2 fed77ce3 bgeu             x14, x13, -8        x14:0000000d x13:0000000a
              923500             863 000000ea 02d787b3 mul              x15, x15, x13       x15=3b9aca00 x15:05f5e100 x13:0000000a
              960500             900 000000ee 02f55733 divu             x14, x10, x15       x14=00000001 x10:4edfff9e x15:3b9aca00
              961500             901 000000f2 fed77ce3 bgeu             x14, x13, -8        x14:00000001 x13:0000000a
              962500             902 000000f6 04078e63 beq              x15, x0, 92         x15:3b9aca00
              963500             903 000000f8 00000613 addi             x12, x0, 0          x12=00000000
              964500             904 000000fa 00900313 addi             x6, x0, 9            x6=00000009
             1001500             941 000000fc 02f57533 remu             x10, x10, x15       x10=1345359e x10:4edfff9e x15:3b9aca00
             1038500             978 00000100 02d7d7b3 divu             x15, x15, x13       x15=05f5e100 x15:3b9aca00 x13:0000000a
             1039500             979 00000104 00061363 bne              x12, x0, 6          x12:00000000
             1040500             980 00000106 02e05c63 bge              x0, x14, 56         x14:00000001
             1042500             982 0000010a 03000693 addi             x13, x0, 48         x13=00000030
             1044500             984 0000010e 00e35c63 bge              x6, x14, 24          x6:00000009 x14:00000001
             1046500             986 00000126 00d70733 add              x14, x14, x13       x14=00000031 x14:00000001 x13:00000030
             1047500             987 00000128 00e80023 sb               x14, 0(x16)         x14:00000031 x16:0001ef60  PA:0001ef60
             1049500             989 0000012c 00180893 addi             x17, x16, 1         x17=0001ef61 x16:0001ef60
             1050500             990 00000130 00160613 addi             x12, x12, 1         x12=00000001 x12:00000000
             1051500             991 00000132 00078d63 beq              x15, x0, 26         x15:05f5e100
             1052500             992 00000134 00c5a683 lw               x13, 12(x11)        x13=0000000a x11:0001ef6c  PA:0001ef78
             1054500             994 00000136 01100833 add              x16, x0, x17        x16=0001ef61 x17:0001ef61
             1091500            1031 00000138 02f55733 divu             x14, x10, x15       x14=00000003 x10:1345359e x15:05f5e100
             1093500            1033 0000013c fc1ff06f jal              x0, -64            
             1130500            1070 000000fc 02f57533 remu             x10, x10, x15       x10=0163929e x10:1345359e x15:05f5e100
             1167500            1107 00000100 02d7d7b3 divu             x15, x15, x13       x15=00989680 x15:05f5e100 x13:0000000a
             1169500            1109 00000104 00061363 bne              x12, x0, 6          x12:00000001
             1172500            1112 0000010a 03000693 addi             x13, x0, 48         x13=00000030
             1174500            1114 0000010e 00e35c63 bge              x6, x14, 24          x6:00000009 x14:00000003
             1176500            1116 00000126 00d70733 add              x14, x14, x13       x14=00000033 x14:00000003 x13:00000030
             1177500            1117 00000128 00e80023 sb               x14, 0(x16)         x14:00000033 x16:0001ef61  PA:0001ef61
             1179500            1119 0000012c 00180893 addi             x17, x16, 1         x17=0001ef62 x16:0001ef61
             1180500            1120 00000130 00160613 addi             x12, x12, 1         x12=00000002 x12:00000001
             1181500            1121 00000132 00078d63 beq              x15, x0, 26         x15:00989680
             1182500            1122 00000134 00c5a683 lw               x13, 12(x11)        x13=0000000a x11:0001ef6c  PA:0001ef78
             1184500            1124 00000136 01100833 add              x16, x0, x17        x16=0001ef62 x17:0001ef62
             1221500            1161 00000138 02f55733 divu             x14, x10, x15       x14=00000002 x10:0163929e x15:00989680
             1223500            1163 0000013c fc1ff06f jal              x0, -64            
             1260500            1200 000000fc 02f57533 remu             x10, x10, x15       x10=0032659e x10:0163929e x15:00989680
             1297500            1237 00000100 02d7d7b3 divu             x15, x15, x13       x15=000f4240 x15:00989680 x13:0000000a
             1299500            1239 00000104 00061363 bne              x12, x0, 6          x12:00000002
             1302500            1242 0000010a 03000693 addi             x13, x0, 48         x13=00000030
             1304500            1244 0000010e 00e35c63 bge              x6, x14, 24          x6:00000009 x14:00000002
             1306500            1246 00000126 00d70733 add              x14, x14, x13       x14=00000032 x14:00000002 x13:00000030
             1307500            1247 00000128 00e80023 sb               x14, 0(x16)         x14:00000032 x16:0001ef62  PA:0001ef62
             1309500            1249 0000012c 00180893 addi             x17, x16, 1         x17=0001ef63 x16:0001ef62
             1310500            1250 00000130 00160613 addi             x12, x12, 1         x12=00000003 x12:00000002
             1311500            1251 00000132 00078d63 beq              x15, x0, 26         x15:000f4240
             1312500            1252 00000134 00c5a683 lw               x13, 12(x11)        x13=0000000a x11:0001ef6c  PA:0001ef78
             1314500            1254 00000136 01100833 add              x16, x0, x17        x16=0001ef63 x17:0001ef63
             1351500            1291 00000138 02f55733 divu             x14, x10, x15       x14=00000003 x10:0032659e x15:000f4240
             1353500            1293 0000013c fc1ff06f jal              x0, -64            
             1390500            1330 000000fc 02f57533 remu             x10, x10, x15       x10=00049ede x10:0032659e x15:000f4240
             1427500            1367 00000100 02d7d7b3 divu             x15, x15, x13       x15=000186a0 x15:000f4240 x13:0000000a
             1429500            1369 00000104 00061363 bne              x12, x0, 6          x12:00000003
             1432500            1372 0000010a 03000693 addi             x13, x0, 48         x13=00000030
             1434500            1374 0000010e 00e35c63 bge              x6, x14, 24          x6:00000009 x14:00000003
             1436500            1376 00000126 00d70733 add              x14, x14, x13       x14=00000033 x14:00000003 x13:00000030
             1437500            1377 00000128 00e80023 sb               x14, 0(x16)         x14:00000033 x16:0001ef63  PA:0001ef63
             1439500            1379 0000012c 00180893 addi             x17, x16, 1         x17=0001ef64 x16:0001ef63
             1440500            1380 00000130 00160613 addi             x12, x12, 1         x12=00000004 x12:00000003
             1441500            1381 00000132 00078d63 beq              x15, x0, 26         x15:000186a0
             1442500            1382 00000134 00c5a683 lw               x13, 12(x11)        x13=0000000a x11:0001ef6c  PA:0001ef78
             1444500            1384 00000136 01100833 add              x16, x0, x17        x16=0001ef64 x17:0001ef64
             1481500            1421 00000138 02f55733 divu             x14, x10, x15       x14=00000003 x10:00049ede x15:000186a0
             1483500            1423 0000013c fc1ff06f jal              x0, -64            
             1520500            1460 000000fc 02f57533 remu             x10, x10, x15       x10=00000afe x10:00049ede x15:000186a0
             1557500            1497 00000100 02d7d7b3 divu             x15, x15, x13       x15=00002710 x15:000186a0 x13:0000000a
             1559500            1499 00000104 00061363 bne              x12, x0, 6          x12:00000004
             1562500            1502 0000010a 03000693 addi             x13, x0, 48         x13=00000030
             1564500            1504 0000010e 00e35c63 bge              x6, x14, 24          x6:00000009 x14:00000003
             1566500            1506 00000126 00d70733 add              x14, x14, x13       x14=00000033 x14:00000003 x13:00000030
             1567500            1507 00000128 00e80023 sb               x14, 0(x16)         x14:00000033 x16:0001ef64  PA:0001ef64
             1569500            1509 0000012c 00180893 addi             x17, x16, 1         x17=0001ef65 x16:0001ef64
             1570500            1510 00000130 00160613 addi             x12, x12, 1         x12=00000005 x12:00000004
             1571500            1511 00000132 00078d63 beq              x15, x0, 26         x15:00002710
             1572500            1512 00000134 00c5a683 lw               x13, 12(x11)        x13=0000000a x11:0001ef6c  PA:0001ef78
             1574500            1514 00000136 01100833 add              x16, x0, x17        x16=0001ef65 x17:0001ef65
             1611500            1551 00000138 02f55733 divu             x14, x10, x15       x14=00000000 x10:00000afe x15:00002710
             1613500            1553 0000013c fc1ff06f jal              x0, -64            
             1650500            1590 000000fc 02f57533 remu             x10, x10, x15       x10=00000afe x10:00000afe x15:00002710
             1687500            1627 00000100 02d7d7b3 divu             x15, x15, x13       x15=000003e8 x15:00002710 x13:0000000a
             1689500            1629 00000104 00061363 bne              x12, x0, 6          x12:00000005
             1692500            1632 0000010a 03000693 addi             x13, x0, 48         x13=00000030
             1694500            1634 0000010e 00e35c63 bge              x6, x14, 24          x6:00000009 x14:00000000
             1696500            1636 00000126 00d70733 add              x14, x14, x13       x14=00000030 x14:00000000 x13:00000030
             1697500            1637 00000128 00e80023 sb               x14, 0(x16)         x14:00000030 x16:0001ef65  PA:0001ef65
             1699500            1639 0000012c 00180893 addi             x17, x16, 1         x17=0001ef66 x16:0001ef65
             1700500            1640 00000130 00160613 addi             x12, x12, 1         x12=00000006 x12:00000005
             1701500            1641 00000132 00078d63 beq              x15, x0, 26         x15:000003e8
             1702500            1642 00000134 00c5a683 lw               x13, 12(x11)        x13=0000000a x11:0001ef6c  PA:0001ef78
             1704500            1644 00000136 01100833 add              x16, x0, x17        x16=0001ef66 x17:0001ef66
             1741500            1681 00000138 02f55733 divu             x14, x10, x15       x14=00000002 x10:00000afe x15:000003e8
             1743500            1683 0000013c fc1ff06f jal              x0, -64            
             1780500            1720 000000fc 02f57533 remu             x10, x10, x15       x10=0000032e x10:00000afe x15:000003e8
             1817500            1757 00000100 02d7d7b3 divu             x15, x15, x13       x15=00000064 x15:000003e8 x13:0000000a
             1819500            1759 00000104 00061363 bne              x12, x0, 6          x12:00000006
             1822500            1762 0000010a 03000693 addi             x13, x0, 48         x13=00000030
             1824500            1764 0000010e 00e35c63 bge              x6, x14, 24          x6:00000009 x14:00000002
             1826500            1766 00000126 00d70733 add              x14, x14, x13       x14=00000032 x14:00000002 x13:00000030
             1827500            1767 00000128 00e80023 sb               x14, 0(x16)         x14:00000032 x16:0001ef66  PA:0001ef66
             1829500            1769 0000012c 00180893 addi             x17, x16, 1         x17=0001ef67 x16:0001ef66
             1830500            1770 00000130 00160613 addi             x12, x12, 1         x12=00000007 x12:00000006
             1831500            1771 00000132 00078d63 beq              x15, x0, 26         x15:00000064
             1832500            1772 00000134 00c5a683 lw               x13, 12(x11)        x13=0000000a x11:0001ef6c  PA:0001ef78
             1834500            1774 00000136 01100833 add              x16, x0, x17        x16=0001ef67 x17:0001ef67
             1871500            1811 00000138 02f55733 divu             x14, x10, x15       x14=00000008 x10:0000032e x15:00000064
             1873500            1813 0000013c fc1ff06f jal              x0, -64            
             1910500            1850 000000fc 02f57533 remu             x10, x10, x15       x10=0000000e x10:0000032e x15:00000064
             1947500            1887 00000100 02d7d7b3 divu             x15, x15, x13       x15=0000000a x15:00000064 x13:0000000a
             1949500            1889 00000104 00061363 bne              x12, x0, 6          x12:00000007
             1952500            1892 0000010a 03000693 addi             x13, x0, 48         x13=00000030
             1954500            1894 0000010e 00e35c63 bge              x6, x14, 24          x6:00000009 x14:00000008
             1956500            1896 00000126 00d70733 add              x14, x14, x13       x14=00000038 x14:00000008 x13:00000030
             1957500            1897 00000128 00e80023 sb               x14, 0(x16)         x14:00000038 x16:0001ef67  PA:0001ef67
             1959500            1899 0000012c 00180893 addi             x17, x16, 1         x17=0001ef68 x16:0001ef67
             1960500            1900 00000130 00160613 addi             x12, x12, 1         x12=00000008 x12:00000007
             1961500            1901 00000132 00078d63 beq              x15, x0, 26         x15:0000000a
             1962500            1902 00000134 00c5a683 lw               x13, 12(x11)        x13=0000000a x11:0001ef6c  PA:0001ef78
             1964500            1904 00000136 01100833 add              x16, x0, x17        x16=0001ef68 x17:0001ef68
             2001500            1941 00000138 02f55733 divu             x14, x10, x15       x14=00000001 x10:0000000e x15:0000000a
             2003500            1943 0000013c fc1ff06f jal              x0, -64            
             2040500            1980 000000fc 02f57533 remu             x10, x10, x15       x10=00000004 x10:0000000e x15:0000000a
             2077500            2017 00000100 02d7d7b3 divu             x15, x15, x13       x15=00000001 x15:0000000a x13:0000000a
             2079500            2019 00000104 00061363 bne              x12, x0, 6          x12:00000008
             2082500            2022 0000010a 03000693 addi             x13, x0, 48         x13=00000030
             2084500            2024 0000010e 00e35c63 bge              x6, x14, 24          x6:00000009 x14:00000001
             2086500            2026 00000126 00d70733 add              x14, x14, x13       x14=00000031 x14:00000001 x13:00000030
             2087500            2027 00000128 00e80023 sb               x14, 0(x16)         x14:00000031 x16:0001ef68  PA:0001ef68
             2089500            2029 0000012c 00180893 addi             x17, x16, 1         x17=0001ef69 x16:0001ef68
             2090500            2030 00000130 00160613 addi             x12, x12, 1         x12=00000009 x12:00000008
             2091500            2031 00000132 00078d63 beq              x15, x0, 26         x15:00000001
             2092500            2032 00000134 00c5a683 lw               x13, 12(x11)        x13=0000000a x11:0001ef6c  PA:0001ef78
             2094500            2034 00000136 01100833 add              x16, x0, x17        x16=0001ef69 x17:0001ef69
             2131500            2071 00000138 02f55733 divu             x14, x10, x15       x14=00000004 x10:00000004 x15:00000001
             2133500            2073 0000013c fc1ff06f jal              x0, -64            
             2170500            2110 000000fc 02f57533 remu             x10, x10, x15       x10=00000000 x10:00000004 x15:00000001
             2207500            2147 00000100 02d7d7b3 divu             x15, x15, x13       x15=00000000 x15:00000001 x13:0000000a
             2209500            2149 00000104 00061363 bne              x12, x0, 6          x12:00000009
             2212500            2152 0000010a 03000693 addi             x13, x0, 48         x13=00000030
             2214500            2154 0000010e 00e35c63 bge              x6, x14, 24          x6:00000009 x14:00000004
             2216500            2156 00000126 00d70733 add              x14, x14, x13       x14=00000034 x14:00000004 x13:00000030
             2217500            2157 00000128 00e80023 sb               x14, 0(x16)         x14:00000034 x16:0001ef69  PA:0001ef69
             2219500            2159 0000012c 00180893 addi             x17, x16, 1         x17=0001ef6a x16:0001ef69
             2220500            2160 00000130 00160613 addi             x12, x12, 1         x12=0000000a x12:00000009
             2222500            2162 00000132 00078d63 beq              x15, x0, 26         x15:00000000
             2224500            2164 0000014c 00088023 sb               x0, 0(x17)          x17:0001ef6a  PA:0001ef6a
             2227500            2167 00000150 00008067 jalr             x0, x1, 0            x1:000003a6
             2228500            2168 000003a6 01c10513 addi             x10, x2, 28         x10=0001ef6c  x2:0001ef50
             2230500            2170 000003a8 db7ff0ef jal              x1, -586             x1=000003aa
             2231500            2171 0000015e 01052583 lw               x11, 16(x10)        x11=0001ef60 x10:0001ef6c  PA:0001ef7c
             2233500            2173 00000160 00452783 lw               x15, 4(x10)         x15=00000000 x10:0001ef6c  PA:0001ef70
             2235500            2175 00000162 0005c703 lbu              x14, 0(x11)         x14=00000031 x11:0001ef60  PA:0001ef60
             2237500            2177 00000166 00158693 addi             x13, x11, 1         x13=0001ef61 x11:0001ef60
             2238500            2178 0000016a 00070b63 beq              x14, x0, 22         x14:00000031
             2240500            2180 0000016c 00f05a63 bge              x0, x15, 20         x15:00000000
             2242500            2182 00000180 00854603 lbu              x12, 8(x10)         x12=0000002d x10:0001ef6c  PA:0001ef74
             2244500            2184 00000184 00054703 lbu              x14, 0(x10)         x14=000000xX x10:0001ef6c  PA:0001ef6c
             2246500            2186 00000188 00c038b3 sltu             x17, x0, x12        x17=00000001 x12:0000002d
             2247500            2187 0000018c 00277813 andi             x16, x14, 2         x16=00000000 x14:000000xX
             2248500            2188 00000190 411787b3 sub              x15, x15, x17       x15=ffffffff x15:00000000 x17:00000001
             2250500            2190 00000194 00080c63 beq              x16, x0, 24         x16:00000000
             2252500            2192 000001ac 00977713 andi             x14, x14, 9         x14=00000000 x14:000000xX
             2253500            2193 000001ae 02071363 bne              x14, x0, 38         x14:00000000
             2254500            2194 000001b0 fff78713 addi             x14, x15, -1        x14=fffffffe x15:ffffffff
             2256500            2196 000001b4 0cf05f63 bge              x0, x15, 222        x15:ffffffff
             2258500            2198 00000292 00e007b3 add              x15, x0, x14        x15=fffffffe x14:fffffffe
             2260500            2200 00000294 f41ff06f jal              x0, -192           
             2261500            2201 000001d4 00060463 beq              x12, x0, 8          x12:0000002d
             2262500            2202 000001d6 80000737 lui              x14, 0x80000000     x14=80000000
             2263500            2203 000001da 00c72223 sw               x12, 4(x14)         x12:0000002d x14:80000000  PA:80000004
             2265500            2205 000001dc 00054703 lbu              x14, 0(x10)         x14=000000xX x10:0001ef6c  PA:0001ef6c
             2267500            2207 000001e0 00277613 andi             x12, x14, 2         x12=00000000 x14:000000xX
             2269500            2209 000001e4 00060863 beq              x12, x0, 16         x12:00000000
             2271500            2211 000001f4 00177713 andi             x14, x14, 1         x14=00000000 x14:000000xX
             2273500            2213 000001f6 02070163 beq              x14, x0, 34         x14:00000000
             2275500            2215 00000218 0005c703 lbu              x14, 0(x11)         x14=00000031 x11:0001ef60  PA:0001ef60
             2277500            2217 0000021c 00070863 beq              x14, x0, 16         x14:00000031
             2278500            2218 0000021e 80000637 lui              x12, 0x80000000     x12=80000000
             2279500            2219 00000222 00e62223 sw               x14, 4(x12)         x14:00000031 x12:80000000  PA:80000004
             2281500            2221 00000224 00168693 addi             x13, x13, 1         x13=0001ef62 x13:0001ef61
             2282500            2222 00000226 fff6c703 lbu              x14, -1(x13)        x14=00000033 x13:0001ef62  PA:0001ef61
             2285500            2225 0000022a fe071ce3 bne              x14, x0, -8         x14:00000033
             2287500            2227 00000222 00e62223 sw               x14, 4(x12)         x14:00000033 x12:80000000  PA:80000004
             2289500            2229 00000224 00168693 addi             x13, x13, 1         x13=0001ef63 x13:0001ef62
             2290500            2230 00000226 fff6c703 lbu              x14, -1(x13)        x14=00000032 x13:0001ef63  PA:0001ef62
             2293500            2233 0000022a fe071ce3 bne              x14, x0, -8         x14:00000032
             2295500            2235 00000222 00e62223 sw               x14, 4(x12)         x14:00000032 x12:80000000  PA:80000004
             2297500            2237 00000224 00168693 addi             x13, x13, 1         x13=0001ef64 x13:0001ef63
             2298500            2238 00000226 fff6c703 lbu              x14, -1(x13)        x14=00000033 x13:0001ef64  PA:0001ef63
             2301500            2241 0000022a fe071ce3 bne              x14, x0, -8         x14:00000033
             2303500            2243 00000222 00e62223 sw               x14, 4(x12)         x14:00000033 x12:80000000  PA:80000004
             2305500            2245 00000224 00168693 addi             x13, x13, 1         x13=0001ef65 x13:0001ef64
             2306500            2246 00000226 fff6c703 lbu              x14, -1(x13)        x14=00000033 x13:0001ef65  PA:0001ef64
             2309500            2249 0000022a fe071ce3 bne              x14, x0, -8         x14:00000033
             2311500            2251 00000222 00e62223 sw               x14, 4(x12)         x14:00000033 x12:80000000  PA:80000004
             2313500            2253 00000224 00168693 addi             x13, x13, 1         x13=0001ef66 x13:0001ef65
             2314500            2254 00000226 fff6c703 lbu              x14, -1(x13)        x14=00000030 x13:0001ef66  PA:0001ef65
             2317500            2257 0000022a fe071ce3 bne              x14, x0, -8         x14:00000030
             2319500            2259 00000222 00e62223 sw               x14, 4(x12)         x14:00000030 x12:80000000  PA:80000004
             2321500            2261 00000224 00168693 addi             x13, x13, 1         x13=0001ef67 x13:0001ef66
             2322500            2262 00000226 fff6c703 lbu              x14, -1(x13)        x14=00000032 x13:0001ef67  PA:0001ef66
             2325500            2265 0000022a fe071ce3 bne              x14, x0, -8         x14:00000032
             2327500            2267 00000222 00e62223 sw               x14, 4(x12)         x14:00000032 x12:80000000  PA:80000004
             2329500            2269 00000224 00168693 addi             x13, x13, 1         x13=0001ef68 x13:0001ef67
             2330500            2270 00000226 fff6c703 lbu              x14, -1(x13)        x14=00000038 x13:0001ef68  PA:0001ef67
             2333500            2273 0000022a fe071ce3 bne              x14, x0, -8         x14:00000038
             2335500            2275 00000222 00e62223 sw               x14, 4(x12)         x14:00000038 x12:80000000  PA:80000004
             2337500            2277 00000224 00168693 addi             x13, x13, 1         x13=0001ef69 x13:0001ef68
             2338500            2278 00000226 fff6c703 lbu              x14, -1(x13)        x14=00000031 x13:0001ef69  PA:0001ef68
             2341500            2281 0000022a fe071ce3 bne              x14, x0, -8         x14:00000031
             2343500            2283 00000222 00e62223 sw               x14, 4(x12)         x14:00000031 x12:80000000  PA:80000004
             2345500            2285 00000224 00168693 addi             x13, x13, 1         x13=0001ef6a x13:0001ef69
             2346500            2286 00000226 fff6c703 lbu              x14, -1(x13)        x14=00000034 x13:0001ef6a  PA:0001ef69
             2349500            2289 0000022a fe071ce3 bne              x14, x0, -8         x14:00000034
             2351500            2291 00000222 00e62223 sw               x14, 4(x12)         x14:00000034 x12:80000000  PA:80000004
             2353500            2293 00000224 00168693 addi             x13, x13, 1         x13=0001ef6b x13:0001ef6a
             2354500            2294 00000226 fff6c703 lbu              x14, -1(x13)        x14=00000000 x13:0001ef6b  PA:0001ef6a
             2356500            2296 0000022a fe071ce3 bne              x14, x0, -8         x14:00000000
             2357500            2297 0000022c 00054703 lbu              x14, 0(x10)         x14=000000xX x10:0001ef6c  PA:0001ef6c
             2359500            2299 00000230 00800693 addi             x13, x0, 8          x13=00000008
             2360500            2300 00000232 00977713 andi             x14, x14, 9         x14=00000000 x14:000000xX
             2361500            2301 00000234 00d70363 beq              x14, x13, 6         x14:00000000 x13:00000008
             2363500            2303 00000238 00008067 jalr             x0, x1, 0            x1:000003aa
             2364500            2304 000003aa 013006b3 add              x13, x0, x19        x13=0001efc8 x19:0001efc8
             2365500            2305 000003ac 00c12603 lw               x12, 12(x2)         x12=1c010007  x2:0001ef50  PA:0001ef5c
             2368500            2308 000003ae f09ff06f jal              x0, -248           
             2370500            2310 000002b6 00064783 lbu              x15, 0(x12)         x15=0000000a x12:1c010007  PA:1c010007
             2372500            2312 000002ba 00160613 addi             x12, x12, 1         x12=1c010008 x12:1c010007
             2373500            2313 000002bc 00078c63 beq              x15, x0, 24         x15:0000000a
             2374500            2314 000002be 02500713 addi             x14, x0, 37         x14=00000025
             2376500            2316 000002c2 02e78063 beq              x15, x14, 32        x15:0000000a x14:00000025
             2377500            2317 000002c6 80000737 lui              x14, 0x80000000     x14=80000000
             2378500            2318 000002ca 00f72223 sw               x15, 4(x14)         x15:0000000a x14:80000000  PA:80000004
             2380500            2320 000002cc 00064783 lbu              x15, 0(x12)         x15=00000000 x12:1c010008  PA:1c010008
             2382500            2322 000002d0 00160613 addi             x12, x12, 1         x12=1c010009 x12:1c010008
             2383500            2323 000002d2 fe0796e3 bne              x15, x0, -20        x15:00000000
             2384500            2324 000002d4 04c12083 lw               x1, 76(x2)           x1=0000051a  x2:0001ef50  PA:0001ef9c
             2386500            2326 000002d6 04812403 lw               x8, 72(x2)           x8=1c010660  x2:0001ef50  PA:0001ef98
             2388500            2328 000002d8 04412483 lw               x9, 68(x2)           x9=1c010450  x2:0001ef50  PA:0001ef94
             2390500            2330 000002da 04012903 lw               x18, 64(x2)         x18=1c010240  x2:0001ef50  PA:0001ef90
             2392500            2332 000002dc 03c12983 lw               x19, 60(x2)         x19=00000000  x2:0001ef50  PA:0001ef8c
             2394500            2334 000002de 05010113 addi             x2, x2, 80           x2=0001efa0  x2:0001ef50
             2396500            2336 000002e0 00008067 jalr             x0, x1, 0            x1:0000051a
             2397500            2337 0000051a 01c12083 lw               x1, 28(x2)           x1=00000602  x2:0001efa0  PA:0001efbc
             2399500            2339 0000051c 04010113 addi             x2, x2, 64           x2=0001efe0  x2:0001efa0
             2401500            2341 0000051e 00008067 jalr             x0, x1, 0            x1:00000602
             2403500            2343 00000602 00092583 lw               x11, 0(x18)         x11=ebef8f18 x18:1c010240  PA:1c010240
             2405500            2345 00000606 1c010537 lui              x10, 0x1c010000     x10=1c010000
             2406500            2346 0000060a 00c50513 addi             x10, x10, 12        x10=1c01000c x10:1c010000
             2408500            2348 0000060e edfff0ef jal              x1, -290             x1=00000610
             2409500            2349 000004ec fc010113 addi             x2, x2, -64          x2=0001efa0  x2:0001efe0
             2410500            2350 000004ee 02c12423 sw               x12, 40(x2)         x12:1c010009  x2:0001efa0  PA:0001efc8
             2412500            2352 000004f0 1c011637 lui              x12, 0x1c011000     x12=1c011000
             2413500            2353 000004f4 02b12223 sw               x11, 36(x2)         x11:ebef8f18  x2:0001efa0  PA:0001efc4
             2415500            2355 000004f6 86462583 lw               x11, -1948(x12)     x11=00000000 x12:1c011000  PA:1c010864
             2417500            2357 000004fa 00a00633 add              x12, x0, x10        x12=1c01000c x10:1c01000c
             2418500            2358 000004fc 1c011537 lui              x10, 0x1c011000     x10=1c011000
             2419500            2359 00000500 02410313 addi             x6, x2, 36           x6=0001efc4  x2:0001efa0
             2420500            2360 00000504 86852503 lw               x10, -1944(x10)     x10=00000000 x10:1c011000  PA:1c010868
             2422500            2362 00000508 02d12623 sw               x13, 44(x2)         x13:0001efc8  x2:0001efa0  PA:0001efcc
             2424500            2364 0000050a 006006b3 add              x13, x0, x6         x13=0001efc4  x6:0001efc4
             2425500            2365 0000050c 00112e23 sw               x1, 28(x2)           x1:00000610  x2:0001efa0  PA:0001efbc
             2427500            2367 0000050e 02e12823 sw               x14, 48(x2)         x14:80000000  x2:0001efa0  PA:0001efd0
             2429500            2369 00000510 02f12a23 sw               x15, 52(x2)         x15:00000000  x2:0001efa0  PA:0001efd4
             2431500            2371 00000512 03012c23 sw               x16, 56(x2)         x16:00000000  x2:0001efa0  PA:0001efd8
             2433500            2373 00000514 03112e23 sw               x17, 60(x2)         x17:00000001  x2:0001efa0  PA:0001efdc
             2435500            2375 00000516 00612623 sw               x6, 12(x2)           x6:0001efc4  x2:0001efa0  PA:0001efac
             2438500            2378 00000518 d83ff0ef jal              x1, -638             x1=0000051a
             2439500            2379 0000029a fb010113 addi             x2, x2, -80          x2=0001ef50  x2:0001efa0
             2440500            2380 0000029c 01010793 addi             x15, x2, 16         x15=0001ef60  x2:0001ef50
             2441500            2381 0000029e 04812423 sw               x8, 72(x2)           x8:1c010660  x2:0001ef50  PA:0001ef98
             2443500            2383 000002a0 04912223 sw               x9, 68(x2)           x9:1c010450  x2:0001ef50  PA:0001ef94
             2445500            2385 000002a2 05212023 sw               x18, 64(x2)         x18:1c010240  x2:0001ef50  PA:0001ef90
             2447500            2387 000002a4 04112623 sw               x1, 76(x2)           x1:0000051a  x2:0001ef50  PA:0001ef9c
             2449500            2389 000002a6 03312e23 sw               x19, 60(x2)         x19:00000000  x2:0001ef50  PA:0001ef8c
             2451500            2391 000002a8 02f12623 sw               x15, 44(x2)         x15:0001ef60  x2:0001ef50  PA:0001ef7c
             2453500            2393 000002aa 02d00413 addi             x8, x0, 45           x8=0000002d
             2454500            2394 000002ae 03000493 addi             x9, x0, 48           x9=00000030
             2456500            2396 000002b2 02300913 addi             x18, x0, 35         x18=00000023
             2457500            2397 000002b6 00064783 lbu              x15, 0(x12)         x15=00000062 x12:1c01000c  PA:1c01000c
             2459500            2399 000002ba 00160613 addi             x12, x12, 1         x12=1c01000d x12:1c01000c
             2460500            2400 000002bc 00078c63 beq              x15, x0, 24         x15:00000062
             2461500            2401 000002be 02500713 addi             x14, x0, 37         x14=00000025
             2463500            2403 000002c2 02e78063 beq              x15, x14, 32        x15:00000062 x14:00000025
             2464500            2404 000002c6 80000737 lui              x14, 0x80000000     x14=80000000
             2465500            2405 000002ca 00f72223 sw               x15, 4(x14)         x15:00000062 x14:80000000  PA:80000004
             2467500            2407 000002cc 00064783 lbu              x15, 0(x12)         x15=0000005b x12:1c01000d  PA:1c01000d
             2469500            2409 000002d0 00160613 addi             x12, x12, 1         x12=1c01000e x12:1c01000d
             2471500            2411 000002d2 fe0796e3 bne              x15, x0, -20        x15:0000005b
             2474500            2414 000002be 02500713 addi             x14, x0, 37         x14=00000025
             2475500            2415 000002c2 02e78063 beq              x15, x14, 32        x15:0000005b x14:00000025
             2476500            2416 000002c6 80000737 lui              x14, 0x80000000     x14=80000000
             2477500            2417 000002ca 00f72223 sw               x15, 4(x14)         x15:0000005b x14:80000000  PA:80000004
             2479500            2419 000002cc 00064783 lbu              x15, 0(x12)         x15=00000030 x12:1c01000e  PA:1c01000e
             2481500            2421 000002d0 00160613 addi             x12, x12, 1         x12=1c01000f x12:1c01000e
             2483500            2423 000002d2 fe0796e3 bne              x15, x0, -20        x15:00000030
             2486500            2426 000002be 02500713 addi             x14, x0, 37         x14=00000025
             2487500            2427 000002c2 02e78063 beq              x15, x14, 32        x15:00000030 x14:00000025
             2488500            2428 000002c6 80000737 lui              x14, 0x80000000     x14=80000000
             2489500            2429 000002ca 00f72223 sw               x15, 4(x14)         x15:00000030 x14:80000000  PA:80000004
             2491500            2431 000002cc 00064783 lbu              x15, 0(x12)         x15=0000005d x12:1c01000f  PA:1c01000f
             2493500            2433 000002d0 00160613 addi             x12, x12, 1         x12=1c010010 x12:1c01000f
             2495500            2435 000002d2 fe0796e3 bne              x15, x0, -20        x15:0000005d
             2498500            2438 000002be 02500713 addi             x14, x0, 37         x14=00000025
             2499500            2439 000002c2 02e78063 beq              x15, x14, 32        x15:0000005d x14:00000025
             2500500            2440 000002c6 80000737 lui              x14, 0x80000000     x14=80000000
             2501500            2441 000002ca 00f72223 sw               x15, 4(x14)         x15:0000005d x14:80000000  PA:80000004
             2503500            2443 000002cc 00064783 lbu              x15, 0(x12)         x15=0000003d x12:1c010010  PA:1c010010
             2505500            2445 000002d0 00160613 addi             x12, x12, 1         x12=1c010011 x12:1c010010
             2507500            2447 000002d2 fe0796e3 bne              x15, x0, -20        x15:0000003d
             2510500            2450 000002be 02500713 addi             x14, x0, 37         x14=00000025
             2511500            2451 000002c2 02e78063 beq              x15, x14, 32        x15:0000003d x14:00000025
             2512500            2452 000002c6 80000737 lui              x14, 0x80000000     x14=80000000
             2513500            2453 000002ca 00f72223 sw               x15, 4(x14)         x15:0000003d x14:80000000  PA:80000004
             2515500            2455 000002cc 00064783 lbu              x15, 0(x12)         x15=00000025 x12:1c010011  PA:1c010011
             2517500            2457 000002d0 00160613 addi             x12, x12, 1         x12=1c010012 x12:1c010011
             2519500            2459 000002d2 fe0796e3 bne              x15, x0, -20        x15:00000025
             2522500            2462 000002be 02500713 addi             x14, x0, 37         x14=00000025
             2524500            2464 000002c2 02e78063 beq              x15, x14, 32        x15:00000025 x14:00000025
             2527500            2467 000002e2 01c14783 lbu              x15, 28(x2)         x15=000000xX  x2:0001ef50  PA:0001ef6c
             2529500            2469 000002e6 02012023 sw               x0, 32(x2)           x2:0001ef50  PA:0001ef70
             2531500            2471 000002e8 ff47f793 andi             x15, x15, -12       x15=000000xX x15:000000xX
             2532500            2472 000002ea 00f10e23 sb               x15, 28(x2)         x15:000000xX  x2:0001ef50  PA:0001ef6c
             2534500            2474 000002ee 02010223 sb               x0, 36(x2)           x2:0001ef50  PA:0001ef74
             2536500            2476 000002f2 00000813 addi             x16, x0, 0          x16=00000000
             2537500            2477 000002f4 00000593 addi             x11, x0, 0          x11=00000000
             2538500            2478 000002f6 00000893 addi             x17, x0, 0          x17=00000000
             2539500            2479 000002f8 00000713 addi             x14, x0, 0          x14=00000000
             2540500            2480 000002fa 00000513 addi             x10, x0, 0          x10=00000000
             2541500            2481 000002fc 00160613 addi             x12, x12, 1         x12=1c010013 x12:1c010012
             2542500            2482 000002fe fff64783 lbu              x15, -1(x12)        x15=00000064 x12:1c010013  PA:1c010012
             2544500            2484 00000302 fc0789e3 beq              x15, x0, -46        x15:00000064
             2545500            2485 00000304 0a878663 beq              x15, x8, 172        x15:00000064  x8:0000002d
             2546500            2486 00000308 0a978a63 beq              x15, x9, 180        x15:00000064  x9:00000030
             2547500            2487 0000030c 0b278563 beq              x15, x18, 170       x15:00000064 x18:00000023
             2548500            2488 00000310 0a071863 bne              x14, x0, 176        x14:00000000
             2550500            2490 00000312 00088863 beq              x17, x0, 16         x17:00000000
             2554500            2494 00000322 00080963 beq              x16, x0, 18         x16:00000000
             2556500            2496 00000334 fd078593 addi             x11, x15, -48       x11=00000034 x15:00000064
             2557500            2497 00000338 0ff5f513 andi             x10, x11, 255       x10=00000034 x11:00000034
             2558500            2498 0000033c 00900713 addi             x14, x0, 9          x14=00000009
             2559500            2499 0000033e 08a77963 bgeu             x14, x10, 146       x14:00000009 x10:00000034
             2560500            2500 00000342 02e00713 addi             x14, x0, 46         x14=0000002e
             2561500            2501 00000346 0ee78263 beq              x15, x14, 228       x15:00000064 x14:0000002e
             2562500            2502 0000034a 06900713 addi             x14, x0, 105        x14=00000069
             2563500            2503 0000034e 16e78963 beq              x15, x14, 370       x15:00000064 x14:00000069
             2565500            2505 00000352 0ef77d63 bgeu             x14, x15, 250       x14:00000069 x15:00000064
             2567500            2507 0000044c 05800713 addi             x14, x0, 88         x14=00000058
             2568500            2508 00000450 f2e787e3 beq              x15, x14, -210      x15:00000064 x14:00000058
             2569500            2509 00000454 02f77863 bgeu             x14, x15, 48        x14:00000058 x15:00000064
             2570500            2510 00000458 06300713 addi             x14, x0, 99         x14=00000063
             2572500            2512 0000045c 04e79e63 bne              x15, x14, 92        x15:00000064 x14:00000063
             2574500            2514 000004b8 06400713 addi             x14, x0, 100        x14=00000064
             2575500            2515 000004bc dee79de3 bne              x15, x14, -518      x15:00000064 x14:00000064
             2576500            2516 000004c0 00a00793 addi             x15, x0, 10         x15=0000000a
             2577500            2517 000004c2 0006a503 lw               x10, 0(x13)         x10=ebef8f18 x13:0001efc4  PA:0001efc4
             2579500            2519 000004c4 02f12423 sw               x15, 40(x2)         x15:0000000a  x2:0001ef50  PA:0001ef78
             2581500            2521 000004c6 00468993 addi             x19, x13, 4         x19=0001efc8 x13:0001efc4
             2583500            2523 000004ca 00054463 blt              x10, x0, 8          x10:ebef8f18
             2586500            2526 000004d2 02d00793 addi             x15, x0, 45         x15=0000002d
             2587500            2527 000004d6 40a00533 sub              x10, x0, x10        x10=141070e8 x10:ebef8f18
             2588500            2528 000004da 02f10223 sb               x15, 36(x2)         x15:0000002d  x2:0001ef50  PA:0001ef74
             2590500            2530 000004de 01c10593 addi             x11, x2, 28         x11=0001ef6c  x2:0001ef50
             2592500            2532 000004e0 ec3ff06f jal              x0, -318           
             2593500            2533 000003a2 00c12623 sw               x12, 12(x2)         x12:1c010013  x2:0001ef50  PA:0001ef5c
             2596500            2536 000003a4 d3bff0ef jal              x1, -710             x1=000003a6
             2597500            2537 000000de 00c5a683 lw               x13, 12(x11)        x13=0000000a x11:0001ef6c  PA:0001ef78
             2599500            2539 000000e0 0105a803 lw               x16, 16(x11)        x16=0001ef60 x11:0001ef6c  PA:0001ef7c
             2601500            2541 000000e4 00100793 addi             x15, x0, 1          x15=00000001
             2602500            2542 000000e6 06d56a63 bltu             x10, x13, 116       x10:141070e8 x13:0000000a
             2605500            2545 000000ea 02d787b3 mul              x15, x15, x13       x15=0000000a x15:00000001 x13:0000000a
             2642500            2582 000000ee 02f55733 divu             x14, x10, x15       x14=0201a4e4 x10:141070e8 x15:0000000a
             2644500            2584 000000f2 fed77ce3 bgeu             x14, x13, -8        x14:0201a4e4 x13:0000000a
             2649500            2589 000000ea 02d787b3 mul              x15, x15, x13       x15=00000064 x15:0000000a x13:0000000a
             2686500            2626 000000ee 02f55733 divu             x14, x10, x15       x14=00335d4a x10:141070e8 x15:00000064
             2688500            2628 000000f2 fed77ce3 bgeu             x14, x13, -8        x14:00335d4a x13:0000000a
             2693500            2633 000000ea 02d787b3 mul              x15, x15, x13       x15=000003e8 x15:00000064 x13:0000000a
             2730500            2670 000000ee 02f55733 divu             x14, x10, x15       x14=000522ed x10:141070e8 x15:000003e8
             2732500            2672 000000f2 fed77ce3 bgeu             x14, x13, -8        x14:000522ed x13:0000000a
             2737500            2677 000000ea 02d787b3 mul              x15, x15, x13       x15=00002710 x15:000003e8 x13:0000000a
             2774500            2714 000000ee 02f55733 divu             x14, x10, x15       x14=0000837e x10:141070e8 x15:00002710
             2776500            2716 000000f2 fed77ce3 bgeu             x14, x13, -8        x14:0000837e x13:0000000a
             2781500            2721 000000ea 02d787b3 mul              x15, x15, x13       x15=000186a0 x15:00002710 x13:0000000a
             2818500            2758 000000ee 02f55733 divu             x14, x10, x15       x14=00000d26 x10:141070e8 x15:000186a0
             2820500            2760 000000f2 fed77ce3 bgeu             x14, x13, -8        x14:00000d26 x13:0000000a
             2825500            2765 000000ea 02d787b3 mul              x15, x15, x13       x15=000f4240 x15:000186a0 x13:0000000a
             2862500            2802 000000ee 02f55733 divu             x14, x10, x15       x14=00000150 x10:141070e8 x15:000f4240
             2864500            2804 000000f2 fed77ce3 bgeu             x14, x13, -8        x14:00000150 x13:0000000a
             2869500            2809 000000ea 02d787b3 mul              x15, x15, x13       x15=00989680 x15:000f4240 x13:0000000a
             2906500            2846 000000ee 02f55733 divu             x14, x10, x15       x14=00000021 x10:141070e8 x15:00989680
             2908500            2848 000000f2 fed77ce3 bgeu             x14, x13, -8        x14:00000021 x13:0000000a
             2913500            2853 000000ea 02d787b3 mul              x15, x15, x13       x15=05f5e100 x15:00989680 x13:0000000a
             2950500            2890 000000ee 02f55733 divu             x14, x10, x15       x14=00000003 x10:141070e8 x15:05f5e100
             2951500            2891 000000f2 fed77ce3 bgeu             x14, x13, -8        x14:00000003 x13:0000000a
             2952500            2892 000000f6 04078e63 beq              x15, x0, 92         x15:05f5e100
             2953500            2893 000000f8 00000613 addi             x12, x0, 0          x12=00000000
             2954500            2894 000000fa 00900313 addi             x6, x0, 9            x6=00000009
             2991500            2931 000000fc 02f57533 remu             x10, x10, x15       x10=022ecde8 x10:141070e8 x15:05f5e100
             3028500            2968 00000100 02d7d7b3 divu             x15, x15, x13       x15=00989680 x15:05f5e100 x13:0000000a
             3029500            2969 00000104 00061363 bne              x12, x0, 6          x12:00000000
             3030500            2970 00000106 02e05c63 bge              x0, x14, 56         x14:00000003
             3032500            2972 0000010a 03000693 addi             x13, x0, 48         x13=00000030
             3034500            2974 0000010e 00e35c63 bge              x6, x14, 24          x6:00000009 x14:00000003
             3036500            2976 00000126 00d70733 add              x14, x14, x13       x14=00000033 x14:00000003 x13:00000030
             3037500            2977 00000128 00e80023 sb               x14, 0(x16)         x14:00000033 x16:0001ef60  PA:0001ef60
             3039500            2979 0000012c 00180893 addi             x17, x16, 1         x17=0001ef61 x16:0001ef60
             3040500            2980 00000130 00160613 addi             x12, x12, 1         x12=00000001 x12:00000000
             3041500            2981 00000132 00078d63 beq              x15, x0, 26         x15:00989680
             3042500            2982 00000134 00c5a683 lw               x13, 12(x11)        x13=0000000a x11:0001ef6c  PA:0001ef78
             3044500            2984 00000136 01100833 add              x16, x0, x17        x16=0001ef61 x17:0001ef61
             3081500            3021 00000138 02f55733 divu             x14, x10, x15       x14=00000003 x10:022ecde8 x15:00989680
             3083500            3023 0000013c fc1ff06f jal              x0, -64            
             3120500            3060 000000fc 02f57533 remu             x10, x10, x15       x10=00650a68 x10:022ecde8 x15:00989680
             3157500            3097 00000100 02d7d7b3 divu             x15, x15, x13       x15=000f4240 x15:00989680 x13:0000000a
             3159500            3099 00000104 00061363 bne              x12, x0, 6          x12:00000001
             3162500            3102 0000010a 03000693 addi             x13, x0, 48         x13=00000030
             3164500            3104 0000010e 00e35c63 bge              x6, x14, 24          x6:00000009 x14:00000003
             3166500            3106 00000126 00d70733 add              x14, x14, x13       x14=00000033 x14:00000003 x13:00000030
             3167500            3107 00000128 00e80023 sb               x14, 0(x16)         x14:00000033 x16:0001ef61  PA:0001ef61
             3169500            3109 0000012c 00180893 addi             x17, x16, 1         x17=0001ef62 x16:0001ef61
             3170500            3110 00000130 00160613 addi             x12, x12, 1         x12=00000002 x12:00000001
             3171500            3111 00000132 00078d63 beq              x15, x0, 26         x15:000f4240
             3172500            3112 00000134 00c5a683 lw               x13, 12(x11)        x13=0000000a x11:0001ef6c  PA:0001ef78
             3174500            3114 00000136 01100833 add              x16, x0, x17        x16=0001ef62 x17:0001ef62
             3211500            3151 00000138 02f55733 divu             x14, x10, x15       x14=00000006 x10:00650a68 x15:000f4240
             3213500            3153 0000013c fc1ff06f jal              x0, -64            
             3250500            3190 000000fc 02f57533 remu             x10, x10, x15       x10=00097ce8 x10:00650a68 x15:000f4240
             3287500            3227 00000100 02d7d7b3 divu             x15, x15, x13       x15=000186a0 x15:000f4240 x13:0000000a
             3289500            3229 00000104 00061363 bne              x12, x0, 6          x12:00000002
             3292500            3232 0000010a 03000693 addi             x13, x0, 48         x13=00000030
             3294500            3234 0000010e 00e35c63 bge              x6, x14, 24          x6:00000009 x14:00000006
             3296500            3236 00000126 00d70733 add              x14, x14, x13       x14=00000036 x14:00000006 x13:00000030
             3297500            3237 00000128 00e80023 sb               x14, 0(x16)         x14:00000036 x16:0001ef62  PA:0001ef62
             3299500            3239 0000012c 00180893 addi             x17, x16, 1         x17=0001ef63 x16:0001ef62
             3300500            3240 00000130 00160613 addi             x12, x12, 1         x12=00000003 x12:00000002
             3301500            3241 00000132 00078d63 beq              x15, x0, 26         x15:000186a0
             3302500            3242 00000134 00c5a683 lw               x13, 12(x11)        x13=0000000a x11:0001ef6c  PA:0001ef78
             3304500            3244 00000136 01100833 add              x16, x0, x17        x16=0001ef63 x17:0001ef63
             3341500            3281 00000138 02f55733 divu             x14, x10, x15       x14=00000006 x10:00097ce8 x15:000186a0
             3343500            3283 0000013c fc1ff06f jal              x0, -64            
             3380500            3320 000000fc 02f57533 remu             x10, x10, x15       x10=00005528 x10:00097ce8 x15:000186a0
             3417500            3357 00000100 02d7d7b3 divu             x15, x15, x13       x15=00002710 x15:000186a0 x13:0000000a
             3419500            3359 00000104 00061363 bne              x12, x0, 6          x12:00000003
             3422500            3362 0000010a 03000693 addi             x13, x0, 48         x13=00000030
             3424500            3364 0000010e 00e35c63 bge              x6, x14, 24          x6:00000009 x14:00000006
             3426500            3366 00000126 00d70733 add              x14, x14, x13       x14=00000036 x14:00000006 x13:00000030
             3427500            3367 00000128 00e80023 sb               x14, 0(x16)         x14:00000036 x16:0001ef63  PA:0001ef63
             3429500            3369 0000012c 00180893 addi             x17, x16, 1         x17=0001ef64 x16:0001ef63
             3430500            3370 00000130 00160613 addi             x12, x12, 1         x12=00000004 x12:00000003
             3431500            3371 00000132 00078d63 beq              x15, x0, 26         x15:00002710
             3432500            3372 00000134 00c5a683 lw               x13, 12(x11)        x13=0000000a x11:0001ef6c  PA:0001ef78
             3434500            3374 00000136 01100833 add              x16, x0, x17        x16=0001ef64 x17:0001ef64
             3471500            3411 00000138 02f55733 divu             x14, x10, x15       x14=00000002 x10:00005528 x15:00002710
             3473500            3413 0000013c fc1ff06f jal              x0, -64            
             3510500            3450 000000fc 02f57533 remu             x10, x10, x15       x10=00000708 x10:00005528 x15:00002710
             3547500            3487 00000100 02d7d7b3 divu             x15, x15, x13       x15=000003e8 x15:00002710 x13:0000000a
             3549500            3489 00000104 00061363 bne              x12, x0, 6          x12:00000004
             3552500            3492 0000010a 03000693 addi             x13, x0, 48         x13=00000030
             3554500            3494 0000010e 00e35c63 bge              x6, x14, 24          x6:00000009 x14:00000002
             3556500            3496 00000126 00d70733 add              x14, x14, x13       x14=00000032 x14:00000002 x13:00000030
             3557500            3497 00000128 00e80023 sb               x14, 0(x16)         x14:00000032 x16:0001ef64  PA:0001ef64
             3559500            3499 0000012c 00180893 addi             x17, x16, 1         x17=0001ef65 x16:0001ef64
             3560500            3500 00000130 00160613 addi             x12, x12, 1         x12=00000005 x12:00000004
             3561500            3501 00000132 00078d63 beq              x15, x0, 26         x15:000003e8
             3562500            3502 00000134 00c5a683 lw               x13, 12(x11)        x13=0000000a x11:0001ef6c  PA:0001ef78
             3564500            3504 00000136 01100833 add              x16, x0, x17        x16=0001ef65 x17:0001ef65
             3601500            3541 00000138 02f55733 divu             x14, x10, x15       x14=00000001 x10:00000708 x15:000003e8
             3603500            3543 0000013c fc1ff06f jal              x0, -64            
             3640500            3580 000000fc 02f57533 remu             x10, x10, x15       x10=00000320 x10:00000708 x15:000003e8
             3677500            3617 00000100 02d7d7b3 divu             x15, x15, x13       x15=00000064 x15:000003e8 x13:0000000a
             3679500            3619 00000104 00061363 bne              x12, x0, 6          x12:00000005
             3682500            3622 0000010a 03000693 addi             x13, x0, 48         x13=00000030
             3684500            3624 0000010e 00e35c63 bge              x6, x14, 24          x6:00000009 x14:00000001
             3686500            3626 00000126 00d70733 add              x14, x14, x13       x14=00000031 x14:00000001 x13:00000030
             3687500            3627 00000128 00e80023 sb               x14, 0(x16)         x14:00000031 x16:0001ef65  PA:0001ef65
             3689500            3629 0000012c 00180893 addi             x17, x16, 1         x17=0001ef66 x16:0001ef65
             3690500            3630 00000130 00160613 addi             x12, x12, 1         x12=00000006 x12:00000005
             3691500            3631 00000132 00078d63 beq              x15, x0, 26         x15:00000064
             3692500            3632 00000134 00c5a683 lw               x13, 12(x11)        x13=0000000a x11:0001ef6c  PA:0001ef78
             3694500            3634 00000136 01100833 add              x16, x0, x17        x16=0001ef66 x17:0001ef66
             3731500            3671 00000138 02f55733 divu             x14, x10, x15       x14=00000008 x10:00000320 x15:00000064
             3733500            3673 0000013c fc1ff06f jal              x0, -64            
             3770500            3710 000000fc 02f57533 remu             x10, x10, x15       x10=00000000 x10:00000320 x15:00000064
             3807500            3747 00000100 02d7d7b3 divu             x15, x15, x13       x15=0000000a x15:00000064 x13:0000000a
             3809500            3749 00000104 00061363 bne              x12, x0, 6          x12:00000006
             3812500            3752 0000010a 03000693 addi             x13, x0, 48         x13=00000030
             3814500            3754 0000010e 00e35c63 bge              x6, x14, 24          x6:00000009 x14:00000008
             3816500            3756 00000126 00d70733 add              x14, x14, x13       x14=00000038 x14:00000008 x13:00000030
             3817500            3757 00000128 00e80023 sb               x14, 0(x16)         x14:00000038 x16:0001ef66  PA:0001ef66
             3819500            3759 0000012c 00180893 addi             x17, x16, 1         x17=0001ef67 x16:0001ef66
             3820500            3760 00000130 00160613 addi             x12, x12, 1         x12=00000007 x12:00000006
             3821500            3761 00000132 00078d63 beq              x15, x0, 26         x15:0000000a
             3822500            3762 00000134 00c5a683 lw               x13, 12(x11)        x13=0000000a x11:0001ef6c  PA:0001ef78
             3824500            3764 00000136 01100833 add              x16, x0, x17        x16=0001ef67 x17:0001ef67
             3861500            3801 00000138 02f55733 divu             x14, x10, x15       x14=00000000 x10:00000000 x15:0000000a
             3863500            3803 0000013c fc1ff06f jal              x0, -64            
             3900500            3840 000000fc 02f57533 remu             x10, x10, x15       x10=00000000 x10:00000000 x15:0000000a
             3937500            3877 00000100 02d7d7b3 divu             x15, x15, x13       x15=00000001 x15:0000000a x13:0000000a
             3939500            3879 00000104 00061363 bne              x12, x0, 6          x12:00000007
             3942500            3882 0000010a 03000693 addi             x13, x0, 48         x13=00000030
             3944500            3884 0000010e 00e35c63 bge              x6, x14, 24          x6:00000009 x14:00000000
             3946500            3886 00000126 00d70733 add              x14, x14, x13       x14=00000030 x14:00000000 x13:00000030
             3947500            3887 00000128 00e80023 sb               x14, 0(x16)         x14:00000030 x16:0001ef67  PA:0001ef67
             3949500            3889 0000012c 00180893 addi             x17, x16, 1         x17=0001ef68 x16:0001ef67
             3950500            3890 00000130 00160613 addi             x12, x12, 1         x12=00000008 x12:00000007
             3951500            3891 00000132 00078d63 beq              x15, x0, 26         x15:00000001
             3952500            3892 00000134 00c5a683 lw               x13, 12(x11)        x13=0000000a x11:0001ef6c  PA:0001ef78
             3954500            3894 00000136 01100833 add              x16, x0, x17        x16=0001ef68 x17:0001ef68
             3991500            3931 00000138 02f55733 divu             x14, x10, x15       x14=00000000 x10:00000000 x15:00000001
             3993500            3933 0000013c fc1ff06f jal              x0, -64            
             4030500            3970 000000fc 02f57533 remu             x10, x10, x15       x10=00000000 x10:00000000 x15:00000001
             4067500            4007 00000100 02d7d7b3 divu             x15, x15, x13       x15=00000000 x15:00000001 x13:0000000a
             4069500            4009 00000104 00061363 bne              x12, x0, 6          x12:00000008
             4072500            4012 0000010a 03000693 addi             x13, x0, 48         x13=00000030
             4074500            4014 0000010e 00e35c63 bge              x6, x14, 24          x6:00000009 x14:00000000
             4076500            4016 00000126 00d70733 add              x14, x14, x13       x14=00000030 x14:00000000 x13:00000030
             4077500            4017 00000128 00e80023 sb               x14, 0(x16)         x14:00000030 x16:0001ef68  PA:0001ef68
             4079500            4019 0000012c 00180893 addi             x17, x16, 1         x17=0001ef69 x16:0001ef68
             4080500            4020 00000130 00160613 addi             x12, x12, 1         x12=00000009 x12:00000008
             4082500            4022 00000132 00078d63 beq              x15, x0, 26         x15:00000000
             4084500            4024 0000014c 00088023 sb               x0, 0(x17)          x17:0001ef69  PA:0001ef69
             4087500            4027 00000150 00008067 jalr             x0, x1, 0            x1:000003a6
             4088500            4028 000003a6 01c10513 addi             x10, x2, 28         x10=0001ef6c  x2:0001ef50
             4090500            4030 000003a8 db7ff0ef jal              x1, -586             x1=000003aa
             4091500            4031 0000015e 01052583 lw               x11, 16(x10)        x11=0001ef60 x10:0001ef6c  PA:0001ef7c
             4093500            4033 00000160 00452783 lw               x15, 4(x10)         x15=00000000 x10:0001ef6c  PA:0001ef70
             4095500            4035 00000162 0005c703 lbu              x14, 0(x11)         x14=00000033 x11:0001ef60  PA:0001ef60
             4097500            4037 00000166 00158693 addi             x13, x11, 1         x13=0001ef61 x11:0001ef60
             4098500            4038 0000016a 00070b63 beq              x14, x0, 22         x14:00000033
             4100500            4040 0000016c 00f05a63 bge              x0, x15, 20         x15:00000000
             4102500            4042 00000180 00854603 lbu              x12, 8(x10)         x12=0000002d x10:0001ef6c  PA:0001ef74
             4104500            4044 00000184 00054703 lbu              x14, 0(x10)         x14=000000xX x10:0001ef6c  PA:0001ef6c
             4106500            4046 00000188 00c038b3 sltu             x17, x0, x12        x17=00000001 x12:0000002d
             4107500            4047 0000018c 00277813 andi             x16, x14, 2         x16=00000000 x14:000000xX
             4108500            4048 00000190 411787b3 sub              x15, x15, x17       x15=ffffffff x15:00000000 x17:00000001
             4110500            4050 00000194 00080c63 beq              x16, x0, 24         x16:00000000
             4112500            4052 000001ac 00977713 andi             x14, x14, 9         x14=00000000 x14:000000xX
             4113500            4053 000001ae 02071363 bne              x14, x0, 38         x14:00000000
             4114500            4054 000001b0 fff78713 addi             x14, x15, -1        x14=fffffffe x15:ffffffff
             4116500            4056 000001b4 0cf05f63 bge              x0, x15, 222        x15:ffffffff
             4118500            4058 00000292 00e007b3 add              x15, x0, x14        x15=fffffffe x14:fffffffe
             4120500            4060 00000294 f41ff06f jal              x0, -192           
             4121500            4061 000001d4 00060463 beq              x12, x0, 8          x12:0000002d
             4122500            4062 000001d6 80000737 lui              x14, 0x80000000     x14=80000000
             4123500            4063 000001da 00c72223 sw               x12, 4(x14)         x12:0000002d x14:80000000  PA:80000004
             4125500            4065 000001dc 00054703 lbu              x14, 0(x10)         x14=000000xX x10:0001ef6c  PA:0001ef6c
             4127500            4067 000001e0 00277613 andi             x12, x14, 2         x12=00000000 x14:000000xX
             4129500            4069 000001e4 00060863 beq              x12, x0, 16         x12:00000000
             4131500            4071 000001f4 00177713 andi             x14, x14, 1         x14=00000000 x14:000000xX
             4133500            4073 000001f6 02070163 beq              x14, x0, 34         x14:00000000
             4135500            4075 00000218 0005c703 lbu              x14, 0(x11)         x14=00000033 x11:0001ef60  PA:0001ef60
             4137500            4077 0000021c 00070863 beq              x14, x0, 16         x14:00000033
             4138500            4078 0000021e 80000637 lui              x12, 0x80000000     x12=80000000
             4139500            4079 00000222 00e62223 sw               x14, 4(x12)         x14:00000033 x12:80000000  PA:80000004
             4141500            4081 00000224 00168693 addi             x13, x13, 1         x13=0001ef62 x13:0001ef61
             4142500            4082 00000226 fff6c703 lbu              x14, -1(x13)        x14=00000033 x13:0001ef62  PA:0001ef61
             4145500            4085 0000022a fe071ce3 bne              x14, x0, -8         x14:00000033
             4147500            4087 00000222 00e62223 sw               x14, 4(x12)         x14:00000033 x12:80000000  PA:80000004
             4149500            4089 00000224 00168693 addi             x13, x13, 1         x13=0001ef63 x13:0001ef62
             4150500            4090 00000226 fff6c703 lbu              x14, -1(x13)        x14=00000036 x13:0001ef63  PA:0001ef62
             4153500            4093 0000022a fe071ce3 bne              x14, x0, -8         x14:00000036
             4155500            4095 00000222 00e62223 sw               x14, 4(x12)         x14:00000036 x12:80000000  PA:80000004
             4157500            4097 00000224 00168693 addi             x13, x13, 1         x13=0001ef64 x13:0001ef63
             4158500            4098 00000226 fff6c703 lbu              x14, -1(x13)        x14=00000036 x13:0001ef64  PA:0001ef63
             4161500            4101 0000022a fe071ce3 bne              x14, x0, -8         x14:00000036
             4163500            4103 00000222 00e62223 sw               x14, 4(x12)         x14:00000036 x12:80000000  PA:80000004
             4165500            4105 00000224 00168693 addi             x13, x13, 1         x13=0001ef65 x13:0001ef64
             4166500            4106 00000226 fff6c703 lbu              x14, -1(x13)        x14=00000032 x13:0001ef65  PA:0001ef64
             4169500            4109 0000022a fe071ce3 bne              x14, x0, -8         x14:00000032
             4171500            4111 00000222 00e62223 sw               x14, 4(x12)         x14:00000032 x12:80000000  PA:80000004
             4173500            4113 00000224 00168693 addi             x13, x13, 1         x13=0001ef66 x13:0001ef65
             4174500            4114 00000226 fff6c703 lbu              x14, -1(x13)        x14=00000031 x13:0001ef66  PA:0001ef65
             4177500            4117 0000022a fe071ce3 bne              x14, x0, -8         x14:00000031
             4179500            4119 00000222 00e62223 sw               x14, 4(x12)         x14:00000031 x12:80000000  PA:80000004
             4181500            4121 00000224 00168693 addi             x13, x13, 1         x13=0001ef67 x13:0001ef66
             4182500            4122 00000226 fff6c703 lbu              x14, -1(x13)        x14=00000038 x13:0001ef67  PA:0001ef66
             4185500            4125 0000022a fe071ce3 bne              x14, x0, -8         x14:00000038
             4187500            4127 00000222 00e62223 sw               x14, 4(x12)         x14:00000038 x12:80000000  PA:80000004
             4189500            4129 00000224 00168693 addi             x13, x13, 1         x13=0001ef68 x13:0001ef67
             4190500            4130 00000226 fff6c703 lbu              x14, -1(x13)        x14=00000030 x13:0001ef68  PA:0001ef67
             4193500            4133 0000022a fe071ce3 bne              x14, x0, -8         x14:00000030
             4195500            4135 00000222 00e62223 sw               x14, 4(x12)         x14:00000030 x12:80000000  PA:80000004
             4197500            4137 00000224 00168693 addi             x13, x13, 1         x13=0001ef69 x13:0001ef68
             4198500            4138 00000226 fff6c703 lbu              x14, -1(x13)        x14=00000030 x13:0001ef69  PA:0001ef68
             4201500            4141 0000022a fe071ce3 bne              x14, x0, -8         x14:00000030
             4203500            4143 00000222 00e62223 sw               x14, 4(x12)         x14:00000030 x12:80000000  PA:80000004
             4205500            4145 00000224 00168693 addi             x13, x13, 1         x13=0001ef6a x13:0001ef69
             4206500            4146 00000226 fff6c703 lbu              x14, -1(x13)        x14=00000000 x13:0001ef6a  PA:0001ef69
             4208500            4148 0000022a fe071ce3 bne              x14, x0, -8         x14:00000000
             4209500            4149 0000022c 00054703 lbu              x14, 0(x10)         x14=000000xX x10:0001ef6c  PA:0001ef6c
             4211500            4151 00000230 00800693 addi             x13, x0, 8          x13=00000008
             4212500            4152 00000232 00977713 andi             x14, x14, 9         x14=00000000 x14:000000xX
             4213500            4153 00000234 00d70363 beq              x14, x13, 6         x14:00000000 x13:00000008
             4215500            4155 00000238 00008067 jalr             x0, x1, 0            x1:000003aa
             4216500            4156 000003aa 013006b3 add              x13, x0, x19        x13=0001efc8 x19:0001efc8
             4217500            4157 000003ac 00c12603 lw               x12, 12(x2)         x12=1c010013  x2:0001ef50  PA:0001ef5c
             4220500            4160 000003ae f09ff06f jal              x0, -248           
             4222500            4162 000002b6 00064783 lbu              x15, 0(x12)         x15=0000000a x12:1c010013  PA:1c010013
             4224500            4164 000002ba 00160613 addi             x12, x12, 1         x12=1c010014 x12:1c010013
             4225500            4165 000002bc 00078c63 beq              x15, x0, 24         x15:0000000a
             4226500            4166 000002be 02500713 addi             x14, x0, 37         x14=00000025
             4228500            4168 000002c2 02e78063 beq              x15, x14, 32        x15:0000000a x14:00000025
             4229500            4169 000002c6 80000737 lui              x14, 0x80000000     x14=80000000
             4230500            4170 000002ca 00f72223 sw               x15, 4(x14)         x15:0000000a x14:80000000  PA:80000004
             4232500            4172 000002cc 00064783 lbu              x15, 0(x12)         x15=00000000 x12:1c010014  PA:1c010014
             4234500            4174 000002d0 00160613 addi             x12, x12, 1         x12=1c010015 x12:1c010014
             4235500            4175 000002d2 fe0796e3 bne              x15, x0, -20        x15:00000000
             4236500            4176 000002d4 04c12083 lw               x1, 76(x2)           x1=0000051a  x2:0001ef50  PA:0001ef9c
             4238500            4178 000002d6 04812403 lw               x8, 72(x2)           x8=1c010660  x2:0001ef50  PA:0001ef98
             4240500            4180 000002d8 04412483 lw               x9, 68(x2)           x9=1c010450  x2:0001ef50  PA:0001ef94
             4242500            4182 000002da 04012903 lw               x18, 64(x2)         x18=1c010240  x2:0001ef50  PA:0001ef90
             4244500            4184 000002dc 03c12983 lw               x19, 60(x2)         x19=00000000  x2:0001ef50  PA:0001ef8c
             4246500            4186 000002de 05010113 addi             x2, x2, 80           x2=0001efa0  x2:0001ef50
             4248500            4188 000002e0 00008067 jalr             x0, x1, 0            x1:0000051a
             4249500            4189 0000051a 01c12083 lw               x1, 28(x2)           x1=00000610  x2:0001efa0  PA:0001efbc
             4251500            4191 0000051c 04010113 addi             x2, x2, 64           x2=0001efe0  x2:0001efa0
             4253500            4193 0000051e 00008067 jalr             x0, x1, 0            x1:00000610
             4254500            4194 00000610 0004a583 lw               x11, 0(x9)          x11=0c4c605d  x9:1c010450  PA:1c010450
             4256500            4196 00000612 1c010537 lui              x10, 0x1c010000     x10=1c010000
             4257500            4197 00000616 01850513 addi             x10, x10, 24        x10=1c010018 x10:1c010000
             4259500            4199 0000061a ed3ff0ef jal              x1, -302             x1=0000061c
             4260500            4200 000004ec fc010113 addi             x2, x2, -64          x2=0001efa0  x2:0001efe0
             4261500            4201 000004ee 02c12423 sw               x12, 40(x2)         x12:1c010015  x2:0001efa0  PA:0001efc8
             4263500            4203 000004f0 1c011637 lui              x12, 0x1c011000     x12=1c011000
             4264500            4204 000004f4 02b12223 sw               x11, 36(x2)         x11:0c4c605d  x2:0001efa0  PA:0001efc4
             4266500            4206 000004f6 86462583 lw               x11, -1948(x12)     x11=00000000 x12:1c011000  PA:1c010864
             4268500            4208 000004fa 00a00633 add              x12, x0, x10        x12=1c010018 x10:1c010018
             4269500            4209 000004fc 1c011537 lui              x10, 0x1c011000     x10=1c011000
             4270500            4210 00000500 02410313 addi             x6, x2, 36           x6=0001efc4  x2:0001efa0
             4271500            4211 00000504 86852503 lw               x10, -1944(x10)     x10=00000000 x10:1c011000  PA:1c010868
             4273500            4213 00000508 02d12623 sw               x13, 44(x2)         x13:0001efc8  x2:0001efa0  PA:0001efcc
             4275500            4215 0000050a 006006b3 add              x13, x0, x6         x13=0001efc4  x6:0001efc4
             4276500            4216 0000050c 00112e23 sw               x1, 28(x2)           x1:0000061c  x2:0001efa0  PA:0001efbc
             4278500            4218 0000050e 02e12823 sw               x14, 48(x2)         x14:80000000  x2:0001efa0  PA:0001efd0
             4280500            4220 00000510 02f12a23 sw               x15, 52(x2)         x15:00000000  x2:0001efa0  PA:0001efd4
             4282500            4222 00000512 03012c23 sw               x16, 56(x2)         x16:00000000  x2:0001efa0  PA:0001efd8
             4284500            4224 00000514 03112e23 sw               x17, 60(x2)         x17:00000001  x2:0001efa0  PA:0001efdc
             4286500            4226 00000516 00612623 sw               x6, 12(x2)           x6:0001efc4  x2:0001efa0  PA:0001efac
             4289500            4229 00000518 d83ff0ef jal              x1, -638             x1=0000051a
             4290500            4230 0000029a fb010113 addi             x2, x2, -80          x2=0001ef50  x2:0001efa0
             4291500            4231 0000029c 01010793 addi             x15, x2, 16         x15=0001ef60  x2:0001ef50
             4292500            4232 0000029e 04812423 sw               x8, 72(x2)           x8:1c010660  x2:0001ef50  PA:0001ef98
             4294500            4234 000002a0 04912223 sw               x9, 68(x2)           x9:1c010450  x2:0001ef50  PA:0001ef94
             4296500            4236 000002a2 05212023 sw               x18, 64(x2)         x18:1c010240  x2:0001ef50  PA:0001ef90
             4298500            4238 000002a4 04112623 sw               x1, 76(x2)           x1:0000051a  x2:0001ef50  PA:0001ef9c
             4300500            4240 000002a6 03312e23 sw               x19, 60(x2)         x19:00000000  x2:0001ef50  PA:0001ef8c
             4302500            4242 000002a8 02f12623 sw               x15, 44(x2)         x15:0001ef60  x2:0001ef50  PA:0001ef7c
             4304500            4244 000002aa 02d00413 addi             x8, x0, 45           x8=0000002d
             4305500            4245 000002ae 03000493 addi             x9, x0, 48           x9=00000030
             4307500            4247 000002b2 02300913 addi             x18, x0, 35         x18=00000023
             4308500            4248 000002b6 00064783 lbu              x15, 0(x12)         x15=00000063 x12:1c010018  PA:1c010018
             4310500            4250 000002ba 00160613 addi             x12, x12, 1         x12=1c010019 x12:1c010018
             4311500            4251 000002bc 00078c63 beq              x15, x0, 24         x15:00000063
             4312500            4252 000002be 02500713 addi             x14, x0, 37         x14=00000025
             4314500            4254 000002c2 02e78063 beq              x15, x14, 32        x15:00000063 x14:00000025
             4315500            4255 000002c6 80000737 lui              x14, 0x80000000     x14=80000000
             4316500            4256 000002ca 00f72223 sw               x15, 4(x14)         x15:00000063 x14:80000000  PA:80000004
             4318500            4258 000002cc 00064783 lbu              x15, 0(x12)         x15=0000005b x12:1c010019  PA:1c010019
             4320500            4260 000002d0 00160613 addi             x12, x12, 1         x12=1c01001a x12:1c010019
             4322500            4262 000002d2 fe0796e3 bne              x15, x0, -20        x15:0000005b
             4325500            4265 000002be 02500713 addi             x14, x0, 37         x14=00000025
             4326500            4266 000002c2 02e78063 beq              x15, x14, 32        x15:0000005b x14:00000025
             4327500            4267 000002c6 80000737 lui              x14, 0x80000000     x14=80000000
             4328500            4268 000002ca 00f72223 sw               x15, 4(x14)         x15:0000005b x14:80000000  PA:80000004
             4330500            4270 000002cc 00064783 lbu              x15, 0(x12)         x15=00000030 x12:1c01001a  PA:1c01001a
             4332500            4272 000002d0 00160613 addi             x12, x12, 1         x12=1c01001b x12:1c01001a
             4334500            4274 000002d2 fe0796e3 bne              x15, x0, -20        x15:00000030
             4337500            4277 000002be 02500713 addi             x14, x0, 37         x14=00000025
             4338500            4278 000002c2 02e78063 beq              x15, x14, 32        x15:00000030 x14:00000025
             4339500            4279 000002c6 80000737 lui              x14, 0x80000000     x14=80000000
             4340500            4280 000002ca 00f72223 sw               x15, 4(x14)         x15:00000030 x14:80000000  PA:80000004
             4342500            4282 000002cc 00064783 lbu              x15, 0(x12)         x15=0000005d x12:1c01001b  PA:1c01001b
             4344500            4284 000002d0 00160613 addi             x12, x12, 1         x12=1c01001c x12:1c01001b
             4346500            4286 000002d2 fe0796e3 bne              x15, x0, -20        x15:0000005d
             4349500            4289 000002be 02500713 addi             x14, x0, 37         x14=00000025
             4350500            4290 000002c2 02e78063 beq              x15, x14, 32        x15:0000005d x14:00000025
             4351500            4291 000002c6 80000737 lui              x14, 0x80000000     x14=80000000
             4352500            4292 000002ca 00f72223 sw               x15, 4(x14)         x15:0000005d x14:80000000  PA:80000004
             4354500            4294 000002cc 00064783 lbu              x15, 0(x12)         x15=0000003d x12:1c01001c  PA:1c01001c
             4356500            4296 000002d0 00160613 addi             x12, x12, 1         x12=1c01001d x12:1c01001c
             4358500            4298 000002d2 fe0796e3 bne              x15, x0, -20        x15:0000003d
             4361500            4301 000002be 02500713 addi             x14, x0, 37         x14=00000025
             4362500            4302 000002c2 02e78063 beq              x15, x14, 32        x15:0000003d x14:00000025
             4363500            4303 000002c6 80000737 lui              x14, 0x80000000     x14=80000000
             4364500            4304 000002ca 00f72223 sw               x15, 4(x14)         x15:0000003d x14:80000000  PA:80000004
             4366500            4306 000002cc 00064783 lbu              x15, 0(x12)         x15=00000025 x12:1c01001d  PA:1c01001d
             4368500            4308 000002d0 00160613 addi             x12, x12, 1         x12=1c01001e x12:1c01001d
             4370500            4310 000002d2 fe0796e3 bne              x15, x0, -20        x15:00000025
             4373500            4313 000002be 02500713 addi             x14, x0, 37         x14=00000025
             4375500            4315 000002c2 02e78063 beq              x15, x14, 32        x15:00000025 x14:00000025
             4378500            4318 000002e2 01c14783 lbu              x15, 28(x2)         x15=000000xX  x2:0001ef50  PA:0001ef6c
             4380500            4320 000002e6 02012023 sw               x0, 32(x2)           x2:0001ef50  PA:0001ef70
             4382500            4322 000002e8 ff47f793 andi             x15, x15, -12       x15=000000xX x15:000000xX
             4383500            4323 000002ea 00f10e23 sb               x15, 28(x2)         x15:000000xX  x2:0001ef50  PA:0001ef6c
             4385500            4325 000002ee 02010223 sb               x0, 36(x2)           x2:0001ef50  PA:0001ef74
             4387500            4327 000002f2 00000813 addi             x16, x0, 0          x16=00000000
             4388500            4328 000002f4 00000593 addi             x11, x0, 0          x11=00000000
             4389500            4329 000002f6 00000893 addi             x17, x0, 0          x17=00000000
             4390500            4330 000002f8 00000713 addi             x14, x0, 0          x14=00000000
             4391500            4331 000002fa 00000513 addi             x10, x0, 0          x10=00000000
             4392500            4332 000002fc 00160613 addi             x12, x12, 1         x12=1c01001f x12:1c01001e
             4393500            4333 000002fe fff64783 lbu              x15, -1(x12)        x15=00000064 x12:1c01001f  PA:1c01001e
             4395500            4335 00000302 fc0789e3 beq              x15, x0, -46        x15:00000064
             4396500            4336 00000304 0a878663 beq              x15, x8, 172        x15:00000064  x8:0000002d
             4397500            4337 00000308 0a978a63 beq              x15, x9, 180        x15:00000064  x9:00000030
             4398500            4338 0000030c 0b278563 beq              x15, x18, 170       x15:00000064 x18:00000023
             4399500            4339 00000310 0a071863 bne              x14, x0, 176        x14:00000000
             4401500            4341 00000312 00088863 beq              x17, x0, 16         x17:00000000
             4405500            4345 00000322 00080963 beq              x16, x0, 18         x16:00000000
             4407500            4347 00000334 fd078593 addi             x11, x15, -48       x11=00000034 x15:00000064
             4408500            4348 00000338 0ff5f513 andi             x10, x11, 255       x10=00000034 x11:00000034
             4409500            4349 0000033c 00900713 addi             x14, x0, 9          x14=00000009
             4410500            4350 0000033e 08a77963 bgeu             x14, x10, 146       x14:00000009 x10:00000034
             4411500            4351 00000342 02e00713 addi             x14, x0, 46         x14=0000002e
             4412500            4352 00000346 0ee78263 beq              x15, x14, 228       x15:00000064 x14:0000002e
             4413500            4353 0000034a 06900713 addi             x14, x0, 105        x14=00000069
             4414500            4354 0000034e 16e78963 beq              x15, x14, 370       x15:00000064 x14:00000069
             4416500            4356 00000352 0ef77d63 bgeu             x14, x15, 250       x14:00000069 x15:00000064
             4418500            4358 0000044c 05800713 addi             x14, x0, 88         x14=00000058
             4419500            4359 00000450 f2e787e3 beq              x15, x14, -210      x15:00000064 x14:00000058
             4420500            4360 00000454 02f77863 bgeu             x14, x15, 48        x14:00000058 x15:00000064
             4421500            4361 00000458 06300713 addi             x14, x0, 99         x14=00000063
             4423500            4363 0000045c 04e79e63 bne              x15, x14, 92        x15:00000064 x14:00000063
             4425500            4365 000004b8 06400713 addi             x14, x0, 100        x14=00000064
             4426500            4366 000004bc dee79de3 bne              x15, x14, -518      x15:00000064 x14:00000064
             4427500            4367 000004c0 00a00793 addi             x15, x0, 10         x15=0000000a
             4428500            4368 000004c2 0006a503 lw               x10, 0(x13)         x10=0c4c605d x13:0001efc4  PA:0001efc4
             4430500            4370 000004c4 02f12423 sw               x15, 40(x2)         x15:0000000a  x2:0001ef50  PA:0001ef78
             4432500            4372 000004c6 00468993 addi             x19, x13, 4         x19=0001efc8 x13:0001efc4
             4433500            4373 000004ca 00054463 blt              x10, x0, 8          x10:0c4c605d
             4434500            4374 000004ce 01c10593 addi             x11, x2, 28         x11=0001ef6c  x2:0001ef50
             4436500            4376 000004d0 ed3ff06f jal              x0, -302           
             4437500            4377 000003a2 00c12623 sw               x12, 12(x2)         x12:1c01001f  x2:0001ef50  PA:0001ef5c
             4440500            4380 000003a4 d3bff0ef jal              x1, -710             x1=000003a6
             4441500            4381 000000de 00c5a683 lw               x13, 12(x11)        x13=0000000a x11:0001ef6c  PA:0001ef78
             4443500            4383 000000e0 0105a803 lw               x16, 16(x11)        x16=0001ef60 x11:0001ef6c  PA:0001ef7c
             4445500            4385 000000e4 00100793 addi             x15, x0, 1          x15=00000001
             4446500            4386 000000e6 06d56a63 bltu             x10, x13, 116       x10:0c4c605d x13:0000000a
             4449500            4389 000000ea 02d787b3 mul              x15, x15, x13       x15=0000000a x15:00000001 x13:0000000a
             4486500            4426 000000ee 02f55733 divu             x14, x10, x15       x14=013ad66f x10:0c4c605d x15:0000000a
             4488500            4428 000000f2 fed77ce3 bgeu             x14, x13, -8        x14:013ad66f x13:0000000a
             4493500            4433 000000ea 02d787b3 mul              x15, x15, x13       x15=00000064 x15:0000000a x13:0000000a
             4530500            4470 000000ee 02f55733 divu             x14, x10, x15       x14=001f7bd7 x10:0c4c605d x15:00000064
             4532500            4472 000000f2 fed77ce3 bgeu             x14, x13, -8        x14:001f7bd7 x13:0000000a
             4537500            4477 000000ea 02d787b3 mul              x15, x15, x13       x15=000003e8 x15:00000064 x13:0000000a
             4574500            4514 000000ee 02f55733 divu             x14, x10, x15       x14=000325fb x10:0c4c605d x15:000003e8
             4576500            4516 000000f2 fed77ce3 bgeu             x14, x13, -8        x14:000325fb x13:0000000a
             4581500            4521 000000ea 02d787b3 mul              x15, x15, x13       x15=00002710 x15:000003e8 x13:0000000a
             4618500            4558 000000ee 02f55733 divu             x14, x10, x15       x14=00005099 x10:0c4c605d x15:00002710
             4620500            4560 000000f2 fed77ce3 bgeu             x14, x13, -8        x14:00005099 x13:0000000a
             4625500            4565 000000ea 02d787b3 mul              x15, x15, x13       x15=000186a0 x15:00002710 x13:0000000a
             4662500            4602 000000ee 02f55733 divu             x14, x10, x15       x14=0000080f x10:0c4c605d x15:000186a0
             4664500            4604 000000f2 fed77ce3 bgeu             x14, x13, -8        x14:0000080f x13:0000000a
             4669500            4609 000000ea 02d787b3 mul              x15, x15, x13       x15=000f4240 x15:000186a0 x13:0000000a
             4706500            4646 000000ee 02f55733 divu             x14, x10, x15       x14=000000ce x10:0c4c605d x15:000f4240
             4708500            4648 000000f2 fed77ce3 bgeu             x14, x13, -8        x14:000000ce x13:0000000a
             4713500            4653 000000ea 02d787b3 mul              x15, x15, x13       x15=00989680 x15:000f4240 x13:0000000a
             4750500            4690 000000ee 02f55733 divu             x14, x10, x15       x14=00000014 x10:0c4c605d x15:00989680
             4752500            4692 000000f2 fed77ce3 bgeu             x14, x13, -8        x14:00000014 x13:0000000a
             4757500            4697 000000ea 02d787b3 mul              x15, x15, x13       x15=05f5e100 x15:00989680 x13:0000000a
             4794500            4734 000000ee 02f55733 divu             x14, x10, x15       x14=00000002 x10:0c4c605d x15:05f5e100
             4795500            4735 000000f2 fed77ce3 bgeu             x14, x13, -8        x14:00000002 x13:0000000a
             4796500            4736 000000f6 04078e63 beq              x15, x0, 92         x15:05f5e100
             4797500            4737 000000f8 00000613 addi             x12, x0, 0          x12=00000000
             4798500            4738 000000fa 00900313 addi             x6, x0, 9            x6=00000009
             4835500            4775 000000fc 02f57533 remu             x10, x10, x15       x10=00609e5d x10:0c4c605d x15:05f5e100
             4872500            4812 00000100 02d7d7b3 divu             x15, x15, x13       x15=00989680 x15:05f5e100 x13:0000000a
             4873500            4813 00000104 00061363 bne              x12, x0, 6          x12:00000000
             4874500            4814 00000106 02e05c63 bge              x0, x14, 56         x14:00000002
             4876500            4816 0000010a 03000693 addi             x13, x0, 48         x13=00000030
             4878500            4818 0000010e 00e35c63 bge              x6, x14, 24          x6:00000009 x14:00000002
             4880500            4820 00000126 00d70733 add              x14, x14, x13       x14=00000032 x14:00000002 x13:00000030
             4881500            4821 00000128 00e80023 sb               x14, 0(x16)         x14:00000032 x16:0001ef60  PA:0001ef60
             4883500            4823 0000012c 00180893 addi             x17, x16, 1         x17=0001ef61 x16:0001ef60
             4884500            4824 00000130 00160613 addi             x12, x12, 1         x12=00000001 x12:00000000
             4885500            4825 00000132 00078d63 beq              x15, x0, 26         x15:00989680
             4886500            4826 00000134 00c5a683 lw               x13, 12(x11)        x13=0000000a x11:0001ef6c  PA:0001ef78
             4888500            4828 00000136 01100833 add              x16, x0, x17        x16=0001ef61 x17:0001ef61
             4925500            4865 00000138 02f55733 divu             x14, x10, x15       x14=00000000 x10:00609e5d x15:00989680
             4927500            4867 0000013c fc1ff06f jal              x0, -64            
             4964500            4904 000000fc 02f57533 remu             x10, x10, x15       x10=00609e5d x10:00609e5d x15:00989680
             5001500            4941 00000100 02d7d7b3 divu             x15, x15, x13       x15=000f4240 x15:00989680 x13:0000000a
             5003500            4943 00000104 00061363 bne              x12, x0, 6          x12:00000001
             5006500            4946 0000010a 03000693 addi             x13, x0, 48         x13=00000030
             5008500            4948 0000010e 00e35c63 bge              x6, x14, 24          x6:00000009 x14:00000000
             5010500            4950 00000126 00d70733 add              x14, x14, x13       x14=00000030 x14:00000000 x13:00000030
             5011500            4951 00000128 00e80023 sb               x14, 0(x16)         x14:00000030 x16:0001ef61  PA:0001ef61
             5013500            4953 0000012c 00180893 addi             x17, x16, 1         x17=0001ef62 x16:0001ef61
             5014500            4954 00000130 00160613 addi             x12, x12, 1         x12=00000002 x12:00000001
             5015500            4955 00000132 00078d63 beq              x15, x0, 26         x15:000f4240
             5016500            4956 00000134 00c5a683 lw               x13, 12(x11)        x13=0000000a x11:0001ef6c  PA:0001ef78
             5018500            4958 00000136 01100833 add              x16, x0, x17        x16=0001ef62 x17:0001ef62
             5055500            4995 00000138 02f55733 divu             x14, x10, x15       x14=00000006 x10:00609e5d x15:000f4240
             5057500            4997 0000013c fc1ff06f jal              x0, -64            
             5094500            5034 000000fc 02f57533 remu             x10, x10, x15       x10=000510dd x10:00609e5d x15:000f4240
             5131500            5071 00000100 02d7d7b3 divu             x15, x15, x13       x15=000186a0 x15:000f4240 x13:0000000a
             5133500            5073 00000104 00061363 bne              x12, x0, 6          x12:00000002
             5136500            5076 0000010a 03000693 addi             x13, x0, 48         x13=00000030
             5138500            5078 0000010e 00e35c63 bge              x6, x14, 24          x6:00000009 x14:00000006
             5140500            5080 00000126 00d70733 add              x14, x14, x13       x14=00000036 x14:00000006 x13:00000030
             5141500            5081 00000128 00e80023 sb               x14, 0(x16)         x14:00000036 x16:0001ef62  PA:0001ef62
             5143500            5083 0000012c 00180893 addi             x17, x16, 1         x17=0001ef63 x16:0001ef62
             5144500            5084 00000130 00160613 addi             x12, x12, 1         x12=00000003 x12:00000002
             5145500            5085 00000132 00078d63 beq              x15, x0, 26         x15:000186a0
             5146500            5086 00000134 00c5a683 lw               x13, 12(x11)        x13=0000000a x11:0001ef6c  PA:0001ef78
             5148500            5088 00000136 01100833 add              x16, x0, x17        x16=0001ef63 x17:0001ef63
             5185500            5125 00000138 02f55733 divu             x14, x10, x15       x14=00000003 x10:000510dd x15:000186a0
             5187500            5127 0000013c fc1ff06f jal              x0, -64            
             5224500            5164 000000fc 02f57533 remu             x10, x10, x15       x10=00007cfd x10:000510dd x15:000186a0
             5261500            5201 00000100 02d7d7b3 divu             x15, x15, x13       x15=00002710 x15:000186a0 x13:0000000a
             5263500            5203 00000104 00061363 bne              x12, x0, 6          x12:00000003
             5266500            5206 0000010a 03000693 addi             x13, x0, 48         x13=00000030
             5268500            5208 0000010e 00e35c63 bge              x6, x14, 24          x6:00000009 x14:00000003
             5270500            5210 00000126 00d70733 add              x14, x14, x13       x14=00000033 x14:00000003 x13:00000030
             5271500            5211 00000128 00e80023 sb               x14, 0(x16)         x14:00000033 x16:0001ef63  PA:0001ef63
             5273500            5213 0000012c 00180893 addi             x17, x16, 1         x17=0001ef64 x16:0001ef63
             5274500            5214 00000130 00160613 addi             x12, x12, 1         x12=00000004 x12:00000003
             5275500            5215 00000132 00078d63 beq              x15, x0, 26         x15:00002710
             5276500            5216 00000134 00c5a683 lw               x13, 12(x11)        x13=0000000a x11:0001ef6c  PA:0001ef78
             5278500            5218 00000136 01100833 add              x16, x0, x17        x16=0001ef64 x17:0001ef64
             5315500            5255 00000138 02f55733 divu             x14, x10, x15       x14=00000003 x10:00007cfd x15:00002710
             5317500            5257 0000013c fc1ff06f jal              x0, -64            
             5354500            5294 000000fc 02f57533 remu             x10, x10, x15       x10=000007cd x10:00007cfd x15:00002710
             5391500            5331 00000100 02d7d7b3 divu             x15, x15, x13       x15=000003e8 x15:00002710 x13:0000000a
             5393500            5333 00000104 00061363 bne              x12, x0, 6          x12:00000004
             5396500            5336 0000010a 03000693 addi             x13, x0, 48         x13=00000030
             5398500            5338 0000010e 00e35c63 bge              x6, x14, 24          x6:00000009 x14:00000003
             5400500            5340 00000126 00d70733 add              x14, x14, x13       x14=00000033 x14:00000003 x13:00000030
             5401500            5341 00000128 00e80023 sb               x14, 0(x16)         x14:00000033 x16:0001ef64  PA:0001ef64
             5403500            5343 0000012c 00180893 addi             x17, x16, 1         x17=0001ef65 x16:0001ef64
             5404500            5344 00000130 00160613 addi             x12, x12, 1         x12=00000005 x12:00000004
             5405500            5345 00000132 00078d63 beq              x15, x0, 26         x15:000003e8
             5406500            5346 00000134 00c5a683 lw               x13, 12(x11)        x13=0000000a x11:0001ef6c  PA:0001ef78
             5408500            5348 00000136 01100833 add              x16, x0, x17        x16=0001ef65 x17:0001ef65
             5445500            5385 00000138 02f55733 divu             x14, x10, x15       x14=00000001 x10:000007cd x15:000003e8
             5447500            5387 0000013c fc1ff06f jal              x0, -64            
             5484500            5424 000000fc 02f57533 remu             x10, x10, x15       x10=000003e5 x10:000007cd x15:000003e8
             5521500            5461 00000100 02d7d7b3 divu             x15, x15, x13       x15=00000064 x15:000003e8 x13:0000000a
             5523500            5463 00000104 00061363 bne              x12, x0, 6          x12:00000005
             5526500            5466 0000010a 03000693 addi             x13, x0, 48         x13=00000030
             5528500            5468 0000010e 00e35c63 bge              x6, x14, 24          x6:00000009 x14:00000001
             5530500            5470 00000126 00d70733 add              x14, x14, x13       x14=00000031 x14:00000001 x13:00000030
             5531500            5471 00000128 00e80023 sb               x14, 0(x16)         x14:00000031 x16:0001ef65  PA:0001ef65
             5533500            5473 0000012c 00180893 addi             x17, x16, 1         x17=0001ef66 x16:0001ef65
             5534500            5474 00000130 00160613 addi             x12, x12, 1         x12=00000006 x12:00000005
             5535500            5475 00000132 00078d63 beq              x15, x0, 26         x15:00000064
             5536500            5476 00000134 00c5a683 lw               x13, 12(x11)        x13=0000000a x11:0001ef6c  PA:0001ef78
             5538500            5478 00000136 01100833 add              x16, x0, x17        x16=0001ef66 x17:0001ef66
             5575500            5515 00000138 02f55733 divu             x14, x10, x15       x14=00000009 x10:000003e5 x15:00000064
             5577500            5517 0000013c fc1ff06f jal              x0, -64            
             5614500            5554 000000fc 02f57533 remu             x10, x10, x15       x10=00000061 x10:000003e5 x15:00000064
             5651500            5591 00000100 02d7d7b3 divu             x15, x15, x13       x15=0000000a x15:00000064 x13:0000000a
             5653500            5593 00000104 00061363 bne              x12, x0, 6          x12:00000006
             5656500            5596 0000010a 03000693 addi             x13, x0, 48         x13=00000030
             5658500            5598 0000010e 00e35c63 bge              x6, x14, 24          x6:00000009 x14:00000009
             5660500            5600 00000126 00d70733 add              x14, x14, x13       x14=00000039 x14:00000009 x13:00000030
             5661500            5601 00000128 00e80023 sb               x14, 0(x16)         x14:00000039 x16:0001ef66  PA:0001ef66
             5663500            5603 0000012c 00180893 addi             x17, x16, 1         x17=0001ef67 x16:0001ef66
             5664500            5604 00000130 00160613 addi             x12, x12, 1         x12=00000007 x12:00000006
             5665500            5605 00000132 00078d63 beq              x15, x0, 26         x15:0000000a
             5666500            5606 00000134 00c5a683 lw               x13, 12(x11)        x13=0000000a x11:0001ef6c  PA:0001ef78
             5668500            5608 00000136 01100833 add              x16, x0, x17        x16=0001ef67 x17:0001ef67
             5705500            5645 00000138 02f55733 divu             x14, x10, x15       x14=00000009 x10:00000061 x15:0000000a
             5707500            5647 0000013c fc1ff06f jal              x0, -64            
             5744500            5684 000000fc 02f57533 remu             x10, x10, x15       x10=00000007 x10:00000061 x15:0000000a
             5781500            5721 00000100 02d7d7b3 divu             x15, x15, x13       x15=00000001 x15:0000000a x13:0000000a
             5783500            5723 00000104 00061363 bne              x12, x0, 6          x12:00000007
             5786500            5726 0000010a 03000693 addi             x13, x0, 48         x13=00000030
             5788500            5728 0000010e 00e35c63 bge              x6, x14, 24          x6:00000009 x14:00000009
             5790500            5730 00000126 00d70733 add              x14, x14, x13       x14=00000039 x14:00000009 x13:00000030
             5791500            5731 00000128 00e80023 sb               x14, 0(x16)         x14:00000039 x16:0001ef67  PA:0001ef67
             5793500            5733 0000012c 00180893 addi             x17, x16, 1         x17=0001ef68 x16:0001ef67
             5794500            5734 00000130 00160613 addi             x12, x12, 1         x12=00000008 x12:00000007
             5795500            5735 00000132 00078d63 beq              x15, x0, 26         x15:00000001
             5796500            5736 00000134 00c5a683 lw               x13, 12(x11)        x13=0000000a x11:0001ef6c  PA:0001ef78
             5798500            5738 00000136 01100833 add              x16, x0, x17        x16=0001ef68 x17:0001ef68
             5835500            5775 00000138 02f55733 divu             x14, x10, x15       x14=00000007 x10:00000007 x15:00000001
             5837500            5777 0000013c fc1ff06f jal              x0, -64            
             5874500            5814 000000fc 02f57533 remu             x10, x10, x15       x10=00000000 x10:00000007 x15:00000001
             5911500            5851 00000100 02d7d7b3 divu             x15, x15, x13       x15=00000000 x15:00000001 x13:0000000a
             5913500            5853 00000104 00061363 bne              x12, x0, 6          x12:00000008
             5916500            5856 0000010a 03000693 addi             x13, x0, 48         x13=00000030
             5918500            5858 0000010e 00e35c63 bge              x6, x14, 24          x6:00000009 x14:00000007
             5920500            5860 00000126 00d70733 add              x14, x14, x13       x14=00000037 x14:00000007 x13:00000030
             5921500            5861 00000128 00e80023 sb               x14, 0(x16)         x14:00000037 x16:0001ef68  PA:0001ef68
             5923500            5863 0000012c 00180893 addi             x17, x16, 1         x17=0001ef69 x16:0001ef68
             5924500            5864 00000130 00160613 addi             x12, x12, 1         x12=00000009 x12:00000008
             5926500            5866 00000132 00078d63 beq              x15, x0, 26         x15:00000000
             5928500            5868 0000014c 00088023 sb               x0, 0(x17)          x17:0001ef69  PA:0001ef69
             5931500            5871 00000150 00008067 jalr             x0, x1, 0            x1:000003a6
             5932500            5872 000003a6 01c10513 addi             x10, x2, 28         x10=0001ef6c  x2:0001ef50
             5934500            5874 000003a8 db7ff0ef jal              x1, -586             x1=000003aa
             5935500            5875 0000015e 01052583 lw               x11, 16(x10)        x11=0001ef60 x10:0001ef6c  PA:0001ef7c
             5937500            5877 00000160 00452783 lw               x15, 4(x10)         x15=00000000 x10:0001ef6c  PA:0001ef70
             5939500            5879 00000162 0005c703 lbu              x14, 0(x11)         x14=00000032 x11:0001ef60  PA:0001ef60
             5941500            5881 00000166 00158693 addi             x13, x11, 1         x13=0001ef61 x11:0001ef60
             5942500            5882 0000016a 00070b63 beq              x14, x0, 22         x14:00000032
             5944500            5884 0000016c 00f05a63 bge              x0, x15, 20         x15:00000000
             5946500            5886 00000180 00854603 lbu              x12, 8(x10)         x12=00000000 x10:0001ef6c  PA:0001ef74
             5948500            5888 00000184 00054703 lbu              x14, 0(x10)         x14=000000xX x10:0001ef6c  PA:0001ef6c
             5950500            5890 00000188 00c038b3 sltu             x17, x0, x12        x17=00000000 x12:00000000
             5951500            5891 0000018c 00277813 andi             x16, x14, 2         x16=00000000 x14:000000xX
             5952500            5892 00000190 411787b3 sub              x15, x15, x17       x15=00000000 x15:00000000 x17:00000000
             5954500            5894 00000194 00080c63 beq              x16, x0, 24         x16:00000000
             5956500            5896 000001ac 00977713 andi             x14, x14, 9         x14=00000000 x14:000000xX
             5957500            5897 000001ae 02071363 bne              x14, x0, 38         x14:00000000
             5958500            5898 000001b0 fff78713 addi             x14, x15, -1        x14=ffffffff x15:00000000
             5960500            5900 000001b4 0cf05f63 bge              x0, x15, 222        x15:00000000
             5962500            5902 00000292 00e007b3 add              x15, x0, x14        x15=ffffffff x14:ffffffff
             5964500            5904 00000294 f41ff06f jal              x0, -192           
             5966500            5906 000001d4 00060463 beq              x12, x0, 8          x12:00000000
             5968500            5908 000001dc 00054703 lbu              x14, 0(x10)         x14=000000xX x10:0001ef6c  PA:0001ef6c
             5970500            5910 000001e0 00277613 andi             x12, x14, 2         x12=00000000 x14:000000xX
             5972500            5912 000001e4 00060863 beq              x12, x0, 16         x12:00000000
             5974500            5914 000001f4 00177713 andi             x14, x14, 1         x14=00000000 x14:000000xX
             5976500            5916 000001f6 02070163 beq              x14, x0, 34         x14:00000000
             5978500            5918 00000218 0005c703 lbu              x14, 0(x11)         x14=00000032 x11:0001ef60  PA:0001ef60
             5980500            5920 0000021c 00070863 beq              x14, x0, 16         x14:00000032
             5981500            5921 0000021e 80000637 lui              x12, 0x80000000     x12=80000000
             5982500            5922 00000222 00e62223 sw               x14, 4(x12)         x14:00000032 x12:80000000  PA:80000004
             5984500            5924 00000224 00168693 addi             x13, x13, 1         x13=0001ef62 x13:0001ef61
             5985500            5925 00000226 fff6c703 lbu              x14, -1(x13)        x14=00000030 x13:0001ef62  PA:0001ef61
             5988500            5928 0000022a fe071ce3 bne              x14, x0, -8         x14:00000030
             5990500            5930 00000222 00e62223 sw               x14, 4(x12)         x14:00000030 x12:80000000  PA:80000004
             5992500            5932 00000224 00168693 addi             x13, x13, 1         x13=0001ef63 x13:0001ef62
             5993500            5933 00000226 fff6c703 lbu              x14, -1(x13)        x14=00000036 x13:0001ef63  PA:0001ef62
             5996500            5936 0000022a fe071ce3 bne              x14, x0, -8         x14:00000036
             5998500            5938 00000222 00e62223 sw               x14, 4(x12)         x14:00000036 x12:80000000  PA:80000004
             6000500            5940 00000224 00168693 addi             x13, x13, 1         x13=0001ef64 x13:0001ef63
             6001500            5941 00000226 fff6c703 lbu              x14, -1(x13)        x14=00000033 x13:0001ef64  PA:0001ef63
             6004500            5944 0000022a fe071ce3 bne              x14, x0, -8         x14:00000033
             6006500            5946 00000222 00e62223 sw               x14, 4(x12)         x14:00000033 x12:80000000  PA:80000004
             6008500            5948 00000224 00168693 addi             x13, x13, 1         x13=0001ef65 x13:0001ef64
             6009500            5949 00000226 fff6c703 lbu              x14, -1(x13)        x14=00000033 x13:0001ef65  PA:0001ef64
             6012500            5952 0000022a fe071ce3 bne              x14, x0, -8         x14:00000033
             6014500            5954 00000222 00e62223 sw               x14, 4(x12)         x14:00000033 x12:80000000  PA:80000004
             6016500            5956 00000224 00168693 addi             x13, x13, 1         x13=0001ef66 x13:0001ef65
             6017500            5957 00000226 fff6c703 lbu              x14, -1(x13)        x14=00000031 x13:0001ef66  PA:0001ef65
             6020500            5960 0000022a fe071ce3 bne              x14, x0, -8         x14:00000031
             6022500            5962 00000222 00e62223 sw               x14, 4(x12)         x14:00000031 x12:80000000  PA:80000004
             6024500            5964 00000224 00168693 addi             x13, x13, 1         x13=0001ef67 x13:0001ef66
             6025500            5965 00000226 fff6c703 lbu              x14, -1(x13)        x14=00000039 x13:0001ef67  PA:0001ef66
             6028500            5968 0000022a fe071ce3 bne              x14, x0, -8         x14:00000039
             6030500            5970 00000222 00e62223 sw               x14, 4(x12)         x14:00000039 x12:80000000  PA:80000004
             6032500            5972 00000224 00168693 addi             x13, x13, 1         x13=0001ef68 x13:0001ef67
             6033500            5973 00000226 fff6c703 lbu              x14, -1(x13)        x14=00000039 x13:0001ef68  PA:0001ef67
             6036500            5976 0000022a fe071ce3 bne              x14, x0, -8         x14:00000039
             6038500            5978 00000222 00e62223 sw               x14, 4(x12)         x14:00000039 x12:80000000  PA:80000004
             6040500            5980 00000224 00168693 addi             x13, x13, 1         x13=0001ef69 x13:0001ef68
             6041500            5981 00000226 fff6c703 lbu              x14, -1(x13)        x14=00000037 x13:0001ef69  PA:0001ef68
             6044500            5984 0000022a fe071ce3 bne              x14, x0, -8         x14:00000037
             6046500            5986 00000222 00e62223 sw               x14, 4(x12)         x14:00000037 x12:80000000  PA:80000004
             6048500            5988 00000224 00168693 addi             x13, x13, 1         x13=0001ef6a x13:0001ef69
             6049500            5989 00000226 fff6c703 lbu              x14, -1(x13)        x14=00000000 x13:0001ef6a  PA:0001ef69
             6051500            5991 0000022a fe071ce3 bne              x14, x0, -8         x14:00000000
             6052500            5992 0000022c 00054703 lbu              x14, 0(x10)         x14=000000xX x10:0001ef6c  PA:0001ef6c
             6054500            5994 00000230 00800693 addi             x13, x0, 8          x13=00000008
             6055500            5995 00000232 00977713 andi             x14, x14, 9         x14=00000000 x14:000000xX
             6056500            5996 00000234 00d70363 beq              x14, x13, 6         x14:00000000 x13:00000008
             6058500            5998 00000238 00008067 jalr             x0, x1, 0            x1:000003aa
             6059500            5999 000003aa 013006b3 add              x13, x0, x19        x13=0001efc8 x19:0001efc8
             6060500            6000 000003ac 00c12603 lw               x12, 12(x2)         x12=1c01001f  x2:0001ef50  PA:0001ef5c
             6063500            6003 000003ae f09ff06f jal              x0, -248           
             6065500            6005 000002b6 00064783 lbu              x15, 0(x12)         x15=0000000a x12:1c01001f  PA:1c01001f
             6067500            6007 000002ba 00160613 addi             x12, x12, 1         x12=1c010020 x12:1c01001f
             6068500            6008 000002bc 00078c63 beq              x15, x0, 24         x15:0000000a
             6069500            6009 000002be 02500713 addi             x14, x0, 37         x14=00000025
             6071500            6011 000002c2 02e78063 beq              x15, x14, 32        x15:0000000a x14:00000025
             6072500            6012 000002c6 80000737 lui              x14, 0x80000000     x14=80000000
             6073500            6013 000002ca 00f72223 sw               x15, 4(x14)         x15:0000000a x14:80000000  PA:80000004
             6075500            6015 000002cc 00064783 lbu              x15, 0(x12)         x15=00000000 x12:1c010020  PA:1c010020
             6077500            6017 000002d0 00160613 addi             x12, x12, 1         x12=1c010021 x12:1c010020
             6078500            6018 000002d2 fe0796e3 bne              x15, x0, -20        x15:00000000
             6079500            6019 000002d4 04c12083 lw               x1, 76(x2)           x1=0000051a  x2:0001ef50  PA:0001ef9c
             6081500            6021 000002d6 04812403 lw               x8, 72(x2)           x8=1c010660  x2:0001ef50  PA:0001ef98
             6083500            6023 000002d8 04412483 lw               x9, 68(x2)           x9=1c010450  x2:0001ef50  PA:0001ef94
             6085500            6025 000002da 04012903 lw               x18, 64(x2)         x18=1c010240  x2:0001ef50  PA:0001ef90
             6087500            6027 000002dc 03c12983 lw               x19, 60(x2)         x19=00000000  x2:0001ef50  PA:0001ef8c
             6089500            6029 000002de 05010113 addi             x2, x2, 80           x2=0001efa0  x2:0001ef50
             6091500            6031 000002e0 00008067 jalr             x0, x1, 0            x1:0000051a
             6092500            6032 0000051a 01c12083 lw               x1, 28(x2)           x1=0000061c  x2:0001efa0  PA:0001efbc
             6094500            6034 0000051c 04010113 addi             x2, x2, 64           x2=0001efe0  x2:0001efa0
             6096500            6036 0000051e 00008067 jalr             x0, x1, 0            x1:0000061c
             6097500            6037 0000061c 00042583 lw               x11, 0(x8)          x11=7f228fd6  x8:1c010660  PA:1c010660
             6099500            6039 0000061e 1c010537 lui              x10, 0x1c010000     x10=1c010000
             6100500            6040 00000622 02450513 addi             x10, x10, 36        x10=1c010024 x10:1c010000
             6102500            6042 00000626 ec7ff0ef jal              x1, -314             x1=00000628
             6103500            6043 000004ec fc010113 addi             x2, x2, -64          x2=0001efa0  x2:0001efe0
             6104500            6044 000004ee 02c12423 sw               x12, 40(x2)         x12:1c010021  x2:0001efa0  PA:0001efc8
             6106500            6046 000004f0 1c011637 lui              x12, 0x1c011000     x12=1c011000
             6107500            6047 000004f4 02b12223 sw               x11, 36(x2)         x11:7f228fd6  x2:0001efa0  PA:0001efc4
             6109500            6049 000004f6 86462583 lw               x11, -1948(x12)     x11=00000000 x12:1c011000  PA:1c010864
             6111500            6051 000004fa 00a00633 add              x12, x0, x10        x12=1c010024 x10:1c010024
             6112500            6052 000004fc 1c011537 lui              x10, 0x1c011000     x10=1c011000
             6113500            6053 00000500 02410313 addi             x6, x2, 36           x6=0001efc4  x2:0001efa0
             6114500            6054 00000504 86852503 lw               x10, -1944(x10)     x10=00000000 x10:1c011000  PA:1c010868
             6116500            6056 00000508 02d12623 sw               x13, 44(x2)         x13:0001efc8  x2:0001efa0  PA:0001efcc
             6118500            6058 0000050a 006006b3 add              x13, x0, x6         x13=0001efc4  x6:0001efc4
             6119500            6059 0000050c 00112e23 sw               x1, 28(x2)           x1:00000628  x2:0001efa0  PA:0001efbc
             6121500            6061 0000050e 02e12823 sw               x14, 48(x2)         x14:80000000  x2:0001efa0  PA:0001efd0
             6123500            6063 00000510 02f12a23 sw               x15, 52(x2)         x15:00000000  x2:0001efa0  PA:0001efd4
             6125500            6065 00000512 03012c23 sw               x16, 56(x2)         x16:00000000  x2:0001efa0  PA:0001efd8
             6127500            6067 00000514 03112e23 sw               x17, 60(x2)         x17:00000000  x2:0001efa0  PA:0001efdc
             6129500            6069 00000516 00612623 sw               x6, 12(x2)           x6:0001efc4  x2:0001efa0  PA:0001efac
             6132500            6072 00000518 d83ff0ef jal              x1, -638             x1=0000051a
             6133500            6073 0000029a fb010113 addi             x2, x2, -80          x2=0001ef50  x2:0001efa0
             6134500            6074 0000029c 01010793 addi             x15, x2, 16         x15=0001ef60  x2:0001ef50
             6135500            6075 0000029e 04812423 sw               x8, 72(x2)           x8:1c010660  x2:0001ef50  PA:0001ef98
             6137500            6077 000002a0 04912223 sw               x9, 68(x2)           x9:1c010450  x2:0001ef50  PA:0001ef94
             6139500            6079 000002a2 05212023 sw               x18, 64(x2)         x18:1c010240  x2:0001ef50  PA:0001ef90
             6141500            6081 000002a4 04112623 sw               x1, 76(x2)           x1:0000051a  x2:0001ef50  PA:0001ef9c
             6143500            6083 000002a6 03312e23 sw               x19, 60(x2)         x19:00000000  x2:0001ef50  PA:0001ef8c
             6145500            6085 000002a8 02f12623 sw               x15, 44(x2)         x15:0001ef60  x2:0001ef50  PA:0001ef7c
             6147500            6087 000002aa 02d00413 addi             x8, x0, 45           x8=0000002d
             6148500            6088 000002ae 03000493 addi             x9, x0, 48           x9=00000030
             6150500            6090 000002b2 02300913 addi             x18, x0, 35         x18=00000023
             6151500            6091 000002b6 00064783 lbu              x15, 0(x12)         x15=00000064 x12:1c010024  PA:1c010024
             6153500            6093 000002ba 00160613 addi             x12, x12, 1         x12=1c010025 x12:1c010024
             6154500            6094 000002bc 00078c63 beq              x15, x0, 24         x15:00000064
             6155500            6095 000002be 02500713 addi             x14, x0, 37         x14=00000025
             6157500            6097 000002c2 02e78063 beq              x15, x14, 32        x15:00000064 x14:00000025
             6158500            6098 000002c6 80000737 lui              x14, 0x80000000     x14=80000000
             6159500            6099 000002ca 00f72223 sw               x15, 4(x14)         x15:00000064 x14:80000000  PA:80000004
             6161500            6101 000002cc 00064783 lbu              x15, 0(x12)         x15=0000005b x12:1c010025  PA:1c010025
             6163500            6103 000002d0 00160613 addi             x12, x12, 1         x12=1c010026 x12:1c010025
             6165500            6105 000002d2 fe0796e3 bne              x15, x0, -20        x15:0000005b
             6168500            6108 000002be 02500713 addi             x14, x0, 37         x14=00000025
             6169500            6109 000002c2 02e78063 beq              x15, x14, 32        x15:0000005b x14:00000025
             6170500            6110 000002c6 80000737 lui              x14, 0x80000000     x14=80000000
             6171500            6111 000002ca 00f72223 sw               x15, 4(x14)         x15:0000005b x14:80000000  PA:80000004
             6173500            6113 000002cc 00064783 lbu              x15, 0(x12)         x15=00000030 x12:1c010026  PA:1c010026
             6175500            6115 000002d0 00160613 addi             x12, x12, 1         x12=1c010027 x12:1c010026
             6177500            6117 000002d2 fe0796e3 bne              x15, x0, -20        x15:00000030
             6180500            6120 000002be 02500713 addi             x14, x0, 37         x14=00000025
             6181500            6121 000002c2 02e78063 beq              x15, x14, 32        x15:00000030 x14:00000025
             6182500            6122 000002c6 80000737 lui              x14, 0x80000000     x14=80000000
             6183500            6123 000002ca 00f72223 sw               x15, 4(x14)         x15:00000030 x14:80000000  PA:80000004
             6185500            6125 000002cc 00064783 lbu              x15, 0(x12)         x15=0000005d x12:1c010027  PA:1c010027
             6187500            6127 000002d0 00160613 addi             x12, x12, 1         x12=1c010028 x12:1c010027
             6189500            6129 000002d2 fe0796e3 bne              x15, x0, -20        x15:0000005d
             6192500            6132 000002be 02500713 addi             x14, x0, 37         x14=00000025
             6193500            6133 000002c2 02e78063 beq              x15, x14, 32        x15:0000005d x14:00000025
             6194500            6134 000002c6 80000737 lui              x14, 0x80000000     x14=80000000
             6195500            6135 000002ca 00f72223 sw               x15, 4(x14)         x15:0000005d x14:80000000  PA:80000004
             6197500            6137 000002cc 00064783 lbu              x15, 0(x12)         x15=0000003d x12:1c010028  PA:1c010028
             6199500            6139 000002d0 00160613 addi             x12, x12, 1         x12=1c010029 x12:1c010028
             6201500            6141 000002d2 fe0796e3 bne              x15, x0, -20        x15:0000003d
             6204500            6144 000002be 02500713 addi             x14, x0, 37         x14=00000025
             6205500            6145 000002c2 02e78063 beq              x15, x14, 32        x15:0000003d x14:00000025
             6206500            6146 000002c6 80000737 lui              x14, 0x80000000     x14=80000000
             6207500            6147 000002ca 00f72223 sw               x15, 4(x14)         x15:0000003d x14:80000000  PA:80000004
             6209500            6149 000002cc 00064783 lbu              x15, 0(x12)         x15=00000025 x12:1c010029  PA:1c010029
             6211500            6151 000002d0 00160613 addi             x12, x12, 1         x12=1c01002a x12:1c010029
             6213500            6153 000002d2 fe0796e3 bne              x15, x0, -20        x15:00000025
             6216500            6156 000002be 02500713 addi             x14, x0, 37         x14=00000025
             6218500            6158 000002c2 02e78063 beq              x15, x14, 32        x15:00000025 x14:00000025
             6221500            6161 000002e2 01c14783 lbu              x15, 28(x2)         x15=000000xX  x2:0001ef50  PA:0001ef6c
             6223500            6163 000002e6 02012023 sw               x0, 32(x2)           x2:0001ef50  PA:0001ef70
             6225500            6165 000002e8 ff47f793 andi             x15, x15, -12       x15=000000xX x15:000000xX
             6226500            6166 000002ea 00f10e23 sb               x15, 28(x2)         x15:000000xX  x2:0001ef50  PA:0001ef6c
             6228500            6168 000002ee 02010223 sb               x0, 36(x2)           x2:0001ef50  PA:0001ef74
             6230500            6170 000002f2 00000813 addi             x16, x0, 0          x16=00000000
             6231500            6171 000002f4 00000593 addi             x11, x0, 0          x11=00000000
             6232500            6172 000002f6 00000893 addi             x17, x0, 0          x17=00000000
             6233500            6173 000002f8 00000713 addi             x14, x0, 0          x14=00000000
             6234500            6174 000002fa 00000513 addi             x10, x0, 0          x10=00000000
             6235500            6175 000002fc 00160613 addi             x12, x12, 1         x12=1c01002b x12:1c01002a
             6236500            6176 000002fe fff64783 lbu              x15, -1(x12)        x15=00000064 x12:1c01002b  PA:1c01002a
             6238500            6178 00000302 fc0789e3 beq              x15, x0, -46        x15:00000064
             6239500            6179 00000304 0a878663 beq              x15, x8, 172        x15:00000064  x8:0000002d
             6240500            6180 00000308 0a978a63 beq              x15, x9, 180        x15:00000064  x9:00000030
             6241500            6181 0000030c 0b278563 beq              x15, x18, 170       x15:00000064 x18:00000023
             6242500            6182 00000310 0a071863 bne              x14, x0, 176        x14:00000000
             6244500            6184 00000312 00088863 beq              x17, x0, 16         x17:00000000
             6248500            6188 00000322 00080963 beq              x16, x0, 18         x16:00000000
             6250500            6190 00000334 fd078593 addi             x11, x15, -48       x11=00000034 x15:00000064
             6251500            6191 00000338 0ff5f513 andi             x10, x11, 255       x10=00000034 x11:00000034
             6252500            6192 0000033c 00900713 addi             x14, x0, 9          x14=00000009
             6253500            6193 0000033e 08a77963 bgeu             x14, x10, 146       x14:00000009 x10:00000034
             6254500            6194 00000342 02e00713 addi             x14, x0, 46         x14=0000002e
             6255500            6195 00000346 0ee78263 beq              x15, x14, 228       x15:00000064 x14:0000002e
             6256500            6196 0000034a 06900713 addi             x14, x0, 105        x14=00000069
             6257500            6197 0000034e 16e78963 beq              x15, x14, 370       x15:00000064 x14:00000069
             6259500            6199 00000352 0ef77d63 bgeu             x14, x15, 250       x14:00000069 x15:00000064
             6261500            6201 0000044c 05800713 addi             x14, x0, 88         x14=00000058
             6262500            6202 00000450 f2e787e3 beq              x15, x14, -210      x15:00000064 x14:00000058
             6263500            6203 00000454 02f77863 bgeu             x14, x15, 48        x14:00000058 x15:00000064
             6264500            6204 00000458 06300713 addi             x14, x0, 99         x14=00000063
             6266500            6206 0000045c 04e79e63 bne              x15, x14, 92        x15:00000064 x14:00000063
             6268500            6208 000004b8 06400713 addi             x14, x0, 100        x14=00000064
             6269500            6209 000004bc dee79de3 bne              x15, x14, -518      x15:00000064 x14:00000064
             6270500            6210 000004c0 00a00793 addi             x15, x0, 10         x15=0000000a
             6271500            6211 000004c2 0006a503 lw               x10, 0(x13)         x10=7f228fd6 x13:0001efc4  PA:0001efc4
             6273500            6213 000004c4 02f12423 sw               x15, 40(x2)         x15:0000000a  x2:0001ef50  PA:0001ef78
             6275500            6215 000004c6 00468993 addi             x19, x13, 4         x19=0001efc8 x13:0001efc4
             6276500            6216 000004ca 00054463 blt              x10, x0, 8          x10:7f228fd6
             6277500            6217 000004ce 01c10593 addi             x11, x2, 28         x11=0001ef6c  x2:0001ef50
             6279500            6219 000004d0 ed3ff06f jal              x0, -302           
             6280500            6220 000003a2 00c12623 sw               x12, 12(x2)         x12:1c01002b  x2:0001ef50  PA:0001ef5c
             6283500            6223 000003a4 d3bff0ef jal              x1, -710             x1=000003a6
             6284500            6224 000000de 00c5a683 lw               x13, 12(x11)        x13=0000000a x11:0001ef6c  PA:0001ef78
             6286500            6226 000000e0 0105a803 lw               x16, 16(x11)        x16=0001ef60 x11:0001ef6c  PA:0001ef7c
             6288500            6228 000000e4 00100793 addi             x15, x0, 1          x15=00000001
             6289500            6229 000000e6 06d56a63 bltu             x10, x13, 116       x10:7f228fd6 x13:0000000a
             6292500            6232 000000ea 02d787b3 mul              x15, x15, x13       x15=0000000a x15:00000001 x13:0000000a
             6329500            6269 000000ee 02f55733 divu             x14, x10, x15       x14=0cb6a7fb x10:7f228fd6 x15:0000000a
             6331500            6271 000000f2 fed77ce3 bgeu             x14, x13, -8        x14:0cb6a7fb x13:0000000a
             6336500            6276 000000ea 02d787b3 mul              x15, x15, x13       x15=00000064 x15:0000000a x13:0000000a
             6373500            6313 000000ee 02f55733 divu             x14, x10, x15       x14=01457732 x10:7f228fd6 x15:00000064
             6375500            6315 000000f2 fed77ce3 bgeu             x14, x13, -8        x14:01457732 x13:0000000a
             6380500            6320 000000ea 02d787b3 mul              x15, x15, x13       x15=000003e8 x15:00000064 x13:0000000a
             6417500            6357 000000ee 02f55733 divu             x14, x10, x15       x14=00208beb x10:7f228fd6 x15:000003e8
             6419500            6359 000000f2 fed77ce3 bgeu             x14, x13, -8        x14:00208beb x13:0000000a
             6424500            6364 000000ea 02d787b3 mul              x15, x15, x13       x15=00002710 x15:000003e8 x13:0000000a
             6461500            6401 000000ee 02f55733 divu             x14, x10, x15       x14=00034131 x10:7f228fd6 x15:00002710
             6463500            6403 000000f2 fed77ce3 bgeu             x14, x13, -8        x14:00034131 x13:0000000a
             6468500            6408 000000ea 02d787b3 mul              x15, x15, x13       x15=000186a0 x15:00002710 x13:0000000a
             6505500            6445 000000ee 02f55733 divu             x14, x10, x15       x14=00005351 x10:7f228fd6 x15:000186a0
             6507500            6447 000000f2 fed77ce3 bgeu             x14, x13, -8        x14:00005351 x13:0000000a
             6512500            6452 000000ea 02d787b3 mul              x15, x15, x13       x15=000f4240 x15:000186a0 x13:0000000a
             6549500            6489 000000ee 02f55733 divu             x14, x10, x15       x14=00000854 x10:7f228fd6 x15:000f4240
             6551500            6491 000000f2 fed77ce3 bgeu             x14, x13, -8        x14:00000854 x13:0000000a
             6556500            6496 000000ea 02d787b3 mul              x15, x15, x13       x15=00989680 x15:000f4240 x13:0000000a
             6593500            6533 000000ee 02f55733 divu             x14, x10, x15       x14=000000d5 x10:7f228fd6 x15:00989680
             6595500            6535 000000f2 fed77ce3 bgeu             x14, x13, -8        x14:000000d5 x13:0000000a
             6600500            6540 000000ea 02d787b3 mul              x15, x15, x13       x15=05f5e100 x15:00989680 x13:0000000a
             6637500            6577 000000ee 02f55733 divu             x14, x10, x15       x14=00000015 x10:7f228fd6 x15:05f5e100
             6639500            6579 000000f2 fed77ce3 bgeu             x14, x13, -8        x14:00000015 x13:0000000a
             6644500            6584 000000ea 02d787b3 mul              x15, x15, x13       x15=3b9aca00 x15:05f5e100 x13:0000000a
             6681500            6621 000000ee 02f55733 divu             x14, x10, x15       x14=00000002 x10:7f228fd6 x15:3b9aca00
             6682500            6622 000000f2 fed77ce3 bgeu             x14, x13, -8        x14:00000002 x13:0000000a
             6683500            6623 000000f6 04078e63 beq              x15, x0, 92         x15:3b9aca00
             6684500            6624 000000f8 00000613 addi             x12, x0, 0          x12=00000000
             6685500            6625 000000fa 00900313 addi             x6, x0, 9            x6=00000009
             6722500            6662 000000fc 02f57533 remu             x10, x10, x15       x10=07ecfbd6 x10:7f228fd6 x15:3b9aca00
             6759500            6699 00000100 02d7d7b3 divu             x15, x15, x13       x15=05f5e100 x15:3b9aca00 x13:0000000a
             6760500            6700 00000104 00061363 bne              x12, x0, 6          x12:00000000
             6761500            6701 00000106 02e05c63 bge              x0, x14, 56         x14:00000002
             6763500            6703 0000010a 03000693 addi             x13, x0, 48         x13=00000030
             6765500            6705 0000010e 00e35c63 bge              x6, x14, 24          x6:00000009 x14:00000002
             6767500            6707 00000126 00d70733 add              x14, x14, x13       x14=00000032 x14:00000002 x13:00000030
             6768500            6708 00000128 00e80023 sb               x14, 0(x16)         x14:00000032 x16:0001ef60  PA:0001ef60
             6770500            6710 0000012c 00180893 addi             x17, x16, 1         x17=0001ef61 x16:0001ef60
             6771500            6711 00000130 00160613 addi             x12, x12, 1         x12=00000001 x12:00000000
             6772500            6712 00000132 00078d63 beq              x15, x0, 26         x15:05f5e100
             6773500            6713 00000134 00c5a683 lw               x13, 12(x11)        x13=0000000a x11:0001ef6c  PA:0001ef78
             6775500            6715 00000136 01100833 add              x16, x0, x17        x16=0001ef61 x17:0001ef61
             6812500            6752 00000138 02f55733 divu             x14, x10, x15       x14=00000001 x10:07ecfbd6 x15:05f5e100
             6814500            6754 0000013c fc1ff06f jal              x0, -64            
             6851500            6791 000000fc 02f57533 remu             x10, x10, x15       x10=01f71ad6 x10:07ecfbd6 x15:05f5e100
             6888500            6828 00000100 02d7d7b3 divu             x15, x15, x13       x15=00989680 x15:05f5e100 x13:0000000a
             6890500            6830 00000104 00061363 bne              x12, x0, 6          x12:00000001
             6893500            6833 0000010a 03000693 addi             x13, x0, 48         x13=00000030
             6895500            6835 0000010e 00e35c63 bge              x6, x14, 24          x6:00000009 x14:00000001
             6897500            6837 00000126 00d70733 add              x14, x14, x13       x14=00000031 x14:00000001 x13:00000030
             6898500            6838 00000128 00e80023 sb               x14, 0(x16)         x14:00000031 x16:0001ef61  PA:0001ef61
             6900500            6840 0000012c 00180893 addi             x17, x16, 1         x17=0001ef62 x16:0001ef61
             6901500            6841 00000130 00160613 addi             x12, x12, 1         x12=00000002 x12:00000001
             6902500            6842 00000132 00078d63 beq              x15, x0, 26         x15:00989680
             6903500            6843 00000134 00c5a683 lw               x13, 12(x11)        x13=0000000a x11:0001ef6c  PA:0001ef78
             6905500            6845 00000136 01100833 add              x16, x0, x17        x16=0001ef62 x17:0001ef62
             6942500            6882 00000138 02f55733 divu             x14, x10, x15       x14=00000003 x10:01f71ad6 x15:00989680
             6944500            6884 0000013c fc1ff06f jal              x0, -64            
             6981500            6921 000000fc 02f57533 remu             x10, x10, x15       x10=002d5756 x10:01f71ad6 x15:00989680
             7018500            6958 00000100 02d7d7b3 divu             x15, x15, x13       x15=000f4240 x15:00989680 x13:0000000a
             7020500            6960 00000104 00061363 bne              x12, x0, 6          x12:00000002
             7023500            6963 0000010a 03000693 addi             x13, x0, 48         x13=00000030
             7025500            6965 0000010e 00e35c63 bge              x6, x14, 24          x6:00000009 x14:00000003
             7027500            6967 00000126 00d70733 add              x14, x14, x13       x14=00000033 x14:00000003 x13:00000030
             7028500            6968 00000128 00e80023 sb               x14, 0(x16)         x14:00000033 x16:0001ef62  PA:0001ef62
             7030500            6970 0000012c 00180893 addi             x17, x16, 1         x17=0001ef63 x16:0001ef62
             7031500            6971 00000130 00160613 addi             x12, x12, 1         x12=00000003 x12:00000002
             7032500            6972 00000132 00078d63 beq              x15, x0, 26         x15:000f4240
             7033500            6973 00000134 00c5a683 lw               x13, 12(x11)        x13=0000000a x11:0001ef6c  PA:0001ef78
             7035500            6975 00000136 01100833 add              x16, x0, x17        x16=0001ef63 x17:0001ef63
             7072500            7012 00000138 02f55733 divu             x14, x10, x15       x14=00000002 x10:002d5756 x15:000f4240
             7074500            7014 0000013c fc1ff06f jal              x0, -64            
             7111500            7051 000000fc 02f57533 remu             x10, x10, x15       x10=000ed2d6 x10:002d5756 x15:000f4240
             7148500            7088 00000100 02d7d7b3 divu             x15, x15, x13       x15=000186a0 x15:000f4240 x13:0000000a
             7150500            7090 00000104 00061363 bne              x12, x0, 6          x12:00000003
             7153500            7093 0000010a 03000693 addi             x13, x0, 48         x13=00000030
             7155500            7095 0000010e 00e35c63 bge              x6, x14, 24          x6:00000009 x14:00000002
             7157500            7097 00000126 00d70733 add              x14, x14, x13       x14=00000032 x14:00000002 x13:00000030
             7158500            7098 00000128 00e80023 sb               x14, 0(x16)         x14:00000032 x16:0001ef63  PA:0001ef63
             7160500            7100 0000012c 00180893 addi             x17, x16, 1         x17=0001ef64 x16:0001ef63
             7161500            7101 00000130 00160613 addi             x12, x12, 1         x12=00000004 x12:00000003
             7162500            7102 00000132 00078d63 beq              x15, x0, 26         x15:000186a0
             7163500            7103 00000134 00c5a683 lw               x13, 12(x11)        x13=0000000a x11:0001ef6c  PA:0001ef78
             7165500            7105 00000136 01100833 add              x16, x0, x17        x16=0001ef64 x17:0001ef64
             7202500            7142 00000138 02f55733 divu             x14, x10, x15       x14=00000009 x10:000ed2d6 x15:000186a0
             7204500            7144 0000013c fc1ff06f jal              x0, -64            
             7241500            7181 000000fc 02f57533 remu             x10, x10, x15       x10=00011736 x10:000ed2d6 x15:000186a0
             7278500            7218 00000100 02d7d7b3 divu             x15, x15, x13       x15=00002710 x15:000186a0 x13:0000000a
             7280500            7220 00000104 00061363 bne              x12, x0, 6          x12:00000004
             7283500            7223 0000010a 03000693 addi             x13, x0, 48         x13=00000030
             7285500            7225 0000010e 00e35c63 bge              x6, x14, 24          x6:00000009 x14:00000009
             7287500            7227 00000126 00d70733 add              x14, x14, x13       x14=00000039 x14:00000009 x13:00000030
             7288500            7228 00000128 00e80023 sb               x14, 0(x16)         x14:00000039 x16:0001ef64  PA:0001ef64
             7290500            7230 0000012c 00180893 addi             x17, x16, 1         x17=0001ef65 x16:0001ef64
             7291500            7231 00000130 00160613 addi             x12, x12, 1         x12=00000005 x12:00000004
             7292500            7232 00000132 00078d63 beq              x15, x0, 26         x15:00002710
             7293500            7233 00000134 00c5a683 lw               x13, 12(x11)        x13=0000000a x11:0001ef6c  PA:0001ef78
             7295500            7235 00000136 01100833 add              x16, x0, x17        x16=0001ef65 x17:0001ef65
             7332500            7272 00000138 02f55733 divu             x14, x10, x15       x14=00000007 x10:00011736 x15:00002710
             7334500            7274 0000013c fc1ff06f jal              x0, -64            
             7371500            7311 000000fc 02f57533 remu             x10, x10, x15       x10=000005c6 x10:00011736 x15:00002710
             7408500            7348 00000100 02d7d7b3 divu             x15, x15, x13       x15=000003e8 x15:00002710 x13:0000000a
             7410500            7350 00000104 00061363 bne              x12, x0, 6          x12:00000005
             7413500            7353 0000010a 03000693 addi             x13, x0, 48         x13=00000030
             7415500            7355 0000010e 00e35c63 bge              x6, x14, 24          x6:00000009 x14:00000007
             7417500            7357 00000126 00d70733 add              x14, x14, x13       x14=00000037 x14:00000007 x13:00000030
             7418500            7358 00000128 00e80023 sb               x14, 0(x16)         x14:00000037 x16:0001ef65  PA:0001ef65
             7420500            7360 0000012c 00180893 addi             x17, x16, 1         x17=0001ef66 x16:0001ef65
             7421500            7361 00000130 00160613 addi             x12, x12, 1         x12=00000006 x12:00000005
             7422500            7362 00000132 00078d63 beq              x15, x0, 26         x15:000003e8
             7423500            7363 00000134 00c5a683 lw               x13, 12(x11)        x13=0000000a x11:0001ef6c  PA:0001ef78
             7425500            7365 00000136 01100833 add              x16, x0, x17        x16=0001ef66 x17:0001ef66
             7462500            7402 00000138 02f55733 divu             x14, x10, x15       x14=00000001 x10:000005c6 x15:000003e8
             7464500            7404 0000013c fc1ff06f jal              x0, -64            
             7501500            7441 000000fc 02f57533 remu             x10, x10, x15       x10=000001de x10:000005c6 x15:000003e8
             7538500            7478 00000100 02d7d7b3 divu             x15, x15, x13       x15=00000064 x15:000003e8 x13:0000000a
             7540500            7480 00000104 00061363 bne              x12, x0, 6          x12:00000006
             7543500            7483 0000010a 03000693 addi             x13, x0, 48         x13=00000030
             7545500            7485 0000010e 00e35c63 bge              x6, x14, 24          x6:00000009 x14:00000001
             7547500            7487 00000126 00d70733 add              x14, x14, x13       x14=00000031 x14:00000001 x13:00000030
             7548500            7488 00000128 00e80023 sb               x14, 0(x16)         x14:00000031 x16:0001ef66  PA:0001ef66
             7550500            7490 0000012c 00180893 addi             x17, x16, 1         x17=0001ef67 x16:0001ef66
             7551500            7491 00000130 00160613 addi             x12, x12, 1         x12=00000007 x12:00000006
             7552500            7492 00000132 00078d63 beq              x15, x0, 26         x15:00000064
             7553500            7493 00000134 00c5a683 lw               x13, 12(x11)        x13=0000000a x11:0001ef6c  PA:0001ef78
             7555500            7495 00000136 01100833 add              x16, x0, x17        x16=0001ef67 x17:0001ef67
             7592500            7532 00000138 02f55733 divu             x14, x10, x15       x14=00000004 x10:000001de x15:00000064
             7594500            7534 0000013c fc1ff06f jal              x0, -64            
             7631500            7571 000000fc 02f57533 remu             x10, x10, x15       x10=0000004e x10:000001de x15:00000064
             7668500            7608 00000100 02d7d7b3 divu             x15, x15, x13       x15=0000000a x15:00000064 x13:0000000a
             7670500            7610 00000104 00061363 bne              x12, x0, 6          x12:00000007
             7673500            7613 0000010a 03000693 addi             x13, x0, 48         x13=00000030
             7675500            7615 0000010e 00e35c63 bge              x6, x14, 24          x6:00000009 x14:00000004
             7677500            7617 00000126 00d70733 add              x14, x14, x13       x14=00000034 x14:00000004 x13:00000030
             7678500            7618 00000128 00e80023 sb               x14, 0(x16)         x14:00000034 x16:0001ef67  PA:0001ef67
             7680500            7620 0000012c 00180893 addi             x17, x16, 1         x17=0001ef68 x16:0001ef67
             7681500            7621 00000130 00160613 addi             x12, x12, 1         x12=00000008 x12:00000007
             7682500            7622 00000132 00078d63 beq              x15, x0, 26         x15:0000000a
             7683500            7623 00000134 00c5a683 lw               x13, 12(x11)        x13=0000000a x11:0001ef6c  PA:0001ef78
             7685500            7625 00000136 01100833 add              x16, x0, x17        x16=0001ef68 x17:0001ef68
             7722500            7662 00000138 02f55733 divu             x14, x10, x15       x14=00000007 x10:0000004e x15:0000000a
             7724500            7664 0000013c fc1ff06f jal              x0, -64            
             7761500            7701 000000fc 02f57533 remu             x10, x10, x15       x10=00000008 x10:0000004e x15:0000000a
             7798500            7738 00000100 02d7d7b3 divu             x15, x15, x13       x15=00000001 x15:0000000a x13:0000000a
             7800500            7740 00000104 00061363 bne              x12, x0, 6          x12:00000008
             7803500            7743 0000010a 03000693 addi             x13, x0, 48         x13=00000030
             7805500            7745 0000010e 00e35c63 bge              x6, x14, 24          x6:00000009 x14:00000007
             7807500            7747 00000126 00d70733 add              x14, x14, x13       x14=00000037 x14:00000007 x13:00000030
             7808500            7748 00000128 00e80023 sb               x14, 0(x16)         x14:00000037 x16:0001ef68  PA:0001ef68
             7810500            7750 0000012c 00180893 addi             x17, x16, 1         x17=0001ef69 x16:0001ef68
             7811500            7751 00000130 00160613 addi             x12, x12, 1         x12=00000009 x12:00000008
             7812500            7752 00000132 00078d63 beq              x15, x0, 26         x15:00000001
             7813500            7753 00000134 00c5a683 lw               x13, 12(x11)        x13=0000000a x11:0001ef6c  PA:0001ef78
             7815500            7755 00000136 01100833 add              x16, x0, x17        x16=0001ef69 x17:0001ef69
             7852500            7792 00000138 02f55733 divu             x14, x10, x15       x14=00000008 x10:00000008 x15:00000001
             7854500            7794 0000013c fc1ff06f jal              x0, -64            
             7891500            7831 000000fc 02f57533 remu             x10, x10, x15       x10=00000000 x10:00000008 x15:00000001
             7928500            7868 00000100 02d7d7b3 divu             x15, x15, x13       x15=00000000 x15:00000001 x13:0000000a
             7930500            7870 00000104 00061363 bne              x12, x0, 6          x12:00000009
             7933500            7873 0000010a 03000693 addi             x13, x0, 48         x13=00000030
             7935500            7875 0000010e 00e35c63 bge              x6, x14, 24          x6:00000009 x14:00000008
             7937500            7877 00000126 00d70733 add              x14, x14, x13       x14=00000038 x14:00000008 x13:00000030
             7938500            7878 00000128 00e80023 sb               x14, 0(x16)         x14:00000038 x16:0001ef69  PA:0001ef69
             7940500            7880 0000012c 00180893 addi             x17, x16, 1         x17=0001ef6a x16:0001ef69
             7941500            7881 00000130 00160613 addi             x12, x12, 1         x12=0000000a x12:00000009
             7943500            7883 00000132 00078d63 beq              x15, x0, 26         x15:00000000
             7945500            7885 0000014c 00088023 sb               x0, 0(x17)          x17:0001ef6a  PA:0001ef6a
             7948500            7888 00000150 00008067 jalr             x0, x1, 0            x1:000003a6
             7949500            7889 000003a6 01c10513 addi             x10, x2, 28         x10=0001ef6c  x2:0001ef50
             7951500            7891 000003a8 db7ff0ef jal              x1, -586             x1=000003aa
             7952500            7892 0000015e 01052583 lw               x11, 16(x10)        x11=0001ef60 x10:0001ef6c  PA:0001ef7c
             7954500            7894 00000160 00452783 lw               x15, 4(x10)         x15=00000000 x10:0001ef6c  PA:0001ef70
             7956500            7896 00000162 0005c703 lbu              x14, 0(x11)         x14=00000032 x11:0001ef60  PA:0001ef60
             7958500            7898 00000166 00158693 addi             x13, x11, 1         x13=0001ef61 x11:0001ef60
             7959500            7899 0000016a 00070b63 beq              x14, x0, 22         x14:00000032
             7961500            7901 0000016c 00f05a63 bge              x0, x15, 20         x15:00000000
             7963500            7903 00000180 00854603 lbu              x12, 8(x10)         x12=00000000 x10:0001ef6c  PA:0001ef74
             7965500            7905 00000184 00054703 lbu              x14, 0(x10)         x14=000000xX x10:0001ef6c  PA:0001ef6c
             7967500            7907 00000188 00c038b3 sltu             x17, x0, x12        x17=00000000 x12:00000000
             7968500            7908 0000018c 00277813 andi             x16, x14, 2         x16=00000000 x14:000000xX
             7969500            7909 00000190 411787b3 sub              x15, x15, x17       x15=00000000 x15:00000000 x17:00000000
             7971500            7911 00000194 00080c63 beq              x16, x0, 24         x16:00000000
             7973500            7913 000001ac 00977713 andi             x14, x14, 9         x14=00000000 x14:000000xX
             7974500            7914 000001ae 02071363 bne              x14, x0, 38         x14:00000000
             7975500            7915 000001b0 fff78713 addi             x14, x15, -1        x14=ffffffff x15:00000000
             7977500            7917 000001b4 0cf05f63 bge              x0, x15, 222        x15:00000000
             7979500            7919 00000292 00e007b3 add              x15, x0, x14        x15=ffffffff x14:ffffffff
             7981500            7921 00000294 f41ff06f jal              x0, -192           
             7983500            7923 000001d4 00060463 beq              x12, x0, 8          x12:00000000
             7985500            7925 000001dc 00054703 lbu              x14, 0(x10)         x14=000000xX x10:0001ef6c  PA:0001ef6c
             7987500            7927 000001e0 00277613 andi             x12, x14, 2         x12=00000000 x14:000000xX
             7989500            7929 000001e4 00060863 beq              x12, x0, 16         x12:00000000
             7991500            7931 000001f4 00177713 andi             x14, x14, 1         x14=00000000 x14:000000xX
             7993500            7933 000001f6 02070163 beq              x14, x0, 34         x14:00000000
             7995500            7935 00000218 0005c703 lbu              x14, 0(x11)         x14=00000032 x11:0001ef60  PA:0001ef60
             7997500            7937 0000021c 00070863 beq              x14, x0, 16         x14:00000032
             7998500            7938 0000021e 80000637 lui              x12, 0x80000000     x12=80000000
             7999500            7939 00000222 00e62223 sw               x14, 4(x12)         x14:00000032 x12:80000000  PA:80000004
             8001500            7941 00000224 00168693 addi             x13, x13, 1         x13=0001ef62 x13:0001ef61
             8002500            7942 00000226 fff6c703 lbu              x14, -1(x13)        x14=00000031 x13:0001ef62  PA:0001ef61
             8005500            7945 0000022a fe071ce3 bne              x14, x0, -8         x14:00000031
             8007500            7947 00000222 00e62223 sw               x14, 4(x12)         x14:00000031 x12:80000000  PA:80000004
             8009500            7949 00000224 00168693 addi             x13, x13, 1         x13=0001ef63 x13:0001ef62
             8010500            7950 00000226 fff6c703 lbu              x14, -1(x13)        x14=00000033 x13:0001ef63  PA:0001ef62
             8013500            7953 0000022a fe071ce3 bne              x14, x0, -8         x14:00000033
             8015500            7955 00000222 00e62223 sw               x14, 4(x12)         x14:00000033 x12:80000000  PA:80000004
             8017500            7957 00000224 00168693 addi             x13, x13, 1         x13=0001ef64 x13:0001ef63
             8018500            7958 00000226 fff6c703 lbu              x14, -1(x13)        x14=00000032 x13:0001ef64  PA:0001ef63
             8021500            7961 0000022a fe071ce3 bne              x14, x0, -8         x14:00000032
             8023500            7963 00000222 00e62223 sw               x14, 4(x12)         x14:00000032 x12:80000000  PA:80000004
             8025500            7965 00000224 00168693 addi             x13, x13, 1         x13=0001ef65 x13:0001ef64
             8026500            7966 00000226 fff6c703 lbu              x14, -1(x13)        x14=00000039 x13:0001ef65  PA:0001ef64
             8029500            7969 0000022a fe071ce3 bne              x14, x0, -8         x14:00000039
             8031500            7971 00000222 00e62223 sw               x14, 4(x12)         x14:00000039 x12:80000000  PA:80000004
             8033500            7973 00000224 00168693 addi             x13, x13, 1         x13=0001ef66 x13:0001ef65
             8034500            7974 00000226 fff6c703 lbu              x14, -1(x13)        x14=00000037 x13:0001ef66  PA:0001ef65
             8037500            7977 0000022a fe071ce3 bne              x14, x0, -8         x14:00000037
             8039500            7979 00000222 00e62223 sw               x14, 4(x12)         x14:00000037 x12:80000000  PA:80000004
             8041500            7981 00000224 00168693 addi             x13, x13, 1         x13=0001ef67 x13:0001ef66
             8042500            7982 00000226 fff6c703 lbu              x14, -1(x13)        x14=00000031 x13:0001ef67  PA:0001ef66
             8045500            7985 0000022a fe071ce3 bne              x14, x0, -8         x14:00000031
             8047500            7987 00000222 00e62223 sw               x14, 4(x12)         x14:00000031 x12:80000000  PA:80000004
             8049500            7989 00000224 00168693 addi             x13, x13, 1         x13=0001ef68 x13:0001ef67
             8050500            7990 00000226 fff6c703 lbu              x14, -1(x13)        x14=00000034 x13:0001ef68  PA:0001ef67
             8053500            7993 0000022a fe071ce3 bne              x14, x0, -8         x14:00000034
             8055500            7995 00000222 00e62223 sw               x14, 4(x12)         x14:00000034 x12:80000000  PA:80000004
             8057500            7997 00000224 00168693 addi             x13, x13, 1         x13=0001ef69 x13:0001ef68
             8058500            7998 00000226 fff6c703 lbu              x14, -1(x13)        x14=00000037 x13:0001ef69  PA:0001ef68
             8061500            8001 0000022a fe071ce3 bne              x14, x0, -8         x14:00000037
             8063500            8003 00000222 00e62223 sw               x14, 4(x12)         x14:00000037 x12:80000000  PA:80000004
             8065500            8005 00000224 00168693 addi             x13, x13, 1         x13=0001ef6a x13:0001ef69
             8066500            8006 00000226 fff6c703 lbu              x14, -1(x13)        x14=00000038 x13:0001ef6a  PA:0001ef69
             8069500            8009 0000022a fe071ce3 bne              x14, x0, -8         x14:00000038
             8071500            8011 00000222 00e62223 sw               x14, 4(x12)         x14:00000038 x12:80000000  PA:80000004
             8073500            8013 00000224 00168693 addi             x13, x13, 1         x13=0001ef6b x13:0001ef6a
             8074500            8014 00000226 fff6c703 lbu              x14, -1(x13)        x14=00000000 x13:0001ef6b  PA:0001ef6a
             8076500            8016 0000022a fe071ce3 bne              x14, x0, -8         x14:00000000
             8077500            8017 0000022c 00054703 lbu              x14, 0(x10)         x14=000000xX x10:0001ef6c  PA:0001ef6c
             8079500            8019 00000230 00800693 addi             x13, x0, 8          x13=00000008
             8080500            8020 00000232 00977713 andi             x14, x14, 9         x14=00000000 x14:000000xX
             8081500            8021 00000234 00d70363 beq              x14, x13, 6         x14:00000000 x13:00000008
             8083500            8023 00000238 00008067 jalr             x0, x1, 0            x1:000003aa
             8084500            8024 000003aa 013006b3 add              x13, x0, x19        x13=0001efc8 x19:0001efc8
             8085500            8025 000003ac 00c12603 lw               x12, 12(x2)         x12=1c01002b  x2:0001ef50  PA:0001ef5c
             8088500            8028 000003ae f09ff06f jal              x0, -248           
             8090500            8030 000002b6 00064783 lbu              x15, 0(x12)         x15=0000000a x12:1c01002b  PA:1c01002b
             8092500            8032 000002ba 00160613 addi             x12, x12, 1         x12=1c01002c x12:1c01002b
             8093500            8033 000002bc 00078c63 beq              x15, x0, 24         x15:0000000a
             8094500            8034 000002be 02500713 addi             x14, x0, 37         x14=00000025
             8096500            8036 000002c2 02e78063 beq              x15, x14, 32        x15:0000000a x14:00000025
             8097500            8037 000002c6 80000737 lui              x14, 0x80000000     x14=80000000
             8098500            8038 000002ca 00f72223 sw               x15, 4(x14)         x15:0000000a x14:80000000  PA:80000004
             8100500            8040 000002cc 00064783 lbu              x15, 0(x12)         x15=00000000 x12:1c01002c  PA:1c01002c
             8102500            8042 000002d0 00160613 addi             x12, x12, 1         x12=1c01002d x12:1c01002c
             8103500            8043 000002d2 fe0796e3 bne              x15, x0, -20        x15:00000000
             8104500            8044 000002d4 04c12083 lw               x1, 76(x2)           x1=0000051a  x2:0001ef50  PA:0001ef9c
             8106500            8046 000002d6 04812403 lw               x8, 72(x2)           x8=1c010660  x2:0001ef50  PA:0001ef98
             8108500            8048 000002d8 04412483 lw               x9, 68(x2)           x9=1c010450  x2:0001ef50  PA:0001ef94
             8110500            8050 000002da 04012903 lw               x18, 64(x2)         x18=1c010240  x2:0001ef50  PA:0001ef90
             8112500            8052 000002dc 03c12983 lw               x19, 60(x2)         x19=00000000  x2:0001ef50  PA:0001ef8c
             8114500            8054 000002de 05010113 addi             x2, x2, 80           x2=0001efa0  x2:0001ef50
             8116500            8056 000002e0 00008067 jalr             x0, x1, 0            x1:0000051a
             8117500            8057 0000051a 01c12083 lw               x1, 28(x2)           x1=00000628  x2:0001efa0  PA:0001efbc
             8119500            8059 0000051c 04010113 addi             x2, x2, 64           x2=0001efe0  x2:0001efa0
             8121500            8061 0000051e 00008067 jalr             x0, x1, 0            x1:00000628
             8122500            8062 00000628 00c12703 lw               x14, 12(x2)         x14=00000000  x2:0001efe0  PA:0001efec
             8124500            8064 0000062a 01c12083 lw               x1, 28(x2)           x1=000000c4  x2:0001efe0  PA:0001effc
             8126500            8066 0000062c 01812403 lw               x8, 24(x2)           x8=00000000  x2:0001efe0  PA:0001eff8
             8128500            8068 0000062e 800007b7 lui              x15, 0x80000000     x15=80000000
             8129500            8069 00000632 00e7a023 sw               x14, 0(x15)         x14:00000000 x15:80000000  PA:80000000
             8131500            8071 00000634 00c12503 lw               x10, 12(x2)         x10=00000000  x2:0001efe0  PA:0001efec
             8133500            8073 00000636 01412483 lw               x9, 20(x2)           x9=00000000  x2:0001efe0  PA:0001eff4
             8135500            8075 00000638 01012903 lw               x18, 16(x2)         x18=00000000  x2:0001efe0  PA:0001eff0
             8137500            8077 0000063a 02010113 addi             x2, x2, 32           x2=0001f000  x2:0001efe0
             8139500            8079 0000063c 00008067 jalr             x0, x1, 0            x1:000000c4
             8140500            8080 000000c4 00a00433 add              x8, x0, x10          x8=00000000 x10:00000000
             8141500            8081 000000c6 00800533 add              x10, x0, x8         x10=00000000  x8:00000000
             8142500            8082 000000c8 10500073 wfi                                 
