                Time          Cycles PC       Instr    Mnemonic
               65500               5 00000080 0040006f jal              x0, 4              
               66500               6 00000084 f1402573 csrrs            x10, x0, 0xf14      x10=00000000
               67500               7 00000088 01f57593 andi             x11, x10, 31        x11=00000000 x10:00000000
               68500               8 0000008c 00555513 srli             x10, x10, 0x5       x10=00000000 x10:00000000
               69500               9 0000008e 00010297 auipc            x5, 0x10000          x5=0001008e
               70500              10 00000092 7d628293 addi             x5, x5, 2006         x5=00010864  x5:0001008e
               71500              11 00000096 00010317 auipc            x6, 0x10000          x6=00010096
               72500              12 0000009a 7d630313 addi             x6, x6, 2006         x6=0001086c  x6:00010096
               73500              13 0000009e 0002a023 sw               x0, 0(x5)            x5:00010864  PA:00010864
               75500              15 000000a2 00428293 addi             x5, x5, 4            x5=00010868  x5:00010864
               77500              17 000000a4 fe62ede3 bltu             x5, x6, -6           x5:00010868  x6:0001086c
               80500              20 0000009e 0002a023 sw               x0, 0(x5)            x5:00010868  PA:00010868
               82500              22 000000a2 00428293 addi             x5, x5, 4            x5=0001086c  x5:00010868
               83500              23 000000a4 fe62ede3 bltu             x5, x6, -6           x5:0001086c  x6:0001086c
               84500              24 000000a8 0001f117 auipc            x2, 0x1f000          x2=0001f0a8
               85500              25 000000ac f5810113 addi             x2, x2, -168         x2=0001f000  x2:0001f0a8
               86500              26 000000b0 00000513 addi             x10, x0, 0          x10=00000000
               87500              27 000000b4 00000593 addi             x11, x0, 0          x11=00000000
               88500              28 000000b8 00000397 auipc            x7, 0x0              x7=000000b8
               89500              29 000000bc 46838393 addi             x7, x7, 1128         x7=00000520  x7:000000b8
               91500              31 000000c0 000380e7 jalr             x1, x7, 0            x1=000000c4  x7:00000520
               92500              32 00000520 fe010113 addi             x2, x2, -32          x2=0001efe0  x2:0001f000
               93500              33 00000522 00012623 sw               x0, 12(x2)           x2:0001efe0  PA:0001efec
               95500              35 00000524 001007b7 lui              x15, 0x100000       x15=00100000
               96500              36 00000528 0047a783 lw               x15, 4(x15)         x15=00000000 x15:00100000  PA:00100004
               98500              38 0000052a 00112e23 sw               x1, 28(x2)           x1:000000c4  x2:0001efe0  PA:0001effc
              100500              40 0000052c 00812c23 sw               x8, 24(x2)           x8:00000000  x2:0001efe0  PA:0001eff8
              102500              42 0000052e 00912a23 sw               x9, 20(x2)           x9:00000000  x2:0001efe0  PA:0001eff4
              104500              44 00000530 01212823 sw               x18, 16(x2)         x18:00000000  x2:0001efe0  PA:0001eff0
              106500              46 00000532 0007c063 blt              x15, x0, 0          x15:00000000
              108500              48 00000536 001007b7 lui              x15, 0x100000       x15=00100000
              109500              49 0000053a 000406b7 lui              x13, 0x40000        x13=00040000
              110500              50 0000053e 02d7aa23 sw               x13, 52(x15)        x13:00040000 x15:00100000  PA:00100034
              112500              52 00000540 000016b7 lui              x13, 0x1000         x13=00001000
              113500              53 00000542 8cd68693 addi             x13, x13, -1843     x13=000008cd x13:00001000
              114500              54 00000546 02d7a223 sw               x13, 36(x15)        x13:000008cd x15:00100000  PA:00100024
              116500              56 00000548 11a136b7 lui              x13, 0x11a13000     x13=11a13000
              117500              57 0000054c c0568693 addi             x13, x13, -1019     x13=11a12c05 x13:11a13000
              118500              58 00000550 02d7a023 sw               x13, 32(x15)        x13:11a12c05 x15:00100000  PA:00100020
              120500              60 00000552 00400693 addi             x13, x0, 4          x13=00000004
              121500              61 00000554 04d7a823 sw               x13, 80(x15)        x13:00000004 x15:00100000  PA:00100050
              123500              63 00000556 1c010737 lui              x14, 0x1c010000     x14=1c010000
              124500              64 0000055a 01f00693 addi             x13, x0, 31         x13=0000001f
              125500              65 0000055c 1c010937 lui              x18, 0x1c010000     x18=1c010000
              126500              66 00000560 1c0104b7 lui              x9, 0x1c010000       x9=1c010000
              127500              67 00000564 1c010437 lui              x8, 0x1c010000       x8=1c010000
              128500              68 00000568 03070713 addi             x14, x14, 48        x14=1c010030 x14:1c010000
              129500              69 0000056c 24090913 addi             x18, x18, 576       x18=1c010240 x18:1c010000
              130500              70 00000570 45048493 addi             x9, x9, 1104         x9=1c010450  x9:1c010000
              131500              71 00000574 66040413 addi             x8, x8, 1632         x8=1c010660  x8:1c010000
              132500              72 00000578 04d7aa23 sw               x13, 84(x15)        x13:0000001f x15:00100000  PA:00100054
              134500              74 0000057a 08000693 addi             x13, x0, 128        x13=00000080
              135500              75 0000057e 0207ac23 sw               x0, 56(x15)         x15:00100000  PA:00100038
              137500              77 00000582 0207a823 sw               x0, 48(x15)         x15:00100000  PA:00100030
              139500              79 00000586 0207a623 sw               x0, 44(x15)         x15:00100000  PA:0010002c
              141500              81 0000058a 0207a423 sw               x0, 40(x15)         x15:00100000  PA:00100028
              143500              83 0000058e 04e7a023 sw               x14, 64(x15)        x14:1c010030 x15:00100000  PA:00100040
              145500              85 00000590 0527a223 sw               x18, 68(x15)        x18:1c010240 x15:00100000  PA:00100044
              147500              87 00000594 0497a423 sw               x9, 72(x15)          x9:1c010450 x15:00100000  PA:00100048
              149500              89 00000596 0487a623 sw               x8, 76(x15)          x8:1c010660 x15:00100000  PA:0010004c
              151500              91 00000598 04d7ae23 sw               x13, 92(x15)        x13:00000080 x15:00100000  PA:0010005c
              153500              93 0000059a 0407ac23 sw               x0, 88(x15)         x15:00100000  PA:00100058
              155500              95 0000059e 0007a023 sw               x0, 0(x15)          x15:00100000  PA:00100000
              157500              97 000005a2 10500073 wfi                                 
              358500             298 000005a6 7f2297b7 lui              x15, 0x7f229000     x15=7f229000
              359500             299 000005aa 00042683 lw               x13, 0(x8)          x13=7f228fd6  x8:1c010660  PA:1c010660
              361500             301 000005ac fd678793 addi             x15, x15, -42       x15=7f228fd6 x15:7f229000
              363500             303 000005b0 00f68563 beq              x13, x15, 10        x13:7f228fd6 x15:7f228fd6
              366500             306 000005ba 23a7d7b7 lui              x15, 0x23a7d000     x15=23a7d000
              367500             307 000005be 00442683 lw               x13, 4(x8)          x13=23a7d5c2  x8:1c010660  PA:1c010664
              369500             309 000005c0 5c278793 addi             x15, x15, 1474      x15=23a7d5c2 x15:23a7d000
              371500             311 000005c4 00f68563 beq              x13, x15, 10        x13:23a7d5c2 x15:23a7d5c2
              374500             314 000005ce 7f2827b7 lui              x15, 0x7f282000     x15=7f282000
              375500             315 000005d2 00842683 lw               x13, 8(x8)          x13=7f281848  x8:1c010660  PA:1c010668
              378500             318 000005d4 84878793 addi             x15, x15, -1976     x15=7f281848 x15:7f282000
              380500             320 000005d8 00f68563 beq              x13, x15, 10        x13:7f281848 x15:7f281848
              383500             323 000005e2 6127e7b7 lui              x15, 0x6127e000     x15=6127e000
              384500             324 000005e6 00c42683 lw               x13, 12(x8)         x13=6127d834  x8:1c010660  PA:1c01066c
              387500             327 000005e8 83478793 addi             x15, x15, -1996     x15=6127d834 x15:6127e000
              389500             329 000005ec 00f68563 beq              x13, x15, 10        x13:6127d834 x15:6127d834
              391500             331 000005f6 00072583 lw               x11, 0(x14)         x11=b1200062 x14:1c010030  PA:1c010030
              393500             333 000005f8 1c010537 lui              x10, 0x1c010000     x10=1c010000
              394500             334 000005fc 00050513 addi             x10, x10, 0         x10=1c010000 x10:1c010000
              396500             336 00000600 eedff0ef jal              x1, -276             x1=00000602
              397500             337 000004ec fc010113 addi             x2, x2, -64          x2=0001efa0  x2:0001efe0
              398500             338 000004ee 02c12423 sw               x12, 40(x2)         x12:00000000  x2:0001efa0  PA:0001efc8
              400500             340 000004f0 1c011637 lui              x12, 0x1c011000     x12=1c011000
              401500             341 000004f4 02b12223 sw               x11, 36(x2)         x11:b1200062  x2:0001efa0  PA:0001efc4
              403500             343 000004f6 86462583 lw               x11, -1948(x12)     x11=00000000 x12:1c011000  PA:1c010864
              406500             346 000004fa 00a00633 add              x12, x0, x10        x12=1c010000 x10:1c010000
              407500             347 000004fc 1c011537 lui              x10, 0x1c011000     x10=1c011000
              408500             348 00000500 02410313 addi             x6, x2, 36           x6=0001efc4  x2:0001efa0
              409500             349 00000504 86852503 lw               x10, -1944(x10)     x10=00000000 x10:1c011000  PA:1c010868
              411500             351 00000508 02d12623 sw               x13, 44(x2)         x13:6127d834  x2:0001efa0  PA:0001efcc
              413500             353 0000050a 006006b3 add              x13, x0, x6         x13=0001efc4  x6:0001efc4
              414500             354 0000050c 00112e23 sw               x1, 28(x2)           x1:00000602  x2:0001efa0  PA:0001efbc
              416500             356 0000050e 02e12823 sw               x14, 48(x2)         x14:1c010030  x2:0001efa0  PA:0001efd0
              418500             358 00000510 02f12a23 sw               x15, 52(x2)         x15:6127d834  x2:0001efa0  PA:0001efd4
              420500             360 00000512 03012c23 sw               x16, 56(x2)         x16:00000000  x2:0001efa0  PA:0001efd8
              422500             362 00000514 03112e23 sw               x17, 60(x2)         x17:00000000  x2:0001efa0  PA:0001efdc
              424500             364 00000516 00612623 sw               x6, 12(x2)           x6:0001efc4  x2:0001efa0  PA:0001efac
              427500             367 00000518 d83ff0ef jal              x1, -638             x1=0000051a
              428500             368 0000029a fb010113 addi             x2, x2, -80          x2=0001ef50  x2:0001efa0
              429500             369 0000029c 01010793 addi             x15, x2, 16         x15=0001ef60  x2:0001ef50
              430500             370 0000029e 04812423 sw               x8, 72(x2)           x8:1c010660  x2:0001ef50  PA:0001ef98
              432500             372 000002a0 04912223 sw               x9, 68(x2)           x9:1c010450  x2:0001ef50  PA:0001ef94
              434500             374 000002a2 05212023 sw               x18, 64(x2)         x18:1c010240  x2:0001ef50  PA:0001ef90
              436500             376 000002a4 04112623 sw               x1, 76(x2)           x1:0000051a  x2:0001ef50  PA:0001ef9c
              438500             378 000002a6 03312e23 sw               x19, 60(x2)         x19:00000000  x2:0001ef50  PA:0001ef8c
              440500             380 000002a8 02f12623 sw               x15, 44(x2)         x15:0001ef60  x2:0001ef50  PA:0001ef7c
              442500             382 000002aa 02d00413 addi             x8, x0, 45           x8=0000002d
              443500             383 000002ae 03000493 addi             x9, x0, 48           x9=00000030
              445500             385 000002b2 02300913 addi             x18, x0, 35         x18=00000023
              446500             386 000002b6 00064783 lbu              x15, 0(x12)         x15=00000061 x12:1c010000  PA:1c010000
              448500             388 000002ba 00160613 addi             x12, x12, 1         x12=1c010001 x12:1c010000
              449500             389 000002bc 00078c63 beq              x15, x0, 24         x15:00000061
              450500             390 000002be 02500713 addi             x14, x0, 37         x14=00000025
              452500             392 000002c2 02e78063 beq              x15, x14, 32        x15:00000061 x14:00000025
              453500             393 000002c6 80000737 lui              x14, 0x80000000     x14=80000000
              454500             394 000002ca 00f72223 sw               x15, 4(x14)         x15:00000061 x14:80000000  PA:80000004
              456500             396 000002cc 00064783 lbu              x15, 0(x12)         x15=0000005b x12:1c010001  PA:1c010001
              458500             398 000002d0 00160613 addi             x12, x12, 1         x12=1c010002 x12:1c010001
              460500             400 000002d2 fe0796e3 bne              x15, x0, -20        x15:0000005b
              463500             403 000002be 02500713 addi             x14, x0, 37         x14=00000025
              464500             404 000002c2 02e78063 beq              x15, x14, 32        x15:0000005b x14:00000025
              465500             405 000002c6 80000737 lui              x14, 0x80000000     x14=80000000
              466500             406 000002ca 00f72223 sw               x15, 4(x14)         x15:0000005b x14:80000000  PA:80000004
              468500             408 000002cc 00064783 lbu              x15, 0(x12)         x15=00000030 x12:1c010002  PA:1c010002
              470500             410 000002d0 00160613 addi             x12, x12, 1         x12=1c010003 x12:1c010002
              472500             412 000002d2 fe0796e3 bne              x15, x0, -20        x15:00000030
              475500             415 000002be 02500713 addi             x14, x0, 37         x14=00000025
              476500             416 000002c2 02e78063 beq              x15, x14, 32        x15:00000030 x14:00000025
              477500             417 000002c6 80000737 lui              x14, 0x80000000     x14=80000000
              478500             418 000002ca 00f72223 sw               x15, 4(x14)         x15:00000030 x14:80000000  PA:80000004
              480500             420 000002cc 00064783 lbu              x15, 0(x12)         x15=0000005d x12:1c010003  PA:1c010003
              482500             422 000002d0 00160613 addi             x12, x12, 1         x12=1c010004 x12:1c010003
              484500             424 000002d2 fe0796e3 bne              x15, x0, -20        x15:0000005d
              487500             427 000002be 02500713 addi             x14, x0, 37         x14=00000025
              488500             428 000002c2 02e78063 beq              x15, x14, 32        x15:0000005d x14:00000025
              489500             429 000002c6 80000737 lui              x14, 0x80000000     x14=80000000
              490500             430 000002ca 00f72223 sw               x15, 4(x14)         x15:0000005d x14:80000000  PA:80000004
              492500             432 000002cc 00064783 lbu              x15, 0(x12)         x15=0000003d x12:1c010004  PA:1c010004
              494500             434 000002d0 00160613 addi             x12, x12, 1         x12=1c010005 x12:1c010004
              496500             436 000002d2 fe0796e3 bne              x15, x0, -20        x15:0000003d
              499500             439 000002be 02500713 addi             x14, x0, 37         x14=00000025
              500500             440 000002c2 02e78063 beq              x15, x14, 32        x15:0000003d x14:00000025
              501500             441 000002c6 80000737 lui              x14, 0x80000000     x14=80000000
              502500             442 000002ca 00f72223 sw               x15, 4(x14)         x15:0000003d x14:80000000  PA:80000004
              504500             444 000002cc 00064783 lbu              x15, 0(x12)         x15=00000025 x12:1c010005  PA:1c010005
              507500             447 000002d0 00160613 addi             x12, x12, 1         x12=1c010006 x12:1c010005
              509500             449 000002d2 fe0796e3 bne              x15, x0, -20        x15:00000025
              512500             452 000002be 02500713 addi             x14, x0, 37         x14=00000025
              514500             454 000002c2 02e78063 beq              x15, x14, 32        x15:00000025 x14:00000025
              517500             457 000002e2 01c14783 lbu              x15, 28(x2)         x15=000000xx  x2:0001ef50  PA:0001ef6c
              519500             459 000002e6 02012023 sw               x0, 32(x2)           x2:0001ef50  PA:0001ef70
              521500             461 000002e8 ff47f793 andi             x15, x15, -12       x15=000000xX x15:000000xx
              522500             462 000002ea 00f10e23 sb               x15, 28(x2)         x15:000000xX  x2:0001ef50  PA:0001ef6c
              524500             464 000002ee 02010223 sb               x0, 36(x2)           x2:0001ef50  PA:0001ef74
              526500             466 000002f2 00000813 addi             x16, x0, 0          x16=00000000
              527500             467 000002f4 00000593 addi             x11, x0, 0          x11=00000000
              528500             468 000002f6 00000893 addi             x17, x0, 0          x17=00000000
              529500             469 000002f8 00000713 addi             x14, x0, 0          x14=00000000
              530500             470 000002fa 00000513 addi             x10, x0, 0          x10=00000000
              531500             471 000002fc 00160613 addi             x12, x12, 1         x12=1c010007 x12:1c010006
              532500             472 000002fe fff64783 lbu              x15, -1(x12)        x15=00000064 x12:1c010007  PA:1c010006
              534500             474 00000302 fc0789e3 beq              x15, x0, -46        x15:00000064
              535500             475 00000304 0a878663 beq              x15, x8, 172        x15:00000064  x8:0000002d
              536500             476 00000308 0a978a63 beq              x15, x9, 180        x15:00000064  x9:00000030
              537500             477 0000030c 0b278563 beq              x15, x18, 170       x15:00000064 x18:00000023
              538500             478 00000310 0a071863 bne              x14, x0, 176        x14:00000000
              540500             480 00000312 00088863 beq              x17, x0, 16         x17:00000000
              544500             484 00000322 00080963 beq              x16, x0, 18         x16:00000000
              546500             486 00000334 fd078593 addi             x11, x15, -48       x11=00000034 x15:00000064
              547500             487 00000338 0ff5f513 andi             x10, x11, 255       x10=00000034 x11:00000034
              548500             488 0000033c 00900713 addi             x14, x0, 9          x14=00000009
              549500             489 0000033e 08a77963 bgeu             x14, x10, 146       x14:00000009 x10:00000034
              550500             490 00000342 02e00713 addi             x14, x0, 46         x14=0000002e
              551500             491 00000346 0ee78263 beq              x15, x14, 228       x15:00000064 x14:0000002e
              552500             492 0000034a 06900713 addi             x14, x0, 105        x14=00000069
              553500             493 0000034e 16e78963 beq              x15, x14, 370       x15:00000064 x14:00000069
              555500             495 00000352 0ef77d63 bgeu             x14, x15, 250       x14:00000069 x15:00000064
              557500             497 0000044c 05800713 addi             x14, x0, 88         x14=00000058
              558500             498 00000450 f2e787e3 beq              x15, x14, -210      x15:00000064 x14:00000058
              559500             499 00000454 02f77863 bgeu             x14, x15, 48        x14:00000058 x15:00000064
              560500             500 00000458 06300713 addi             x14, x0, 99         x14=00000063
              562500             502 0000045c 04e79e63 bne              x15, x14, 92        x15:00000064 x14:00000063
              564500             504 000004b8 06400713 addi             x14, x0, 100        x14=00000064
              565500             505 000004bc dee79de3 bne              x15, x14, -518      x15:00000064 x14:00000064
              566500             506 000004c0 00a00793 addi             x15, x0, 10         x15=0000000a
              567500             507 000004c2 0006a503 lw               x10, 0(x13)         x10=b1200062 x13:0001efc4  PA:0001efc4
              569500             509 000004c4 02f12423 sw               x15, 40(x2)         x15:0000000a  x2:0001ef50  PA:0001ef78
              571500             511 000004c6 00468993 addi             x19, x13, 4         x19=0001efc8 x13:0001efc4
              573500             513 000004ca 00054463 blt              x10, x0, 8          x10:b1200062
              576500             516 000004d2 02d00793 addi             x15, x0, 45         x15=0000002d
              577500             517 000004d6 40a00533 sub              x10, x0, x10        x10=4edfff9e x10:b1200062
              578500             518 000004da 02f10223 sb               x15, 36(x2)         x15:0000002d  x2:0001ef50  PA:0001ef74
              580500             520 000004de 01c10593 addi             x11, x2, 28         x11=0001ef6c  x2:0001ef50
              582500             522 000004e0 ec3ff06f jal              x0, -318           
              583500             523 000003a2 00c12623 sw               x12, 12(x2)         x12:1c010007  x2:0001ef50  PA:0001ef5c
              586500             526 000003a4 d3bff0ef jal              x1, -710             x1=000003a6
              587500             527 000000de 00c5a683 lw               x13, 12(x11)        x13=0000000a x11:0001ef6c  PA:0001ef78
              589500             529 000000e0 0105a803 lw               x16, 16(x11)        x16=0001ef60 x11:0001ef6c  PA:0001ef7c
              591500             531 000000e4 00100793 addi             x15, x0, 1          x15=00000001
              592500             532 000000e6 06d56a63 bltu             x10, x13, 116       x10:4edfff9e x13:0000000a
              595500             535 000000ea 02d787b3 mul              x15, x15, x13       x15=0000000a x15:00000001 x13:0000000a
              632500             572 000000ee 02f55733 divu             x14, x10, x15       x14=07e33329 x10:4edfff9e x15:0000000a
              634500             574 000000f2 fed77ce3 bgeu             x14, x13, -8        x14:07e33329 x13:0000000a
              639500             579 000000ea 02d787b3 mul              x15, x15, x13       x15=00000064 x15:0000000a x13:0000000a
              676500             616 000000ee 02f55733 divu             x14, x10, x15       x14=00c9eb84 x10:4edfff9e x15:00000064
              678500             618 000000f2 fed77ce3 bgeu             x14, x13, -8        x14:00c9eb84 x13:0000000a
              683500             623 000000ea 02d787b3 mul              x15, x15, x13       x15=000003e8 x15:00000064 x13:0000000a
              720500             660 000000ee 02f55733 divu             x14, x10, x15       x14=00143126 x10:4edfff9e x15:000003e8
              722500             662 000000f2 fed77ce3 bgeu             x14, x13, -8        x14:00143126 x13:0000000a
              727500             667 000000ea 02d787b3 mul              x15, x15, x13       x15=00002710 x15:000003e8 x13:0000000a
              764500             704 000000ee 02f55733 divu             x14, x10, x15       x14=000204ea x10:4edfff9e x15:00002710
              766500             706 000000f2 fed77ce3 bgeu             x14, x13, -8        x14:000204ea x13:0000000a
              771500             711 000000ea 02d787b3 mul              x15, x15, x13       x15=000186a0 x15:00002710 x13:0000000a
              808500             748 000000ee 02f55733 divu             x14, x10, x15       x14=000033b1 x10:4edfff9e x15:000186a0
              810500             750 000000f2 fed77ce3 bgeu             x14, x13, -8        x14:000033b1 x13:0000000a
              815500             755 000000ea 02d787b3 mul              x15, x15, x13       x15=000f4240 x15:000186a0 x13:0000000a
              852500             792 000000ee 02f55733 divu             x14, x10, x15       x14=0000052b x10:4edfff9e x15:000f4240
              854500             794 000000f2 fed77ce3 bgeu             x14, x13, -8        x14:0000052b x13:0000000a
              859500             799 000000ea 02d787b3 mul              x15, x15, x13       x15=00989680 x15:000f4240 x13:0000000a
              896500             836 000000ee 02f55733 divu             x14, x10, x15       x14=00000084 x10:4edfff9e x15:00989680
              898500             838 000000f2 fed77ce3 bgeu             x14, x13, -8        x14:00000084 x13:0000000a
              903500             843 000000ea 02d787b3 mul              x15, x15, x13       x15=05f5e100 x15:00989680 x13:0000000a
              940500             880 000000ee 02f55733 divu             x14, x10, x15       x14=0000000d x10:4edfff9e x15:05f5e100
              942500             882 000000f2 fed77ce3 bgeu             x14, x13, -8        x14:0000000d x13:0000000a
              947500             887 000000ea 02d787b3 mul              x15, x15, x13       x15=3b9aca00 x15:05f5e100 x13:0000000a
              984500             924 000000ee 02f55733 divu             x14, x10, x15       x14=00000001 x10:4edfff9e x15:3b9aca00
              985500             925 000000f2 fed77ce3 bgeu             x14, x13, -8        x14:00000001 x13:0000000a
              986500             926 000000f6 04078e63 beq              x15, x0, 92         x15:3b9aca00
              987500             927 000000f8 00000613 addi             x12, x0, 0          x12=00000000
              988500             928 000000fa 00900313 addi             x6, x0, 9            x6=00000009
             1025500             965 000000fc 02f57533 remu             x10, x10, x15       x10=1345359e x10:4edfff9e x15:3b9aca00
             1062500            1002 00000100 02d7d7b3 divu             x15, x15, x13       x15=05f5e100 x15:3b9aca00 x13:0000000a
             1063500            1003 00000104 00061363 bne              x12, x0, 6          x12:00000000
             1064500            1004 00000106 02e05c63 bge              x0, x14, 56         x14:00000001
             1066500            1006 0000010a 03000693 addi             x13, x0, 48         x13=00000030
             1068500            1008 0000010e 00e35c63 bge              x6, x14, 24          x6:00000009 x14:00000001
             1070500            1010 00000126 00d70733 add              x14, x14, x13       x14=00000031 x14:00000001 x13:00000030
             1071500            1011 00000128 00e80023 sb               x14, 0(x16)         x14:00000031 x16:0001ef60  PA:0001ef60
             1073500            1013 0000012c 00180893 addi             x17, x16, 1         x17=0001ef61 x16:0001ef60
             1074500            1014 00000130 00160613 addi             x12, x12, 1         x12=00000001 x12:00000000
             1075500            1015 00000132 00078d63 beq              x15, x0, 26         x15:05f5e100
             1076500            1016 00000134 00c5a683 lw               x13, 12(x11)        x13=0000000a x11:0001ef6c  PA:0001ef78
             1078500            1018 00000136 01100833 add              x16, x0, x17        x16=0001ef61 x17:0001ef61
             1115500            1055 00000138 02f55733 divu             x14, x10, x15       x14=00000003 x10:1345359e x15:05f5e100
             1117500            1057 0000013c fc1ff06f jal              x0, -64            
             1154500            1094 000000fc 02f57533 remu             x10, x10, x15       x10=0163929e x10:1345359e x15:05f5e100
             1191500            1131 00000100 02d7d7b3 divu             x15, x15, x13       x15=00989680 x15:05f5e100 x13:0000000a
             1193500            1133 00000104 00061363 bne              x12, x0, 6          x12:00000001
             1196500            1136 0000010a 03000693 addi             x13, x0, 48         x13=00000030
             1198500            1138 0000010e 00e35c63 bge              x6, x14, 24          x6:00000009 x14:00000003
             1200500            1140 00000126 00d70733 add              x14, x14, x13       x14=00000033 x14:00000003 x13:00000030
             1201500            1141 00000128 00e80023 sb               x14, 0(x16)         x14:00000033 x16:0001ef61  PA:0001ef61
             1203500            1143 0000012c 00180893 addi             x17, x16, 1         x17=0001ef62 x16:0001ef61
             1204500            1144 00000130 00160613 addi             x12, x12, 1         x12=00000002 x12:00000001
             1205500            1145 00000132 00078d63 beq              x15, x0, 26         x15:00989680
             1206500            1146 00000134 00c5a683 lw               x13, 12(x11)        x13=0000000a x11:0001ef6c  PA:0001ef78
             1208500            1148 00000136 01100833 add              x16, x0, x17        x16=0001ef62 x17:0001ef62
             1245500            1185 00000138 02f55733 divu             x14, x10, x15       x14=00000002 x10:0163929e x15:00989680
             1247500            1187 0000013c fc1ff06f jal              x0, -64            
             1284500            1224 000000fc 02f57533 remu             x10, x10, x15       x10=0032659e x10:0163929e x15:00989680
             1321500            1261 00000100 02d7d7b3 divu             x15, x15, x13       x15=000f4240 x15:00989680 x13:0000000a
             1323500            1263 00000104 00061363 bne              x12, x0, 6          x12:00000002
             1326500            1266 0000010a 03000693 addi             x13, x0, 48         x13=00000030
             1328500            1268 0000010e 00e35c63 bge              x6, x14, 24          x6:00000009 x14:00000002
             1330500            1270 00000126 00d70733 add              x14, x14, x13       x14=00000032 x14:00000002 x13:00000030
             1331500            1271 00000128 00e80023 sb               x14, 0(x16)         x14:00000032 x16:0001ef62  PA:0001ef62
             1333500            1273 0000012c 00180893 addi             x17, x16, 1         x17=0001ef63 x16:0001ef62
             1334500            1274 00000130 00160613 addi             x12, x12, 1         x12=00000003 x12:00000002
             1335500            1275 00000132 00078d63 beq              x15, x0, 26         x15:000f4240
             1336500            1276 00000134 00c5a683 lw               x13, 12(x11)        x13=0000000a x11:0001ef6c  PA:0001ef78
             1338500            1278 00000136 01100833 add              x16, x0, x17        x16=0001ef63 x17:0001ef63
             1375500            1315 00000138 02f55733 divu             x14, x10, x15       x14=00000003 x10:0032659e x15:000f4240
             1377500            1317 0000013c fc1ff06f jal              x0, -64            
             1414500            1354 000000fc 02f57533 remu             x10, x10, x15       x10=00049ede x10:0032659e x15:000f4240
             1451500            1391 00000100 02d7d7b3 divu             x15, x15, x13       x15=000186a0 x15:000f4240 x13:0000000a
             1453500            1393 00000104 00061363 bne              x12, x0, 6          x12:00000003
             1456500            1396 0000010a 03000693 addi             x13, x0, 48         x13=00000030
             1458500            1398 0000010e 00e35c63 bge              x6, x14, 24          x6:00000009 x14:00000003
             1460500            1400 00000126 00d70733 add              x14, x14, x13       x14=00000033 x14:00000003 x13:00000030
             1461500            1401 00000128 00e80023 sb               x14, 0(x16)         x14:00000033 x16:0001ef63  PA:0001ef63
             1463500            1403 0000012c 00180893 addi             x17, x16, 1         x17=0001ef64 x16:0001ef63
             1464500            1404 00000130 00160613 addi             x12, x12, 1         x12=00000004 x12:00000003
             1465500            1405 00000132 00078d63 beq              x15, x0, 26         x15:000186a0
             1466500            1406 00000134 00c5a683 lw               x13, 12(x11)        x13=0000000a x11:0001ef6c  PA:0001ef78
             1468500            1408 00000136 01100833 add              x16, x0, x17        x16=0001ef64 x17:0001ef64
             1505500            1445 00000138 02f55733 divu             x14, x10, x15       x14=00000003 x10:00049ede x15:000186a0
             1507500            1447 0000013c fc1ff06f jal              x0, -64            
             1544500            1484 000000fc 02f57533 remu             x10, x10, x15       x10=00000afe x10:00049ede x15:000186a0
             1581500            1521 00000100 02d7d7b3 divu             x15, x15, x13       x15=00002710 x15:000186a0 x13:0000000a
             1583500            1523 00000104 00061363 bne              x12, x0, 6          x12:00000004
             1586500            1526 0000010a 03000693 addi             x13, x0, 48         x13=00000030
             1588500            1528 0000010e 00e35c63 bge              x6, x14, 24          x6:00000009 x14:00000003
             1590500            1530 00000126 00d70733 add              x14, x14, x13       x14=00000033 x14:00000003 x13:00000030
             1591500            1531 00000128 00e80023 sb               x14, 0(x16)         x14:00000033 x16:0001ef64  PA:0001ef64
             1593500            1533 0000012c 00180893 addi             x17, x16, 1         x17=0001ef65 x16:0001ef64
             1594500            1534 00000130 00160613 addi             x12, x12, 1         x12=00000005 x12:00000004
             1595500            1535 00000132 00078d63 beq              x15, x0, 26         x15:00002710
             1596500            1536 00000134 00c5a683 lw               x13, 12(x11)        x13=0000000a x11:0001ef6c  PA:0001ef78
             1598500            1538 00000136 01100833 add              x16, x0, x17        x16=0001ef65 x17:0001ef65
             1635500            1575 00000138 02f55733 divu             x14, x10, x15       x14=00000000 x10:00000afe x15:00002710
             1637500            1577 0000013c fc1ff06f jal              x0, -64            
             1674500            1614 000000fc 02f57533 remu             x10, x10, x15       x10=00000afe x10:00000afe x15:00002710
             1711500            1651 00000100 02d7d7b3 divu             x15, x15, x13       x15=000003e8 x15:00002710 x13:0000000a
             1713500            1653 00000104 00061363 bne              x12, x0, 6          x12:00000005
             1716500            1656 0000010a 03000693 addi             x13, x0, 48         x13=00000030
             1718500            1658 0000010e 00e35c63 bge              x6, x14, 24          x6:00000009 x14:00000000
             1720500            1660 00000126 00d70733 add              x14, x14, x13       x14=00000030 x14:00000000 x13:00000030
             1721500            1661 00000128 00e80023 sb               x14, 0(x16)         x14:00000030 x16:0001ef65  PA:0001ef65
             1723500            1663 0000012c 00180893 addi             x17, x16, 1         x17=0001ef66 x16:0001ef65
             1724500            1664 00000130 00160613 addi             x12, x12, 1         x12=00000006 x12:00000005
             1725500            1665 00000132 00078d63 beq              x15, x0, 26         x15:000003e8
             1726500            1666 00000134 00c5a683 lw               x13, 12(x11)        x13=0000000a x11:0001ef6c  PA:0001ef78
             1728500            1668 00000136 01100833 add              x16, x0, x17        x16=0001ef66 x17:0001ef66
             1765500            1705 00000138 02f55733 divu             x14, x10, x15       x14=00000002 x10:00000afe x15:000003e8
             1767500            1707 0000013c fc1ff06f jal              x0, -64            
             1804500            1744 000000fc 02f57533 remu             x10, x10, x15       x10=0000032e x10:00000afe x15:000003e8
             1841500            1781 00000100 02d7d7b3 divu             x15, x15, x13       x15=00000064 x15:000003e8 x13:0000000a
             1843500            1783 00000104 00061363 bne              x12, x0, 6          x12:00000006
             1846500            1786 0000010a 03000693 addi             x13, x0, 48         x13=00000030
             1848500            1788 0000010e 00e35c63 bge              x6, x14, 24          x6:00000009 x14:00000002
             1850500            1790 00000126 00d70733 add              x14, x14, x13       x14=00000032 x14:00000002 x13:00000030
             1851500            1791 00000128 00e80023 sb               x14, 0(x16)         x14:00000032 x16:0001ef66  PA:0001ef66
             1853500            1793 0000012c 00180893 addi             x17, x16, 1         x17=0001ef67 x16:0001ef66
             1854500            1794 00000130 00160613 addi             x12, x12, 1         x12=00000007 x12:00000006
             1855500            1795 00000132 00078d63 beq              x15, x0, 26         x15:00000064
             1856500            1796 00000134 00c5a683 lw               x13, 12(x11)        x13=0000000a x11:0001ef6c  PA:0001ef78
             1858500            1798 00000136 01100833 add              x16, x0, x17        x16=0001ef67 x17:0001ef67
             1895500            1835 00000138 02f55733 divu             x14, x10, x15       x14=00000008 x10:0000032e x15:00000064
             1897500            1837 0000013c fc1ff06f jal              x0, -64            
             1934500            1874 000000fc 02f57533 remu             x10, x10, x15       x10=0000000e x10:0000032e x15:00000064
             1971500            1911 00000100 02d7d7b3 divu             x15, x15, x13       x15=0000000a x15:00000064 x13:0000000a
             1973500            1913 00000104 00061363 bne              x12, x0, 6          x12:00000007
             1976500            1916 0000010a 03000693 addi             x13, x0, 48         x13=00000030
             1978500            1918 0000010e 00e35c63 bge              x6, x14, 24          x6:00000009 x14:00000008
             1980500            1920 00000126 00d70733 add              x14, x14, x13       x14=00000038 x14:00000008 x13:00000030
             1981500            1921 00000128 00e80023 sb               x14, 0(x16)         x14:00000038 x16:0001ef67  PA:0001ef67
             1983500            1923 0000012c 00180893 addi             x17, x16, 1         x17=0001ef68 x16:0001ef67
             1984500            1924 00000130 00160613 addi             x12, x12, 1         x12=00000008 x12:00000007
             1985500            1925 00000132 00078d63 beq              x15, x0, 26         x15:0000000a
             1986500            1926 00000134 00c5a683 lw               x13, 12(x11)        x13=0000000a x11:0001ef6c  PA:0001ef78
             1988500            1928 00000136 01100833 add              x16, x0, x17        x16=0001ef68 x17:0001ef68
             2025500            1965 00000138 02f55733 divu             x14, x10, x15       x14=00000001 x10:0000000e x15:0000000a
             2027500            1967 0000013c fc1ff06f jal              x0, -64            
             2064500            2004 000000fc 02f57533 remu             x10, x10, x15       x10=00000004 x10:0000000e x15:0000000a
             2101500            2041 00000100 02d7d7b3 divu             x15, x15, x13       x15=00000001 x15:0000000a x13:0000000a
             2103500            2043 00000104 00061363 bne              x12, x0, 6          x12:00000008
             2106500            2046 0000010a 03000693 addi             x13, x0, 48         x13=00000030
             2108500            2048 0000010e 00e35c63 bge              x6, x14, 24          x6:00000009 x14:00000001
             2110500            2050 00000126 00d70733 add              x14, x14, x13       x14=00000031 x14:00000001 x13:00000030
             2111500            2051 00000128 00e80023 sb               x14, 0(x16)         x14:00000031 x16:0001ef68  PA:0001ef68
             2113500            2053 0000012c 00180893 addi             x17, x16, 1         x17=0001ef69 x16:0001ef68
             2114500            2054 00000130 00160613 addi             x12, x12, 1         x12=00000009 x12:00000008
             2115500            2055 00000132 00078d63 beq              x15, x0, 26         x15:00000001
             2116500            2056 00000134 00c5a683 lw               x13, 12(x11)        x13=0000000a x11:0001ef6c  PA:0001ef78
             2118500            2058 00000136 01100833 add              x16, x0, x17        x16=0001ef69 x17:0001ef69
             2155500            2095 00000138 02f55733 divu             x14, x10, x15       x14=00000004 x10:00000004 x15:00000001
             2157500            2097 0000013c fc1ff06f jal              x0, -64            
             2194500            2134 000000fc 02f57533 remu             x10, x10, x15       x10=00000000 x10:00000004 x15:00000001
             2231500            2171 00000100 02d7d7b3 divu             x15, x15, x13       x15=00000000 x15:00000001 x13:0000000a
             2233500            2173 00000104 00061363 bne              x12, x0, 6          x12:00000009
             2236500            2176 0000010a 03000693 addi             x13, x0, 48         x13=00000030
             2238500            2178 0000010e 00e35c63 bge              x6, x14, 24          x6:00000009 x14:00000004
             2240500            2180 00000126 00d70733 add              x14, x14, x13       x14=00000034 x14:00000004 x13:00000030
             2241500            2181 00000128 00e80023 sb               x14, 0(x16)         x14:00000034 x16:0001ef69  PA:0001ef69
             2243500            2183 0000012c 00180893 addi             x17, x16, 1         x17=0001ef6a x16:0001ef69
             2244500            2184 00000130 00160613 addi             x12, x12, 1         x12=0000000a x12:00000009
             2246500            2186 00000132 00078d63 beq              x15, x0, 26         x15:00000000
             2248500            2188 0000014c 00088023 sb               x0, 0(x17)          x17:0001ef6a  PA:0001ef6a
             2251500            2191 00000150 00008067 jalr             x0, x1, 0            x1:000003a6
             2252500            2192 000003a6 01c10513 addi             x10, x2, 28         x10=0001ef6c  x2:0001ef50
             2254500            2194 000003a8 db7ff0ef jal              x1, -586             x1=000003aa
             2255500            2195 0000015e 01052583 lw               x11, 16(x10)        x11=0001ef60 x10:0001ef6c  PA:0001ef7c
             2257500            2197 00000160 00452783 lw               x15, 4(x10)         x15=00000000 x10:0001ef6c  PA:0001ef70
             2259500            2199 00000162 0005c703 lbu              x14, 0(x11)         x14=00000031 x11:0001ef60  PA:0001ef60
             2261500            2201 00000166 00158693 addi             x13, x11, 1         x13=0001ef61 x11:0001ef60
             2262500            2202 0000016a 00070b63 beq              x14, x0, 22         x14:00000031
             2264500            2204 0000016c 00f05a63 bge              x0, x15, 20         x15:00000000
             2266500            2206 00000180 00854603 lbu              x12, 8(x10)         x12=0000002d x10:0001ef6c  PA:0001ef74
             2268500            2208 00000184 00054703 lbu              x14, 0(x10)         x14=000000xX x10:0001ef6c  PA:0001ef6c
             2270500            2210 00000188 00c038b3 sltu             x17, x0, x12        x17=00000001 x12:0000002d
             2271500            2211 0000018c 00277813 andi             x16, x14, 2         x16=00000000 x14:000000xX
             2272500            2212 00000190 411787b3 sub              x15, x15, x17       x15=ffffffff x15:00000000 x17:00000001
             2274500            2214 00000194 00080c63 beq              x16, x0, 24         x16:00000000
             2276500            2216 000001ac 00977713 andi             x14, x14, 9         x14=00000000 x14:000000xX
             2277500            2217 000001ae 02071363 bne              x14, x0, 38         x14:00000000
             2278500            2218 000001b0 fff78713 addi             x14, x15, -1        x14=fffffffe x15:ffffffff
             2280500            2220 000001b4 0cf05f63 bge              x0, x15, 222        x15:ffffffff
             2282500            2222 00000292 00e007b3 add              x15, x0, x14        x15=fffffffe x14:fffffffe
             2284500            2224 00000294 f41ff06f jal              x0, -192           
             2285500            2225 000001d4 00060463 beq              x12, x0, 8          x12:0000002d
             2286500            2226 000001d6 80000737 lui              x14, 0x80000000     x14=80000000
             2287500            2227 000001da 00c72223 sw               x12, 4(x14)         x12:0000002d x14:80000000  PA:80000004
             2289500            2229 000001dc 00054703 lbu              x14, 0(x10)         x14=000000xX x10:0001ef6c  PA:0001ef6c
             2291500            2231 000001e0 00277613 andi             x12, x14, 2         x12=00000000 x14:000000xX
             2293500            2233 000001e4 00060863 beq              x12, x0, 16         x12:00000000
             2295500            2235 000001f4 00177713 andi             x14, x14, 1         x14=00000000 x14:000000xX
             2297500            2237 000001f6 02070163 beq              x14, x0, 34         x14:00000000
             2299500            2239 00000218 0005c703 lbu              x14, 0(x11)         x14=00000031 x11:0001ef60  PA:0001ef60
             2301500            2241 0000021c 00070863 beq              x14, x0, 16         x14:00000031
             2302500            2242 0000021e 80000637 lui              x12, 0x80000000     x12=80000000
             2303500            2243 00000222 00e62223 sw               x14, 4(x12)         x14:00000031 x12:80000000  PA:80000004
             2305500            2245 00000224 00168693 addi             x13, x13, 1         x13=0001ef62 x13:0001ef61
             2306500            2246 00000226 fff6c703 lbu              x14, -1(x13)        x14=00000033 x13:0001ef62  PA:0001ef61
             2309500            2249 0000022a fe071ce3 bne              x14, x0, -8         x14:00000033
             2311500            2251 00000222 00e62223 sw               x14, 4(x12)         x14:00000033 x12:80000000  PA:80000004
             2313500            2253 00000224 00168693 addi             x13, x13, 1         x13=0001ef63 x13:0001ef62
             2314500            2254 00000226 fff6c703 lbu              x14, -1(x13)        x14=00000032 x13:0001ef63  PA:0001ef62
             2317500            2257 0000022a fe071ce3 bne              x14, x0, -8         x14:00000032
             2319500            2259 00000222 00e62223 sw               x14, 4(x12)         x14:00000032 x12:80000000  PA:80000004
             2321500            2261 00000224 00168693 addi             x13, x13, 1         x13=0001ef64 x13:0001ef63
             2322500            2262 00000226 fff6c703 lbu              x14, -1(x13)        x14=00000033 x13:0001ef64  PA:0001ef63
             2325500            2265 0000022a fe071ce3 bne              x14, x0, -8         x14:00000033
             2327500            2267 00000222 00e62223 sw               x14, 4(x12)         x14:00000033 x12:80000000  PA:80000004
             2329500            2269 00000224 00168693 addi             x13, x13, 1         x13=0001ef65 x13:0001ef64
             2330500            2270 00000226 fff6c703 lbu              x14, -1(x13)        x14=00000033 x13:0001ef65  PA:0001ef64
             2333500            2273 0000022a fe071ce3 bne              x14, x0, -8         x14:00000033
             2335500            2275 00000222 00e62223 sw               x14, 4(x12)         x14:00000033 x12:80000000  PA:80000004
             2337500            2277 00000224 00168693 addi             x13, x13, 1         x13=0001ef66 x13:0001ef65
             2338500            2278 00000226 fff6c703 lbu              x14, -1(x13)        x14=00000030 x13:0001ef66  PA:0001ef65
             2341500            2281 0000022a fe071ce3 bne              x14, x0, -8         x14:00000030
             2343500            2283 00000222 00e62223 sw               x14, 4(x12)         x14:00000030 x12:80000000  PA:80000004
             2345500            2285 00000224 00168693 addi             x13, x13, 1         x13=0001ef67 x13:0001ef66
             2346500            2286 00000226 fff6c703 lbu              x14, -1(x13)        x14=00000032 x13:0001ef67  PA:0001ef66
             2349500            2289 0000022a fe071ce3 bne              x14, x0, -8         x14:00000032
             2351500            2291 00000222 00e62223 sw               x14, 4(x12)         x14:00000032 x12:80000000  PA:80000004
             2354500            2294 00000224 00168693 addi             x13, x13, 1         x13=0001ef68 x13:0001ef67
             2355500            2295 00000226 fff6c703 lbu              x14, -1(x13)        x14=00000038 x13:0001ef68  PA:0001ef67
             2358500            2298 0000022a fe071ce3 bne              x14, x0, -8         x14:00000038
             2360500            2300 00000222 00e62223 sw               x14, 4(x12)         x14:00000038 x12:80000000  PA:80000004
             2362500            2302 00000224 00168693 addi             x13, x13, 1         x13=0001ef69 x13:0001ef68
             2363500            2303 00000226 fff6c703 lbu              x14, -1(x13)        x14=00000031 x13:0001ef69  PA:0001ef68
             2366500            2306 0000022a fe071ce3 bne              x14, x0, -8         x14:00000031
             2368500            2308 00000222 00e62223 sw               x14, 4(x12)         x14:00000031 x12:80000000  PA:80000004
             2370500            2310 00000224 00168693 addi             x13, x13, 1         x13=0001ef6a x13:0001ef69
             2371500            2311 00000226 fff6c703 lbu              x14, -1(x13)        x14=00000034 x13:0001ef6a  PA:0001ef69
             2374500            2314 0000022a fe071ce3 bne              x14, x0, -8         x14:00000034
             2376500            2316 00000222 00e62223 sw               x14, 4(x12)         x14:00000034 x12:80000000  PA:80000004
             2378500            2318 00000224 00168693 addi             x13, x13, 1         x13=0001ef6b x13:0001ef6a
             2379500            2319 00000226 fff6c703 lbu              x14, -1(x13)        x14=00000000 x13:0001ef6b  PA:0001ef6a
             2381500            2321 0000022a fe071ce3 bne              x14, x0, -8         x14:00000000
             2382500            2322 0000022c 00054703 lbu              x14, 0(x10)         x14=000000xX x10:0001ef6c  PA:0001ef6c
             2384500            2324 00000230 00800693 addi             x13, x0, 8          x13=00000008
             2385500            2325 00000232 00977713 andi             x14, x14, 9         x14=00000000 x14:000000xX
             2386500            2326 00000234 00d70363 beq              x14, x13, 6         x14:00000000 x13:00000008
             2388500            2328 00000238 00008067 jalr             x0, x1, 0            x1:000003aa
             2389500            2329 000003aa 013006b3 add              x13, x0, x19        x13=0001efc8 x19:0001efc8
             2390500            2330 000003ac 00c12603 lw               x12, 12(x2)         x12=1c010007  x2:0001ef50  PA:0001ef5c
             2393500            2333 000003ae f09ff06f jal              x0, -248           
             2395500            2335 000002b6 00064783 lbu              x15, 0(x12)         x15=0000000a x12:1c010007  PA:1c010007
             2397500            2337 000002ba 00160613 addi             x12, x12, 1         x12=1c010008 x12:1c010007
             2398500            2338 000002bc 00078c63 beq              x15, x0, 24         x15:0000000a
             2399500            2339 000002be 02500713 addi             x14, x0, 37         x14=00000025
             2401500            2341 000002c2 02e78063 beq              x15, x14, 32        x15:0000000a x14:00000025
             2402500            2342 000002c6 80000737 lui              x14, 0x80000000     x14=80000000
             2403500            2343 000002ca 00f72223 sw               x15, 4(x14)         x15:0000000a x14:80000000  PA:80000004
             2405500            2345 000002cc 00064783 lbu              x15, 0(x12)         x15=00000000 x12:1c010008  PA:1c010008
             2407500            2347 000002d0 00160613 addi             x12, x12, 1         x12=1c010009 x12:1c010008
             2408500            2348 000002d2 fe0796e3 bne              x15, x0, -20        x15:00000000
             2409500            2349 000002d4 04c12083 lw               x1, 76(x2)           x1=0000051a  x2:0001ef50  PA:0001ef9c
             2411500            2351 000002d6 04812403 lw               x8, 72(x2)           x8=1c010660  x2:0001ef50  PA:0001ef98
             2413500            2353 000002d8 04412483 lw               x9, 68(x2)           x9=1c010450  x2:0001ef50  PA:0001ef94
             2415500            2355 000002da 04012903 lw               x18, 64(x2)         x18=1c010240  x2:0001ef50  PA:0001ef90
             2417500            2357 000002dc 03c12983 lw               x19, 60(x2)         x19=00000000  x2:0001ef50  PA:0001ef8c
             2419500            2359 000002de 05010113 addi             x2, x2, 80           x2=0001efa0  x2:0001ef50
             2421500            2361 000002e0 00008067 jalr             x0, x1, 0            x1:0000051a
             2422500            2362 0000051a 01c12083 lw               x1, 28(x2)           x1=00000602  x2:0001efa0  PA:0001efbc
             2424500            2364 0000051c 04010113 addi             x2, x2, 64           x2=0001efe0  x2:0001efa0
             2426500            2366 0000051e 00008067 jalr             x0, x1, 0            x1:00000602
             2428500            2368 00000602 00092583 lw               x11, 0(x18)         x11=ebef8f18 x18:1c010240  PA:1c010240
             2430500            2370 00000606 1c010537 lui              x10, 0x1c010000     x10=1c010000
             2431500            2371 0000060a 00c50513 addi             x10, x10, 12        x10=1c01000c x10:1c010000
             2433500            2373 0000060e edfff0ef jal              x1, -290             x1=00000610
             2434500            2374 000004ec fc010113 addi             x2, x2, -64          x2=0001efa0  x2:0001efe0
             2435500            2375 000004ee 02c12423 sw               x12, 40(x2)         x12:1c010009  x2:0001efa0  PA:0001efc8
             2437500            2377 000004f0 1c011637 lui              x12, 0x1c011000     x12=1c011000
             2438500            2378 000004f4 02b12223 sw               x11, 36(x2)         x11:ebef8f18  x2:0001efa0  PA:0001efc4
             2440500            2380 000004f6 86462583 lw               x11, -1948(x12)     x11=00000000 x12:1c011000  PA:1c010864
             2442500            2382 000004fa 00a00633 add              x12, x0, x10        x12=1c01000c x10:1c01000c
             2443500            2383 000004fc 1c011537 lui              x10, 0x1c011000     x10=1c011000
             2444500            2384 00000500 02410313 addi             x6, x2, 36           x6=0001efc4  x2:0001efa0
             2445500            2385 00000504 86852503 lw               x10, -1944(x10)     x10=00000000 x10:1c011000  PA:1c010868
             2447500            2387 00000508 02d12623 sw               x13, 44(x2)         x13:0001efc8  x2:0001efa0  PA:0001efcc
             2449500            2389 0000050a 006006b3 add              x13, x0, x6         x13=0001efc4  x6:0001efc4
             2450500            2390 0000050c 00112e23 sw               x1, 28(x2)           x1:00000610  x2:0001efa0  PA:0001efbc
             2452500            2392 0000050e 02e12823 sw               x14, 48(x2)         x14:80000000  x2:0001efa0  PA:0001efd0
             2454500            2394 00000510 02f12a23 sw               x15, 52(x2)         x15:00000000  x2:0001efa0  PA:0001efd4
             2456500            2396 00000512 03012c23 sw               x16, 56(x2)         x16:00000000  x2:0001efa0  PA:0001efd8
             2458500            2398 00000514 03112e23 sw               x17, 60(x2)         x17:00000001  x2:0001efa0  PA:0001efdc
             2460500            2400 00000516 00612623 sw               x6, 12(x2)           x6:0001efc4  x2:0001efa0  PA:0001efac
             2463500            2403 00000518 d83ff0ef jal              x1, -638             x1=0000051a
             2464500            2404 0000029a fb010113 addi             x2, x2, -80          x2=0001ef50  x2:0001efa0
             2465500            2405 0000029c 01010793 addi             x15, x2, 16         x15=0001ef60  x2:0001ef50
             2466500            2406 0000029e 04812423 sw               x8, 72(x2)           x8:1c010660  x2:0001ef50  PA:0001ef98
             2468500            2408 000002a0 04912223 sw               x9, 68(x2)           x9:1c010450  x2:0001ef50  PA:0001ef94
             2470500            2410 000002a2 05212023 sw               x18, 64(x2)         x18:1c010240  x2:0001ef50  PA:0001ef90
             2472500            2412 000002a4 04112623 sw               x1, 76(x2)           x1:0000051a  x2:0001ef50  PA:0001ef9c
             2474500            2414 000002a6 03312e23 sw               x19, 60(x2)         x19:00000000  x2:0001ef50  PA:0001ef8c
             2476500            2416 000002a8 02f12623 sw               x15, 44(x2)         x15:0001ef60  x2:0001ef50  PA:0001ef7c
             2478500            2418 000002aa 02d00413 addi             x8, x0, 45           x8=0000002d
             2479500            2419 000002ae 03000493 addi             x9, x0, 48           x9=00000030
             2481500            2421 000002b2 02300913 addi             x18, x0, 35         x18=00000023
             2482500            2422 000002b6 00064783 lbu              x15, 0(x12)         x15=00000062 x12:1c01000c  PA:1c01000c
             2484500            2424 000002ba 00160613 addi             x12, x12, 1         x12=1c01000d x12:1c01000c
             2485500            2425 000002bc 00078c63 beq              x15, x0, 24         x15:00000062
             2486500            2426 000002be 02500713 addi             x14, x0, 37         x14=00000025
             2488500            2428 000002c2 02e78063 beq              x15, x14, 32        x15:00000062 x14:00000025
             2489500            2429 000002c6 80000737 lui              x14, 0x80000000     x14=80000000
             2490500            2430 000002ca 00f72223 sw               x15, 4(x14)         x15:00000062 x14:80000000  PA:80000004
             2492500            2432 000002cc 00064783 lbu              x15, 0(x12)         x15=0000005b x12:1c01000d  PA:1c01000d
             2494500            2434 000002d0 00160613 addi             x12, x12, 1         x12=1c01000e x12:1c01000d
             2496500            2436 000002d2 fe0796e3 bne              x15, x0, -20        x15:0000005b
             2499500            2439 000002be 02500713 addi             x14, x0, 37         x14=00000025
             2500500            2440 000002c2 02e78063 beq              x15, x14, 32        x15:0000005b x14:00000025
             2501500            2441 000002c6 80000737 lui              x14, 0x80000000     x14=80000000
             2502500            2442 000002ca 00f72223 sw               x15, 4(x14)         x15:0000005b x14:80000000  PA:80000004
             2504500            2444 000002cc 00064783 lbu              x15, 0(x12)         x15=00000030 x12:1c01000e  PA:1c01000e
             2506500            2446 000002d0 00160613 addi             x12, x12, 1         x12=1c01000f x12:1c01000e
             2508500            2448 000002d2 fe0796e3 bne              x15, x0, -20        x15:00000030
             2511500            2451 000002be 02500713 addi             x14, x0, 37         x14=00000025
             2512500            2452 000002c2 02e78063 beq              x15, x14, 32        x15:00000030 x14:00000025
             2513500            2453 000002c6 80000737 lui              x14, 0x80000000     x14=80000000
             2514500            2454 000002ca 00f72223 sw               x15, 4(x14)         x15:00000030 x14:80000000  PA:80000004
             2516500            2456 000002cc 00064783 lbu              x15, 0(x12)         x15=0000005d x12:1c01000f  PA:1c01000f
             2518500            2458 000002d0 00160613 addi             x12, x12, 1         x12=1c010010 x12:1c01000f
             2520500            2460 000002d2 fe0796e3 bne              x15, x0, -20        x15:0000005d
             2523500            2463 000002be 02500713 addi             x14, x0, 37         x14=00000025
             2524500            2464 000002c2 02e78063 beq              x15, x14, 32        x15:0000005d x14:00000025
             2525500            2465 000002c6 80000737 lui              x14, 0x80000000     x14=80000000
             2526500            2466 000002ca 00f72223 sw               x15, 4(x14)         x15:0000005d x14:80000000  PA:80000004
             2528500            2468 000002cc 00064783 lbu              x15, 0(x12)         x15=0000003d x12:1c010010  PA:1c010010
             2530500            2470 000002d0 00160613 addi             x12, x12, 1         x12=1c010011 x12:1c010010
             2532500            2472 000002d2 fe0796e3 bne              x15, x0, -20        x15:0000003d
             2535500            2475 000002be 02500713 addi             x14, x0, 37         x14=00000025
             2536500            2476 000002c2 02e78063 beq              x15, x14, 32        x15:0000003d x14:00000025
             2537500            2477 000002c6 80000737 lui              x14, 0x80000000     x14=80000000
             2538500            2478 000002ca 00f72223 sw               x15, 4(x14)         x15:0000003d x14:80000000  PA:80000004
             2541500            2481 000002cc 00064783 lbu              x15, 0(x12)         x15=00000025 x12:1c010011  PA:1c010011
             2543500            2483 000002d0 00160613 addi             x12, x12, 1         x12=1c010012 x12:1c010011
             2545500            2485 000002d2 fe0796e3 bne              x15, x0, -20        x15:00000025
             2548500            2488 000002be 02500713 addi             x14, x0, 37         x14=00000025
             2550500            2490 000002c2 02e78063 beq              x15, x14, 32        x15:00000025 x14:00000025
             2553500            2493 000002e2 01c14783 lbu              x15, 28(x2)         x15=000000xX  x2:0001ef50  PA:0001ef6c
             2555500            2495 000002e6 02012023 sw               x0, 32(x2)           x2:0001ef50  PA:0001ef70
             2557500            2497 000002e8 ff47f793 andi             x15, x15, -12       x15=000000xX x15:000000xX
             2558500            2498 000002ea 00f10e23 sb               x15, 28(x2)         x15:000000xX  x2:0001ef50  PA:0001ef6c
             2560500            2500 000002ee 02010223 sb               x0, 36(x2)           x2:0001ef50  PA:0001ef74
             2562500            2502 000002f2 00000813 addi             x16, x0, 0          x16=00000000
             2563500            2503 000002f4 00000593 addi             x11, x0, 0          x11=00000000
             2564500            2504 000002f6 00000893 addi             x17, x0, 0          x17=00000000
             2565500            2505 000002f8 00000713 addi             x14, x0, 0          x14=00000000
             2566500            2506 000002fa 00000513 addi             x10, x0, 0          x10=00000000
             2567500            2507 000002fc 00160613 addi             x12, x12, 1         x12=1c010013 x12:1c010012
             2568500            2508 000002fe fff64783 lbu              x15, -1(x12)        x15=00000064 x12:1c010013  PA:1c010012
             2570500            2510 00000302 fc0789e3 beq              x15, x0, -46        x15:00000064
             2571500            2511 00000304 0a878663 beq              x15, x8, 172        x15:00000064  x8:0000002d
             2572500            2512 00000308 0a978a63 beq              x15, x9, 180        x15:00000064  x9:00000030
             2573500            2513 0000030c 0b278563 beq              x15, x18, 170       x15:00000064 x18:00000023
             2574500            2514 00000310 0a071863 bne              x14, x0, 176        x14:00000000
             2576500            2516 00000312 00088863 beq              x17, x0, 16         x17:00000000
             2580500            2520 00000322 00080963 beq              x16, x0, 18         x16:00000000
             2582500            2522 00000334 fd078593 addi             x11, x15, -48       x11=00000034 x15:00000064
             2583500            2523 00000338 0ff5f513 andi             x10, x11, 255       x10=00000034 x11:00000034
             2584500            2524 0000033c 00900713 addi             x14, x0, 9          x14=00000009
             2585500            2525 0000033e 08a77963 bgeu             x14, x10, 146       x14:00000009 x10:00000034
             2586500            2526 00000342 02e00713 addi             x14, x0, 46         x14=0000002e
             2587500            2527 00000346 0ee78263 beq              x15, x14, 228       x15:00000064 x14:0000002e
             2588500            2528 0000034a 06900713 addi             x14, x0, 105        x14=00000069
             2589500            2529 0000034e 16e78963 beq              x15, x14, 370       x15:00000064 x14:00000069
             2591500            2531 00000352 0ef77d63 bgeu             x14, x15, 250       x14:00000069 x15:00000064
             2593500            2533 0000044c 05800713 addi             x14, x0, 88         x14=00000058
             2594500            2534 00000450 f2e787e3 beq              x15, x14, -210      x15:00000064 x14:00000058
             2595500            2535 00000454 02f77863 bgeu             x14, x15, 48        x14:00000058 x15:00000064
             2596500            2536 00000458 06300713 addi             x14, x0, 99         x14=00000063
             2598500            2538 0000045c 04e79e63 bne              x15, x14, 92        x15:00000064 x14:00000063
             2600500            2540 000004b8 06400713 addi             x14, x0, 100        x14=00000064
             2601500            2541 000004bc dee79de3 bne              x15, x14, -518      x15:00000064 x14:00000064
             2602500            2542 000004c0 00a00793 addi             x15, x0, 10         x15=0000000a
             2603500            2543 000004c2 0006a503 lw               x10, 0(x13)         x10=ebef8f18 x13:0001efc4  PA:0001efc4
             2605500            2545 000004c4 02f12423 sw               x15, 40(x2)         x15:0000000a  x2:0001ef50  PA:0001ef78
             2607500            2547 000004c6 00468993 addi             x19, x13, 4         x19=0001efc8 x13:0001efc4
             2609500            2549 000004ca 00054463 blt              x10, x0, 8          x10:ebef8f18
             2612500            2552 000004d2 02d00793 addi             x15, x0, 45         x15=0000002d
             2613500            2553 000004d6 40a00533 sub              x10, x0, x10        x10=141070e8 x10:ebef8f18
             2614500            2554 000004da 02f10223 sb               x15, 36(x2)         x15:0000002d  x2:0001ef50  PA:0001ef74
             2616500            2556 000004de 01c10593 addi             x11, x2, 28         x11=0001ef6c  x2:0001ef50
             2618500            2558 000004e0 ec3ff06f jal              x0, -318           
             2619500            2559 000003a2 00c12623 sw               x12, 12(x2)         x12:1c010013  x2:0001ef50  PA:0001ef5c
             2622500            2562 000003a4 d3bff0ef jal              x1, -710             x1=000003a6
             2623500            2563 000000de 00c5a683 lw               x13, 12(x11)        x13=0000000a x11:0001ef6c  PA:0001ef78
             2625500            2565 000000e0 0105a803 lw               x16, 16(x11)        x16=0001ef60 x11:0001ef6c  PA:0001ef7c
             2627500            2567 000000e4 00100793 addi             x15, x0, 1          x15=00000001
             2628500            2568 000000e6 06d56a63 bltu             x10, x13, 116       x10:141070e8 x13:0000000a
             2631500            2571 000000ea 02d787b3 mul              x15, x15, x13       x15=0000000a x15:00000001 x13:0000000a
             2668500            2608 000000ee 02f55733 divu             x14, x10, x15       x14=0201a4e4 x10:141070e8 x15:0000000a
             2670500            2610 000000f2 fed77ce3 bgeu             x14, x13, -8        x14:0201a4e4 x13:0000000a
             2675500            2615 000000ea 02d787b3 mul              x15, x15, x13       x15=00000064 x15:0000000a x13:0000000a
             2712500            2652 000000ee 02f55733 divu             x14, x10, x15       x14=00335d4a x10:141070e8 x15:00000064
             2714500            2654 000000f2 fed77ce3 bgeu             x14, x13, -8        x14:00335d4a x13:0000000a
             2719500            2659 000000ea 02d787b3 mul              x15, x15, x13       x15=000003e8 x15:00000064 x13:0000000a
             2756500            2696 000000ee 02f55733 divu             x14, x10, x15       x14=000522ed x10:141070e8 x15:000003e8
             2758500            2698 000000f2 fed77ce3 bgeu             x14, x13, -8        x14:000522ed x13:0000000a
             2763500            2703 000000ea 02d787b3 mul              x15, x15, x13       x15=00002710 x15:000003e8 x13:0000000a
             2800500            2740 000000ee 02f55733 divu             x14, x10, x15       x14=0000837e x10:141070e8 x15:00002710
             2802500            2742 000000f2 fed77ce3 bgeu             x14, x13, -8        x14:0000837e x13:0000000a
             2807500            2747 000000ea 02d787b3 mul              x15, x15, x13       x15=000186a0 x15:00002710 x13:0000000a
             2844500            2784 000000ee 02f55733 divu             x14, x10, x15       x14=00000d26 x10:141070e8 x15:000186a0
             2846500            2786 000000f2 fed77ce3 bgeu             x14, x13, -8        x14:00000d26 x13:0000000a
             2851500            2791 000000ea 02d787b3 mul              x15, x15, x13       x15=000f4240 x15:000186a0 x13:0000000a
             2888500            2828 000000ee 02f55733 divu             x14, x10, x15       x14=00000150 x10:141070e8 x15:000f4240
             2890500            2830 000000f2 fed77ce3 bgeu             x14, x13, -8        x14:00000150 x13:0000000a
             2895500            2835 000000ea 02d787b3 mul              x15, x15, x13       x15=00989680 x15:000f4240 x13:0000000a
             2932500            2872 000000ee 02f55733 divu             x14, x10, x15       x14=00000021 x10:141070e8 x15:00989680
             2934500            2874 000000f2 fed77ce3 bgeu             x14, x13, -8        x14:00000021 x13:0000000a
             2939500            2879 000000ea 02d787b3 mul              x15, x15, x13       x15=05f5e100 x15:00989680 x13:0000000a
             2976500            2916 000000ee 02f55733 divu             x14, x10, x15       x14=00000003 x10:141070e8 x15:05f5e100
             2977500            2917 000000f2 fed77ce3 bgeu             x14, x13, -8        x14:00000003 x13:0000000a
             2978500            2918 000000f6 04078e63 beq              x15, x0, 92         x15:05f5e100
             2979500            2919 000000f8 00000613 addi             x12, x0, 0          x12=00000000
             2980500            2920 000000fa 00900313 addi             x6, x0, 9            x6=00000009
             3017500            2957 000000fc 02f57533 remu             x10, x10, x15       x10=022ecde8 x10:141070e8 x15:05f5e100
             3054500            2994 00000100 02d7d7b3 divu             x15, x15, x13       x15=00989680 x15:05f5e100 x13:0000000a
             3055500            2995 00000104 00061363 bne              x12, x0, 6          x12:00000000
             3056500            2996 00000106 02e05c63 bge              x0, x14, 56         x14:00000003
             3058500            2998 0000010a 03000693 addi             x13, x0, 48         x13=00000030
             3060500            3000 0000010e 00e35c63 bge              x6, x14, 24          x6:00000009 x14:00000003
             3062500            3002 00000126 00d70733 add              x14, x14, x13       x14=00000033 x14:00000003 x13:00000030
             3063500            3003 00000128 00e80023 sb               x14, 0(x16)         x14:00000033 x16:0001ef60  PA:0001ef60
             3065500            3005 0000012c 00180893 addi             x17, x16, 1         x17=0001ef61 x16:0001ef60
             3066500            3006 00000130 00160613 addi             x12, x12, 1         x12=00000001 x12:00000000
             3067500            3007 00000132 00078d63 beq              x15, x0, 26         x15:00989680
             3068500            3008 00000134 00c5a683 lw               x13, 12(x11)        x13=0000000a x11:0001ef6c  PA:0001ef78
             3070500            3010 00000136 01100833 add              x16, x0, x17        x16=0001ef61 x17:0001ef61
             3107500            3047 00000138 02f55733 divu             x14, x10, x15       x14=00000003 x10:022ecde8 x15:00989680
             3109500            3049 0000013c fc1ff06f jal              x0, -64            
             3146500            3086 000000fc 02f57533 remu             x10, x10, x15       x10=00650a68 x10:022ecde8 x15:00989680
             3183500            3123 00000100 02d7d7b3 divu             x15, x15, x13       x15=000f4240 x15:00989680 x13:0000000a
             3185500            3125 00000104 00061363 bne              x12, x0, 6          x12:00000001
             3188500            3128 0000010a 03000693 addi             x13, x0, 48         x13=00000030
             3190500            3130 0000010e 00e35c63 bge              x6, x14, 24          x6:00000009 x14:00000003
             3192500            3132 00000126 00d70733 add              x14, x14, x13       x14=00000033 x14:00000003 x13:00000030
             3193500            3133 00000128 00e80023 sb               x14, 0(x16)         x14:00000033 x16:0001ef61  PA:0001ef61
             3195500            3135 0000012c 00180893 addi             x17, x16, 1         x17=0001ef62 x16:0001ef61
             3196500            3136 00000130 00160613 addi             x12, x12, 1         x12=00000002 x12:00000001
             3197500            3137 00000132 00078d63 beq              x15, x0, 26         x15:000f4240
             3198500            3138 00000134 00c5a683 lw               x13, 12(x11)        x13=0000000a x11:0001ef6c  PA:0001ef78
             3200500            3140 00000136 01100833 add              x16, x0, x17        x16=0001ef62 x17:0001ef62
             3237500            3177 00000138 02f55733 divu             x14, x10, x15       x14=00000006 x10:00650a68 x15:000f4240
             3239500            3179 0000013c fc1ff06f jal              x0, -64            
             3276500            3216 000000fc 02f57533 remu             x10, x10, x15       x10=00097ce8 x10:00650a68 x15:000f4240
             3313500            3253 00000100 02d7d7b3 divu             x15, x15, x13       x15=000186a0 x15:000f4240 x13:0000000a
             3315500            3255 00000104 00061363 bne              x12, x0, 6          x12:00000002
             3318500            3258 0000010a 03000693 addi             x13, x0, 48         x13=00000030
             3320500            3260 0000010e 00e35c63 bge              x6, x14, 24          x6:00000009 x14:00000006
             3322500            3262 00000126 00d70733 add              x14, x14, x13       x14=00000036 x14:00000006 x13:00000030
             3323500            3263 00000128 00e80023 sb               x14, 0(x16)         x14:00000036 x16:0001ef62  PA:0001ef62
             3325500            3265 0000012c 00180893 addi             x17, x16, 1         x17=0001ef63 x16:0001ef62
             3326500            3266 00000130 00160613 addi             x12, x12, 1         x12=00000003 x12:00000002
             3327500            3267 00000132 00078d63 beq              x15, x0, 26         x15:000186a0
             3328500            3268 00000134 00c5a683 lw               x13, 12(x11)        x13=0000000a x11:0001ef6c  PA:0001ef78
             3330500            3270 00000136 01100833 add              x16, x0, x17        x16=0001ef63 x17:0001ef63
             3367500            3307 00000138 02f55733 divu             x14, x10, x15       x14=00000006 x10:00097ce8 x15:000186a0
             3369500            3309 0000013c fc1ff06f jal              x0, -64            
             3406500            3346 000000fc 02f57533 remu             x10, x10, x15       x10=00005528 x10:00097ce8 x15:000186a0
             3443500            3383 00000100 02d7d7b3 divu             x15, x15, x13       x15=00002710 x15:000186a0 x13:0000000a
             3445500            3385 00000104 00061363 bne              x12, x0, 6          x12:00000003
             3448500            3388 0000010a 03000693 addi             x13, x0, 48         x13=00000030
             3450500            3390 0000010e 00e35c63 bge              x6, x14, 24          x6:00000009 x14:00000006
             3452500            3392 00000126 00d70733 add              x14, x14, x13       x14=00000036 x14:00000006 x13:00000030
             3453500            3393 00000128 00e80023 sb               x14, 0(x16)         x14:00000036 x16:0001ef63  PA:0001ef63
             3455500            3395 0000012c 00180893 addi             x17, x16, 1         x17=0001ef64 x16:0001ef63
             3456500            3396 00000130 00160613 addi             x12, x12, 1         x12=00000004 x12:00000003
             3457500            3397 00000132 00078d63 beq              x15, x0, 26         x15:00002710
             3458500            3398 00000134 00c5a683 lw               x13, 12(x11)        x13=0000000a x11:0001ef6c  PA:0001ef78
             3460500            3400 00000136 01100833 add              x16, x0, x17        x16=0001ef64 x17:0001ef64
             3497500            3437 00000138 02f55733 divu             x14, x10, x15       x14=00000002 x10:00005528 x15:00002710
             3499500            3439 0000013c fc1ff06f jal              x0, -64            
             3536500            3476 000000fc 02f57533 remu             x10, x10, x15       x10=00000708 x10:00005528 x15:00002710
             3573500            3513 00000100 02d7d7b3 divu             x15, x15, x13       x15=000003e8 x15:00002710 x13:0000000a
             3575500            3515 00000104 00061363 bne              x12, x0, 6          x12:00000004
             3578500            3518 0000010a 03000693 addi             x13, x0, 48         x13=00000030
             3580500            3520 0000010e 00e35c63 bge              x6, x14, 24          x6:00000009 x14:00000002
             3582500            3522 00000126 00d70733 add              x14, x14, x13       x14=00000032 x14:00000002 x13:00000030
             3583500            3523 00000128 00e80023 sb               x14, 0(x16)         x14:00000032 x16:0001ef64  PA:0001ef64
             3585500            3525 0000012c 00180893 addi             x17, x16, 1         x17=0001ef65 x16:0001ef64
             3586500            3526 00000130 00160613 addi             x12, x12, 1         x12=00000005 x12:00000004
             3587500            3527 00000132 00078d63 beq              x15, x0, 26         x15:000003e8
             3588500            3528 00000134 00c5a683 lw               x13, 12(x11)        x13=0000000a x11:0001ef6c  PA:0001ef78
             3590500            3530 00000136 01100833 add              x16, x0, x17        x16=0001ef65 x17:0001ef65
             3627500            3567 00000138 02f55733 divu             x14, x10, x15       x14=00000001 x10:00000708 x15:000003e8
             3629500            3569 0000013c fc1ff06f jal              x0, -64            
             3666500            3606 000000fc 02f57533 remu             x10, x10, x15       x10=00000320 x10:00000708 x15:000003e8
             3703500            3643 00000100 02d7d7b3 divu             x15, x15, x13       x15=00000064 x15:000003e8 x13:0000000a
             3705500            3645 00000104 00061363 bne              x12, x0, 6          x12:00000005
             3708500            3648 0000010a 03000693 addi             x13, x0, 48         x13=00000030
             3710500            3650 0000010e 00e35c63 bge              x6, x14, 24          x6:00000009 x14:00000001
             3712500            3652 00000126 00d70733 add              x14, x14, x13       x14=00000031 x14:00000001 x13:00000030
             3713500            3653 00000128 00e80023 sb               x14, 0(x16)         x14:00000031 x16:0001ef65  PA:0001ef65
             3715500            3655 0000012c 00180893 addi             x17, x16, 1         x17=0001ef66 x16:0001ef65
             3716500            3656 00000130 00160613 addi             x12, x12, 1         x12=00000006 x12:00000005
             3717500            3657 00000132 00078d63 beq              x15, x0, 26         x15:00000064
             3718500            3658 00000134 00c5a683 lw               x13, 12(x11)        x13=0000000a x11:0001ef6c  PA:0001ef78
             3720500            3660 00000136 01100833 add              x16, x0, x17        x16=0001ef66 x17:0001ef66
             3757500            3697 00000138 02f55733 divu             x14, x10, x15       x14=00000008 x10:00000320 x15:00000064
             3759500            3699 0000013c fc1ff06f jal              x0, -64            
             3796500            3736 000000fc 02f57533 remu             x10, x10, x15       x10=00000000 x10:00000320 x15:00000064
             3833500            3773 00000100 02d7d7b3 divu             x15, x15, x13       x15=0000000a x15:00000064 x13:0000000a
             3835500            3775 00000104 00061363 bne              x12, x0, 6          x12:00000006
             3838500            3778 0000010a 03000693 addi             x13, x0, 48         x13=00000030
             3840500            3780 0000010e 00e35c63 bge              x6, x14, 24          x6:00000009 x14:00000008
             3842500            3782 00000126 00d70733 add              x14, x14, x13       x14=00000038 x14:00000008 x13:00000030
             3843500            3783 00000128 00e80023 sb               x14, 0(x16)         x14:00000038 x16:0001ef66  PA:0001ef66
             3845500            3785 0000012c 00180893 addi             x17, x16, 1         x17=0001ef67 x16:0001ef66
             3846500            3786 00000130 00160613 addi             x12, x12, 1         x12=00000007 x12:00000006
             3847500            3787 00000132 00078d63 beq              x15, x0, 26         x15:0000000a
             3848500            3788 00000134 00c5a683 lw               x13, 12(x11)        x13=0000000a x11:0001ef6c  PA:0001ef78
             3850500            3790 00000136 01100833 add              x16, x0, x17        x16=0001ef67 x17:0001ef67
             3887500            3827 00000138 02f55733 divu             x14, x10, x15       x14=00000000 x10:00000000 x15:0000000a
             3889500            3829 0000013c fc1ff06f jal              x0, -64            
             3926500            3866 000000fc 02f57533 remu             x10, x10, x15       x10=00000000 x10:00000000 x15:0000000a
             3963500            3903 00000100 02d7d7b3 divu             x15, x15, x13       x15=00000001 x15:0000000a x13:0000000a
             3965500            3905 00000104 00061363 bne              x12, x0, 6          x12:00000007
             3968500            3908 0000010a 03000693 addi             x13, x0, 48         x13=00000030
             3970500            3910 0000010e 00e35c63 bge              x6, x14, 24          x6:00000009 x14:00000000
             3972500            3912 00000126 00d70733 add              x14, x14, x13       x14=00000030 x14:00000000 x13:00000030
             3973500            3913 00000128 00e80023 sb               x14, 0(x16)         x14:00000030 x16:0001ef67  PA:0001ef67
             3975500            3915 0000012c 00180893 addi             x17, x16, 1         x17=0001ef68 x16:0001ef67
             3976500            3916 00000130 00160613 addi             x12, x12, 1         x12=00000008 x12:00000007
             3977500            3917 00000132 00078d63 beq              x15, x0, 26         x15:00000001
             3978500            3918 00000134 00c5a683 lw               x13, 12(x11)        x13=0000000a x11:0001ef6c  PA:0001ef78
             3980500            3920 00000136 01100833 add              x16, x0, x17        x16=0001ef68 x17:0001ef68
             4017500            3957 00000138 02f55733 divu             x14, x10, x15       x14=00000000 x10:00000000 x15:00000001
             4019500            3959 0000013c fc1ff06f jal              x0, -64            
             4056500            3996 000000fc 02f57533 remu             x10, x10, x15       x10=00000000 x10:00000000 x15:00000001
             4093500            4033 00000100 02d7d7b3 divu             x15, x15, x13       x15=00000000 x15:00000001 x13:0000000a
             4095500            4035 00000104 00061363 bne              x12, x0, 6          x12:00000008
             4098500            4038 0000010a 03000693 addi             x13, x0, 48         x13=00000030
             4100500            4040 0000010e 00e35c63 bge              x6, x14, 24          x6:00000009 x14:00000000
             4102500            4042 00000126 00d70733 add              x14, x14, x13       x14=00000030 x14:00000000 x13:00000030
             4103500            4043 00000128 00e80023 sb               x14, 0(x16)         x14:00000030 x16:0001ef68  PA:0001ef68
             4105500            4045 0000012c 00180893 addi             x17, x16, 1         x17=0001ef69 x16:0001ef68
             4106500            4046 00000130 00160613 addi             x12, x12, 1         x12=00000009 x12:00000008
             4108500            4048 00000132 00078d63 beq              x15, x0, 26         x15:00000000
             4110500            4050 0000014c 00088023 sb               x0, 0(x17)          x17:0001ef69  PA:0001ef69
             4113500            4053 00000150 00008067 jalr             x0, x1, 0            x1:000003a6
             4114500            4054 000003a6 01c10513 addi             x10, x2, 28         x10=0001ef6c  x2:0001ef50
             4116500            4056 000003a8 db7ff0ef jal              x1, -586             x1=000003aa
             4117500            4057 0000015e 01052583 lw               x11, 16(x10)        x11=0001ef60 x10:0001ef6c  PA:0001ef7c
             4119500            4059 00000160 00452783 lw               x15, 4(x10)         x15=00000000 x10:0001ef6c  PA:0001ef70
             4121500            4061 00000162 0005c703 lbu              x14, 0(x11)         x14=00000033 x11:0001ef60  PA:0001ef60
             4123500            4063 00000166 00158693 addi             x13, x11, 1         x13=0001ef61 x11:0001ef60
             4124500            4064 0000016a 00070b63 beq              x14, x0, 22         x14:00000033
             4126500            4066 0000016c 00f05a63 bge              x0, x15, 20         x15:00000000
             4128500            4068 00000180 00854603 lbu              x12, 8(x10)         x12=0000002d x10:0001ef6c  PA:0001ef74
             4130500            4070 00000184 00054703 lbu              x14, 0(x10)         x14=000000xX x10:0001ef6c  PA:0001ef6c
             4132500            4072 00000188 00c038b3 sltu             x17, x0, x12        x17=00000001 x12:0000002d
             4133500            4073 0000018c 00277813 andi             x16, x14, 2         x16=00000000 x14:000000xX
             4134500            4074 00000190 411787b3 sub              x15, x15, x17       x15=ffffffff x15:00000000 x17:00000001
             4136500            4076 00000194 00080c63 beq              x16, x0, 24         x16:00000000
             4138500            4078 000001ac 00977713 andi             x14, x14, 9         x14=00000000 x14:000000xX
             4139500            4079 000001ae 02071363 bne              x14, x0, 38         x14:00000000
             4140500            4080 000001b0 fff78713 addi             x14, x15, -1        x14=fffffffe x15:ffffffff
             4142500            4082 000001b4 0cf05f63 bge              x0, x15, 222        x15:ffffffff
             4144500            4084 00000292 00e007b3 add              x15, x0, x14        x15=fffffffe x14:fffffffe
             4146500            4086 00000294 f41ff06f jal              x0, -192           
             4147500            4087 000001d4 00060463 beq              x12, x0, 8          x12:0000002d
             4148500            4088 000001d6 80000737 lui              x14, 0x80000000     x14=80000000
             4149500            4089 000001da 00c72223 sw               x12, 4(x14)         x12:0000002d x14:80000000  PA:80000004
             4151500            4091 000001dc 00054703 lbu              x14, 0(x10)         x14=000000xX x10:0001ef6c  PA:0001ef6c
             4153500            4093 000001e0 00277613 andi             x12, x14, 2         x12=00000000 x14:000000xX
             4155500            4095 000001e4 00060863 beq              x12, x0, 16         x12:00000000
             4157500            4097 000001f4 00177713 andi             x14, x14, 1         x14=00000000 x14:000000xX
             4159500            4099 000001f6 02070163 beq              x14, x0, 34         x14:00000000
             4161500            4101 00000218 0005c703 lbu              x14, 0(x11)         x14=00000033 x11:0001ef60  PA:0001ef60
             4163500            4103 0000021c 00070863 beq              x14, x0, 16         x14:00000033
             4164500            4104 0000021e 80000637 lui              x12, 0x80000000     x12=80000000
             4165500            4105 00000222 00e62223 sw               x14, 4(x12)         x14:00000033 x12:80000000  PA:80000004
             4167500            4107 00000224 00168693 addi             x13, x13, 1         x13=0001ef62 x13:0001ef61
             4168500            4108 00000226 fff6c703 lbu              x14, -1(x13)        x14=00000033 x13:0001ef62  PA:0001ef61
             4171500            4111 0000022a fe071ce3 bne              x14, x0, -8         x14:00000033
             4173500            4113 00000222 00e62223 sw               x14, 4(x12)         x14:00000033 x12:80000000  PA:80000004
             4175500            4115 00000224 00168693 addi             x13, x13, 1         x13=0001ef63 x13:0001ef62
             4176500            4116 00000226 fff6c703 lbu              x14, -1(x13)        x14=00000036 x13:0001ef63  PA:0001ef62
             4179500            4119 0000022a fe071ce3 bne              x14, x0, -8         x14:00000036
             4181500            4121 00000222 00e62223 sw               x14, 4(x12)         x14:00000036 x12:80000000  PA:80000004
             4183500            4123 00000224 00168693 addi             x13, x13, 1         x13=0001ef64 x13:0001ef63
             4184500            4124 00000226 fff6c703 lbu              x14, -1(x13)        x14=00000036 x13:0001ef64  PA:0001ef63
             4187500            4127 0000022a fe071ce3 bne              x14, x0, -8         x14:00000036
             4189500            4129 00000222 00e62223 sw               x14, 4(x12)         x14:00000036 x12:80000000  PA:80000004
             4191500            4131 00000224 00168693 addi             x13, x13, 1         x13=0001ef65 x13:0001ef64
             4192500            4132 00000226 fff6c703 lbu              x14, -1(x13)        x14=00000032 x13:0001ef65  PA:0001ef64
             4195500            4135 0000022a fe071ce3 bne              x14, x0, -8         x14:00000032
             4197500            4137 00000222 00e62223 sw               x14, 4(x12)         x14:00000032 x12:80000000  PA:80000004
             4199500            4139 00000224 00168693 addi             x13, x13, 1         x13=0001ef66 x13:0001ef65
             4200500            4140 00000226 fff6c703 lbu              x14, -1(x13)        x14=00000031 x13:0001ef66  PA:0001ef65
             4203500            4143 0000022a fe071ce3 bne              x14, x0, -8         x14:00000031
             4205500            4145 00000222 00e62223 sw               x14, 4(x12)         x14:00000031 x12:80000000  PA:80000004
             4207500            4147 00000224 00168693 addi             x13, x13, 1         x13=0001ef67 x13:0001ef66
             4208500            4148 00000226 fff6c703 lbu              x14, -1(x13)        x14=00000038 x13:0001ef67  PA:0001ef66
             4211500            4151 0000022a fe071ce3 bne              x14, x0, -8         x14:00000038
             4213500            4153 00000222 00e62223 sw               x14, 4(x12)         x14:00000038 x12:80000000  PA:80000004
             4215500            4155 00000224 00168693 addi             x13, x13, 1         x13=0001ef68 x13:0001ef67
             4216500            4156 00000226 fff6c703 lbu              x14, -1(x13)        x14=00000030 x13:0001ef68  PA:0001ef67
             4219500            4159 0000022a fe071ce3 bne              x14, x0, -8         x14:00000030
             4221500            4161 00000222 00e62223 sw               x14, 4(x12)         x14:00000030 x12:80000000  PA:80000004
             4223500            4163 00000224 00168693 addi             x13, x13, 1         x13=0001ef69 x13:0001ef68
             4224500            4164 00000226 fff6c703 lbu              x14, -1(x13)        x14=00000030 x13:0001ef69  PA:0001ef68
             4227500            4167 0000022a fe071ce3 bne              x14, x0, -8         x14:00000030
             4229500            4169 00000222 00e62223 sw               x14, 4(x12)         x14:00000030 x12:80000000  PA:80000004
             4231500            4171 00000224 00168693 addi             x13, x13, 1         x13=0001ef6a x13:0001ef69
             4232500            4172 00000226 fff6c703 lbu              x14, -1(x13)        x14=00000000 x13:0001ef6a  PA:0001ef69
             4234500            4174 0000022a fe071ce3 bne              x14, x0, -8         x14:00000000
             4235500            4175 0000022c 00054703 lbu              x14, 0(x10)         x14=000000xX x10:0001ef6c  PA:0001ef6c
             4237500            4177 00000230 00800693 addi             x13, x0, 8          x13=00000008
             4238500            4178 00000232 00977713 andi             x14, x14, 9         x14=00000000 x14:000000xX
             4239500            4179 00000234 00d70363 beq              x14, x13, 6         x14:00000000 x13:00000008
             4241500            4181 00000238 00008067 jalr             x0, x1, 0            x1:000003aa
             4242500            4182 000003aa 013006b3 add              x13, x0, x19        x13=0001efc8 x19:0001efc8
             4243500            4183 000003ac 00c12603 lw               x12, 12(x2)         x12=1c010013  x2:0001ef50  PA:0001ef5c
             4246500            4186 000003ae f09ff06f jal              x0, -248           
             4248500            4188 000002b6 00064783 lbu              x15, 0(x12)         x15=0000000a x12:1c010013  PA:1c010013
             4250500            4190 000002ba 00160613 addi             x12, x12, 1         x12=1c010014 x12:1c010013
             4251500            4191 000002bc 00078c63 beq              x15, x0, 24         x15:0000000a
             4252500            4192 000002be 02500713 addi             x14, x0, 37         x14=00000025
             4254500            4194 000002c2 02e78063 beq              x15, x14, 32        x15:0000000a x14:00000025
             4255500            4195 000002c6 80000737 lui              x14, 0x80000000     x14=80000000
             4256500            4196 000002ca 00f72223 sw               x15, 4(x14)         x15:0000000a x14:80000000  PA:80000004
             4258500            4198 000002cc 00064783 lbu              x15, 0(x12)         x15=00000000 x12:1c010014  PA:1c010014
             4260500            4200 000002d0 00160613 addi             x12, x12, 1         x12=1c010015 x12:1c010014
             4261500            4201 000002d2 fe0796e3 bne              x15, x0, -20        x15:00000000
             4262500            4202 000002d4 04c12083 lw               x1, 76(x2)           x1=0000051a  x2:0001ef50  PA:0001ef9c
             4264500            4204 000002d6 04812403 lw               x8, 72(x2)           x8=1c010660  x2:0001ef50  PA:0001ef98
             4266500            4206 000002d8 04412483 lw               x9, 68(x2)           x9=1c010450  x2:0001ef50  PA:0001ef94
             4268500            4208 000002da 04012903 lw               x18, 64(x2)         x18=1c010240  x2:0001ef50  PA:0001ef90
             4270500            4210 000002dc 03c12983 lw               x19, 60(x2)         x19=00000000  x2:0001ef50  PA:0001ef8c
             4272500            4212 000002de 05010113 addi             x2, x2, 80           x2=0001efa0  x2:0001ef50
             4274500            4214 000002e0 00008067 jalr             x0, x1, 0            x1:0000051a
             4275500            4215 0000051a 01c12083 lw               x1, 28(x2)           x1=00000610  x2:0001efa0  PA:0001efbc
             4277500            4217 0000051c 04010113 addi             x2, x2, 64           x2=0001efe0  x2:0001efa0
             4279500            4219 0000051e 00008067 jalr             x0, x1, 0            x1:00000610
             4280500            4220 00000610 0004a583 lw               x11, 0(x9)          x11=0c4c605d  x9:1c010450  PA:1c010450
             4282500            4222 00000612 1c010537 lui              x10, 0x1c010000     x10=1c010000
             4283500            4223 00000616 01850513 addi             x10, x10, 24        x10=1c010018 x10:1c010000
             4285500            4225 0000061a ed3ff0ef jal              x1, -302             x1=0000061c
             4286500            4226 000004ec fc010113 addi             x2, x2, -64          x2=0001efa0  x2:0001efe0
             4287500            4227 000004ee 02c12423 sw               x12, 40(x2)         x12:1c010015  x2:0001efa0  PA:0001efc8
             4289500            4229 000004f0 1c011637 lui              x12, 0x1c011000     x12=1c011000
             4290500            4230 000004f4 02b12223 sw               x11, 36(x2)         x11:0c4c605d  x2:0001efa0  PA:0001efc4
             4292500            4232 000004f6 86462583 lw               x11, -1948(x12)     x11=00000000 x12:1c011000  PA:1c010864
             4294500            4234 000004fa 00a00633 add              x12, x0, x10        x12=1c010018 x10:1c010018
             4295500            4235 000004fc 1c011537 lui              x10, 0x1c011000     x10=1c011000
             4296500            4236 00000500 02410313 addi             x6, x2, 36           x6=0001efc4  x2:0001efa0
             4297500            4237 00000504 86852503 lw               x10, -1944(x10)     x10=00000000 x10:1c011000  PA:1c010868
             4299500            4239 00000508 02d12623 sw               x13, 44(x2)         x13:0001efc8  x2:0001efa0  PA:0001efcc
             4301500            4241 0000050a 006006b3 add              x13, x0, x6         x13=0001efc4  x6:0001efc4
             4302500            4242 0000050c 00112e23 sw               x1, 28(x2)           x1:0000061c  x2:0001efa0  PA:0001efbc
             4304500            4244 0000050e 02e12823 sw               x14, 48(x2)         x14:80000000  x2:0001efa0  PA:0001efd0
             4306500            4246 00000510 02f12a23 sw               x15, 52(x2)         x15:00000000  x2:0001efa0  PA:0001efd4
             4308500            4248 00000512 03012c23 sw               x16, 56(x2)         x16:00000000  x2:0001efa0  PA:0001efd8
             4310500            4250 00000514 03112e23 sw               x17, 60(x2)         x17:00000001  x2:0001efa0  PA:0001efdc
             4312500            4252 00000516 00612623 sw               x6, 12(x2)           x6:0001efc4  x2:0001efa0  PA:0001efac
             4315500            4255 00000518 d83ff0ef jal              x1, -638             x1=0000051a
             4316500            4256 0000029a fb010113 addi             x2, x2, -80          x2=0001ef50  x2:0001efa0
             4317500            4257 0000029c 01010793 addi             x15, x2, 16         x15=0001ef60  x2:0001ef50
             4318500            4258 0000029e 04812423 sw               x8, 72(x2)           x8:1c010660  x2:0001ef50  PA:0001ef98
             4320500            4260 000002a0 04912223 sw               x9, 68(x2)           x9:1c010450  x2:0001ef50  PA:0001ef94
             4322500            4262 000002a2 05212023 sw               x18, 64(x2)         x18:1c010240  x2:0001ef50  PA:0001ef90
             4324500            4264 000002a4 04112623 sw               x1, 76(x2)           x1:0000051a  x2:0001ef50  PA:0001ef9c
             4326500            4266 000002a6 03312e23 sw               x19, 60(x2)         x19:00000000  x2:0001ef50  PA:0001ef8c
             4328500            4268 000002a8 02f12623 sw               x15, 44(x2)         x15:0001ef60  x2:0001ef50  PA:0001ef7c
             4330500            4270 000002aa 02d00413 addi             x8, x0, 45           x8=0000002d
             4331500            4271 000002ae 03000493 addi             x9, x0, 48           x9=00000030
             4333500            4273 000002b2 02300913 addi             x18, x0, 35         x18=00000023
             4334500            4274 000002b6 00064783 lbu              x15, 0(x12)         x15=00000063 x12:1c010018  PA:1c010018
             4337500            4277 000002ba 00160613 addi             x12, x12, 1         x12=1c010019 x12:1c010018
             4338500            4278 000002bc 00078c63 beq              x15, x0, 24         x15:00000063
             4339500            4279 000002be 02500713 addi             x14, x0, 37         x14=00000025
             4341500            4281 000002c2 02e78063 beq              x15, x14, 32        x15:00000063 x14:00000025
             4342500            4282 000002c6 80000737 lui              x14, 0x80000000     x14=80000000
             4343500            4283 000002ca 00f72223 sw               x15, 4(x14)         x15:00000063 x14:80000000  PA:80000004
             4345500            4285 000002cc 00064783 lbu              x15, 0(x12)         x15=0000005b x12:1c010019  PA:1c010019
             4348500            4288 000002d0 00160613 addi             x12, x12, 1         x12=1c01001a x12:1c010019
             4350500            4290 000002d2 fe0796e3 bne              x15, x0, -20        x15:0000005b
             4353500            4293 000002be 02500713 addi             x14, x0, 37         x14=00000025
             4354500            4294 000002c2 02e78063 beq              x15, x14, 32        x15:0000005b x14:00000025
             4355500            4295 000002c6 80000737 lui              x14, 0x80000000     x14=80000000
             4356500            4296 000002ca 00f72223 sw               x15, 4(x14)         x15:0000005b x14:80000000  PA:80000004
             4358500            4298 000002cc 00064783 lbu              x15, 0(x12)         x15=00000030 x12:1c01001a  PA:1c01001a
             4360500            4300 000002d0 00160613 addi             x12, x12, 1         x12=1c01001b x12:1c01001a
             4362500            4302 000002d2 fe0796e3 bne              x15, x0, -20        x15:00000030
             4365500            4305 000002be 02500713 addi             x14, x0, 37         x14=00000025
             4366500            4306 000002c2 02e78063 beq              x15, x14, 32        x15:00000030 x14:00000025
             4367500            4307 000002c6 80000737 lui              x14, 0x80000000     x14=80000000
             4368500            4308 000002ca 00f72223 sw               x15, 4(x14)         x15:00000030 x14:80000000  PA:80000004
             4370500            4310 000002cc 00064783 lbu              x15, 0(x12)         x15=0000005d x12:1c01001b  PA:1c01001b
             4372500            4312 000002d0 00160613 addi             x12, x12, 1         x12=1c01001c x12:1c01001b
             4374500            4314 000002d2 fe0796e3 bne              x15, x0, -20        x15:0000005d
             4377500            4317 000002be 02500713 addi             x14, x0, 37         x14=00000025
             4378500            4318 000002c2 02e78063 beq              x15, x14, 32        x15:0000005d x14:00000025
             4379500            4319 000002c6 80000737 lui              x14, 0x80000000     x14=80000000
             4380500            4320 000002ca 00f72223 sw               x15, 4(x14)         x15:0000005d x14:80000000  PA:80000004
             4382500            4322 000002cc 00064783 lbu              x15, 0(x12)         x15=0000003d x12:1c01001c  PA:1c01001c
             4384500            4324 000002d0 00160613 addi             x12, x12, 1         x12=1c01001d x12:1c01001c
             4386500            4326 000002d2 fe0796e3 bne              x15, x0, -20        x15:0000003d
             4389500            4329 000002be 02500713 addi             x14, x0, 37         x14=00000025
             4390500            4330 000002c2 02e78063 beq              x15, x14, 32        x15:0000003d x14:00000025
             4391500            4331 000002c6 80000737 lui              x14, 0x80000000     x14=80000000
             4392500            4332 000002ca 00f72223 sw               x15, 4(x14)         x15:0000003d x14:80000000  PA:80000004
             4394500            4334 000002cc 00064783 lbu              x15, 0(x12)         x15=00000025 x12:1c01001d  PA:1c01001d
             4396500            4336 000002d0 00160613 addi             x12, x12, 1         x12=1c01001e x12:1c01001d
             4398500            4338 000002d2 fe0796e3 bne              x15, x0, -20        x15:00000025
             4401500            4341 000002be 02500713 addi             x14, x0, 37         x14=00000025
             4403500            4343 000002c2 02e78063 beq              x15, x14, 32        x15:00000025 x14:00000025
             4406500            4346 000002e2 01c14783 lbu              x15, 28(x2)         x15=000000xX  x2:0001ef50  PA:0001ef6c
             4408500            4348 000002e6 02012023 sw               x0, 32(x2)           x2:0001ef50  PA:0001ef70
             4410500            4350 000002e8 ff47f793 andi             x15, x15, -12       x15=000000xX x15:000000xX
             4411500            4351 000002ea 00f10e23 sb               x15, 28(x2)         x15:000000xX  x2:0001ef50  PA:0001ef6c
             4413500            4353 000002ee 02010223 sb               x0, 36(x2)           x2:0001ef50  PA:0001ef74
             4415500            4355 000002f2 00000813 addi             x16, x0, 0          x16=00000000
             4416500            4356 000002f4 00000593 addi             x11, x0, 0          x11=00000000
             4417500            4357 000002f6 00000893 addi             x17, x0, 0          x17=00000000
             4418500            4358 000002f8 00000713 addi             x14, x0, 0          x14=00000000
             4419500            4359 000002fa 00000513 addi             x10, x0, 0          x10=00000000
             4420500            4360 000002fc 00160613 addi             x12, x12, 1         x12=1c01001f x12:1c01001e
             4421500            4361 000002fe fff64783 lbu              x15, -1(x12)        x15=00000064 x12:1c01001f  PA:1c01001e
             4423500            4363 00000302 fc0789e3 beq              x15, x0, -46        x15:00000064
             4424500            4364 00000304 0a878663 beq              x15, x8, 172        x15:00000064  x8:0000002d
             4425500            4365 00000308 0a978a63 beq              x15, x9, 180        x15:00000064  x9:00000030
             4426500            4366 0000030c 0b278563 beq              x15, x18, 170       x15:00000064 x18:00000023
             4427500            4367 00000310 0a071863 bne              x14, x0, 176        x14:00000000
             4429500            4369 00000312 00088863 beq              x17, x0, 16         x17:00000000
             4433500            4373 00000322 00080963 beq              x16, x0, 18         x16:00000000
             4435500            4375 00000334 fd078593 addi             x11, x15, -48       x11=00000034 x15:00000064
             4436500            4376 00000338 0ff5f513 andi             x10, x11, 255       x10=00000034 x11:00000034
             4437500            4377 0000033c 00900713 addi             x14, x0, 9          x14=00000009
             4438500            4378 0000033e 08a77963 bgeu             x14, x10, 146       x14:00000009 x10:00000034
             4439500            4379 00000342 02e00713 addi             x14, x0, 46         x14=0000002e
             4440500            4380 00000346 0ee78263 beq              x15, x14, 228       x15:00000064 x14:0000002e
             4441500            4381 0000034a 06900713 addi             x14, x0, 105        x14=00000069
             4442500            4382 0000034e 16e78963 beq              x15, x14, 370       x15:00000064 x14:00000069
             4444500            4384 00000352 0ef77d63 bgeu             x14, x15, 250       x14:00000069 x15:00000064
             4446500            4386 0000044c 05800713 addi             x14, x0, 88         x14=00000058
             4447500            4387 00000450 f2e787e3 beq              x15, x14, -210      x15:00000064 x14:00000058
             4448500            4388 00000454 02f77863 bgeu             x14, x15, 48        x14:00000058 x15:00000064
             4449500            4389 00000458 06300713 addi             x14, x0, 99         x14=00000063
             4451500            4391 0000045c 04e79e63 bne              x15, x14, 92        x15:00000064 x14:00000063
             4453500            4393 000004b8 06400713 addi             x14, x0, 100        x14=00000064
             4454500            4394 000004bc dee79de3 bne              x15, x14, -518      x15:00000064 x14:00000064
             4455500            4395 000004c0 00a00793 addi             x15, x0, 10         x15=0000000a
             4456500            4396 000004c2 0006a503 lw               x10, 0(x13)         x10=0c4c605d x13:0001efc4  PA:0001efc4
             4458500            4398 000004c4 02f12423 sw               x15, 40(x2)         x15:0000000a  x2:0001ef50  PA:0001ef78
             4460500            4400 000004c6 00468993 addi             x19, x13, 4         x19=0001efc8 x13:0001efc4
             4461500            4401 000004ca 00054463 blt              x10, x0, 8          x10:0c4c605d
             4462500            4402 000004ce 01c10593 addi             x11, x2, 28         x11=0001ef6c  x2:0001ef50
             4464500            4404 000004d0 ed3ff06f jal              x0, -302           
             4465500            4405 000003a2 00c12623 sw               x12, 12(x2)         x12:1c01001f  x2:0001ef50  PA:0001ef5c
             4468500            4408 000003a4 d3bff0ef jal              x1, -710             x1=000003a6
             4469500            4409 000000de 00c5a683 lw               x13, 12(x11)        x13=0000000a x11:0001ef6c  PA:0001ef78
             4471500            4411 000000e0 0105a803 lw               x16, 16(x11)        x16=0001ef60 x11:0001ef6c  PA:0001ef7c
             4473500            4413 000000e4 00100793 addi             x15, x0, 1          x15=00000001
             4474500            4414 000000e6 06d56a63 bltu             x10, x13, 116       x10:0c4c605d x13:0000000a
             4477500            4417 000000ea 02d787b3 mul              x15, x15, x13       x15=0000000a x15:00000001 x13:0000000a
             4514500            4454 000000ee 02f55733 divu             x14, x10, x15       x14=013ad66f x10:0c4c605d x15:0000000a
             4516500            4456 000000f2 fed77ce3 bgeu             x14, x13, -8        x14:013ad66f x13:0000000a
             4521500            4461 000000ea 02d787b3 mul              x15, x15, x13       x15=00000064 x15:0000000a x13:0000000a
             4558500            4498 000000ee 02f55733 divu             x14, x10, x15       x14=001f7bd7 x10:0c4c605d x15:00000064
             4560500            4500 000000f2 fed77ce3 bgeu             x14, x13, -8        x14:001f7bd7 x13:0000000a
             4565500            4505 000000ea 02d787b3 mul              x15, x15, x13       x15=000003e8 x15:00000064 x13:0000000a
             4602500            4542 000000ee 02f55733 divu             x14, x10, x15       x14=000325fb x10:0c4c605d x15:000003e8
             4604500            4544 000000f2 fed77ce3 bgeu             x14, x13, -8        x14:000325fb x13:0000000a
             4609500            4549 000000ea 02d787b3 mul              x15, x15, x13       x15=00002710 x15:000003e8 x13:0000000a
             4646500            4586 000000ee 02f55733 divu             x14, x10, x15       x14=00005099 x10:0c4c605d x15:00002710
             4648500            4588 000000f2 fed77ce3 bgeu             x14, x13, -8        x14:00005099 x13:0000000a
             4653500            4593 000000ea 02d787b3 mul              x15, x15, x13       x15=000186a0 x15:00002710 x13:0000000a
             4690500            4630 000000ee 02f55733 divu             x14, x10, x15       x14=0000080f x10:0c4c605d x15:000186a0
             4692500            4632 000000f2 fed77ce3 bgeu             x14, x13, -8        x14:0000080f x13:0000000a
             4697500            4637 000000ea 02d787b3 mul              x15, x15, x13       x15=000f4240 x15:000186a0 x13:0000000a
             4734500            4674 000000ee 02f55733 divu             x14, x10, x15       x14=000000ce x10:0c4c605d x15:000f4240
             4736500            4676 000000f2 fed77ce3 bgeu             x14, x13, -8        x14:000000ce x13:0000000a
             4741500            4681 000000ea 02d787b3 mul              x15, x15, x13       x15=00989680 x15:000f4240 x13:0000000a
             4778500            4718 000000ee 02f55733 divu             x14, x10, x15       x14=00000014 x10:0c4c605d x15:00989680
             4780500            4720 000000f2 fed77ce3 bgeu             x14, x13, -8        x14:00000014 x13:0000000a
             4785500            4725 000000ea 02d787b3 mul              x15, x15, x13       x15=05f5e100 x15:00989680 x13:0000000a
             4822500            4762 000000ee 02f55733 divu             x14, x10, x15       x14=00000002 x10:0c4c605d x15:05f5e100
             4823500            4763 000000f2 fed77ce3 bgeu             x14, x13, -8        x14:00000002 x13:0000000a
             4824500            4764 000000f6 04078e63 beq              x15, x0, 92         x15:05f5e100
             4825500            4765 000000f8 00000613 addi             x12, x0, 0          x12=00000000
             4826500            4766 000000fa 00900313 addi             x6, x0, 9            x6=00000009
             4863500            4803 000000fc 02f57533 remu             x10, x10, x15       x10=00609e5d x10:0c4c605d x15:05f5e100
             4900500            4840 00000100 02d7d7b3 divu             x15, x15, x13       x15=00989680 x15:05f5e100 x13:0000000a
             4901500            4841 00000104 00061363 bne              x12, x0, 6          x12:00000000
             4902500            4842 00000106 02e05c63 bge              x0, x14, 56         x14:00000002
             4904500            4844 0000010a 03000693 addi             x13, x0, 48         x13=00000030
             4906500            4846 0000010e 00e35c63 bge              x6, x14, 24          x6:00000009 x14:00000002
             4908500            4848 00000126 00d70733 add              x14, x14, x13       x14=00000032 x14:00000002 x13:00000030
             4909500            4849 00000128 00e80023 sb               x14, 0(x16)         x14:00000032 x16:0001ef60  PA:0001ef60
             4911500            4851 0000012c 00180893 addi             x17, x16, 1         x17=0001ef61 x16:0001ef60
             4912500            4852 00000130 00160613 addi             x12, x12, 1         x12=00000001 x12:00000000
             4913500            4853 00000132 00078d63 beq              x15, x0, 26         x15:00989680
             4914500            4854 00000134 00c5a683 lw               x13, 12(x11)        x13=0000000a x11:0001ef6c  PA:0001ef78
             4916500            4856 00000136 01100833 add              x16, x0, x17        x16=0001ef61 x17:0001ef61
             4953500            4893 00000138 02f55733 divu             x14, x10, x15       x14=00000000 x10:00609e5d x15:00989680
             4955500            4895 0000013c fc1ff06f jal              x0, -64            
             4992500            4932 000000fc 02f57533 remu             x10, x10, x15       x10=00609e5d x10:00609e5d x15:00989680
             5029500            4969 00000100 02d7d7b3 divu             x15, x15, x13       x15=000f4240 x15:00989680 x13:0000000a
             5031500            4971 00000104 00061363 bne              x12, x0, 6          x12:00000001
             5034500            4974 0000010a 03000693 addi             x13, x0, 48         x13=00000030
             5036500            4976 0000010e 00e35c63 bge              x6, x14, 24          x6:00000009 x14:00000000
             5038500            4978 00000126 00d70733 add              x14, x14, x13       x14=00000030 x14:00000000 x13:00000030
             5039500            4979 00000128 00e80023 sb               x14, 0(x16)         x14:00000030 x16:0001ef61  PA:0001ef61
             5041500            4981 0000012c 00180893 addi             x17, x16, 1         x17=0001ef62 x16:0001ef61
             5042500            4982 00000130 00160613 addi             x12, x12, 1         x12=00000002 x12:00000001
             5043500            4983 00000132 00078d63 beq              x15, x0, 26         x15:000f4240
             5044500            4984 00000134 00c5a683 lw               x13, 12(x11)        x13=0000000a x11:0001ef6c  PA:0001ef78
             5046500            4986 00000136 01100833 add              x16, x0, x17        x16=0001ef62 x17:0001ef62
             5083500            5023 00000138 02f55733 divu             x14, x10, x15       x14=00000006 x10:00609e5d x15:000f4240
             5085500            5025 0000013c fc1ff06f jal              x0, -64            
             5122500            5062 000000fc 02f57533 remu             x10, x10, x15       x10=000510dd x10:00609e5d x15:000f4240
             5159500            5099 00000100 02d7d7b3 divu             x15, x15, x13       x15=000186a0 x15:000f4240 x13:0000000a
             5161500            5101 00000104 00061363 bne              x12, x0, 6          x12:00000002
             5164500            5104 0000010a 03000693 addi             x13, x0, 48         x13=00000030
             5166500            5106 0000010e 00e35c63 bge              x6, x14, 24          x6:00000009 x14:00000006
             5168500            5108 00000126 00d70733 add              x14, x14, x13       x14=00000036 x14:00000006 x13:00000030
             5169500            5109 00000128 00e80023 sb               x14, 0(x16)         x14:00000036 x16:0001ef62  PA:0001ef62
             5171500            5111 0000012c 00180893 addi             x17, x16, 1         x17=0001ef63 x16:0001ef62
             5172500            5112 00000130 00160613 addi             x12, x12, 1         x12=00000003 x12:00000002
             5173500            5113 00000132 00078d63 beq              x15, x0, 26         x15:000186a0
             5174500            5114 00000134 00c5a683 lw               x13, 12(x11)        x13=0000000a x11:0001ef6c  PA:0001ef78
             5176500            5116 00000136 01100833 add              x16, x0, x17        x16=0001ef63 x17:0001ef63
             5213500            5153 00000138 02f55733 divu             x14, x10, x15       x14=00000003 x10:000510dd x15:000186a0
             5215500            5155 0000013c fc1ff06f jal              x0, -64            
             5252500            5192 000000fc 02f57533 remu             x10, x10, x15       x10=00007cfd x10:000510dd x15:000186a0
             5289500            5229 00000100 02d7d7b3 divu             x15, x15, x13       x15=00002710 x15:000186a0 x13:0000000a
             5291500            5231 00000104 00061363 bne              x12, x0, 6          x12:00000003
             5294500            5234 0000010a 03000693 addi             x13, x0, 48         x13=00000030
             5296500            5236 0000010e 00e35c63 bge              x6, x14, 24          x6:00000009 x14:00000003
             5298500            5238 00000126 00d70733 add              x14, x14, x13       x14=00000033 x14:00000003 x13:00000030
             5299500            5239 00000128 00e80023 sb               x14, 0(x16)         x14:00000033 x16:0001ef63  PA:0001ef63
             5301500            5241 0000012c 00180893 addi             x17, x16, 1         x17=0001ef64 x16:0001ef63
             5302500            5242 00000130 00160613 addi             x12, x12, 1         x12=00000004 x12:00000003
             5303500            5243 00000132 00078d63 beq              x15, x0, 26         x15:00002710
             5304500            5244 00000134 00c5a683 lw               x13, 12(x11)        x13=0000000a x11:0001ef6c  PA:0001ef78
             5306500            5246 00000136 01100833 add              x16, x0, x17        x16=0001ef64 x17:0001ef64
             5343500            5283 00000138 02f55733 divu             x14, x10, x15       x14=00000003 x10:00007cfd x15:00002710
             5345500            5285 0000013c fc1ff06f jal              x0, -64            
             5382500            5322 000000fc 02f57533 remu             x10, x10, x15       x10=000007cd x10:00007cfd x15:00002710
             5419500            5359 00000100 02d7d7b3 divu             x15, x15, x13       x15=000003e8 x15:00002710 x13:0000000a
             5421500            5361 00000104 00061363 bne              x12, x0, 6          x12:00000004
             5424500            5364 0000010a 03000693 addi             x13, x0, 48         x13=00000030
             5426500            5366 0000010e 00e35c63 bge              x6, x14, 24          x6:00000009 x14:00000003
             5428500            5368 00000126 00d70733 add              x14, x14, x13       x14=00000033 x14:00000003 x13:00000030
             5429500            5369 00000128 00e80023 sb               x14, 0(x16)         x14:00000033 x16:0001ef64  PA:0001ef64
             5431500            5371 0000012c 00180893 addi             x17, x16, 1         x17=0001ef65 x16:0001ef64
             5432500            5372 00000130 00160613 addi             x12, x12, 1         x12=00000005 x12:00000004
             5433500            5373 00000132 00078d63 beq              x15, x0, 26         x15:000003e8
             5434500            5374 00000134 00c5a683 lw               x13, 12(x11)        x13=0000000a x11:0001ef6c  PA:0001ef78
             5436500            5376 00000136 01100833 add              x16, x0, x17        x16=0001ef65 x17:0001ef65
             5473500            5413 00000138 02f55733 divu             x14, x10, x15       x14=00000001 x10:000007cd x15:000003e8
             5475500            5415 0000013c fc1ff06f jal              x0, -64            
             5512500            5452 000000fc 02f57533 remu             x10, x10, x15       x10=000003e5 x10:000007cd x15:000003e8
             5549500            5489 00000100 02d7d7b3 divu             x15, x15, x13       x15=00000064 x15:000003e8 x13:0000000a
             5551500            5491 00000104 00061363 bne              x12, x0, 6          x12:00000005
             5554500            5494 0000010a 03000693 addi             x13, x0, 48         x13=00000030
             5556500            5496 0000010e 00e35c63 bge              x6, x14, 24          x6:00000009 x14:00000001
             5558500            5498 00000126 00d70733 add              x14, x14, x13       x14=00000031 x14:00000001 x13:00000030
             5559500            5499 00000128 00e80023 sb               x14, 0(x16)         x14:00000031 x16:0001ef65  PA:0001ef65
             5561500            5501 0000012c 00180893 addi             x17, x16, 1         x17=0001ef66 x16:0001ef65
             5562500            5502 00000130 00160613 addi             x12, x12, 1         x12=00000006 x12:00000005
             5563500            5503 00000132 00078d63 beq              x15, x0, 26         x15:00000064
             5564500            5504 00000134 00c5a683 lw               x13, 12(x11)        x13=0000000a x11:0001ef6c  PA:0001ef78
             5566500            5506 00000136 01100833 add              x16, x0, x17        x16=0001ef66 x17:0001ef66
             5603500            5543 00000138 02f55733 divu             x14, x10, x15       x14=00000009 x10:000003e5 x15:00000064
             5605500            5545 0000013c fc1ff06f jal              x0, -64            
             5642500            5582 000000fc 02f57533 remu             x10, x10, x15       x10=00000061 x10:000003e5 x15:00000064
             5679500            5619 00000100 02d7d7b3 divu             x15, x15, x13       x15=0000000a x15:00000064 x13:0000000a
             5681500            5621 00000104 00061363 bne              x12, x0, 6          x12:00000006
             5684500            5624 0000010a 03000693 addi             x13, x0, 48         x13=00000030
             5686500            5626 0000010e 00e35c63 bge              x6, x14, 24          x6:00000009 x14:00000009
             5688500            5628 00000126 00d70733 add              x14, x14, x13       x14=00000039 x14:00000009 x13:00000030
             5689500            5629 00000128 00e80023 sb               x14, 0(x16)         x14:00000039 x16:0001ef66  PA:0001ef66
             5691500            5631 0000012c 00180893 addi             x17, x16, 1         x17=0001ef67 x16:0001ef66
             5692500            5632 00000130 00160613 addi             x12, x12, 1         x12=00000007 x12:00000006
             5693500            5633 00000132 00078d63 beq              x15, x0, 26         x15:0000000a
             5694500            5634 00000134 00c5a683 lw               x13, 12(x11)        x13=0000000a x11:0001ef6c  PA:0001ef78
             5696500            5636 00000136 01100833 add              x16, x0, x17        x16=0001ef67 x17:0001ef67
             5733500            5673 00000138 02f55733 divu             x14, x10, x15       x14=00000009 x10:00000061 x15:0000000a
             5735500            5675 0000013c fc1ff06f jal              x0, -64            
             5772500            5712 000000fc 02f57533 remu             x10, x10, x15       x10=00000007 x10:00000061 x15:0000000a
             5809500            5749 00000100 02d7d7b3 divu             x15, x15, x13       x15=00000001 x15:0000000a x13:0000000a
             5811500            5751 00000104 00061363 bne              x12, x0, 6          x12:00000007
             5814500            5754 0000010a 03000693 addi             x13, x0, 48         x13=00000030
             5816500            5756 0000010e 00e35c63 bge              x6, x14, 24          x6:00000009 x14:00000009
             5818500            5758 00000126 00d70733 add              x14, x14, x13       x14=00000039 x14:00000009 x13:00000030
             5819500            5759 00000128 00e80023 sb               x14, 0(x16)         x14:00000039 x16:0001ef67  PA:0001ef67
             5821500            5761 0000012c 00180893 addi             x17, x16, 1         x17=0001ef68 x16:0001ef67
             5822500            5762 00000130 00160613 addi             x12, x12, 1         x12=00000008 x12:00000007
             5823500            5763 00000132 00078d63 beq              x15, x0, 26         x15:00000001
             5824500            5764 00000134 00c5a683 lw               x13, 12(x11)        x13=0000000a x11:0001ef6c  PA:0001ef78
             5826500            5766 00000136 01100833 add              x16, x0, x17        x16=0001ef68 x17:0001ef68
             5863500            5803 00000138 02f55733 divu             x14, x10, x15       x14=00000007 x10:00000007 x15:00000001
             5865500            5805 0000013c fc1ff06f jal              x0, -64            
             5902500            5842 000000fc 02f57533 remu             x10, x10, x15       x10=00000000 x10:00000007 x15:00000001
             5939500            5879 00000100 02d7d7b3 divu             x15, x15, x13       x15=00000000 x15:00000001 x13:0000000a
             5941500            5881 00000104 00061363 bne              x12, x0, 6          x12:00000008
             5944500            5884 0000010a 03000693 addi             x13, x0, 48         x13=00000030
             5946500            5886 0000010e 00e35c63 bge              x6, x14, 24          x6:00000009 x14:00000007
             5948500            5888 00000126 00d70733 add              x14, x14, x13       x14=00000037 x14:00000007 x13:00000030
             5949500            5889 00000128 00e80023 sb               x14, 0(x16)         x14:00000037 x16:0001ef68  PA:0001ef68
             5951500            5891 0000012c 00180893 addi             x17, x16, 1         x17=0001ef69 x16:0001ef68
             5952500            5892 00000130 00160613 addi             x12, x12, 1         x12=00000009 x12:00000008
             5954500            5894 00000132 00078d63 beq              x15, x0, 26         x15:00000000
             5956500            5896 0000014c 00088023 sb               x0, 0(x17)          x17:0001ef69  PA:0001ef69
             5959500            5899 00000150 00008067 jalr             x0, x1, 0            x1:000003a6
             5960500            5900 000003a6 01c10513 addi             x10, x2, 28         x10=0001ef6c  x2:0001ef50
             5962500            5902 000003a8 db7ff0ef jal              x1, -586             x1=000003aa
             5963500            5903 0000015e 01052583 lw               x11, 16(x10)        x11=0001ef60 x10:0001ef6c  PA:0001ef7c
             5965500            5905 00000160 00452783 lw               x15, 4(x10)         x15=00000000 x10:0001ef6c  PA:0001ef70
             5967500            5907 00000162 0005c703 lbu              x14, 0(x11)         x14=00000032 x11:0001ef60  PA:0001ef60
             5969500            5909 00000166 00158693 addi             x13, x11, 1         x13=0001ef61 x11:0001ef60
             5970500            5910 0000016a 00070b63 beq              x14, x0, 22         x14:00000032
             5972500            5912 0000016c 00f05a63 bge              x0, x15, 20         x15:00000000
             5974500            5914 00000180 00854603 lbu              x12, 8(x10)         x12=00000000 x10:0001ef6c  PA:0001ef74
             5976500            5916 00000184 00054703 lbu              x14, 0(x10)         x14=000000xX x10:0001ef6c  PA:0001ef6c
             5978500            5918 00000188 00c038b3 sltu             x17, x0, x12        x17=00000000 x12:00000000
             5979500            5919 0000018c 00277813 andi             x16, x14, 2         x16=00000000 x14:000000xX
             5980500            5920 00000190 411787b3 sub              x15, x15, x17       x15=00000000 x15:00000000 x17:00000000
             5982500            5922 00000194 00080c63 beq              x16, x0, 24         x16:00000000
             5984500            5924 000001ac 00977713 andi             x14, x14, 9         x14=00000000 x14:000000xX
             5985500            5925 000001ae 02071363 bne              x14, x0, 38         x14:00000000
             5986500            5926 000001b0 fff78713 addi             x14, x15, -1        x14=ffffffff x15:00000000
             5988500            5928 000001b4 0cf05f63 bge              x0, x15, 222        x15:00000000
             5990500            5930 00000292 00e007b3 add              x15, x0, x14        x15=ffffffff x14:ffffffff
             5992500            5932 00000294 f41ff06f jal              x0, -192           
             5994500            5934 000001d4 00060463 beq              x12, x0, 8          x12:00000000
             5996500            5936 000001dc 00054703 lbu              x14, 0(x10)         x14=000000xX x10:0001ef6c  PA:0001ef6c
             5998500            5938 000001e0 00277613 andi             x12, x14, 2         x12=00000000 x14:000000xX
             6000500            5940 000001e4 00060863 beq              x12, x0, 16         x12:00000000
             6002500            5942 000001f4 00177713 andi             x14, x14, 1         x14=00000000 x14:000000xX
             6004500            5944 000001f6 02070163 beq              x14, x0, 34         x14:00000000
             6006500            5946 00000218 0005c703 lbu              x14, 0(x11)         x14=00000032 x11:0001ef60  PA:0001ef60
             6008500            5948 0000021c 00070863 beq              x14, x0, 16         x14:00000032
             6009500            5949 0000021e 80000637 lui              x12, 0x80000000     x12=80000000
             6010500            5950 00000222 00e62223 sw               x14, 4(x12)         x14:00000032 x12:80000000  PA:80000004
             6012500            5952 00000224 00168693 addi             x13, x13, 1         x13=0001ef62 x13:0001ef61
             6013500            5953 00000226 fff6c703 lbu              x14, -1(x13)        x14=00000030 x13:0001ef62  PA:0001ef61
             6016500            5956 0000022a fe071ce3 bne              x14, x0, -8         x14:00000030
             6018500            5958 00000222 00e62223 sw               x14, 4(x12)         x14:00000030 x12:80000000  PA:80000004
             6020500            5960 00000224 00168693 addi             x13, x13, 1         x13=0001ef63 x13:0001ef62
             6021500            5961 00000226 fff6c703 lbu              x14, -1(x13)        x14=00000036 x13:0001ef63  PA:0001ef62
             6024500            5964 0000022a fe071ce3 bne              x14, x0, -8         x14:00000036
             6026500            5966 00000222 00e62223 sw               x14, 4(x12)         x14:00000036 x12:80000000  PA:80000004
             6028500            5968 00000224 00168693 addi             x13, x13, 1         x13=0001ef64 x13:0001ef63
             6029500            5969 00000226 fff6c703 lbu              x14, -1(x13)        x14=00000033 x13:0001ef64  PA:0001ef63
             6032500            5972 0000022a fe071ce3 bne              x14, x0, -8         x14:00000033
             6034500            5974 00000222 00e62223 sw               x14, 4(x12)         x14:00000033 x12:80000000  PA:80000004
             6036500            5976 00000224 00168693 addi             x13, x13, 1         x13=0001ef65 x13:0001ef64
             6037500            5977 00000226 fff6c703 lbu              x14, -1(x13)        x14=00000033 x13:0001ef65  PA:0001ef64
             6040500            5980 0000022a fe071ce3 bne              x14, x0, -8         x14:00000033
             6042500            5982 00000222 00e62223 sw               x14, 4(x12)         x14:00000033 x12:80000000  PA:80000004
             6044500            5984 00000224 00168693 addi             x13, x13, 1         x13=0001ef66 x13:0001ef65
             6045500            5985 00000226 fff6c703 lbu              x14, -1(x13)        x14=00000031 x13:0001ef66  PA:0001ef65
             6048500            5988 0000022a fe071ce3 bne              x14, x0, -8         x14:00000031
             6050500            5990 00000222 00e62223 sw               x14, 4(x12)         x14:00000031 x12:80000000  PA:80000004
             6052500            5992 00000224 00168693 addi             x13, x13, 1         x13=0001ef67 x13:0001ef66
             6053500            5993 00000226 fff6c703 lbu              x14, -1(x13)        x14=00000039 x13:0001ef67  PA:0001ef66
             6056500            5996 0000022a fe071ce3 bne              x14, x0, -8         x14:00000039
             6058500            5998 00000222 00e62223 sw               x14, 4(x12)         x14:00000039 x12:80000000  PA:80000004
             6060500            6000 00000224 00168693 addi             x13, x13, 1         x13=0001ef68 x13:0001ef67
             6061500            6001 00000226 fff6c703 lbu              x14, -1(x13)        x14=00000039 x13:0001ef68  PA:0001ef67
             6064500            6004 0000022a fe071ce3 bne              x14, x0, -8         x14:00000039
             6066500            6006 00000222 00e62223 sw               x14, 4(x12)         x14:00000039 x12:80000000  PA:80000004
             6068500            6008 00000224 00168693 addi             x13, x13, 1         x13=0001ef69 x13:0001ef68
             6069500            6009 00000226 fff6c703 lbu              x14, -1(x13)        x14=00000037 x13:0001ef69  PA:0001ef68
             6072500            6012 0000022a fe071ce3 bne              x14, x0, -8         x14:00000037
             6074500            6014 00000222 00e62223 sw               x14, 4(x12)         x14:00000037 x12:80000000  PA:80000004
             6076500            6016 00000224 00168693 addi             x13, x13, 1         x13=0001ef6a x13:0001ef69
             6077500            6017 00000226 fff6c703 lbu              x14, -1(x13)        x14=00000000 x13:0001ef6a  PA:0001ef69
             6079500            6019 0000022a fe071ce3 bne              x14, x0, -8         x14:00000000
             6080500            6020 0000022c 00054703 lbu              x14, 0(x10)         x14=000000xX x10:0001ef6c  PA:0001ef6c
             6082500            6022 00000230 00800693 addi             x13, x0, 8          x13=00000008
             6083500            6023 00000232 00977713 andi             x14, x14, 9         x14=00000000 x14:000000xX
             6084500            6024 00000234 00d70363 beq              x14, x13, 6         x14:00000000 x13:00000008
             6086500            6026 00000238 00008067 jalr             x0, x1, 0            x1:000003aa
             6087500            6027 000003aa 013006b3 add              x13, x0, x19        x13=0001efc8 x19:0001efc8
             6088500            6028 000003ac 00c12603 lw               x12, 12(x2)         x12=1c01001f  x2:0001ef50  PA:0001ef5c
             6091500            6031 000003ae f09ff06f jal              x0, -248           
             6093500            6033 000002b6 00064783 lbu              x15, 0(x12)         x15=0000000a x12:1c01001f  PA:1c01001f
             6095500            6035 000002ba 00160613 addi             x12, x12, 1         x12=1c010020 x12:1c01001f
             6096500            6036 000002bc 00078c63 beq              x15, x0, 24         x15:0000000a
             6097500            6037 000002be 02500713 addi             x14, x0, 37         x14=00000025
             6099500            6039 000002c2 02e78063 beq              x15, x14, 32        x15:0000000a x14:00000025
             6100500            6040 000002c6 80000737 lui              x14, 0x80000000     x14=80000000
             6101500            6041 000002ca 00f72223 sw               x15, 4(x14)         x15:0000000a x14:80000000  PA:80000004
             6103500            6043 000002cc 00064783 lbu              x15, 0(x12)         x15=00000000 x12:1c010020  PA:1c010020
             6105500            6045 000002d0 00160613 addi             x12, x12, 1         x12=1c010021 x12:1c010020
             6106500            6046 000002d2 fe0796e3 bne              x15, x0, -20        x15:00000000
             6107500            6047 000002d4 04c12083 lw               x1, 76(x2)           x1=0000051a  x2:0001ef50  PA:0001ef9c
             6109500            6049 000002d6 04812403 lw               x8, 72(x2)           x8=1c010660  x2:0001ef50  PA:0001ef98
             6111500            6051 000002d8 04412483 lw               x9, 68(x2)           x9=1c010450  x2:0001ef50  PA:0001ef94
             6113500            6053 000002da 04012903 lw               x18, 64(x2)         x18=1c010240  x2:0001ef50  PA:0001ef90
             6115500            6055 000002dc 03c12983 lw               x19, 60(x2)         x19=00000000  x2:0001ef50  PA:0001ef8c
             6117500            6057 000002de 05010113 addi             x2, x2, 80           x2=0001efa0  x2:0001ef50
             6119500            6059 000002e0 00008067 jalr             x0, x1, 0            x1:0000051a
             6120500            6060 0000051a 01c12083 lw               x1, 28(x2)           x1=0000061c  x2:0001efa0  PA:0001efbc
             6122500            6062 0000051c 04010113 addi             x2, x2, 64           x2=0001efe0  x2:0001efa0
             6124500            6064 0000051e 00008067 jalr             x0, x1, 0            x1:0000061c
             6125500            6065 0000061c 00042583 lw               x11, 0(x8)          x11=7f228fd6  x8:1c010660  PA:1c010660
             6127500            6067 0000061e 1c010537 lui              x10, 0x1c010000     x10=1c010000
             6128500            6068 00000622 02450513 addi             x10, x10, 36        x10=1c010024 x10:1c010000
             6130500            6070 00000626 ec7ff0ef jal              x1, -314             x1=00000628
             6131500            6071 000004ec fc010113 addi             x2, x2, -64          x2=0001efa0  x2:0001efe0
             6132500            6072 000004ee 02c12423 sw               x12, 40(x2)         x12:1c010021  x2:0001efa0  PA:0001efc8
             6134500            6074 000004f0 1c011637 lui              x12, 0x1c011000     x12=1c011000
             6135500            6075 000004f4 02b12223 sw               x11, 36(x2)         x11:7f228fd6  x2:0001efa0  PA:0001efc4
             6137500            6077 000004f6 86462583 lw               x11, -1948(x12)     x11=00000000 x12:1c011000  PA:1c010864
             6139500            6079 000004fa 00a00633 add              x12, x0, x10        x12=1c010024 x10:1c010024
             6140500            6080 000004fc 1c011537 lui              x10, 0x1c011000     x10=1c011000
             6141500            6081 00000500 02410313 addi             x6, x2, 36           x6=0001efc4  x2:0001efa0
             6142500            6082 00000504 86852503 lw               x10, -1944(x10)     x10=00000000 x10:1c011000  PA:1c010868
             6144500            6084 00000508 02d12623 sw               x13, 44(x2)         x13:0001efc8  x2:0001efa0  PA:0001efcc
             6146500            6086 0000050a 006006b3 add              x13, x0, x6         x13=0001efc4  x6:0001efc4
             6147500            6087 0000050c 00112e23 sw               x1, 28(x2)           x1:00000628  x2:0001efa0  PA:0001efbc
             6149500            6089 0000050e 02e12823 sw               x14, 48(x2)         x14:80000000  x2:0001efa0  PA:0001efd0
             6151500            6091 00000510 02f12a23 sw               x15, 52(x2)         x15:00000000  x2:0001efa0  PA:0001efd4
             6153500            6093 00000512 03012c23 sw               x16, 56(x2)         x16:00000000  x2:0001efa0  PA:0001efd8
             6155500            6095 00000514 03112e23 sw               x17, 60(x2)         x17:00000000  x2:0001efa0  PA:0001efdc
             6157500            6097 00000516 00612623 sw               x6, 12(x2)           x6:0001efc4  x2:0001efa0  PA:0001efac
             6160500            6100 00000518 d83ff0ef jal              x1, -638             x1=0000051a
             6161500            6101 0000029a fb010113 addi             x2, x2, -80          x2=0001ef50  x2:0001efa0
             6162500            6102 0000029c 01010793 addi             x15, x2, 16         x15=0001ef60  x2:0001ef50
             6163500            6103 0000029e 04812423 sw               x8, 72(x2)           x8:1c010660  x2:0001ef50  PA:0001ef98
             6165500            6105 000002a0 04912223 sw               x9, 68(x2)           x9:1c010450  x2:0001ef50  PA:0001ef94
             6167500            6107 000002a2 05212023 sw               x18, 64(x2)         x18:1c010240  x2:0001ef50  PA:0001ef90
             6169500            6109 000002a4 04112623 sw               x1, 76(x2)           x1:0000051a  x2:0001ef50  PA:0001ef9c
             6171500            6111 000002a6 03312e23 sw               x19, 60(x2)         x19:00000000  x2:0001ef50  PA:0001ef8c
             6173500            6113 000002a8 02f12623 sw               x15, 44(x2)         x15:0001ef60  x2:0001ef50  PA:0001ef7c
             6175500            6115 000002aa 02d00413 addi             x8, x0, 45           x8=0000002d
             6176500            6116 000002ae 03000493 addi             x9, x0, 48           x9=00000030
             6178500            6118 000002b2 02300913 addi             x18, x0, 35         x18=00000023
             6179500            6119 000002b6 00064783 lbu              x15, 0(x12)         x15=00000064 x12:1c010024  PA:1c010024
             6183500            6123 000002ba 00160613 addi             x12, x12, 1         x12=1c010025 x12:1c010024
             6184500            6124 000002bc 00078c63 beq              x15, x0, 24         x15:00000064
             6185500            6125 000002be 02500713 addi             x14, x0, 37         x14=00000025
             6187500            6127 000002c2 02e78063 beq              x15, x14, 32        x15:00000064 x14:00000025
             6188500            6128 000002c6 80000737 lui              x14, 0x80000000     x14=80000000
             6189500            6129 000002ca 00f72223 sw               x15, 4(x14)         x15:00000064 x14:80000000  PA:80000004
             6191500            6131 000002cc 00064783 lbu              x15, 0(x12)         x15=0000005b x12:1c010025  PA:1c010025
             6193500            6133 000002d0 00160613 addi             x12, x12, 1         x12=1c010026 x12:1c010025
             6195500            6135 000002d2 fe0796e3 bne              x15, x0, -20        x15:0000005b
             6198500            6138 000002be 02500713 addi             x14, x0, 37         x14=00000025
             6199500            6139 000002c2 02e78063 beq              x15, x14, 32        x15:0000005b x14:00000025
             6200500            6140 000002c6 80000737 lui              x14, 0x80000000     x14=80000000
             6201500            6141 000002ca 00f72223 sw               x15, 4(x14)         x15:0000005b x14:80000000  PA:80000004
             6203500            6143 000002cc 00064783 lbu              x15, 0(x12)         x15=00000030 x12:1c010026  PA:1c010026
             6205500            6145 000002d0 00160613 addi             x12, x12, 1         x12=1c010027 x12:1c010026
             6207500            6147 000002d2 fe0796e3 bne              x15, x0, -20        x15:00000030
             6210500            6150 000002be 02500713 addi             x14, x0, 37         x14=00000025
             6211500            6151 000002c2 02e78063 beq              x15, x14, 32        x15:00000030 x14:00000025
             6212500            6152 000002c6 80000737 lui              x14, 0x80000000     x14=80000000
             6213500            6153 000002ca 00f72223 sw               x15, 4(x14)         x15:00000030 x14:80000000  PA:80000004
             6215500            6155 000002cc 00064783 lbu              x15, 0(x12)         x15=0000005d x12:1c010027  PA:1c010027
             6217500            6157 000002d0 00160613 addi             x12, x12, 1         x12=1c010028 x12:1c010027
             6219500            6159 000002d2 fe0796e3 bne              x15, x0, -20        x15:0000005d
             6222500            6162 000002be 02500713 addi             x14, x0, 37         x14=00000025
             6223500            6163 000002c2 02e78063 beq              x15, x14, 32        x15:0000005d x14:00000025
             6224500            6164 000002c6 80000737 lui              x14, 0x80000000     x14=80000000
             6225500            6165 000002ca 00f72223 sw               x15, 4(x14)         x15:0000005d x14:80000000  PA:80000004
             6227500            6167 000002cc 00064783 lbu              x15, 0(x12)         x15=0000003d x12:1c010028  PA:1c010028
             6229500            6169 000002d0 00160613 addi             x12, x12, 1         x12=1c010029 x12:1c010028
             6231500            6171 000002d2 fe0796e3 bne              x15, x0, -20        x15:0000003d
             6234500            6174 000002be 02500713 addi             x14, x0, 37         x14=00000025
             6235500            6175 000002c2 02e78063 beq              x15, x14, 32        x15:0000003d x14:00000025
             6236500            6176 000002c6 80000737 lui              x14, 0x80000000     x14=80000000
             6237500            6177 000002ca 00f72223 sw               x15, 4(x14)         x15:0000003d x14:80000000  PA:80000004
             6239500            6179 000002cc 00064783 lbu              x15, 0(x12)         x15=00000025 x12:1c010029  PA:1c010029
             6241500            6181 000002d0 00160613 addi             x12, x12, 1         x12=1c01002a x12:1c010029
             6243500            6183 000002d2 fe0796e3 bne              x15, x0, -20        x15:00000025
             6246500            6186 000002be 02500713 addi             x14, x0, 37         x14=00000025
             6248500            6188 000002c2 02e78063 beq              x15, x14, 32        x15:00000025 x14:00000025
             6251500            6191 000002e2 01c14783 lbu              x15, 28(x2)         x15=000000xX  x2:0001ef50  PA:0001ef6c
             6253500            6193 000002e6 02012023 sw               x0, 32(x2)           x2:0001ef50  PA:0001ef70
             6255500            6195 000002e8 ff47f793 andi             x15, x15, -12       x15=000000xX x15:000000xX
             6256500            6196 000002ea 00f10e23 sb               x15, 28(x2)         x15:000000xX  x2:0001ef50  PA:0001ef6c
             6258500            6198 000002ee 02010223 sb               x0, 36(x2)           x2:0001ef50  PA:0001ef74
             6260500            6200 000002f2 00000813 addi             x16, x0, 0          x16=00000000
             6261500            6201 000002f4 00000593 addi             x11, x0, 0          x11=00000000
             6262500            6202 000002f6 00000893 addi             x17, x0, 0          x17=00000000
             6263500            6203 000002f8 00000713 addi             x14, x0, 0          x14=00000000
             6264500            6204 000002fa 00000513 addi             x10, x0, 0          x10=00000000
             6265500            6205 000002fc 00160613 addi             x12, x12, 1         x12=1c01002b x12:1c01002a
             6266500            6206 000002fe fff64783 lbu              x15, -1(x12)        x15=00000064 x12:1c01002b  PA:1c01002a
             6268500            6208 00000302 fc0789e3 beq              x15, x0, -46        x15:00000064
             6269500            6209 00000304 0a878663 beq              x15, x8, 172        x15:00000064  x8:0000002d
             6270500            6210 00000308 0a978a63 beq              x15, x9, 180        x15:00000064  x9:00000030
             6271500            6211 0000030c 0b278563 beq              x15, x18, 170       x15:00000064 x18:00000023
             6272500            6212 00000310 0a071863 bne              x14, x0, 176        x14:00000000
             6274500            6214 00000312 00088863 beq              x17, x0, 16         x17:00000000
             6278500            6218 00000322 00080963 beq              x16, x0, 18         x16:00000000
             6280500            6220 00000334 fd078593 addi             x11, x15, -48       x11=00000034 x15:00000064
             6281500            6221 00000338 0ff5f513 andi             x10, x11, 255       x10=00000034 x11:00000034
             6282500            6222 0000033c 00900713 addi             x14, x0, 9          x14=00000009
             6283500            6223 0000033e 08a77963 bgeu             x14, x10, 146       x14:00000009 x10:00000034
             6284500            6224 00000342 02e00713 addi             x14, x0, 46         x14=0000002e
             6285500            6225 00000346 0ee78263 beq              x15, x14, 228       x15:00000064 x14:0000002e
             6286500            6226 0000034a 06900713 addi             x14, x0, 105        x14=00000069
             6287500            6227 0000034e 16e78963 beq              x15, x14, 370       x15:00000064 x14:00000069
             6289500            6229 00000352 0ef77d63 bgeu             x14, x15, 250       x14:00000069 x15:00000064
             6291500            6231 0000044c 05800713 addi             x14, x0, 88         x14=00000058
             6292500            6232 00000450 f2e787e3 beq              x15, x14, -210      x15:00000064 x14:00000058
             6293500            6233 00000454 02f77863 bgeu             x14, x15, 48        x14:00000058 x15:00000064
             6294500            6234 00000458 06300713 addi             x14, x0, 99         x14=00000063
             6296500            6236 0000045c 04e79e63 bne              x15, x14, 92        x15:00000064 x14:00000063
             6298500            6238 000004b8 06400713 addi             x14, x0, 100        x14=00000064
             6299500            6239 000004bc dee79de3 bne              x15, x14, -518      x15:00000064 x14:00000064
             6300500            6240 000004c0 00a00793 addi             x15, x0, 10         x15=0000000a
             6301500            6241 000004c2 0006a503 lw               x10, 0(x13)         x10=7f228fd6 x13:0001efc4  PA:0001efc4
             6303500            6243 000004c4 02f12423 sw               x15, 40(x2)         x15:0000000a  x2:0001ef50  PA:0001ef78
             6305500            6245 000004c6 00468993 addi             x19, x13, 4         x19=0001efc8 x13:0001efc4
             6306500            6246 000004ca 00054463 blt              x10, x0, 8          x10:7f228fd6
             6307500            6247 000004ce 01c10593 addi             x11, x2, 28         x11=0001ef6c  x2:0001ef50
             6309500            6249 000004d0 ed3ff06f jal              x0, -302           
             6310500            6250 000003a2 00c12623 sw               x12, 12(x2)         x12:1c01002b  x2:0001ef50  PA:0001ef5c
             6313500            6253 000003a4 d3bff0ef jal              x1, -710             x1=000003a6
             6314500            6254 000000de 00c5a683 lw               x13, 12(x11)        x13=0000000a x11:0001ef6c  PA:0001ef78
             6316500            6256 000000e0 0105a803 lw               x16, 16(x11)        x16=0001ef60 x11:0001ef6c  PA:0001ef7c
             6318500            6258 000000e4 00100793 addi             x15, x0, 1          x15=00000001
             6319500            6259 000000e6 06d56a63 bltu             x10, x13, 116       x10:7f228fd6 x13:0000000a
             6322500            6262 000000ea 02d787b3 mul              x15, x15, x13       x15=0000000a x15:00000001 x13:0000000a
             6359500            6299 000000ee 02f55733 divu             x14, x10, x15       x14=0cb6a7fb x10:7f228fd6 x15:0000000a
             6361500            6301 000000f2 fed77ce3 bgeu             x14, x13, -8        x14:0cb6a7fb x13:0000000a
             6366500            6306 000000ea 02d787b3 mul              x15, x15, x13       x15=00000064 x15:0000000a x13:0000000a
             6403500            6343 000000ee 02f55733 divu             x14, x10, x15       x14=01457732 x10:7f228fd6 x15:00000064
             6405500            6345 000000f2 fed77ce3 bgeu             x14, x13, -8        x14:01457732 x13:0000000a
             6410500            6350 000000ea 02d787b3 mul              x15, x15, x13       x15=000003e8 x15:00000064 x13:0000000a
             6447500            6387 000000ee 02f55733 divu             x14, x10, x15       x14=00208beb x10:7f228fd6 x15:000003e8
             6449500            6389 000000f2 fed77ce3 bgeu             x14, x13, -8        x14:00208beb x13:0000000a
             6454500            6394 000000ea 02d787b3 mul              x15, x15, x13       x15=00002710 x15:000003e8 x13:0000000a
             6491500            6431 000000ee 02f55733 divu             x14, x10, x15       x14=00034131 x10:7f228fd6 x15:00002710
             6493500            6433 000000f2 fed77ce3 bgeu             x14, x13, -8        x14:00034131 x13:0000000a
             6498500            6438 000000ea 02d787b3 mul              x15, x15, x13       x15=000186a0 x15:00002710 x13:0000000a
             6535500            6475 000000ee 02f55733 divu             x14, x10, x15       x14=00005351 x10:7f228fd6 x15:000186a0
             6537500            6477 000000f2 fed77ce3 bgeu             x14, x13, -8        x14:00005351 x13:0000000a
             6542500            6482 000000ea 02d787b3 mul              x15, x15, x13       x15=000f4240 x15:000186a0 x13:0000000a
             6579500            6519 000000ee 02f55733 divu             x14, x10, x15       x14=00000854 x10:7f228fd6 x15:000f4240
             6581500            6521 000000f2 fed77ce3 bgeu             x14, x13, -8        x14:00000854 x13:0000000a
             6586500            6526 000000ea 02d787b3 mul              x15, x15, x13       x15=00989680 x15:000f4240 x13:0000000a
             6623500            6563 000000ee 02f55733 divu             x14, x10, x15       x14=000000d5 x10:7f228fd6 x15:00989680
             6625500            6565 000000f2 fed77ce3 bgeu             x14, x13, -8        x14:000000d5 x13:0000000a
             6630500            6570 000000ea 02d787b3 mul              x15, x15, x13       x15=05f5e100 x15:00989680 x13:0000000a
             6667500            6607 000000ee 02f55733 divu             x14, x10, x15       x14=00000015 x10:7f228fd6 x15:05f5e100
             6669500            6609 000000f2 fed77ce3 bgeu             x14, x13, -8        x14:00000015 x13:0000000a
             6674500            6614 000000ea 02d787b3 mul              x15, x15, x13       x15=3b9aca00 x15:05f5e100 x13:0000000a
             6711500            6651 000000ee 02f55733 divu             x14, x10, x15       x14=00000002 x10:7f228fd6 x15:3b9aca00
             6712500            6652 000000f2 fed77ce3 bgeu             x14, x13, -8        x14:00000002 x13:0000000a
             6713500            6653 000000f6 04078e63 beq              x15, x0, 92         x15:3b9aca00
             6714500            6654 000000f8 00000613 addi             x12, x0, 0          x12=00000000
             6715500            6655 000000fa 00900313 addi             x6, x0, 9            x6=00000009
             6752500            6692 000000fc 02f57533 remu             x10, x10, x15       x10=07ecfbd6 x10:7f228fd6 x15:3b9aca00
             6789500            6729 00000100 02d7d7b3 divu             x15, x15, x13       x15=05f5e100 x15:3b9aca00 x13:0000000a
             6790500            6730 00000104 00061363 bne              x12, x0, 6          x12:00000000
             6791500            6731 00000106 02e05c63 bge              x0, x14, 56         x14:00000002
             6793500            6733 0000010a 03000693 addi             x13, x0, 48         x13=00000030
             6795500            6735 0000010e 00e35c63 bge              x6, x14, 24          x6:00000009 x14:00000002
             6797500            6737 00000126 00d70733 add              x14, x14, x13       x14=00000032 x14:00000002 x13:00000030
             6798500            6738 00000128 00e80023 sb               x14, 0(x16)         x14:00000032 x16:0001ef60  PA:0001ef60
             6800500            6740 0000012c 00180893 addi             x17, x16, 1         x17=0001ef61 x16:0001ef60
             6801500            6741 00000130 00160613 addi             x12, x12, 1         x12=00000001 x12:00000000
             6802500            6742 00000132 00078d63 beq              x15, x0, 26         x15:05f5e100
             6803500            6743 00000134 00c5a683 lw               x13, 12(x11)        x13=0000000a x11:0001ef6c  PA:0001ef78
             6805500            6745 00000136 01100833 add              x16, x0, x17        x16=0001ef61 x17:0001ef61
             6842500            6782 00000138 02f55733 divu             x14, x10, x15       x14=00000001 x10:07ecfbd6 x15:05f5e100
             6844500            6784 0000013c fc1ff06f jal              x0, -64            
             6881500            6821 000000fc 02f57533 remu             x10, x10, x15       x10=01f71ad6 x10:07ecfbd6 x15:05f5e100
             6918500            6858 00000100 02d7d7b3 divu             x15, x15, x13       x15=00989680 x15:05f5e100 x13:0000000a
             6920500            6860 00000104 00061363 bne              x12, x0, 6          x12:00000001
             6923500            6863 0000010a 03000693 addi             x13, x0, 48         x13=00000030
             6925500            6865 0000010e 00e35c63 bge              x6, x14, 24          x6:00000009 x14:00000001
             6927500            6867 00000126 00d70733 add              x14, x14, x13       x14=00000031 x14:00000001 x13:00000030
             6928500            6868 00000128 00e80023 sb               x14, 0(x16)         x14:00000031 x16:0001ef61  PA:0001ef61
             6930500            6870 0000012c 00180893 addi             x17, x16, 1         x17=0001ef62 x16:0001ef61
             6931500            6871 00000130 00160613 addi             x12, x12, 1         x12=00000002 x12:00000001
             6932500            6872 00000132 00078d63 beq              x15, x0, 26         x15:00989680
             6933500            6873 00000134 00c5a683 lw               x13, 12(x11)        x13=0000000a x11:0001ef6c  PA:0001ef78
             6935500            6875 00000136 01100833 add              x16, x0, x17        x16=0001ef62 x17:0001ef62
             6972500            6912 00000138 02f55733 divu             x14, x10, x15       x14=00000003 x10:01f71ad6 x15:00989680
             6974500            6914 0000013c fc1ff06f jal              x0, -64            
             7011500            6951 000000fc 02f57533 remu             x10, x10, x15       x10=002d5756 x10:01f71ad6 x15:00989680
             7048500            6988 00000100 02d7d7b3 divu             x15, x15, x13       x15=000f4240 x15:00989680 x13:0000000a
             7050500            6990 00000104 00061363 bne              x12, x0, 6          x12:00000002
             7053500            6993 0000010a 03000693 addi             x13, x0, 48         x13=00000030
             7055500            6995 0000010e 00e35c63 bge              x6, x14, 24          x6:00000009 x14:00000003
             7057500            6997 00000126 00d70733 add              x14, x14, x13       x14=00000033 x14:00000003 x13:00000030
             7058500            6998 00000128 00e80023 sb               x14, 0(x16)         x14:00000033 x16:0001ef62  PA:0001ef62
             7060500            7000 0000012c 00180893 addi             x17, x16, 1         x17=0001ef63 x16:0001ef62
             7061500            7001 00000130 00160613 addi             x12, x12, 1         x12=00000003 x12:00000002
             7062500            7002 00000132 00078d63 beq              x15, x0, 26         x15:000f4240
             7063500            7003 00000134 00c5a683 lw               x13, 12(x11)        x13=0000000a x11:0001ef6c  PA:0001ef78
             7065500            7005 00000136 01100833 add              x16, x0, x17        x16=0001ef63 x17:0001ef63
             7102500            7042 00000138 02f55733 divu             x14, x10, x15       x14=00000002 x10:002d5756 x15:000f4240
             7104500            7044 0000013c fc1ff06f jal              x0, -64            
             7141500            7081 000000fc 02f57533 remu             x10, x10, x15       x10=000ed2d6 x10:002d5756 x15:000f4240
             7178500            7118 00000100 02d7d7b3 divu             x15, x15, x13       x15=000186a0 x15:000f4240 x13:0000000a
             7180500            7120 00000104 00061363 bne              x12, x0, 6          x12:00000003
             7183500            7123 0000010a 03000693 addi             x13, x0, 48         x13=00000030
             7185500            7125 0000010e 00e35c63 bge              x6, x14, 24          x6:00000009 x14:00000002
             7187500            7127 00000126 00d70733 add              x14, x14, x13       x14=00000032 x14:00000002 x13:00000030
             7188500            7128 00000128 00e80023 sb               x14, 0(x16)         x14:00000032 x16:0001ef63  PA:0001ef63
             7190500            7130 0000012c 00180893 addi             x17, x16, 1         x17=0001ef64 x16:0001ef63
             7191500            7131 00000130 00160613 addi             x12, x12, 1         x12=00000004 x12:00000003
             7192500            7132 00000132 00078d63 beq              x15, x0, 26         x15:000186a0
             7193500            7133 00000134 00c5a683 lw               x13, 12(x11)        x13=0000000a x11:0001ef6c  PA:0001ef78
             7195500            7135 00000136 01100833 add              x16, x0, x17        x16=0001ef64 x17:0001ef64
             7232500            7172 00000138 02f55733 divu             x14, x10, x15       x14=00000009 x10:000ed2d6 x15:000186a0
             7234500            7174 0000013c fc1ff06f jal              x0, -64            
             7271500            7211 000000fc 02f57533 remu             x10, x10, x15       x10=00011736 x10:000ed2d6 x15:000186a0
             7308500            7248 00000100 02d7d7b3 divu             x15, x15, x13       x15=00002710 x15:000186a0 x13:0000000a
             7310500            7250 00000104 00061363 bne              x12, x0, 6          x12:00000004
             7313500            7253 0000010a 03000693 addi             x13, x0, 48         x13=00000030
             7315500            7255 0000010e 00e35c63 bge              x6, x14, 24          x6:00000009 x14:00000009
             7317500            7257 00000126 00d70733 add              x14, x14, x13       x14=00000039 x14:00000009 x13:00000030
             7318500            7258 00000128 00e80023 sb               x14, 0(x16)         x14:00000039 x16:0001ef64  PA:0001ef64
             7320500            7260 0000012c 00180893 addi             x17, x16, 1         x17=0001ef65 x16:0001ef64
             7321500            7261 00000130 00160613 addi             x12, x12, 1         x12=00000005 x12:00000004
             7322500            7262 00000132 00078d63 beq              x15, x0, 26         x15:00002710
             7323500            7263 00000134 00c5a683 lw               x13, 12(x11)        x13=0000000a x11:0001ef6c  PA:0001ef78
             7325500            7265 00000136 01100833 add              x16, x0, x17        x16=0001ef65 x17:0001ef65
             7362500            7302 00000138 02f55733 divu             x14, x10, x15       x14=00000007 x10:00011736 x15:00002710
             7364500            7304 0000013c fc1ff06f jal              x0, -64            
             7401500            7341 000000fc 02f57533 remu             x10, x10, x15       x10=000005c6 x10:00011736 x15:00002710
             7438500            7378 00000100 02d7d7b3 divu             x15, x15, x13       x15=000003e8 x15:00002710 x13:0000000a
             7440500            7380 00000104 00061363 bne              x12, x0, 6          x12:00000005
             7443500            7383 0000010a 03000693 addi             x13, x0, 48         x13=00000030
             7445500            7385 0000010e 00e35c63 bge              x6, x14, 24          x6:00000009 x14:00000007
             7447500            7387 00000126 00d70733 add              x14, x14, x13       x14=00000037 x14:00000007 x13:00000030
             7448500            7388 00000128 00e80023 sb               x14, 0(x16)         x14:00000037 x16:0001ef65  PA:0001ef65
             7450500            7390 0000012c 00180893 addi             x17, x16, 1         x17=0001ef66 x16:0001ef65
             7451500            7391 00000130 00160613 addi             x12, x12, 1         x12=00000006 x12:00000005
             7452500            7392 00000132 00078d63 beq              x15, x0, 26         x15:000003e8
             7453500            7393 00000134 00c5a683 lw               x13, 12(x11)        x13=0000000a x11:0001ef6c  PA:0001ef78
             7455500            7395 00000136 01100833 add              x16, x0, x17        x16=0001ef66 x17:0001ef66
             7492500            7432 00000138 02f55733 divu             x14, x10, x15       x14=00000001 x10:000005c6 x15:000003e8
             7494500            7434 0000013c fc1ff06f jal              x0, -64            
             7531500            7471 000000fc 02f57533 remu             x10, x10, x15       x10=000001de x10:000005c6 x15:000003e8
             7568500            7508 00000100 02d7d7b3 divu             x15, x15, x13       x15=00000064 x15:000003e8 x13:0000000a
             7570500            7510 00000104 00061363 bne              x12, x0, 6          x12:00000006
             7573500            7513 0000010a 03000693 addi             x13, x0, 48         x13=00000030
             7575500            7515 0000010e 00e35c63 bge              x6, x14, 24          x6:00000009 x14:00000001
             7577500            7517 00000126 00d70733 add              x14, x14, x13       x14=00000031 x14:00000001 x13:00000030
             7578500            7518 00000128 00e80023 sb               x14, 0(x16)         x14:00000031 x16:0001ef66  PA:0001ef66
             7580500            7520 0000012c 00180893 addi             x17, x16, 1         x17=0001ef67 x16:0001ef66
             7581500            7521 00000130 00160613 addi             x12, x12, 1         x12=00000007 x12:00000006
             7582500            7522 00000132 00078d63 beq              x15, x0, 26         x15:00000064
             7583500            7523 00000134 00c5a683 lw               x13, 12(x11)        x13=0000000a x11:0001ef6c  PA:0001ef78
             7585500            7525 00000136 01100833 add              x16, x0, x17        x16=0001ef67 x17:0001ef67
             7622500            7562 00000138 02f55733 divu             x14, x10, x15       x14=00000004 x10:000001de x15:00000064
             7624500            7564 0000013c fc1ff06f jal              x0, -64            
             7661500            7601 000000fc 02f57533 remu             x10, x10, x15       x10=0000004e x10:000001de x15:00000064
             7698500            7638 00000100 02d7d7b3 divu             x15, x15, x13       x15=0000000a x15:00000064 x13:0000000a
             7700500            7640 00000104 00061363 bne              x12, x0, 6          x12:00000007
             7703500            7643 0000010a 03000693 addi             x13, x0, 48         x13=00000030
             7705500            7645 0000010e 00e35c63 bge              x6, x14, 24          x6:00000009 x14:00000004
             7707500            7647 00000126 00d70733 add              x14, x14, x13       x14=00000034 x14:00000004 x13:00000030
             7708500            7648 00000128 00e80023 sb               x14, 0(x16)         x14:00000034 x16:0001ef67  PA:0001ef67
             7710500            7650 0000012c 00180893 addi             x17, x16, 1         x17=0001ef68 x16:0001ef67
             7711500            7651 00000130 00160613 addi             x12, x12, 1         x12=00000008 x12:00000007
             7712500            7652 00000132 00078d63 beq              x15, x0, 26         x15:0000000a
             7713500            7653 00000134 00c5a683 lw               x13, 12(x11)        x13=0000000a x11:0001ef6c  PA:0001ef78
             7715500            7655 00000136 01100833 add              x16, x0, x17        x16=0001ef68 x17:0001ef68
             7752500            7692 00000138 02f55733 divu             x14, x10, x15       x14=00000007 x10:0000004e x15:0000000a
             7754500            7694 0000013c fc1ff06f jal              x0, -64            
             7791500            7731 000000fc 02f57533 remu             x10, x10, x15       x10=00000008 x10:0000004e x15:0000000a
             7828500            7768 00000100 02d7d7b3 divu             x15, x15, x13       x15=00000001 x15:0000000a x13:0000000a
             7830500            7770 00000104 00061363 bne              x12, x0, 6          x12:00000008
             7833500            7773 0000010a 03000693 addi             x13, x0, 48         x13=00000030
             7835500            7775 0000010e 00e35c63 bge              x6, x14, 24          x6:00000009 x14:00000007
             7837500            7777 00000126 00d70733 add              x14, x14, x13       x14=00000037 x14:00000007 x13:00000030
             7838500            7778 00000128 00e80023 sb               x14, 0(x16)         x14:00000037 x16:0001ef68  PA:0001ef68
             7840500            7780 0000012c 00180893 addi             x17, x16, 1         x17=0001ef69 x16:0001ef68
             7841500            7781 00000130 00160613 addi             x12, x12, 1         x12=00000009 x12:00000008
             7842500            7782 00000132 00078d63 beq              x15, x0, 26         x15:00000001
             7843500            7783 00000134 00c5a683 lw               x13, 12(x11)        x13=0000000a x11:0001ef6c  PA:0001ef78
             7845500            7785 00000136 01100833 add              x16, x0, x17        x16=0001ef69 x17:0001ef69
             7882500            7822 00000138 02f55733 divu             x14, x10, x15       x14=00000008 x10:00000008 x15:00000001
             7884500            7824 0000013c fc1ff06f jal              x0, -64            
             7921500            7861 000000fc 02f57533 remu             x10, x10, x15       x10=00000000 x10:00000008 x15:00000001
             7958500            7898 00000100 02d7d7b3 divu             x15, x15, x13       x15=00000000 x15:00000001 x13:0000000a
             7960500            7900 00000104 00061363 bne              x12, x0, 6          x12:00000009
             7963500            7903 0000010a 03000693 addi             x13, x0, 48         x13=00000030
             7965500            7905 0000010e 00e35c63 bge              x6, x14, 24          x6:00000009 x14:00000008
             7967500            7907 00000126 00d70733 add              x14, x14, x13       x14=00000038 x14:00000008 x13:00000030
             7968500            7908 00000128 00e80023 sb               x14, 0(x16)         x14:00000038 x16:0001ef69  PA:0001ef69
             7970500            7910 0000012c 00180893 addi             x17, x16, 1         x17=0001ef6a x16:0001ef69
             7971500            7911 00000130 00160613 addi             x12, x12, 1         x12=0000000a x12:00000009
             7973500            7913 00000132 00078d63 beq              x15, x0, 26         x15:00000000
             7975500            7915 0000014c 00088023 sb               x0, 0(x17)          x17:0001ef6a  PA:0001ef6a
             7978500            7918 00000150 00008067 jalr             x0, x1, 0            x1:000003a6
             7979500            7919 000003a6 01c10513 addi             x10, x2, 28         x10=0001ef6c  x2:0001ef50
             7981500            7921 000003a8 db7ff0ef jal              x1, -586             x1=000003aa
             7982500            7922 0000015e 01052583 lw               x11, 16(x10)        x11=0001ef60 x10:0001ef6c  PA:0001ef7c
             7984500            7924 00000160 00452783 lw               x15, 4(x10)         x15=00000000 x10:0001ef6c  PA:0001ef70
             7986500            7926 00000162 0005c703 lbu              x14, 0(x11)         x14=00000032 x11:0001ef60  PA:0001ef60
             7988500            7928 00000166 00158693 addi             x13, x11, 1         x13=0001ef61 x11:0001ef60
             7989500            7929 0000016a 00070b63 beq              x14, x0, 22         x14:00000032
             7991500            7931 0000016c 00f05a63 bge              x0, x15, 20         x15:00000000
             7993500            7933 00000180 00854603 lbu              x12, 8(x10)         x12=00000000 x10:0001ef6c  PA:0001ef74
             7995500            7935 00000184 00054703 lbu              x14, 0(x10)         x14=000000xX x10:0001ef6c  PA:0001ef6c
             7997500            7937 00000188 00c038b3 sltu             x17, x0, x12        x17=00000000 x12:00000000
             7998500            7938 0000018c 00277813 andi             x16, x14, 2         x16=00000000 x14:000000xX
             7999500            7939 00000190 411787b3 sub              x15, x15, x17       x15=00000000 x15:00000000 x17:00000000
             8001500            7941 00000194 00080c63 beq              x16, x0, 24         x16:00000000
             8003500            7943 000001ac 00977713 andi             x14, x14, 9         x14=00000000 x14:000000xX
             8004500            7944 000001ae 02071363 bne              x14, x0, 38         x14:00000000
             8005500            7945 000001b0 fff78713 addi             x14, x15, -1        x14=ffffffff x15:00000000
             8007500            7947 000001b4 0cf05f63 bge              x0, x15, 222        x15:00000000
             8009500            7949 00000292 00e007b3 add              x15, x0, x14        x15=ffffffff x14:ffffffff
             8011500            7951 00000294 f41ff06f jal              x0, -192           
             8013500            7953 000001d4 00060463 beq              x12, x0, 8          x12:00000000
             8015500            7955 000001dc 00054703 lbu              x14, 0(x10)         x14=000000xX x10:0001ef6c  PA:0001ef6c
             8017500            7957 000001e0 00277613 andi             x12, x14, 2         x12=00000000 x14:000000xX
             8019500            7959 000001e4 00060863 beq              x12, x0, 16         x12:00000000
             8021500            7961 000001f4 00177713 andi             x14, x14, 1         x14=00000000 x14:000000xX
             8023500            7963 000001f6 02070163 beq              x14, x0, 34         x14:00000000
             8025500            7965 00000218 0005c703 lbu              x14, 0(x11)         x14=00000032 x11:0001ef60  PA:0001ef60
             8027500            7967 0000021c 00070863 beq              x14, x0, 16         x14:00000032
             8028500            7968 0000021e 80000637 lui              x12, 0x80000000     x12=80000000
             8029500            7969 00000222 00e62223 sw               x14, 4(x12)         x14:00000032 x12:80000000  PA:80000004
             8032500            7972 00000224 00168693 addi             x13, x13, 1         x13=0001ef62 x13:0001ef61
             8033500            7973 00000226 fff6c703 lbu              x14, -1(x13)        x14=00000031 x13:0001ef62  PA:0001ef61
             8036500            7976 0000022a fe071ce3 bne              x14, x0, -8         x14:00000031
             8038500            7978 00000222 00e62223 sw               x14, 4(x12)         x14:00000031 x12:80000000  PA:80000004
             8040500            7980 00000224 00168693 addi             x13, x13, 1         x13=0001ef63 x13:0001ef62
             8041500            7981 00000226 fff6c703 lbu              x14, -1(x13)        x14=00000033 x13:0001ef63  PA:0001ef62
             8044500            7984 0000022a fe071ce3 bne              x14, x0, -8         x14:00000033
             8046500            7986 00000222 00e62223 sw               x14, 4(x12)         x14:00000033 x12:80000000  PA:80000004
             8048500            7988 00000224 00168693 addi             x13, x13, 1         x13=0001ef64 x13:0001ef63
             8049500            7989 00000226 fff6c703 lbu              x14, -1(x13)        x14=00000032 x13:0001ef64  PA:0001ef63
             8052500            7992 0000022a fe071ce3 bne              x14, x0, -8         x14:00000032
             8054500            7994 00000222 00e62223 sw               x14, 4(x12)         x14:00000032 x12:80000000  PA:80000004
             8056500            7996 00000224 00168693 addi             x13, x13, 1         x13=0001ef65 x13:0001ef64
             8057500            7997 00000226 fff6c703 lbu              x14, -1(x13)        x14=00000039 x13:0001ef65  PA:0001ef64
             8060500            8000 0000022a fe071ce3 bne              x14, x0, -8         x14:00000039
             8062500            8002 00000222 00e62223 sw               x14, 4(x12)         x14:00000039 x12:80000000  PA:80000004
             8064500            8004 00000224 00168693 addi             x13, x13, 1         x13=0001ef66 x13:0001ef65
             8065500            8005 00000226 fff6c703 lbu              x14, -1(x13)        x14=00000037 x13:0001ef66  PA:0001ef65
             8068500            8008 0000022a fe071ce3 bne              x14, x0, -8         x14:00000037
             8070500            8010 00000222 00e62223 sw               x14, 4(x12)         x14:00000037 x12:80000000  PA:80000004
             8072500            8012 00000224 00168693 addi             x13, x13, 1         x13=0001ef67 x13:0001ef66
             8073500            8013 00000226 fff6c703 lbu              x14, -1(x13)        x14=00000031 x13:0001ef67  PA:0001ef66
             8076500            8016 0000022a fe071ce3 bne              x14, x0, -8         x14:00000031
             8078500            8018 00000222 00e62223 sw               x14, 4(x12)         x14:00000031 x12:80000000  PA:80000004
             8080500            8020 00000224 00168693 addi             x13, x13, 1         x13=0001ef68 x13:0001ef67
             8081500            8021 00000226 fff6c703 lbu              x14, -1(x13)        x14=00000034 x13:0001ef68  PA:0001ef67
             8084500            8024 0000022a fe071ce3 bne              x14, x0, -8         x14:00000034
             8086500            8026 00000222 00e62223 sw               x14, 4(x12)         x14:00000034 x12:80000000  PA:80000004
             8088500            8028 00000224 00168693 addi             x13, x13, 1         x13=0001ef69 x13:0001ef68
             8089500            8029 00000226 fff6c703 lbu              x14, -1(x13)        x14=00000037 x13:0001ef69  PA:0001ef68
             8092500            8032 0000022a fe071ce3 bne              x14, x0, -8         x14:00000037
             8094500            8034 00000222 00e62223 sw               x14, 4(x12)         x14:00000037 x12:80000000  PA:80000004
             8097500            8037 00000224 00168693 addi             x13, x13, 1         x13=0001ef6a x13:0001ef69
             8098500            8038 00000226 fff6c703 lbu              x14, -1(x13)        x14=00000038 x13:0001ef6a  PA:0001ef69
             8101500            8041 0000022a fe071ce3 bne              x14, x0, -8         x14:00000038
             8103500            8043 00000222 00e62223 sw               x14, 4(x12)         x14:00000038 x12:80000000  PA:80000004
             8105500            8045 00000224 00168693 addi             x13, x13, 1         x13=0001ef6b x13:0001ef6a
             8106500            8046 00000226 fff6c703 lbu              x14, -1(x13)        x14=00000000 x13:0001ef6b  PA:0001ef6a
             8108500            8048 0000022a fe071ce3 bne              x14, x0, -8         x14:00000000
             8109500            8049 0000022c 00054703 lbu              x14, 0(x10)         x14=000000xX x10:0001ef6c  PA:0001ef6c
             8111500            8051 00000230 00800693 addi             x13, x0, 8          x13=00000008
             8112500            8052 00000232 00977713 andi             x14, x14, 9         x14=00000000 x14:000000xX
             8113500            8053 00000234 00d70363 beq              x14, x13, 6         x14:00000000 x13:00000008
             8115500            8055 00000238 00008067 jalr             x0, x1, 0            x1:000003aa
             8116500            8056 000003aa 013006b3 add              x13, x0, x19        x13=0001efc8 x19:0001efc8
             8117500            8057 000003ac 00c12603 lw               x12, 12(x2)         x12=1c01002b  x2:0001ef50  PA:0001ef5c
             8120500            8060 000003ae f09ff06f jal              x0, -248           
             8122500            8062 000002b6 00064783 lbu              x15, 0(x12)         x15=0000000a x12:1c01002b  PA:1c01002b
             8124500            8064 000002ba 00160613 addi             x12, x12, 1         x12=1c01002c x12:1c01002b
             8125500            8065 000002bc 00078c63 beq              x15, x0, 24         x15:0000000a
             8126500            8066 000002be 02500713 addi             x14, x0, 37         x14=00000025
             8128500            8068 000002c2 02e78063 beq              x15, x14, 32        x15:0000000a x14:00000025
             8129500            8069 000002c6 80000737 lui              x14, 0x80000000     x14=80000000
             8130500            8070 000002ca 00f72223 sw               x15, 4(x14)         x15:0000000a x14:80000000  PA:80000004
             8132500            8072 000002cc 00064783 lbu              x15, 0(x12)         x15=00000000 x12:1c01002c  PA:1c01002c
             8134500            8074 000002d0 00160613 addi             x12, x12, 1         x12=1c01002d x12:1c01002c
             8135500            8075 000002d2 fe0796e3 bne              x15, x0, -20        x15:00000000
             8136500            8076 000002d4 04c12083 lw               x1, 76(x2)           x1=0000051a  x2:0001ef50  PA:0001ef9c
             8138500            8078 000002d6 04812403 lw               x8, 72(x2)           x8=1c010660  x2:0001ef50  PA:0001ef98
             8140500            8080 000002d8 04412483 lw               x9, 68(x2)           x9=1c010450  x2:0001ef50  PA:0001ef94
             8142500            8082 000002da 04012903 lw               x18, 64(x2)         x18=1c010240  x2:0001ef50  PA:0001ef90
             8144500            8084 000002dc 03c12983 lw               x19, 60(x2)         x19=00000000  x2:0001ef50  PA:0001ef8c
             8146500            8086 000002de 05010113 addi             x2, x2, 80           x2=0001efa0  x2:0001ef50
             8148500            8088 000002e0 00008067 jalr             x0, x1, 0            x1:0000051a
             8149500            8089 0000051a 01c12083 lw               x1, 28(x2)           x1=00000628  x2:0001efa0  PA:0001efbc
             8151500            8091 0000051c 04010113 addi             x2, x2, 64           x2=0001efe0  x2:0001efa0
             8153500            8093 0000051e 00008067 jalr             x0, x1, 0            x1:00000628
             8154500            8094 00000628 00c12703 lw               x14, 12(x2)         x14=00000000  x2:0001efe0  PA:0001efec
             8156500            8096 0000062a 01c12083 lw               x1, 28(x2)           x1=000000c4  x2:0001efe0  PA:0001effc
             8158500            8098 0000062c 01812403 lw               x8, 24(x2)           x8=00000000  x2:0001efe0  PA:0001eff8
             8160500            8100 0000062e 800007b7 lui              x15, 0x80000000     x15=80000000
             8161500            8101 00000632 00e7a023 sw               x14, 0(x15)         x14:00000000 x15:80000000  PA:80000000
             8163500            8103 00000634 00c12503 lw               x10, 12(x2)         x10=00000000  x2:0001efe0  PA:0001efec
             8165500            8105 00000636 01412483 lw               x9, 20(x2)           x9=00000000  x2:0001efe0  PA:0001eff4
             8167500            8107 00000638 01012903 lw               x18, 16(x2)         x18=00000000  x2:0001efe0  PA:0001eff0
             8169500            8109 0000063a 02010113 addi             x2, x2, 32           x2=0001f000  x2:0001efe0
             8171500            8111 0000063c 00008067 jalr             x0, x1, 0            x1:000000c4
             8172500            8112 000000c4 00a00433 add              x8, x0, x10          x8=00000000 x10:00000000
             8173500            8113 000000c6 00800533 add              x10, x0, x8         x10=00000000  x8:00000000
             8174500            8114 000000c8 10500073 wfi                                 
