                Time          Cycles PC       Instr    Mnemonic
               65500               5 00000080 0040006f jal              x0, 4              
               66500               6 00000084 f1402573 csrrs            x10, x0, 0xf14      x10=00000000
               67500               7 00000088 01f57593 andi             x11, x10, 31        x11=00000000 x10:00000000
               68500               8 0000008c 00555513 srli             x10, x10, 0x5       x10=00000000 x10:00000000
               69500               9 0000008e 00010297 auipc            x5, 0x10000          x5=0001008e
               70500              10 00000092 03628293 addi             x5, x5, 54           x5=000100c4  x5:0001008e
               71500              11 00000096 00010317 auipc            x6, 0x10000          x6=00010096
               72500              12 0000009a 03630313 addi             x6, x6, 54           x6=000100cc  x6:00010096
               73500              13 0000009e 0002a023 sw               x0, 0(x5)            x5:000100c4  PA:000100c4
               75500              15 000000a2 00428293 addi             x5, x5, 4            x5=000100c8  x5:000100c4
               77500              17 000000a4 fe62ede3 bltu             x5, x6, -6           x5:000100c8  x6:000100cc
               80500              20 0000009e 0002a023 sw               x0, 0(x5)            x5:000100c8  PA:000100c8
               82500              22 000000a2 00428293 addi             x5, x5, 4            x5=000100cc  x5:000100c8
               83500              23 000000a4 fe62ede3 bltu             x5, x6, -6           x5:000100cc  x6:000100cc
               84500              24 000000a8 0001f117 auipc            x2, 0x1f000          x2=0001f0a8
               85500              25 000000ac f5810113 addi             x2, x2, -168         x2=0001f000  x2:0001f0a8
               86500              26 000000b0 00000513 addi             x10, x0, 0          x10=00000000
               87500              27 000000b4 00000593 addi             x11, x0, 0          x11=00000000
               88500              28 000000b8 00000397 auipc            x7, 0x0              x7=000000b8
               89500              29 000000bc 46838393 addi             x7, x7, 1128         x7=00000520  x7:000000b8
               91500              31 000000c0 000380e7 jalr             x1, x7, 0            x1=000000c4  x7:00000520
               92500              32 00000520 fe010113 addi             x2, x2, -32          x2=0001efe0  x2:0001f000
               93500              33 00000522 00012623 sw               x0, 12(x2)           x2:0001efe0  PA:0001efec
               95500              35 00000524 001007b7 lui              x15, 0x100000       x15=00100000
               96500              36 00000528 0047a783 lw               x15, 4(x15)         x15=00000000 x15:00100000  PA:00100004
               98500              38 0000052a 00112e23 sw               x1, 28(x2)           x1:000000c4  x2:0001efe0  PA:0001effc
              100500              40 0000052c 00812c23 sw               x8, 24(x2)           x8:00000000  x2:0001efe0  PA:0001eff8
              102500              42 0000052e 0007c063 blt              x15, x0, 0          x15:00000000
              103500              43 00000532 001007b7 lui              x15, 0x100000       x15=00100000
              104500              44 00000536 00010737 lui              x14, 0x10000        x14=00010000
              105500              45 00000538 02e7aa23 sw               x14, 52(x15)        x14:00010000 x15:00100000  PA:00100034
              107500              47 0000053a 00233737 lui              x14, 0x233000       x14=00233000
              108500              48 0000053e c0570713 addi             x14, x14, -1019     x14=00232c05 x14:00233000
              109500              49 00000542 02e7a023 sw               x14, 32(x15)        x14:00232c05 x15:00100000  PA:00100020
              111500              51 00000544 1c010737 lui              x14, 0x1c010000     x14=1c010000
              112500              52 00000548 07070713 addi             x14, x14, 112       x14=1c010070 x14:1c010000
              113500              53 0000054c 04e7a023 sw               x14, 64(x15)        x14:1c010070 x15:00100000  PA:00100040
              115500              55 0000054e 00100713 addi             x14, x0, 1          x14=00000001
              116500              56 00000550 04e7a823 sw               x14, 80(x15)        x14:00000001 x15:00100000  PA:00100050
              118500              58 00000552 1c010437 lui              x8, 0x1c010000       x8=1c010000
              119500              59 00000556 00800713 addi             x14, x0, 8          x14=00000008
              120500              60 00000558 0a040413 addi             x8, x8, 160          x8=1c0100a0  x8:1c010000
              121500              61 0000055c 04e7aa23 sw               x14, 84(x15)        x14:00000008 x15:00100000  PA:00100054
              123500              63 0000055e 02400713 addi             x14, x0, 36         x14=00000024
              124500              64 00000562 0207ac23 sw               x0, 56(x15)         x15:00100000  PA:00100038
              126500              66 00000566 0207a823 sw               x0, 48(x15)         x15:00100000  PA:00100030
              128500              68 0000056a 0207a623 sw               x0, 44(x15)         x15:00100000  PA:0010002c
              130500              70 0000056e 0207a423 sw               x0, 40(x15)         x15:00100000  PA:00100028
              132500              72 00000572 0207a223 sw               x0, 36(x15)         x15:00100000  PA:00100024
              134500              74 00000576 0487a623 sw               x8, 76(x15)          x8:1c0100a0 x15:00100000  PA:0010004c
              136500              76 00000578 04e7ae23 sw               x14, 92(x15)        x14:00000024 x15:00100000  PA:0010005c
              138500              78 0000057a 0007a023 sw               x0, 0(x15)          x15:00100000  PA:00100000
              140500              80 0000057e 10500073 wfi                                 
              190500             130 00000582 000067b7 lui              x15, 0x6000         x15=00006000
              191500             131 00000584 00042583 lw               x11, 0(x8)          x11=000065ec  x8:1c0100a0  PA:1c0100a0
              193500             133 00000586 5ec78793 addi             x15, x15, 1516      x15=000065ec x15:00006000
              196500             136 0000058a 00f58563 beq              x11, x15, 10        x11:000065ec x15:000065ec
              198500             138 00000594 00fe37b7 lui              x15, 0xfe3000       x15=00fe3000
              199500             139 00000598 00442703 lw               x14, 4(x8)          x14=00fe295c  x8:1c0100a0  PA:1c0100a4
              201500             141 0000059a 95c78793 addi             x15, x15, -1700     x15=00fe295c x15:00fe3000
              203500             143 0000059e 00f70563 beq              x14, x15, 10        x14:00fe295c x15:00fe295c
              205500             145 000005a8 000197b7 lui              x15, 0x19000        x15=00019000
              206500             146 000005aa 00842703 lw               x14, 8(x8)          x14=0001918d  x8:1c0100a0  PA:1c0100a8
              208500             148 000005ac 18d78793 addi             x15, x15, 397       x15=0001918d x15:00019000
              210500             150 000005b0 00f70563 beq              x14, x15, 10        x14:0001918d x15:0001918d
              213500             153 000005ba 00fe37b7 lui              x15, 0xfe3000       x15=00fe3000
              214500             154 000005be 00c42703 lw               x14, 12(x8)         x14=00fe295c  x8:1c0100a0  PA:1c0100ac
              216500             156 000005c0 95c78793 addi             x15, x15, -1700     x15=00fe295c x15:00fe3000
              218500             158 000005c4 00f70563 beq              x14, x15, 10        x14:00fe295c x15:00fe295c
              221500             161 000005ce 000ae7b7 lui              x15, 0xae000        x15=000ae000
              222500             162 000005d2 01042703 lw               x14, 16(x8)         x14=000ad944  x8:1c0100a0  PA:1c0100b0
              224500             164 000005d4 94478793 addi             x15, x15, -1724     x15=000ad944 x15:000ae000
              226500             166 000005d8 00f70563 beq              x14, x15, 10        x14:000ad944 x15:000ad944
              229500             169 000005e2 00f597b7 lui              x15, 0xf59000       x15=00f59000
              230500             170 000005e6 01442703 lw               x14, 20(x8)         x14=00f588c6  x8:1c0100a0  PA:1c0100b4
              232500             172 000005e8 8c678793 addi             x15, x15, -1850     x15=00f588c6 x15:00f59000
              234500             174 000005ec 00f70563 beq              x14, x15, 10        x14:00f588c6 x15:00f588c6
              236500             176 000005f6 000197b7 lui              x15, 0x19000        x15=00019000
              237500             177 000005f8 01842703 lw               x14, 24(x8)         x14=0001918d  x8:1c0100a0  PA:1c0100b8
              239500             179 000005fa 18d78793 addi             x15, x15, 397       x15=0001918d x15:00019000
              241500             181 000005fe 00f70563 beq              x14, x15, 10        x14:0001918d x15:0001918d
              243500             183 00000608 00f597b7 lui              x15, 0xf59000       x15=00f59000
              244500             184 0000060c 01c42703 lw               x14, 28(x8)         x14=00f588c6  x8:1c0100a0  PA:1c0100bc
              246500             186 0000060e 8c678793 addi             x15, x15, -1850     x15=00f588c6 x15:00f59000
              248500             188 00000612 00f70b63 beq              x14, x15, 22        x14:00f588c6 x15:00f588c6
              250500             190 00000628 00c12783 lw               x15, 12(x2)         x15=00000000  x2:0001efe0  PA:0001efec
              252500             192 0000062a 00178793 addi             x15, x15, 1         x15=00000001 x15:00000000
              253500             193 0000062c 00f12623 sw               x15, 12(x2)         x15:00000001  x2:0001efe0  PA:0001efec
              255500             195 0000062e 1c010537 lui              x10, 0x1c010000     x10=1c010000
              257500             197 00000632 00050513 addi             x10, x10, 0         x10=1c010000 x10:1c010000
              259500             199 00000636 eb7ff0ef jal              x1, -330             x1=00000638
              260500             200 000004ec fc010113 addi             x2, x2, -64          x2=0001efa0  x2:0001efe0
              261500             201 000004ee 02c12423 sw               x12, 40(x2)         x12:00000000  x2:0001efa0  PA:0001efc8
              263500             203 000004f0 1c010637 lui              x12, 0x1c010000     x12=1c010000
              264500             204 000004f4 02b12223 sw               x11, 36(x2)         x11:000065ec  x2:0001efa0  PA:0001efc4
              266500             206 000004f6 0c462583 lw               x11, 196(x12)       x11=000bc151 x12:1c010000  PA:1c0100c4
              268500             208 000004fa 00a00633 add              x12, x0, x10        x12=1c010000 x10:1c010000
              269500             209 000004fc 1c010537 lui              x10, 0x1c010000     x10=1c010000
              270500             210 00000500 02410313 addi             x6, x2, 36           x6=0001efc4  x2:0001efa0
              271500             211 00000504 0c852503 lw               x10, 200(x10)       x10=00000000 x10:1c010000  PA:1c0100c8
              273500             213 00000508 02d12623 sw               x13, 44(x2)         x13:00000000  x2:0001efa0  PA:0001efcc
              275500             215 0000050a 006006b3 add              x13, x0, x6         x13=0001efc4  x6:0001efc4
              276500             216 0000050c 00112e23 sw               x1, 28(x2)           x1:00000638  x2:0001efa0  PA:0001efbc
              278500             218 0000050e 02e12823 sw               x14, 48(x2)         x14:00f588c6  x2:0001efa0  PA:0001efd0
              280500             220 00000510 02f12a23 sw               x15, 52(x2)         x15:00000001  x2:0001efa0  PA:0001efd4
              282500             222 00000512 03012c23 sw               x16, 56(x2)         x16:00000000  x2:0001efa0  PA:0001efd8
              284500             224 00000514 03112e23 sw               x17, 60(x2)         x17:00000000  x2:0001efa0  PA:0001efdc
              286500             226 00000516 00612623 sw               x6, 12(x2)           x6:0001efc4  x2:0001efa0  PA:0001efac
              289500             229 00000518 d83ff0ef jal              x1, -638             x1=0000051a
              290500             230 0000029a fb010113 addi             x2, x2, -80          x2=0001ef50  x2:0001efa0
              291500             231 0000029c 01010793 addi             x15, x2, 16         x15=0001ef60  x2:0001ef50
              292500             232 0000029e 04812423 sw               x8, 72(x2)           x8:1c0100a0  x2:0001ef50  PA:0001ef98
              294500             234 000002a0 04912223 sw               x9, 68(x2)           x9:00000000  x2:0001ef50  PA:0001ef94
              296500             236 000002a2 05212023 sw               x18, 64(x2)         x18:00000000  x2:0001ef50  PA:0001ef90
              298500             238 000002a4 04112623 sw               x1, 76(x2)           x1:0000051a  x2:0001ef50  PA:0001ef9c
              300500             240 000002a6 03312e23 sw               x19, 60(x2)         x19:00000000  x2:0001ef50  PA:0001ef8c
              302500             242 000002a8 02f12623 sw               x15, 44(x2)         x15:0001ef60  x2:0001ef50  PA:0001ef7c
              304500             244 000002aa 02d00413 addi             x8, x0, 45           x8=0000002d
              305500             245 000002ae 03000493 addi             x9, x0, 48           x9=00000030
              307500             247 000002b2 02300913 addi             x18, x0, 35         x18=00000023
              308500             248 000002b6 00064783 lbu              x15, 0(x12)         x15=00000064 x12:1c010000  PA:1c010000
              310500             250 000002ba 00160613 addi             x12, x12, 1         x12=1c010001 x12:1c010000
              311500             251 000002bc 00078c63 beq              x15, x0, 24         x15:00000064
              312500             252 000002be 02500713 addi             x14, x0, 37         x14=00000025
              314500             254 000002c2 02e78063 beq              x15, x14, 32        x15:00000064 x14:00000025
              315500             255 000002c6 80000737 lui              x14, 0x80000000     x14=80000000
              316500             256 000002ca 00f72223 sw               x15, 4(x14)         x15:00000064 x14:80000000  PA:80000004
              318500             258 000002cc 00064783 lbu              x15, 0(x12)         x15=0000005b x12:1c010001  PA:1c010001
              320500             260 000002d0 00160613 addi             x12, x12, 1         x12=1c010002 x12:1c010001
              322500             262 000002d2 fe0796e3 bne              x15, x0, -20        x15:0000005b
              325500             265 000002be 02500713 addi             x14, x0, 37         x14=00000025
              326500             266 000002c2 02e78063 beq              x15, x14, 32        x15:0000005b x14:00000025
              327500             267 000002c6 80000737 lui              x14, 0x80000000     x14=80000000
              328500             268 000002ca 00f72223 sw               x15, 4(x14)         x15:0000005b x14:80000000  PA:80000004
              330500             270 000002cc 00064783 lbu              x15, 0(x12)         x15=00000030 x12:1c010002  PA:1c010002
              332500             272 000002d0 00160613 addi             x12, x12, 1         x12=1c010003 x12:1c010002
              334500             274 000002d2 fe0796e3 bne              x15, x0, -20        x15:00000030
              337500             277 000002be 02500713 addi             x14, x0, 37         x14=00000025
              338500             278 000002c2 02e78063 beq              x15, x14, 32        x15:00000030 x14:00000025
              339500             279 000002c6 80000737 lui              x14, 0x80000000     x14=80000000
              340500             280 000002ca 00f72223 sw               x15, 4(x14)         x15:00000030 x14:80000000  PA:80000004
              342500             282 000002cc 00064783 lbu              x15, 0(x12)         x15=0000005d x12:1c010003  PA:1c010003
              344500             284 000002d0 00160613 addi             x12, x12, 1         x12=1c010004 x12:1c010003
              346500             286 000002d2 fe0796e3 bne              x15, x0, -20        x15:0000005d
              349500             289 000002be 02500713 addi             x14, x0, 37         x14=00000025
              350500             290 000002c2 02e78063 beq              x15, x14, 32        x15:0000005d x14:00000025
              351500             291 000002c6 80000737 lui              x14, 0x80000000     x14=80000000
              352500             292 000002ca 00f72223 sw               x15, 4(x14)         x15:0000005d x14:80000000  PA:80000004
              354500             294 000002cc 00064783 lbu              x15, 0(x12)         x15=0000003d x12:1c010004  PA:1c010004
              356500             296 000002d0 00160613 addi             x12, x12, 1         x12=1c010005 x12:1c010004
              358500             298 000002d2 fe0796e3 bne              x15, x0, -20        x15:0000003d
              361500             301 000002be 02500713 addi             x14, x0, 37         x14=00000025
              362500             302 000002c2 02e78063 beq              x15, x14, 32        x15:0000003d x14:00000025
              363500             303 000002c6 80000737 lui              x14, 0x80000000     x14=80000000
              364500             304 000002ca 00f72223 sw               x15, 4(x14)         x15:0000003d x14:80000000  PA:80000004
              366500             306 000002cc 00064783 lbu              x15, 0(x12)         x15=00000025 x12:1c010005  PA:1c010005
              368500             308 000002d0 00160613 addi             x12, x12, 1         x12=1c010006 x12:1c010005
              370500             310 000002d2 fe0796e3 bne              x15, x0, -20        x15:00000025
              373500             313 000002be 02500713 addi             x14, x0, 37         x14=00000025
              375500             315 000002c2 02e78063 beq              x15, x14, 32        x15:00000025 x14:00000025
              378500             318 000002e2 01c14783 lbu              x15, 28(x2)         x15=000000xx  x2:0001ef50  PA:0001ef6c
              380500             320 000002e6 02012023 sw               x0, 32(x2)           x2:0001ef50  PA:0001ef70
              382500             322 000002e8 ff47f793 andi             x15, x15, -12       x15=000000xX x15:000000xx
              383500             323 000002ea 00f10e23 sb               x15, 28(x2)         x15:000000xX  x2:0001ef50  PA:0001ef6c
              385500             325 000002ee 02010223 sb               x0, 36(x2)           x2:0001ef50  PA:0001ef74
              387500             327 000002f2 00000813 addi             x16, x0, 0          x16=00000000
              388500             328 000002f4 00000593 addi             x11, x0, 0          x11=00000000
              389500             329 000002f6 00000893 addi             x17, x0, 0          x17=00000000
              390500             330 000002f8 00000713 addi             x14, x0, 0          x14=00000000
              391500             331 000002fa 00000513 addi             x10, x0, 0          x10=00000000
              392500             332 000002fc 00160613 addi             x12, x12, 1         x12=1c010007 x12:1c010006
              393500             333 000002fe fff64783 lbu              x15, -1(x12)        x15=00000064 x12:1c010007  PA:1c010006
              395500             335 00000302 fc0789e3 beq              x15, x0, -46        x15:00000064
              396500             336 00000304 0a878663 beq              x15, x8, 172        x15:00000064  x8:0000002d
              397500             337 00000308 0a978a63 beq              x15, x9, 180        x15:00000064  x9:00000030
              398500             338 0000030c 0b278563 beq              x15, x18, 170       x15:00000064 x18:00000023
              399500             339 00000310 0a071863 bne              x14, x0, 176        x14:00000000
              401500             341 00000312 00088863 beq              x17, x0, 16         x17:00000000
              405500             345 00000322 00080963 beq              x16, x0, 18         x16:00000000
              407500             347 00000334 fd078593 addi             x11, x15, -48       x11=00000034 x15:00000064
              408500             348 00000338 0ff5f513 andi             x10, x11, 255       x10=00000034 x11:00000034
              409500             349 0000033c 00900713 addi             x14, x0, 9          x14=00000009
              410500             350 0000033e 08a77963 bgeu             x14, x10, 146       x14:00000009 x10:00000034
              411500             351 00000342 02e00713 addi             x14, x0, 46         x14=0000002e
              412500             352 00000346 0ee78263 beq              x15, x14, 228       x15:00000064 x14:0000002e
              413500             353 0000034a 06900713 addi             x14, x0, 105        x14=00000069
              414500             354 0000034e 16e78963 beq              x15, x14, 370       x15:00000064 x14:00000069
              416500             356 00000352 0ef77d63 bgeu             x14, x15, 250       x14:00000069 x15:00000064
              418500             358 0000044c 05800713 addi             x14, x0, 88         x14=00000058
              419500             359 00000450 f2e787e3 beq              x15, x14, -210      x15:00000064 x14:00000058
              420500             360 00000454 02f77863 bgeu             x14, x15, 48        x14:00000058 x15:00000064
              421500             361 00000458 06300713 addi             x14, x0, 99         x14=00000063
              423500             363 0000045c 04e79e63 bne              x15, x14, 92        x15:00000064 x14:00000063
              425500             365 000004b8 06400713 addi             x14, x0, 100        x14=00000064
              426500             366 000004bc dee79de3 bne              x15, x14, -518      x15:00000064 x14:00000064
              427500             367 000004c0 00a00793 addi             x15, x0, 10         x15=0000000a
              428500             368 000004c2 0006a503 lw               x10, 0(x13)         x10=000065ec x13:0001efc4  PA:0001efc4
              430500             370 000004c4 02f12423 sw               x15, 40(x2)         x15:0000000a  x2:0001ef50  PA:0001ef78
              432500             372 000004c6 00468993 addi             x19, x13, 4         x19=0001efc8 x13:0001efc4
              433500             373 000004ca 00054463 blt              x10, x0, 8          x10:000065ec
              434500             374 000004ce 01c10593 addi             x11, x2, 28         x11=0001ef6c  x2:0001ef50
              436500             376 000004d0 ed3ff06f jal              x0, -302           
              437500             377 000003a2 00c12623 sw               x12, 12(x2)         x12:1c010007  x2:0001ef50  PA:0001ef5c
              440500             380 000003a4 d3bff0ef jal              x1, -710             x1=000003a6
              441500             381 000000de 00c5a683 lw               x13, 12(x11)        x13=0000000a x11:0001ef6c  PA:0001ef78
              443500             383 000000e0 0105a803 lw               x16, 16(x11)        x16=0001ef60 x11:0001ef6c  PA:0001ef7c
              445500             385 000000e4 00100793 addi             x15, x0, 1          x15=00000001
              446500             386 000000e6 06d56a63 bltu             x10, x13, 116       x10:000065ec x13:0000000a
              449500             389 000000ea 02d787b3 mul              x15, x15, x13       x15=0000000a x15:00000001 x13:0000000a
              486500             426 000000ee 02f55733 divu             x14, x10, x15       x14=00000a31 x10:000065ec x15:0000000a
              488500             428 000000f2 fed77ce3 bgeu             x14, x13, -8        x14:00000a31 x13:0000000a
              493500             433 000000ea 02d787b3 mul              x15, x15, x13       x15=00000064 x15:0000000a x13:0000000a
              530500             470 000000ee 02f55733 divu             x14, x10, x15       x14=00000104 x10:000065ec x15:00000064
              532500             472 000000f2 fed77ce3 bgeu             x14, x13, -8        x14:00000104 x13:0000000a
              537500             477 000000ea 02d787b3 mul              x15, x15, x13       x15=000003e8 x15:00000064 x13:0000000a
              574500             514 000000ee 02f55733 divu             x14, x10, x15       x14=0000001a x10:000065ec x15:000003e8
              576500             516 000000f2 fed77ce3 bgeu             x14, x13, -8        x14:0000001a x13:0000000a
              581500             521 000000ea 02d787b3 mul              x15, x15, x13       x15=00002710 x15:000003e8 x13:0000000a
              618500             558 000000ee 02f55733 divu             x14, x10, x15       x14=00000002 x10:000065ec x15:00002710
              619500             559 000000f2 fed77ce3 bgeu             x14, x13, -8        x14:00000002 x13:0000000a
              620500             560 000000f6 04078e63 beq              x15, x0, 92         x15:00002710
              621500             561 000000f8 00000613 addi             x12, x0, 0          x12=00000000
              622500             562 000000fa 00900313 addi             x6, x0, 9            x6=00000009
              659500             599 000000fc 02f57533 remu             x10, x10, x15       x10=000017cc x10:000065ec x15:00002710
              696500             636 00000100 02d7d7b3 divu             x15, x15, x13       x15=000003e8 x15:00002710 x13:0000000a
              697500             637 00000104 00061363 bne              x12, x0, 6          x12:00000000
              698500             638 00000106 02e05c63 bge              x0, x14, 56         x14:00000002
              700500             640 0000010a 03000693 addi             x13, x0, 48         x13=00000030
              702500             642 0000010e 00e35c63 bge              x6, x14, 24          x6:00000009 x14:00000002
              704500             644 00000126 00d70733 add              x14, x14, x13       x14=00000032 x14:00000002 x13:00000030
              705500             645 00000128 00e80023 sb               x14, 0(x16)         x14:00000032 x16:0001ef60  PA:0001ef60
              707500             647 0000012c 00180893 addi             x17, x16, 1         x17=0001ef61 x16:0001ef60
              708500             648 00000130 00160613 addi             x12, x12, 1         x12=00000001 x12:00000000
              709500             649 00000132 00078d63 beq              x15, x0, 26         x15:000003e8
              710500             650 00000134 00c5a683 lw               x13, 12(x11)        x13=0000000a x11:0001ef6c  PA:0001ef78
              712500             652 00000136 01100833 add              x16, x0, x17        x16=0001ef61 x17:0001ef61
              749500             689 00000138 02f55733 divu             x14, x10, x15       x14=00000006 x10:000017cc x15:000003e8
              751500             691 0000013c fc1ff06f jal              x0, -64            
              788500             728 000000fc 02f57533 remu             x10, x10, x15       x10=0000005c x10:000017cc x15:000003e8
              825500             765 00000100 02d7d7b3 divu             x15, x15, x13       x15=00000064 x15:000003e8 x13:0000000a
              827500             767 00000104 00061363 bne              x12, x0, 6          x12:00000001
              830500             770 0000010a 03000693 addi             x13, x0, 48         x13=00000030
              832500             772 0000010e 00e35c63 bge              x6, x14, 24          x6:00000009 x14:00000006
              834500             774 00000126 00d70733 add              x14, x14, x13       x14=00000036 x14:00000006 x13:00000030
              835500             775 00000128 00e80023 sb               x14, 0(x16)         x14:00000036 x16:0001ef61  PA:0001ef61
              837500             777 0000012c 00180893 addi             x17, x16, 1         x17=0001ef62 x16:0001ef61
              838500             778 00000130 00160613 addi             x12, x12, 1         x12=00000002 x12:00000001
              839500             779 00000132 00078d63 beq              x15, x0, 26         x15:00000064
              840500             780 00000134 00c5a683 lw               x13, 12(x11)        x13=0000000a x11:0001ef6c  PA:0001ef78
              842500             782 00000136 01100833 add              x16, x0, x17        x16=0001ef62 x17:0001ef62
              879500             819 00000138 02f55733 divu             x14, x10, x15       x14=00000000 x10:0000005c x15:00000064
              881500             821 0000013c fc1ff06f jal              x0, -64            
              918500             858 000000fc 02f57533 remu             x10, x10, x15       x10=0000005c x10:0000005c x15:00000064
              955500             895 00000100 02d7d7b3 divu             x15, x15, x13       x15=0000000a x15:00000064 x13:0000000a
              957500             897 00000104 00061363 bne              x12, x0, 6          x12:00000002
              960500             900 0000010a 03000693 addi             x13, x0, 48         x13=00000030
              962500             902 0000010e 00e35c63 bge              x6, x14, 24          x6:00000009 x14:00000000
              964500             904 00000126 00d70733 add              x14, x14, x13       x14=00000030 x14:00000000 x13:00000030
              965500             905 00000128 00e80023 sb               x14, 0(x16)         x14:00000030 x16:0001ef62  PA:0001ef62
              967500             907 0000012c 00180893 addi             x17, x16, 1         x17=0001ef63 x16:0001ef62
              968500             908 00000130 00160613 addi             x12, x12, 1         x12=00000003 x12:00000002
              969500             909 00000132 00078d63 beq              x15, x0, 26         x15:0000000a
              970500             910 00000134 00c5a683 lw               x13, 12(x11)        x13=0000000a x11:0001ef6c  PA:0001ef78
              972500             912 00000136 01100833 add              x16, x0, x17        x16=0001ef63 x17:0001ef63
             1009500             949 00000138 02f55733 divu             x14, x10, x15       x14=00000009 x10:0000005c x15:0000000a
             1011500             951 0000013c fc1ff06f jal              x0, -64            
             1048500             988 000000fc 02f57533 remu             x10, x10, x15       x10=00000002 x10:0000005c x15:0000000a
             1085500            1025 00000100 02d7d7b3 divu             x15, x15, x13       x15=00000001 x15:0000000a x13:0000000a
             1087500            1027 00000104 00061363 bne              x12, x0, 6          x12:00000003
             1090500            1030 0000010a 03000693 addi             x13, x0, 48         x13=00000030
             1092500            1032 0000010e 00e35c63 bge              x6, x14, 24          x6:00000009 x14:00000009
             1094500            1034 00000126 00d70733 add              x14, x14, x13       x14=00000039 x14:00000009 x13:00000030
             1095500            1035 00000128 00e80023 sb               x14, 0(x16)         x14:00000039 x16:0001ef63  PA:0001ef63
             1097500            1037 0000012c 00180893 addi             x17, x16, 1         x17=0001ef64 x16:0001ef63
             1098500            1038 00000130 00160613 addi             x12, x12, 1         x12=00000004 x12:00000003
             1099500            1039 00000132 00078d63 beq              x15, x0, 26         x15:00000001
             1100500            1040 00000134 00c5a683 lw               x13, 12(x11)        x13=0000000a x11:0001ef6c  PA:0001ef78
             1102500            1042 00000136 01100833 add              x16, x0, x17        x16=0001ef64 x17:0001ef64
             1139500            1079 00000138 02f55733 divu             x14, x10, x15       x14=00000002 x10:00000002 x15:00000001
             1141500            1081 0000013c fc1ff06f jal              x0, -64            
             1178500            1118 000000fc 02f57533 remu             x10, x10, x15       x10=00000000 x10:00000002 x15:00000001
             1215500            1155 00000100 02d7d7b3 divu             x15, x15, x13       x15=00000000 x15:00000001 x13:0000000a
             1217500            1157 00000104 00061363 bne              x12, x0, 6          x12:00000004
             1220500            1160 0000010a 03000693 addi             x13, x0, 48         x13=00000030
             1222500            1162 0000010e 00e35c63 bge              x6, x14, 24          x6:00000009 x14:00000002
             1224500            1164 00000126 00d70733 add              x14, x14, x13       x14=00000032 x14:00000002 x13:00000030
             1225500            1165 00000128 00e80023 sb               x14, 0(x16)         x14:00000032 x16:0001ef64  PA:0001ef64
             1227500            1167 0000012c 00180893 addi             x17, x16, 1         x17=0001ef65 x16:0001ef64
             1228500            1168 00000130 00160613 addi             x12, x12, 1         x12=00000005 x12:00000004
             1230500            1170 00000132 00078d63 beq              x15, x0, 26         x15:00000000
             1232500            1172 0000014c 00088023 sb               x0, 0(x17)          x17:0001ef65  PA:0001ef65
             1235500            1175 00000150 00008067 jalr             x0, x1, 0            x1:000003a6
             1236500            1176 000003a6 01c10513 addi             x10, x2, 28         x10=0001ef6c  x2:0001ef50
             1238500            1178 000003a8 db7ff0ef jal              x1, -586             x1=000003aa
             1239500            1179 0000015e 01052583 lw               x11, 16(x10)        x11=0001ef60 x10:0001ef6c  PA:0001ef7c
             1241500            1181 00000160 00452783 lw               x15, 4(x10)         x15=00000000 x10:0001ef6c  PA:0001ef70
             1243500            1183 00000162 0005c703 lbu              x14, 0(x11)         x14=00000032 x11:0001ef60  PA:0001ef60
             1245500            1185 00000166 00158693 addi             x13, x11, 1         x13=0001ef61 x11:0001ef60
             1246500            1186 0000016a 00070b63 beq              x14, x0, 22         x14:00000032
             1248500            1188 0000016c 00f05a63 bge              x0, x15, 20         x15:00000000
             1250500            1190 00000180 00854603 lbu              x12, 8(x10)         x12=00000000 x10:0001ef6c  PA:0001ef74
             1252500            1192 00000184 00054703 lbu              x14, 0(x10)         x14=000000xX x10:0001ef6c  PA:0001ef6c
             1254500            1194 00000188 00c038b3 sltu             x17, x0, x12        x17=00000000 x12:00000000
             1255500            1195 0000018c 00277813 andi             x16, x14, 2         x16=00000000 x14:000000xX
             1256500            1196 00000190 411787b3 sub              x15, x15, x17       x15=00000000 x15:00000000 x17:00000000
             1258500            1198 00000194 00080c63 beq              x16, x0, 24         x16:00000000
             1260500            1200 000001ac 00977713 andi             x14, x14, 9         x14=00000000 x14:000000xX
             1261500            1201 000001ae 02071363 bne              x14, x0, 38         x14:00000000
             1262500            1202 000001b0 fff78713 addi             x14, x15, -1        x14=ffffffff x15:00000000
             1264500            1204 000001b4 0cf05f63 bge              x0, x15, 222        x15:00000000
             1266500            1206 00000292 00e007b3 add              x15, x0, x14        x15=ffffffff x14:ffffffff
             1268500            1208 00000294 f41ff06f jal              x0, -192           
             1270500            1210 000001d4 00060463 beq              x12, x0, 8          x12:00000000
             1272500            1212 000001dc 00054703 lbu              x14, 0(x10)         x14=000000xX x10:0001ef6c  PA:0001ef6c
             1274500            1214 000001e0 00277613 andi             x12, x14, 2         x12=00000000 x14:000000xX
             1276500            1216 000001e4 00060863 beq              x12, x0, 16         x12:00000000
             1278500            1218 000001f4 00177713 andi             x14, x14, 1         x14=00000000 x14:000000xX
             1280500            1220 000001f6 02070163 beq              x14, x0, 34         x14:00000000
             1282500            1222 00000218 0005c703 lbu              x14, 0(x11)         x14=00000032 x11:0001ef60  PA:0001ef60
             1284500            1224 0000021c 00070863 beq              x14, x0, 16         x14:00000032
             1285500            1225 0000021e 80000637 lui              x12, 0x80000000     x12=80000000
             1286500            1226 00000222 00e62223 sw               x14, 4(x12)         x14:00000032 x12:80000000  PA:80000004
             1288500            1228 00000224 00168693 addi             x13, x13, 1         x13=0001ef62 x13:0001ef61
             1289500            1229 00000226 fff6c703 lbu              x14, -1(x13)        x14=00000036 x13:0001ef62  PA:0001ef61
             1292500            1232 0000022a fe071ce3 bne              x14, x0, -8         x14:00000036
             1294500            1234 00000222 00e62223 sw               x14, 4(x12)         x14:00000036 x12:80000000  PA:80000004
             1296500            1236 00000224 00168693 addi             x13, x13, 1         x13=0001ef63 x13:0001ef62
             1297500            1237 00000226 fff6c703 lbu              x14, -1(x13)        x14=00000030 x13:0001ef63  PA:0001ef62
             1300500            1240 0000022a fe071ce3 bne              x14, x0, -8         x14:00000030
             1302500            1242 00000222 00e62223 sw               x14, 4(x12)         x14:00000030 x12:80000000  PA:80000004
             1304500            1244 00000224 00168693 addi             x13, x13, 1         x13=0001ef64 x13:0001ef63
             1305500            1245 00000226 fff6c703 lbu              x14, -1(x13)        x14=00000039 x13:0001ef64  PA:0001ef63
             1308500            1248 0000022a fe071ce3 bne              x14, x0, -8         x14:00000039
             1310500            1250 00000222 00e62223 sw               x14, 4(x12)         x14:00000039 x12:80000000  PA:80000004
             1312500            1252 00000224 00168693 addi             x13, x13, 1         x13=0001ef65 x13:0001ef64
             1313500            1253 00000226 fff6c703 lbu              x14, -1(x13)        x14=00000032 x13:0001ef65  PA:0001ef64
             1316500            1256 0000022a fe071ce3 bne              x14, x0, -8         x14:00000032
             1318500            1258 00000222 00e62223 sw               x14, 4(x12)         x14:00000032 x12:80000000  PA:80000004
             1320500            1260 00000224 00168693 addi             x13, x13, 1         x13=0001ef66 x13:0001ef65
             1321500            1261 00000226 fff6c703 lbu              x14, -1(x13)        x14=00000000 x13:0001ef66  PA:0001ef65
             1323500            1263 0000022a fe071ce3 bne              x14, x0, -8         x14:00000000
             1324500            1264 0000022c 00054703 lbu              x14, 0(x10)         x14=000000xX x10:0001ef6c  PA:0001ef6c
             1326500            1266 00000230 00800693 addi             x13, x0, 8          x13=00000008
             1327500            1267 00000232 00977713 andi             x14, x14, 9         x14=00000000 x14:000000xX
             1328500            1268 00000234 00d70363 beq              x14, x13, 6         x14:00000000 x13:00000008
             1330500            1270 00000238 00008067 jalr             x0, x1, 0            x1:000003aa
             1331500            1271 000003aa 013006b3 add              x13, x0, x19        x13=0001efc8 x19:0001efc8
             1332500            1272 000003ac 00c12603 lw               x12, 12(x2)         x12=1c010007  x2:0001ef50  PA:0001ef5c
             1335500            1275 000003ae f09ff06f jal              x0, -248           
             1337500            1277 000002b6 00064783 lbu              x15, 0(x12)         x15=0000000a x12:1c010007  PA:1c010007
             1339500            1279 000002ba 00160613 addi             x12, x12, 1         x12=1c010008 x12:1c010007
             1340500            1280 000002bc 00078c63 beq              x15, x0, 24         x15:0000000a
             1341500            1281 000002be 02500713 addi             x14, x0, 37         x14=00000025
             1343500            1283 000002c2 02e78063 beq              x15, x14, 32        x15:0000000a x14:00000025
             1344500            1284 000002c6 80000737 lui              x14, 0x80000000     x14=80000000
             1345500            1285 000002ca 00f72223 sw               x15, 4(x14)         x15:0000000a x14:80000000  PA:80000004
             1347500            1287 000002cc 00064783 lbu              x15, 0(x12)         x15=00000000 x12:1c010008  PA:1c010008
             1349500            1289 000002d0 00160613 addi             x12, x12, 1         x12=1c010009 x12:1c010008
             1350500            1290 000002d2 fe0796e3 bne              x15, x0, -20        x15:00000000
             1351500            1291 000002d4 04c12083 lw               x1, 76(x2)           x1=0000051a  x2:0001ef50  PA:0001ef9c
             1353500            1293 000002d6 04812403 lw               x8, 72(x2)           x8=1c0100a0  x2:0001ef50  PA:0001ef98
             1355500            1295 000002d8 04412483 lw               x9, 68(x2)           x9=00000000  x2:0001ef50  PA:0001ef94
             1357500            1297 000002da 04012903 lw               x18, 64(x2)         x18=00000000  x2:0001ef50  PA:0001ef90
             1359500            1299 000002dc 03c12983 lw               x19, 60(x2)         x19=00000000  x2:0001ef50  PA:0001ef8c
             1361500            1301 000002de 05010113 addi             x2, x2, 80           x2=0001efa0  x2:0001ef50
             1363500            1303 000002e0 00008067 jalr             x0, x1, 0            x1:0000051a
             1364500            1304 0000051a 01c12083 lw               x1, 28(x2)           x1=00000638  x2:0001efa0  PA:0001efbc
             1366500            1306 0000051c 04010113 addi             x2, x2, 64           x2=0001efe0  x2:0001efa0
             1368500            1308 0000051e 00008067 jalr             x0, x1, 0            x1:00000638
             1369500            1309 00000638 00442583 lw               x11, 4(x8)          x11=00fe295c  x8:1c0100a0  PA:1c0100a4
             1371500            1311 0000063a 1c010537 lui              x10, 0x1c010000     x10=1c010000
             1372500            1312 0000063e 00c50513 addi             x10, x10, 12        x10=1c01000c x10:1c010000
             1374500            1314 00000642 eabff0ef jal              x1, -342             x1=00000644
             1375500            1315 000004ec fc010113 addi             x2, x2, -64          x2=0001efa0  x2:0001efe0
             1376500            1316 000004ee 02c12423 sw               x12, 40(x2)         x12:1c010009  x2:0001efa0  PA:0001efc8
             1378500            1318 000004f0 1c010637 lui              x12, 0x1c010000     x12=1c010000
             1379500            1319 000004f4 02b12223 sw               x11, 36(x2)         x11:00fe295c  x2:0001efa0  PA:0001efc4
             1381500            1321 000004f6 0c462583 lw               x11, 196(x12)       x11=000bc151 x12:1c010000  PA:1c0100c4
             1383500            1323 000004fa 00a00633 add              x12, x0, x10        x12=1c01000c x10:1c01000c
             1384500            1324 000004fc 1c010537 lui              x10, 0x1c010000     x10=1c010000
             1385500            1325 00000500 02410313 addi             x6, x2, 36           x6=0001efc4  x2:0001efa0
             1386500            1326 00000504 0c852503 lw               x10, 200(x10)       x10=00000000 x10:1c010000  PA:1c0100c8
             1388500            1328 00000508 02d12623 sw               x13, 44(x2)         x13:0001efc8  x2:0001efa0  PA:0001efcc
             1390500            1330 0000050a 006006b3 add              x13, x0, x6         x13=0001efc4  x6:0001efc4
             1391500            1331 0000050c 00112e23 sw               x1, 28(x2)           x1:00000644  x2:0001efa0  PA:0001efbc
             1393500            1333 0000050e 02e12823 sw               x14, 48(x2)         x14:80000000  x2:0001efa0  PA:0001efd0
             1395500            1335 00000510 02f12a23 sw               x15, 52(x2)         x15:00000000  x2:0001efa0  PA:0001efd4
             1397500            1337 00000512 03012c23 sw               x16, 56(x2)         x16:00000000  x2:0001efa0  PA:0001efd8
             1399500            1339 00000514 03112e23 sw               x17, 60(x2)         x17:00000000  x2:0001efa0  PA:0001efdc
             1401500            1341 00000516 00612623 sw               x6, 12(x2)           x6:0001efc4  x2:0001efa0  PA:0001efac
             1404500            1344 00000518 d83ff0ef jal              x1, -638             x1=0000051a
             1405500            1345 0000029a fb010113 addi             x2, x2, -80          x2=0001ef50  x2:0001efa0
             1406500            1346 0000029c 01010793 addi             x15, x2, 16         x15=0001ef60  x2:0001ef50
             1407500            1347 0000029e 04812423 sw               x8, 72(x2)           x8:1c0100a0  x2:0001ef50  PA:0001ef98
             1409500            1349 000002a0 04912223 sw               x9, 68(x2)           x9:00000000  x2:0001ef50  PA:0001ef94
             1411500            1351 000002a2 05212023 sw               x18, 64(x2)         x18:00000000  x2:0001ef50  PA:0001ef90
             1413500            1353 000002a4 04112623 sw               x1, 76(x2)           x1:0000051a  x2:0001ef50  PA:0001ef9c
             1415500            1355 000002a6 03312e23 sw               x19, 60(x2)         x19:00000000  x2:0001ef50  PA:0001ef8c
             1417500            1357 000002a8 02f12623 sw               x15, 44(x2)         x15:0001ef60  x2:0001ef50  PA:0001ef7c
             1419500            1359 000002aa 02d00413 addi             x8, x0, 45           x8=0000002d
             1420500            1360 000002ae 03000493 addi             x9, x0, 48           x9=00000030
             1422500            1362 000002b2 02300913 addi             x18, x0, 35         x18=00000023
             1423500            1363 000002b6 00064783 lbu              x15, 0(x12)         x15=00000064 x12:1c01000c  PA:1c01000c
             1425500            1365 000002ba 00160613 addi             x12, x12, 1         x12=1c01000d x12:1c01000c
             1426500            1366 000002bc 00078c63 beq              x15, x0, 24         x15:00000064
             1427500            1367 000002be 02500713 addi             x14, x0, 37         x14=00000025
             1429500            1369 000002c2 02e78063 beq              x15, x14, 32        x15:00000064 x14:00000025
             1430500            1370 000002c6 80000737 lui              x14, 0x80000000     x14=80000000
             1431500            1371 000002ca 00f72223 sw               x15, 4(x14)         x15:00000064 x14:80000000  PA:80000004
             1433500            1373 000002cc 00064783 lbu              x15, 0(x12)         x15=0000005b x12:1c01000d  PA:1c01000d
             1435500            1375 000002d0 00160613 addi             x12, x12, 1         x12=1c01000e x12:1c01000d
             1437500            1377 000002d2 fe0796e3 bne              x15, x0, -20        x15:0000005b
             1440500            1380 000002be 02500713 addi             x14, x0, 37         x14=00000025
             1441500            1381 000002c2 02e78063 beq              x15, x14, 32        x15:0000005b x14:00000025
             1442500            1382 000002c6 80000737 lui              x14, 0x80000000     x14=80000000
             1443500            1383 000002ca 00f72223 sw               x15, 4(x14)         x15:0000005b x14:80000000  PA:80000004
             1445500            1385 000002cc 00064783 lbu              x15, 0(x12)         x15=00000031 x12:1c01000e  PA:1c01000e
             1447500            1387 000002d0 00160613 addi             x12, x12, 1         x12=1c01000f x12:1c01000e
             1449500            1389 000002d2 fe0796e3 bne              x15, x0, -20        x15:00000031
             1452500            1392 000002be 02500713 addi             x14, x0, 37         x14=00000025
             1453500            1393 000002c2 02e78063 beq              x15, x14, 32        x15:00000031 x14:00000025
             1454500            1394 000002c6 80000737 lui              x14, 0x80000000     x14=80000000
             1455500            1395 000002ca 00f72223 sw               x15, 4(x14)         x15:00000031 x14:80000000  PA:80000004
             1457500            1397 000002cc 00064783 lbu              x15, 0(x12)         x15=0000005d x12:1c01000f  PA:1c01000f
             1459500            1399 000002d0 00160613 addi             x12, x12, 1         x12=1c010010 x12:1c01000f
             1461500            1401 000002d2 fe0796e3 bne              x15, x0, -20        x15:0000005d
             1464500            1404 000002be 02500713 addi             x14, x0, 37         x14=00000025
             1465500            1405 000002c2 02e78063 beq              x15, x14, 32        x15:0000005d x14:00000025
             1466500            1406 000002c6 80000737 lui              x14, 0x80000000     x14=80000000
             1467500            1407 000002ca 00f72223 sw               x15, 4(x14)         x15:0000005d x14:80000000  PA:80000004
             1469500            1409 000002cc 00064783 lbu              x15, 0(x12)         x15=0000003d x12:1c010010  PA:1c010010
             1471500            1411 000002d0 00160613 addi             x12, x12, 1         x12=1c010011 x12:1c010010
             1473500            1413 000002d2 fe0796e3 bne              x15, x0, -20        x15:0000003d
             1476500            1416 000002be 02500713 addi             x14, x0, 37         x14=00000025
             1477500            1417 000002c2 02e78063 beq              x15, x14, 32        x15:0000003d x14:00000025
             1478500            1418 000002c6 80000737 lui              x14, 0x80000000     x14=80000000
             1479500            1419 000002ca 00f72223 sw               x15, 4(x14)         x15:0000003d x14:80000000  PA:80000004
             1481500            1421 000002cc 00064783 lbu              x15, 0(x12)         x15=00000025 x12:1c010011  PA:1c010011
             1483500            1423 000002d0 00160613 addi             x12, x12, 1         x12=1c010012 x12:1c010011
             1485500            1425 000002d2 fe0796e3 bne              x15, x0, -20        x15:00000025
             1488500            1428 000002be 02500713 addi             x14, x0, 37         x14=00000025
             1490500            1430 000002c2 02e78063 beq              x15, x14, 32        x15:00000025 x14:00000025
             1493500            1433 000002e2 01c14783 lbu              x15, 28(x2)         x15=000000xX  x2:0001ef50  PA:0001ef6c
             1495500            1435 000002e6 02012023 sw               x0, 32(x2)           x2:0001ef50  PA:0001ef70
             1497500            1437 000002e8 ff47f793 andi             x15, x15, -12       x15=000000xX x15:000000xX
             1498500            1438 000002ea 00f10e23 sb               x15, 28(x2)         x15:000000xX  x2:0001ef50  PA:0001ef6c
             1500500            1440 000002ee 02010223 sb               x0, 36(x2)           x2:0001ef50  PA:0001ef74
             1502500            1442 000002f2 00000813 addi             x16, x0, 0          x16=00000000
             1503500            1443 000002f4 00000593 addi             x11, x0, 0          x11=00000000
             1504500            1444 000002f6 00000893 addi             x17, x0, 0          x17=00000000
             1505500            1445 000002f8 00000713 addi             x14, x0, 0          x14=00000000
             1506500            1446 000002fa 00000513 addi             x10, x0, 0          x10=00000000
             1507500            1447 000002fc 00160613 addi             x12, x12, 1         x12=1c010013 x12:1c010012
             1508500            1448 000002fe fff64783 lbu              x15, -1(x12)        x15=00000064 x12:1c010013  PA:1c010012
             1510500            1450 00000302 fc0789e3 beq              x15, x0, -46        x15:00000064
             1511500            1451 00000304 0a878663 beq              x15, x8, 172        x15:00000064  x8:0000002d
             1512500            1452 00000308 0a978a63 beq              x15, x9, 180        x15:00000064  x9:00000030
             1513500            1453 0000030c 0b278563 beq              x15, x18, 170       x15:00000064 x18:00000023
             1514500            1454 00000310 0a071863 bne              x14, x0, 176        x14:00000000
             1516500            1456 00000312 00088863 beq              x17, x0, 16         x17:00000000
             1520500            1460 00000322 00080963 beq              x16, x0, 18         x16:00000000
             1522500            1462 00000334 fd078593 addi             x11, x15, -48       x11=00000034 x15:00000064
             1523500            1463 00000338 0ff5f513 andi             x10, x11, 255       x10=00000034 x11:00000034
             1524500            1464 0000033c 00900713 addi             x14, x0, 9          x14=00000009
             1525500            1465 0000033e 08a77963 bgeu             x14, x10, 146       x14:00000009 x10:00000034
             1526500            1466 00000342 02e00713 addi             x14, x0, 46         x14=0000002e
             1527500            1467 00000346 0ee78263 beq              x15, x14, 228       x15:00000064 x14:0000002e
             1528500            1468 0000034a 06900713 addi             x14, x0, 105        x14=00000069
             1529500            1469 0000034e 16e78963 beq              x15, x14, 370       x15:00000064 x14:00000069
             1531500            1471 00000352 0ef77d63 bgeu             x14, x15, 250       x14:00000069 x15:00000064
             1533500            1473 0000044c 05800713 addi             x14, x0, 88         x14=00000058
             1534500            1474 00000450 f2e787e3 beq              x15, x14, -210      x15:00000064 x14:00000058
             1535500            1475 00000454 02f77863 bgeu             x14, x15, 48        x14:00000058 x15:00000064
             1536500            1476 00000458 06300713 addi             x14, x0, 99         x14=00000063
             1538500            1478 0000045c 04e79e63 bne              x15, x14, 92        x15:00000064 x14:00000063
             1540500            1480 000004b8 06400713 addi             x14, x0, 100        x14=00000064
             1541500            1481 000004bc dee79de3 bne              x15, x14, -518      x15:00000064 x14:00000064
             1542500            1482 000004c0 00a00793 addi             x15, x0, 10         x15=0000000a
             1543500            1483 000004c2 0006a503 lw               x10, 0(x13)         x10=00fe295c x13:0001efc4  PA:0001efc4
             1545500            1485 000004c4 02f12423 sw               x15, 40(x2)         x15:0000000a  x2:0001ef50  PA:0001ef78
             1547500            1487 000004c6 00468993 addi             x19, x13, 4         x19=0001efc8 x13:0001efc4
             1548500            1488 000004ca 00054463 blt              x10, x0, 8          x10:00fe295c
             1549500            1489 000004ce 01c10593 addi             x11, x2, 28         x11=0001ef6c  x2:0001ef50
             1551500            1491 000004d0 ed3ff06f jal              x0, -302           
             1552500            1492 000003a2 00c12623 sw               x12, 12(x2)         x12:1c010013  x2:0001ef50  PA:0001ef5c
             1555500            1495 000003a4 d3bff0ef jal              x1, -710             x1=000003a6
             1556500            1496 000000de 00c5a683 lw               x13, 12(x11)        x13=0000000a x11:0001ef6c  PA:0001ef78
             1558500            1498 000000e0 0105a803 lw               x16, 16(x11)        x16=0001ef60 x11:0001ef6c  PA:0001ef7c
             1560500            1500 000000e4 00100793 addi             x15, x0, 1          x15=00000001
             1561500            1501 000000e6 06d56a63 bltu             x10, x13, 116       x10:00fe295c x13:0000000a
             1564500            1504 000000ea 02d787b3 mul              x15, x15, x13       x15=0000000a x15:00000001 x13:0000000a
             1601500            1541 000000ee 02f55733 divu             x14, x10, x15       x14=00196a89 x10:00fe295c x15:0000000a
             1603500            1543 000000f2 fed77ce3 bgeu             x14, x13, -8        x14:00196a89 x13:0000000a
             1608500            1548 000000ea 02d787b3 mul              x15, x15, x13       x15=00000064 x15:0000000a x13:0000000a
             1645500            1585 000000ee 02f55733 divu             x14, x10, x15       x14=00028aa7 x10:00fe295c x15:00000064
             1647500            1587 000000f2 fed77ce3 bgeu             x14, x13, -8        x14:00028aa7 x13:0000000a
             1652500            1592 000000ea 02d787b3 mul              x15, x15, x13       x15=000003e8 x15:00000064 x13:0000000a
             1689500            1629 000000ee 02f55733 divu             x14, x10, x15       x14=00004110 x10:00fe295c x15:000003e8
             1691500            1631 000000f2 fed77ce3 bgeu             x14, x13, -8        x14:00004110 x13:0000000a
             1696500            1636 000000ea 02d787b3 mul              x15, x15, x13       x15=00002710 x15:000003e8 x13:0000000a
             1733500            1673 000000ee 02f55733 divu             x14, x10, x15       x14=00000681 x10:00fe295c x15:00002710
             1735500            1675 000000f2 fed77ce3 bgeu             x14, x13, -8        x14:00000681 x13:0000000a
             1740500            1680 000000ea 02d787b3 mul              x15, x15, x13       x15=000186a0 x15:00002710 x13:0000000a
             1777500            1717 000000ee 02f55733 divu             x14, x10, x15       x14=000000a6 x10:00fe295c x15:000186a0
             1779500            1719 000000f2 fed77ce3 bgeu             x14, x13, -8        x14:000000a6 x13:0000000a
             1784500            1724 000000ea 02d787b3 mul              x15, x15, x13       x15=000f4240 x15:000186a0 x13:0000000a
             1821500            1761 000000ee 02f55733 divu             x14, x10, x15       x14=00000010 x10:00fe295c x15:000f4240
             1823500            1763 000000f2 fed77ce3 bgeu             x14, x13, -8        x14:00000010 x13:0000000a
             1828500            1768 000000ea 02d787b3 mul              x15, x15, x13       x15=00989680 x15:000f4240 x13:0000000a
             1865500            1805 000000ee 02f55733 divu             x14, x10, x15       x14=00000001 x10:00fe295c x15:00989680
             1866500            1806 000000f2 fed77ce3 bgeu             x14, x13, -8        x14:00000001 x13:0000000a
             1867500            1807 000000f6 04078e63 beq              x15, x0, 92         x15:00989680
             1868500            1808 000000f8 00000613 addi             x12, x0, 0          x12=00000000
             1869500            1809 000000fa 00900313 addi             x6, x0, 9            x6=00000009
             1906500            1846 000000fc 02f57533 remu             x10, x10, x15       x10=006592dc x10:00fe295c x15:00989680
             1943500            1883 00000100 02d7d7b3 divu             x15, x15, x13       x15=000f4240 x15:00989680 x13:0000000a
             1944500            1884 00000104 00061363 bne              x12, x0, 6          x12:00000000
             1945500            1885 00000106 02e05c63 bge              x0, x14, 56         x14:00000001
             1947500            1887 0000010a 03000693 addi             x13, x0, 48         x13=00000030
             1949500            1889 0000010e 00e35c63 bge              x6, x14, 24          x6:00000009 x14:00000001
             1951500            1891 00000126 00d70733 add              x14, x14, x13       x14=00000031 x14:00000001 x13:00000030
             1952500            1892 00000128 00e80023 sb               x14, 0(x16)         x14:00000031 x16:0001ef60  PA:0001ef60
             1954500            1894 0000012c 00180893 addi             x17, x16, 1         x17=0001ef61 x16:0001ef60
             1955500            1895 00000130 00160613 addi             x12, x12, 1         x12=00000001 x12:00000000
             1956500            1896 00000132 00078d63 beq              x15, x0, 26         x15:000f4240
             1957500            1897 00000134 00c5a683 lw               x13, 12(x11)        x13=0000000a x11:0001ef6c  PA:0001ef78
             1959500            1899 00000136 01100833 add              x16, x0, x17        x16=0001ef61 x17:0001ef61
             1996500            1936 00000138 02f55733 divu             x14, x10, x15       x14=00000006 x10:006592dc x15:000f4240
             1998500            1938 0000013c fc1ff06f jal              x0, -64            
             2035500            1975 000000fc 02f57533 remu             x10, x10, x15       x10=000a055c x10:006592dc x15:000f4240
             2072500            2012 00000100 02d7d7b3 divu             x15, x15, x13       x15=000186a0 x15:000f4240 x13:0000000a
             2074500            2014 00000104 00061363 bne              x12, x0, 6          x12:00000001
             2077500            2017 0000010a 03000693 addi             x13, x0, 48         x13=00000030
             2079500            2019 0000010e 00e35c63 bge              x6, x14, 24          x6:00000009 x14:00000006
             2081500            2021 00000126 00d70733 add              x14, x14, x13       x14=00000036 x14:00000006 x13:00000030
             2082500            2022 00000128 00e80023 sb               x14, 0(x16)         x14:00000036 x16:0001ef61  PA:0001ef61
             2084500            2024 0000012c 00180893 addi             x17, x16, 1         x17=0001ef62 x16:0001ef61
             2085500            2025 00000130 00160613 addi             x12, x12, 1         x12=00000002 x12:00000001
             2086500            2026 00000132 00078d63 beq              x15, x0, 26         x15:000186a0
             2087500            2027 00000134 00c5a683 lw               x13, 12(x11)        x13=0000000a x11:0001ef6c  PA:0001ef78
             2089500            2029 00000136 01100833 add              x16, x0, x17        x16=0001ef62 x17:0001ef62
             2126500            2066 00000138 02f55733 divu             x14, x10, x15       x14=00000006 x10:000a055c x15:000186a0
             2128500            2068 0000013c fc1ff06f jal              x0, -64            
             2165500            2105 000000fc 02f57533 remu             x10, x10, x15       x10=0000dd9c x10:000a055c x15:000186a0
             2202500            2142 00000100 02d7d7b3 divu             x15, x15, x13       x15=00002710 x15:000186a0 x13:0000000a
             2204500            2144 00000104 00061363 bne              x12, x0, 6          x12:00000002
             2207500            2147 0000010a 03000693 addi             x13, x0, 48         x13=00000030
             2209500            2149 0000010e 00e35c63 bge              x6, x14, 24          x6:00000009 x14:00000006
             2211500            2151 00000126 00d70733 add              x14, x14, x13       x14=00000036 x14:00000006 x13:00000030
             2212500            2152 00000128 00e80023 sb               x14, 0(x16)         x14:00000036 x16:0001ef62  PA:0001ef62
             2214500            2154 0000012c 00180893 addi             x17, x16, 1         x17=0001ef63 x16:0001ef62
             2215500            2155 00000130 00160613 addi             x12, x12, 1         x12=00000003 x12:00000002
             2216500            2156 00000132 00078d63 beq              x15, x0, 26         x15:00002710
             2217500            2157 00000134 00c5a683 lw               x13, 12(x11)        x13=0000000a x11:0001ef6c  PA:0001ef78
             2219500            2159 00000136 01100833 add              x16, x0, x17        x16=0001ef63 x17:0001ef63
             2256500            2196 00000138 02f55733 divu             x14, x10, x15       x14=00000005 x10:0000dd9c x15:00002710
             2258500            2198 0000013c fc1ff06f jal              x0, -64            
             2295500            2235 000000fc 02f57533 remu             x10, x10, x15       x10=00001a4c x10:0000dd9c x15:00002710
             2332500            2272 00000100 02d7d7b3 divu             x15, x15, x13       x15=000003e8 x15:00002710 x13:0000000a
             2334500            2274 00000104 00061363 bne              x12, x0, 6          x12:00000003
             2337500            2277 0000010a 03000693 addi             x13, x0, 48         x13=00000030
             2339500            2279 0000010e 00e35c63 bge              x6, x14, 24          x6:00000009 x14:00000005
             2341500            2281 00000126 00d70733 add              x14, x14, x13       x14=00000035 x14:00000005 x13:00000030
             2342500            2282 00000128 00e80023 sb               x14, 0(x16)         x14:00000035 x16:0001ef63  PA:0001ef63
             2344500            2284 0000012c 00180893 addi             x17, x16, 1         x17=0001ef64 x16:0001ef63
             2345500            2285 00000130 00160613 addi             x12, x12, 1         x12=00000004 x12:00000003
             2346500            2286 00000132 00078d63 beq              x15, x0, 26         x15:000003e8
             2347500            2287 00000134 00c5a683 lw               x13, 12(x11)        x13=0000000a x11:0001ef6c  PA:0001ef78
             2349500            2289 00000136 01100833 add              x16, x0, x17        x16=0001ef64 x17:0001ef64
             2386500            2326 00000138 02f55733 divu             x14, x10, x15       x14=00000006 x10:00001a4c x15:000003e8
             2388500            2328 0000013c fc1ff06f jal              x0, -64            
             2425500            2365 000000fc 02f57533 remu             x10, x10, x15       x10=000002dc x10:00001a4c x15:000003e8
             2462500            2402 00000100 02d7d7b3 divu             x15, x15, x13       x15=00000064 x15:000003e8 x13:0000000a
             2464500            2404 00000104 00061363 bne              x12, x0, 6          x12:00000004
             2467500            2407 0000010a 03000693 addi             x13, x0, 48         x13=00000030
             2469500            2409 0000010e 00e35c63 bge              x6, x14, 24          x6:00000009 x14:00000006
             2471500            2411 00000126 00d70733 add              x14, x14, x13       x14=00000036 x14:00000006 x13:00000030
             2472500            2412 00000128 00e80023 sb               x14, 0(x16)         x14:00000036 x16:0001ef64  PA:0001ef64
             2474500            2414 0000012c 00180893 addi             x17, x16, 1         x17=0001ef65 x16:0001ef64
             2475500            2415 00000130 00160613 addi             x12, x12, 1         x12=00000005 x12:00000004
             2476500            2416 00000132 00078d63 beq              x15, x0, 26         x15:00000064
             2477500            2417 00000134 00c5a683 lw               x13, 12(x11)        x13=0000000a x11:0001ef6c  PA:0001ef78
             2479500            2419 00000136 01100833 add              x16, x0, x17        x16=0001ef65 x17:0001ef65
             2516500            2456 00000138 02f55733 divu             x14, x10, x15       x14=00000007 x10:000002dc x15:00000064
             2518500            2458 0000013c fc1ff06f jal              x0, -64            
             2555500            2495 000000fc 02f57533 remu             x10, x10, x15       x10=00000020 x10:000002dc x15:00000064
             2592500            2532 00000100 02d7d7b3 divu             x15, x15, x13       x15=0000000a x15:00000064 x13:0000000a
             2594500            2534 00000104 00061363 bne              x12, x0, 6          x12:00000005
             2597500            2537 0000010a 03000693 addi             x13, x0, 48         x13=00000030
             2599500            2539 0000010e 00e35c63 bge              x6, x14, 24          x6:00000009 x14:00000007
             2601500            2541 00000126 00d70733 add              x14, x14, x13       x14=00000037 x14:00000007 x13:00000030
             2602500            2542 00000128 00e80023 sb               x14, 0(x16)         x14:00000037 x16:0001ef65  PA:0001ef65
             2604500            2544 0000012c 00180893 addi             x17, x16, 1         x17=0001ef66 x16:0001ef65
             2605500            2545 00000130 00160613 addi             x12, x12, 1         x12=00000006 x12:00000005
             2606500            2546 00000132 00078d63 beq              x15, x0, 26         x15:0000000a
             2607500            2547 00000134 00c5a683 lw               x13, 12(x11)        x13=0000000a x11:0001ef6c  PA:0001ef78
             2609500            2549 00000136 01100833 add              x16, x0, x17        x16=0001ef66 x17:0001ef66
             2646500            2586 00000138 02f55733 divu             x14, x10, x15       x14=00000003 x10:00000020 x15:0000000a
             2648500            2588 0000013c fc1ff06f jal              x0, -64            
             2685500            2625 000000fc 02f57533 remu             x10, x10, x15       x10=00000002 x10:00000020 x15:0000000a
             2722500            2662 00000100 02d7d7b3 divu             x15, x15, x13       x15=00000001 x15:0000000a x13:0000000a
             2724500            2664 00000104 00061363 bne              x12, x0, 6          x12:00000006
             2727500            2667 0000010a 03000693 addi             x13, x0, 48         x13=00000030
             2729500            2669 0000010e 00e35c63 bge              x6, x14, 24          x6:00000009 x14:00000003
             2731500            2671 00000126 00d70733 add              x14, x14, x13       x14=00000033 x14:00000003 x13:00000030
             2732500            2672 00000128 00e80023 sb               x14, 0(x16)         x14:00000033 x16:0001ef66  PA:0001ef66
             2734500            2674 0000012c 00180893 addi             x17, x16, 1         x17=0001ef67 x16:0001ef66
             2735500            2675 00000130 00160613 addi             x12, x12, 1         x12=00000007 x12:00000006
             2736500            2676 00000132 00078d63 beq              x15, x0, 26         x15:00000001
             2737500            2677 00000134 00c5a683 lw               x13, 12(x11)        x13=0000000a x11:0001ef6c  PA:0001ef78
             2739500            2679 00000136 01100833 add              x16, x0, x17        x16=0001ef67 x17:0001ef67
             2776500            2716 00000138 02f55733 divu             x14, x10, x15       x14=00000002 x10:00000002 x15:00000001
             2778500            2718 0000013c fc1ff06f jal              x0, -64            
             2815500            2755 000000fc 02f57533 remu             x10, x10, x15       x10=00000000 x10:00000002 x15:00000001
             2852500            2792 00000100 02d7d7b3 divu             x15, x15, x13       x15=00000000 x15:00000001 x13:0000000a
             2854500            2794 00000104 00061363 bne              x12, x0, 6          x12:00000007
             2857500            2797 0000010a 03000693 addi             x13, x0, 48         x13=00000030
             2859500            2799 0000010e 00e35c63 bge              x6, x14, 24          x6:00000009 x14:00000002
             2861500            2801 00000126 00d70733 add              x14, x14, x13       x14=00000032 x14:00000002 x13:00000030
             2862500            2802 00000128 00e80023 sb               x14, 0(x16)         x14:00000032 x16:0001ef67  PA:0001ef67
             2864500            2804 0000012c 00180893 addi             x17, x16, 1         x17=0001ef68 x16:0001ef67
             2865500            2805 00000130 00160613 addi             x12, x12, 1         x12=00000008 x12:00000007
             2867500            2807 00000132 00078d63 beq              x15, x0, 26         x15:00000000
             2869500            2809 0000014c 00088023 sb               x0, 0(x17)          x17:0001ef68  PA:0001ef68
             2872500            2812 00000150 00008067 jalr             x0, x1, 0            x1:000003a6
             2873500            2813 000003a6 01c10513 addi             x10, x2, 28         x10=0001ef6c  x2:0001ef50
             2875500            2815 000003a8 db7ff0ef jal              x1, -586             x1=000003aa
             2876500            2816 0000015e 01052583 lw               x11, 16(x10)        x11=0001ef60 x10:0001ef6c  PA:0001ef7c
             2878500            2818 00000160 00452783 lw               x15, 4(x10)         x15=00000000 x10:0001ef6c  PA:0001ef70
             2880500            2820 00000162 0005c703 lbu              x14, 0(x11)         x14=00000031 x11:0001ef60  PA:0001ef60
             2882500            2822 00000166 00158693 addi             x13, x11, 1         x13=0001ef61 x11:0001ef60
             2883500            2823 0000016a 00070b63 beq              x14, x0, 22         x14:00000031
             2885500            2825 0000016c 00f05a63 bge              x0, x15, 20         x15:00000000
             2887500            2827 00000180 00854603 lbu              x12, 8(x10)         x12=00000000 x10:0001ef6c  PA:0001ef74
             2889500            2829 00000184 00054703 lbu              x14, 0(x10)         x14=000000xX x10:0001ef6c  PA:0001ef6c
             2891500            2831 00000188 00c038b3 sltu             x17, x0, x12        x17=00000000 x12:00000000
             2892500            2832 0000018c 00277813 andi             x16, x14, 2         x16=00000000 x14:000000xX
             2893500            2833 00000190 411787b3 sub              x15, x15, x17       x15=00000000 x15:00000000 x17:00000000
             2895500            2835 00000194 00080c63 beq              x16, x0, 24         x16:00000000
             2897500            2837 000001ac 00977713 andi             x14, x14, 9         x14=00000000 x14:000000xX
             2898500            2838 000001ae 02071363 bne              x14, x0, 38         x14:00000000
             2899500            2839 000001b0 fff78713 addi             x14, x15, -1        x14=ffffffff x15:00000000
             2901500            2841 000001b4 0cf05f63 bge              x0, x15, 222        x15:00000000
             2903500            2843 00000292 00e007b3 add              x15, x0, x14        x15=ffffffff x14:ffffffff
             2905500            2845 00000294 f41ff06f jal              x0, -192           
             2907500            2847 000001d4 00060463 beq              x12, x0, 8          x12:00000000
             2909500            2849 000001dc 00054703 lbu              x14, 0(x10)         x14=000000xX x10:0001ef6c  PA:0001ef6c
             2911500            2851 000001e0 00277613 andi             x12, x14, 2         x12=00000000 x14:000000xX
             2913500            2853 000001e4 00060863 beq              x12, x0, 16         x12:00000000
             2915500            2855 000001f4 00177713 andi             x14, x14, 1         x14=00000000 x14:000000xX
             2917500            2857 000001f6 02070163 beq              x14, x0, 34         x14:00000000
             2919500            2859 00000218 0005c703 lbu              x14, 0(x11)         x14=00000031 x11:0001ef60  PA:0001ef60
             2921500            2861 0000021c 00070863 beq              x14, x0, 16         x14:00000031
             2922500            2862 0000021e 80000637 lui              x12, 0x80000000     x12=80000000
             2923500            2863 00000222 00e62223 sw               x14, 4(x12)         x14:00000031 x12:80000000  PA:80000004
             2925500            2865 00000224 00168693 addi             x13, x13, 1         x13=0001ef62 x13:0001ef61
             2926500            2866 00000226 fff6c703 lbu              x14, -1(x13)        x14=00000036 x13:0001ef62  PA:0001ef61
             2929500            2869 0000022a fe071ce3 bne              x14, x0, -8         x14:00000036
             2931500            2871 00000222 00e62223 sw               x14, 4(x12)         x14:00000036 x12:80000000  PA:80000004
             2933500            2873 00000224 00168693 addi             x13, x13, 1         x13=0001ef63 x13:0001ef62
             2934500            2874 00000226 fff6c703 lbu              x14, -1(x13)        x14=00000036 x13:0001ef63  PA:0001ef62
             2937500            2877 0000022a fe071ce3 bne              x14, x0, -8         x14:00000036
             2939500            2879 00000222 00e62223 sw               x14, 4(x12)         x14:00000036 x12:80000000  PA:80000004
             2941500            2881 00000224 00168693 addi             x13, x13, 1         x13=0001ef64 x13:0001ef63
             2942500            2882 00000226 fff6c703 lbu              x14, -1(x13)        x14=00000035 x13:0001ef64  PA:0001ef63
             2945500            2885 0000022a fe071ce3 bne              x14, x0, -8         x14:00000035
             2947500            2887 00000222 00e62223 sw               x14, 4(x12)         x14:00000035 x12:80000000  PA:80000004
             2949500            2889 00000224 00168693 addi             x13, x13, 1         x13=0001ef65 x13:0001ef64
             2950500            2890 00000226 fff6c703 lbu              x14, -1(x13)        x14=00000036 x13:0001ef65  PA:0001ef64
             2953500            2893 0000022a fe071ce3 bne              x14, x0, -8         x14:00000036
             2955500            2895 00000222 00e62223 sw               x14, 4(x12)         x14:00000036 x12:80000000  PA:80000004
             2957500            2897 00000224 00168693 addi             x13, x13, 1         x13=0001ef66 x13:0001ef65
             2958500            2898 00000226 fff6c703 lbu              x14, -1(x13)        x14=00000037 x13:0001ef66  PA:0001ef65
             2961500            2901 0000022a fe071ce3 bne              x14, x0, -8         x14:00000037
             2963500            2903 00000222 00e62223 sw               x14, 4(x12)         x14:00000037 x12:80000000  PA:80000004
             2965500            2905 00000224 00168693 addi             x13, x13, 1         x13=0001ef67 x13:0001ef66
             2966500            2906 00000226 fff6c703 lbu              x14, -1(x13)        x14=00000033 x13:0001ef67  PA:0001ef66
             2969500            2909 0000022a fe071ce3 bne              x14, x0, -8         x14:00000033
             2971500            2911 00000222 00e62223 sw               x14, 4(x12)         x14:00000033 x12:80000000  PA:80000004
             2973500            2913 00000224 00168693 addi             x13, x13, 1         x13=0001ef68 x13:0001ef67
             2974500            2914 00000226 fff6c703 lbu              x14, -1(x13)        x14=00000032 x13:0001ef68  PA:0001ef67
             2977500            2917 0000022a fe071ce3 bne              x14, x0, -8         x14:00000032
             2979500            2919 00000222 00e62223 sw               x14, 4(x12)         x14:00000032 x12:80000000  PA:80000004
             2981500            2921 00000224 00168693 addi             x13, x13, 1         x13=0001ef69 x13:0001ef68
             2982500            2922 00000226 fff6c703 lbu              x14, -1(x13)        x14=00000000 x13:0001ef69  PA:0001ef68
             2984500            2924 0000022a fe071ce3 bne              x14, x0, -8         x14:00000000
             2985500            2925 0000022c 00054703 lbu              x14, 0(x10)         x14=000000xX x10:0001ef6c  PA:0001ef6c
             2987500            2927 00000230 00800693 addi             x13, x0, 8          x13=00000008
             2988500            2928 00000232 00977713 andi             x14, x14, 9         x14=00000000 x14:000000xX
             2989500            2929 00000234 00d70363 beq              x14, x13, 6         x14:00000000 x13:00000008
             2991500            2931 00000238 00008067 jalr             x0, x1, 0            x1:000003aa
             2992500            2932 000003aa 013006b3 add              x13, x0, x19        x13=0001efc8 x19:0001efc8
             2993500            2933 000003ac 00c12603 lw               x12, 12(x2)         x12=1c010013  x2:0001ef50  PA:0001ef5c
             2996500            2936 000003ae f09ff06f jal              x0, -248           
             2998500            2938 000002b6 00064783 lbu              x15, 0(x12)         x15=0000000a x12:1c010013  PA:1c010013
             3000500            2940 000002ba 00160613 addi             x12, x12, 1         x12=1c010014 x12:1c010013
             3001500            2941 000002bc 00078c63 beq              x15, x0, 24         x15:0000000a
             3002500            2942 000002be 02500713 addi             x14, x0, 37         x14=00000025
             3004500            2944 000002c2 02e78063 beq              x15, x14, 32        x15:0000000a x14:00000025
             3005500            2945 000002c6 80000737 lui              x14, 0x80000000     x14=80000000
             3006500            2946 000002ca 00f72223 sw               x15, 4(x14)         x15:0000000a x14:80000000  PA:80000004
             3008500            2948 000002cc 00064783 lbu              x15, 0(x12)         x15=00000000 x12:1c010014  PA:1c010014
             3010500            2950 000002d0 00160613 addi             x12, x12, 1         x12=1c010015 x12:1c010014
             3011500            2951 000002d2 fe0796e3 bne              x15, x0, -20        x15:00000000
             3012500            2952 000002d4 04c12083 lw               x1, 76(x2)           x1=0000051a  x2:0001ef50  PA:0001ef9c
             3014500            2954 000002d6 04812403 lw               x8, 72(x2)           x8=1c0100a0  x2:0001ef50  PA:0001ef98
             3016500            2956 000002d8 04412483 lw               x9, 68(x2)           x9=00000000  x2:0001ef50  PA:0001ef94
             3018500            2958 000002da 04012903 lw               x18, 64(x2)         x18=00000000  x2:0001ef50  PA:0001ef90
             3020500            2960 000002dc 03c12983 lw               x19, 60(x2)         x19=00000000  x2:0001ef50  PA:0001ef8c
             3022500            2962 000002de 05010113 addi             x2, x2, 80           x2=0001efa0  x2:0001ef50
             3024500            2964 000002e0 00008067 jalr             x0, x1, 0            x1:0000051a
             3025500            2965 0000051a 01c12083 lw               x1, 28(x2)           x1=00000644  x2:0001efa0  PA:0001efbc
             3027500            2967 0000051c 04010113 addi             x2, x2, 64           x2=0001efe0  x2:0001efa0
             3029500            2969 0000051e 00008067 jalr             x0, x1, 0            x1:00000644
             3030500            2970 00000644 00842583 lw               x11, 8(x8)          x11=0001918d  x8:1c0100a0  PA:1c0100a8
             3032500            2972 00000646 1c010537 lui              x10, 0x1c010000     x10=1c010000
             3033500            2973 0000064a 01850513 addi             x10, x10, 24        x10=1c010018 x10:1c010000
             3035500            2975 0000064e e9fff0ef jal              x1, -354             x1=00000650
             3036500            2976 000004ec fc010113 addi             x2, x2, -64          x2=0001efa0  x2:0001efe0
             3037500            2977 000004ee 02c12423 sw               x12, 40(x2)         x12:1c010015  x2:0001efa0  PA:0001efc8
             3039500            2979 000004f0 1c010637 lui              x12, 0x1c010000     x12=1c010000
             3040500            2980 000004f4 02b12223 sw               x11, 36(x2)         x11:0001918d  x2:0001efa0  PA:0001efc4
             3042500            2982 000004f6 0c462583 lw               x11, 196(x12)       x11=000bc151 x12:1c010000  PA:1c0100c4
             3044500            2984 000004fa 00a00633 add              x12, x0, x10        x12=1c010018 x10:1c010018
             3045500            2985 000004fc 1c010537 lui              x10, 0x1c010000     x10=1c010000
             3046500            2986 00000500 02410313 addi             x6, x2, 36           x6=0001efc4  x2:0001efa0
             3047500            2987 00000504 0c852503 lw               x10, 200(x10)       x10=00000000 x10:1c010000  PA:1c0100c8
             3049500            2989 00000508 02d12623 sw               x13, 44(x2)         x13:0001efc8  x2:0001efa0  PA:0001efcc
             3051500            2991 0000050a 006006b3 add              x13, x0, x6         x13=0001efc4  x6:0001efc4
             3052500            2992 0000050c 00112e23 sw               x1, 28(x2)           x1:00000650  x2:0001efa0  PA:0001efbc
             3054500            2994 0000050e 02e12823 sw               x14, 48(x2)         x14:80000000  x2:0001efa0  PA:0001efd0
             3056500            2996 00000510 02f12a23 sw               x15, 52(x2)         x15:00000000  x2:0001efa0  PA:0001efd4
             3058500            2998 00000512 03012c23 sw               x16, 56(x2)         x16:00000000  x2:0001efa0  PA:0001efd8
             3060500            3000 00000514 03112e23 sw               x17, 60(x2)         x17:00000000  x2:0001efa0  PA:0001efdc
             3062500            3002 00000516 00612623 sw               x6, 12(x2)           x6:0001efc4  x2:0001efa0  PA:0001efac
             3065500            3005 00000518 d83ff0ef jal              x1, -638             x1=0000051a
             3066500            3006 0000029a fb010113 addi             x2, x2, -80          x2=0001ef50  x2:0001efa0
             3067500            3007 0000029c 01010793 addi             x15, x2, 16         x15=0001ef60  x2:0001ef50
             3068500            3008 0000029e 04812423 sw               x8, 72(x2)           x8:1c0100a0  x2:0001ef50  PA:0001ef98
             3070500            3010 000002a0 04912223 sw               x9, 68(x2)           x9:00000000  x2:0001ef50  PA:0001ef94
             3072500            3012 000002a2 05212023 sw               x18, 64(x2)         x18:00000000  x2:0001ef50  PA:0001ef90
             3074500            3014 000002a4 04112623 sw               x1, 76(x2)           x1:0000051a  x2:0001ef50  PA:0001ef9c
             3076500            3016 000002a6 03312e23 sw               x19, 60(x2)         x19:00000000  x2:0001ef50  PA:0001ef8c
             3078500            3018 000002a8 02f12623 sw               x15, 44(x2)         x15:0001ef60  x2:0001ef50  PA:0001ef7c
             3080500            3020 000002aa 02d00413 addi             x8, x0, 45           x8=0000002d
             3081500            3021 000002ae 03000493 addi             x9, x0, 48           x9=00000030
             3083500            3023 000002b2 02300913 addi             x18, x0, 35         x18=00000023
             3084500            3024 000002b6 00064783 lbu              x15, 0(x12)         x15=00000064 x12:1c010018  PA:1c010018
             3086500            3026 000002ba 00160613 addi             x12, x12, 1         x12=1c010019 x12:1c010018
             3087500            3027 000002bc 00078c63 beq              x15, x0, 24         x15:00000064
             3088500            3028 000002be 02500713 addi             x14, x0, 37         x14=00000025
             3090500            3030 000002c2 02e78063 beq              x15, x14, 32        x15:00000064 x14:00000025
             3091500            3031 000002c6 80000737 lui              x14, 0x80000000     x14=80000000
             3092500            3032 000002ca 00f72223 sw               x15, 4(x14)         x15:00000064 x14:80000000  PA:80000004
             3094500            3034 000002cc 00064783 lbu              x15, 0(x12)         x15=0000005b x12:1c010019  PA:1c010019
             3096500            3036 000002d0 00160613 addi             x12, x12, 1         x12=1c01001a x12:1c010019
             3098500            3038 000002d2 fe0796e3 bne              x15, x0, -20        x15:0000005b
             3101500            3041 000002be 02500713 addi             x14, x0, 37         x14=00000025
             3102500            3042 000002c2 02e78063 beq              x15, x14, 32        x15:0000005b x14:00000025
             3103500            3043 000002c6 80000737 lui              x14, 0x80000000     x14=80000000
             3104500            3044 000002ca 00f72223 sw               x15, 4(x14)         x15:0000005b x14:80000000  PA:80000004
             3106500            3046 000002cc 00064783 lbu              x15, 0(x12)         x15=00000032 x12:1c01001a  PA:1c01001a
             3108500            3048 000002d0 00160613 addi             x12, x12, 1         x12=1c01001b x12:1c01001a
             3110500            3050 000002d2 fe0796e3 bne              x15, x0, -20        x15:00000032
             3113500            3053 000002be 02500713 addi             x14, x0, 37         x14=00000025
             3114500            3054 000002c2 02e78063 beq              x15, x14, 32        x15:00000032 x14:00000025
             3115500            3055 000002c6 80000737 lui              x14, 0x80000000     x14=80000000
             3116500            3056 000002ca 00f72223 sw               x15, 4(x14)         x15:00000032 x14:80000000  PA:80000004
             3118500            3058 000002cc 00064783 lbu              x15, 0(x12)         x15=0000005d x12:1c01001b  PA:1c01001b
             3120500            3060 000002d0 00160613 addi             x12, x12, 1         x12=1c01001c x12:1c01001b
             3122500            3062 000002d2 fe0796e3 bne              x15, x0, -20        x15:0000005d
             3125500            3065 000002be 02500713 addi             x14, x0, 37         x14=00000025
             3126500            3066 000002c2 02e78063 beq              x15, x14, 32        x15:0000005d x14:00000025
             3127500            3067 000002c6 80000737 lui              x14, 0x80000000     x14=80000000
             3128500            3068 000002ca 00f72223 sw               x15, 4(x14)         x15:0000005d x14:80000000  PA:80000004
             3130500            3070 000002cc 00064783 lbu              x15, 0(x12)         x15=0000003d x12:1c01001c  PA:1c01001c
             3132500            3072 000002d0 00160613 addi             x12, x12, 1         x12=1c01001d x12:1c01001c
             3134500            3074 000002d2 fe0796e3 bne              x15, x0, -20        x15:0000003d
             3137500            3077 000002be 02500713 addi             x14, x0, 37         x14=00000025
             3138500            3078 000002c2 02e78063 beq              x15, x14, 32        x15:0000003d x14:00000025
             3139500            3079 000002c6 80000737 lui              x14, 0x80000000     x14=80000000
             3140500            3080 000002ca 00f72223 sw               x15, 4(x14)         x15:0000003d x14:80000000  PA:80000004
             3142500            3082 000002cc 00064783 lbu              x15, 0(x12)         x15=00000025 x12:1c01001d  PA:1c01001d
             3144500            3084 000002d0 00160613 addi             x12, x12, 1         x12=1c01001e x12:1c01001d
             3146500            3086 000002d2 fe0796e3 bne              x15, x0, -20        x15:00000025
             3149500            3089 000002be 02500713 addi             x14, x0, 37         x14=00000025
             3151500            3091 000002c2 02e78063 beq              x15, x14, 32        x15:00000025 x14:00000025
             3154500            3094 000002e2 01c14783 lbu              x15, 28(x2)         x15=000000xX  x2:0001ef50  PA:0001ef6c
             3156500            3096 000002e6 02012023 sw               x0, 32(x2)           x2:0001ef50  PA:0001ef70
             3158500            3098 000002e8 ff47f793 andi             x15, x15, -12       x15=000000xX x15:000000xX
             3159500            3099 000002ea 00f10e23 sb               x15, 28(x2)         x15:000000xX  x2:0001ef50  PA:0001ef6c
             3161500            3101 000002ee 02010223 sb               x0, 36(x2)           x2:0001ef50  PA:0001ef74
             3163500            3103 000002f2 00000813 addi             x16, x0, 0          x16=00000000
             3164500            3104 000002f4 00000593 addi             x11, x0, 0          x11=00000000
             3165500            3105 000002f6 00000893 addi             x17, x0, 0          x17=00000000
             3166500            3106 000002f8 00000713 addi             x14, x0, 0          x14=00000000
             3167500            3107 000002fa 00000513 addi             x10, x0, 0          x10=00000000
             3168500            3108 000002fc 00160613 addi             x12, x12, 1         x12=1c01001f x12:1c01001e
             3169500            3109 000002fe fff64783 lbu              x15, -1(x12)        x15=00000064 x12:1c01001f  PA:1c01001e
             3171500            3111 00000302 fc0789e3 beq              x15, x0, -46        x15:00000064
             3172500            3112 00000304 0a878663 beq              x15, x8, 172        x15:00000064  x8:0000002d
             3173500            3113 00000308 0a978a63 beq              x15, x9, 180        x15:00000064  x9:00000030
             3174500            3114 0000030c 0b278563 beq              x15, x18, 170       x15:00000064 x18:00000023
             3175500            3115 00000310 0a071863 bne              x14, x0, 176        x14:00000000
             3177500            3117 00000312 00088863 beq              x17, x0, 16         x17:00000000
             3181500            3121 00000322 00080963 beq              x16, x0, 18         x16:00000000
             3183500            3123 00000334 fd078593 addi             x11, x15, -48       x11=00000034 x15:00000064
             3184500            3124 00000338 0ff5f513 andi             x10, x11, 255       x10=00000034 x11:00000034
             3185500            3125 0000033c 00900713 addi             x14, x0, 9          x14=00000009
             3186500            3126 0000033e 08a77963 bgeu             x14, x10, 146       x14:00000009 x10:00000034
             3187500            3127 00000342 02e00713 addi             x14, x0, 46         x14=0000002e
             3188500            3128 00000346 0ee78263 beq              x15, x14, 228       x15:00000064 x14:0000002e
             3189500            3129 0000034a 06900713 addi             x14, x0, 105        x14=00000069
             3190500            3130 0000034e 16e78963 beq              x15, x14, 370       x15:00000064 x14:00000069
             3192500            3132 00000352 0ef77d63 bgeu             x14, x15, 250       x14:00000069 x15:00000064
             3194500            3134 0000044c 05800713 addi             x14, x0, 88         x14=00000058
             3195500            3135 00000450 f2e787e3 beq              x15, x14, -210      x15:00000064 x14:00000058
             3196500            3136 00000454 02f77863 bgeu             x14, x15, 48        x14:00000058 x15:00000064
             3197500            3137 00000458 06300713 addi             x14, x0, 99         x14=00000063
             3199500            3139 0000045c 04e79e63 bne              x15, x14, 92        x15:00000064 x14:00000063
             3201500            3141 000004b8 06400713 addi             x14, x0, 100        x14=00000064
             3202500            3142 000004bc dee79de3 bne              x15, x14, -518      x15:00000064 x14:00000064
             3203500            3143 000004c0 00a00793 addi             x15, x0, 10         x15=0000000a
             3204500            3144 000004c2 0006a503 lw               x10, 0(x13)         x10=0001918d x13:0001efc4  PA:0001efc4
             3206500            3146 000004c4 02f12423 sw               x15, 40(x2)         x15:0000000a  x2:0001ef50  PA:0001ef78
             3208500            3148 000004c6 00468993 addi             x19, x13, 4         x19=0001efc8 x13:0001efc4
             3209500            3149 000004ca 00054463 blt              x10, x0, 8          x10:0001918d
             3210500            3150 000004ce 01c10593 addi             x11, x2, 28         x11=0001ef6c  x2:0001ef50
             3212500            3152 000004d0 ed3ff06f jal              x0, -302           
             3213500            3153 000003a2 00c12623 sw               x12, 12(x2)         x12:1c01001f  x2:0001ef50  PA:0001ef5c
             3216500            3156 000003a4 d3bff0ef jal              x1, -710             x1=000003a6
             3217500            3157 000000de 00c5a683 lw               x13, 12(x11)        x13=0000000a x11:0001ef6c  PA:0001ef78
             3219500            3159 000000e0 0105a803 lw               x16, 16(x11)        x16=0001ef60 x11:0001ef6c  PA:0001ef7c
             3221500            3161 000000e4 00100793 addi             x15, x0, 1          x15=00000001
             3222500            3162 000000e6 06d56a63 bltu             x10, x13, 116       x10:0001918d x13:0000000a
             3225500            3165 000000ea 02d787b3 mul              x15, x15, x13       x15=0000000a x15:00000001 x13:0000000a
             3262500            3202 000000ee 02f55733 divu             x14, x10, x15       x14=00002827 x10:0001918d x15:0000000a
             3264500            3204 000000f2 fed77ce3 bgeu             x14, x13, -8        x14:00002827 x13:0000000a
             3269500            3209 000000ea 02d787b3 mul              x15, x15, x13       x15=00000064 x15:0000000a x13:0000000a
             3306500            3246 000000ee 02f55733 divu             x14, x10, x15       x14=00000403 x10:0001918d x15:00000064
             3308500            3248 000000f2 fed77ce3 bgeu             x14, x13, -8        x14:00000403 x13:0000000a
             3313500            3253 000000ea 02d787b3 mul              x15, x15, x13       x15=000003e8 x15:00000064 x13:0000000a
             3350500            3290 000000ee 02f55733 divu             x14, x10, x15       x14=00000066 x10:0001918d x15:000003e8
             3352500            3292 000000f2 fed77ce3 bgeu             x14, x13, -8        x14:00000066 x13:0000000a
             3357500            3297 000000ea 02d787b3 mul              x15, x15, x13       x15=00002710 x15:000003e8 x13:0000000a
             3394500            3334 000000ee 02f55733 divu             x14, x10, x15       x14=0000000a x10:0001918d x15:00002710
             3396500            3336 000000f2 fed77ce3 bgeu             x14, x13, -8        x14:0000000a x13:0000000a
             3401500            3341 000000ea 02d787b3 mul              x15, x15, x13       x15=000186a0 x15:00002710 x13:0000000a
             3438500            3378 000000ee 02f55733 divu             x14, x10, x15       x14=00000001 x10:0001918d x15:000186a0
             3439500            3379 000000f2 fed77ce3 bgeu             x14, x13, -8        x14:00000001 x13:0000000a
             3440500            3380 000000f6 04078e63 beq              x15, x0, 92         x15:000186a0
             3441500            3381 000000f8 00000613 addi             x12, x0, 0          x12=00000000
             3442500            3382 000000fa 00900313 addi             x6, x0, 9            x6=00000009
             3479500            3419 000000fc 02f57533 remu             x10, x10, x15       x10=00000aed x10:0001918d x15:000186a0
             3516500            3456 00000100 02d7d7b3 divu             x15, x15, x13       x15=00002710 x15:000186a0 x13:0000000a
             3517500            3457 00000104 00061363 bne              x12, x0, 6          x12:00000000
             3518500            3458 00000106 02e05c63 bge              x0, x14, 56         x14:00000001
             3520500            3460 0000010a 03000693 addi             x13, x0, 48         x13=00000030
             3522500            3462 0000010e 00e35c63 bge              x6, x14, 24          x6:00000009 x14:00000001
             3524500            3464 00000126 00d70733 add              x14, x14, x13       x14=00000031 x14:00000001 x13:00000030
             3525500            3465 00000128 00e80023 sb               x14, 0(x16)         x14:00000031 x16:0001ef60  PA:0001ef60
             3527500            3467 0000012c 00180893 addi             x17, x16, 1         x17=0001ef61 x16:0001ef60
             3528500            3468 00000130 00160613 addi             x12, x12, 1         x12=00000001 x12:00000000
             3529500            3469 00000132 00078d63 beq              x15, x0, 26         x15:00002710
             3530500            3470 00000134 00c5a683 lw               x13, 12(x11)        x13=0000000a x11:0001ef6c  PA:0001ef78
             3532500            3472 00000136 01100833 add              x16, x0, x17        x16=0001ef61 x17:0001ef61
             3569500            3509 00000138 02f55733 divu             x14, x10, x15       x14=00000000 x10:00000aed x15:00002710
             3571500            3511 0000013c fc1ff06f jal              x0, -64            
             3608500            3548 000000fc 02f57533 remu             x10, x10, x15       x10=00000aed x10:00000aed x15:00002710
             3645500            3585 00000100 02d7d7b3 divu             x15, x15, x13       x15=000003e8 x15:00002710 x13:0000000a
             3647500            3587 00000104 00061363 bne              x12, x0, 6          x12:00000001
             3650500            3590 0000010a 03000693 addi             x13, x0, 48         x13=00000030
             3652500            3592 0000010e 00e35c63 bge              x6, x14, 24          x6:00000009 x14:00000000
             3654500            3594 00000126 00d70733 add              x14, x14, x13       x14=00000030 x14:00000000 x13:00000030
             3655500            3595 00000128 00e80023 sb               x14, 0(x16)         x14:00000030 x16:0001ef61  PA:0001ef61
             3657500            3597 0000012c 00180893 addi             x17, x16, 1         x17=0001ef62 x16:0001ef61
             3658500            3598 00000130 00160613 addi             x12, x12, 1         x12=00000002 x12:00000001
             3659500            3599 00000132 00078d63 beq              x15, x0, 26         x15:000003e8
             3660500            3600 00000134 00c5a683 lw               x13, 12(x11)        x13=0000000a x11:0001ef6c  PA:0001ef78
             3662500            3602 00000136 01100833 add              x16, x0, x17        x16=0001ef62 x17:0001ef62
             3699500            3639 00000138 02f55733 divu             x14, x10, x15       x14=00000002 x10:00000aed x15:000003e8
             3701500            3641 0000013c fc1ff06f jal              x0, -64            
             3738500            3678 000000fc 02f57533 remu             x10, x10, x15       x10=0000031d x10:00000aed x15:000003e8
             3775500            3715 00000100 02d7d7b3 divu             x15, x15, x13       x15=00000064 x15:000003e8 x13:0000000a
             3777500            3717 00000104 00061363 bne              x12, x0, 6          x12:00000002
             3780500            3720 0000010a 03000693 addi             x13, x0, 48         x13=00000030
             3782500            3722 0000010e 00e35c63 bge              x6, x14, 24          x6:00000009 x14:00000002
             3784500            3724 00000126 00d70733 add              x14, x14, x13       x14=00000032 x14:00000002 x13:00000030
             3785500            3725 00000128 00e80023 sb               x14, 0(x16)         x14:00000032 x16:0001ef62  PA:0001ef62
             3787500            3727 0000012c 00180893 addi             x17, x16, 1         x17=0001ef63 x16:0001ef62
             3788500            3728 00000130 00160613 addi             x12, x12, 1         x12=00000003 x12:00000002
             3789500            3729 00000132 00078d63 beq              x15, x0, 26         x15:00000064
             3790500            3730 00000134 00c5a683 lw               x13, 12(x11)        x13=0000000a x11:0001ef6c  PA:0001ef78
             3792500            3732 00000136 01100833 add              x16, x0, x17        x16=0001ef63 x17:0001ef63
             3829500            3769 00000138 02f55733 divu             x14, x10, x15       x14=00000007 x10:0000031d x15:00000064
             3831500            3771 0000013c fc1ff06f jal              x0, -64            
             3868500            3808 000000fc 02f57533 remu             x10, x10, x15       x10=00000061 x10:0000031d x15:00000064
             3905500            3845 00000100 02d7d7b3 divu             x15, x15, x13       x15=0000000a x15:00000064 x13:0000000a
             3907500            3847 00000104 00061363 bne              x12, x0, 6          x12:00000003
             3910500            3850 0000010a 03000693 addi             x13, x0, 48         x13=00000030
             3912500            3852 0000010e 00e35c63 bge              x6, x14, 24          x6:00000009 x14:00000007
             3914500            3854 00000126 00d70733 add              x14, x14, x13       x14=00000037 x14:00000007 x13:00000030
             3915500            3855 00000128 00e80023 sb               x14, 0(x16)         x14:00000037 x16:0001ef63  PA:0001ef63
             3917500            3857 0000012c 00180893 addi             x17, x16, 1         x17=0001ef64 x16:0001ef63
             3918500            3858 00000130 00160613 addi             x12, x12, 1         x12=00000004 x12:00000003
             3919500            3859 00000132 00078d63 beq              x15, x0, 26         x15:0000000a
             3920500            3860 00000134 00c5a683 lw               x13, 12(x11)        x13=0000000a x11:0001ef6c  PA:0001ef78
             3922500            3862 00000136 01100833 add              x16, x0, x17        x16=0001ef64 x17:0001ef64
             3959500            3899 00000138 02f55733 divu             x14, x10, x15       x14=00000009 x10:00000061 x15:0000000a
             3961500            3901 0000013c fc1ff06f jal              x0, -64            
             3998500            3938 000000fc 02f57533 remu             x10, x10, x15       x10=00000007 x10:00000061 x15:0000000a
             4035500            3975 00000100 02d7d7b3 divu             x15, x15, x13       x15=00000001 x15:0000000a x13:0000000a
             4037500            3977 00000104 00061363 bne              x12, x0, 6          x12:00000004
             4040500            3980 0000010a 03000693 addi             x13, x0, 48         x13=00000030
             4042500            3982 0000010e 00e35c63 bge              x6, x14, 24          x6:00000009 x14:00000009
             4044500            3984 00000126 00d70733 add              x14, x14, x13       x14=00000039 x14:00000009 x13:00000030
             4045500            3985 00000128 00e80023 sb               x14, 0(x16)         x14:00000039 x16:0001ef64  PA:0001ef64
             4047500            3987 0000012c 00180893 addi             x17, x16, 1         x17=0001ef65 x16:0001ef64
             4048500            3988 00000130 00160613 addi             x12, x12, 1         x12=00000005 x12:00000004
             4049500            3989 00000132 00078d63 beq              x15, x0, 26         x15:00000001
             4050500            3990 00000134 00c5a683 lw               x13, 12(x11)        x13=0000000a x11:0001ef6c  PA:0001ef78
             4052500            3992 00000136 01100833 add              x16, x0, x17        x16=0001ef65 x17:0001ef65
             4089500            4029 00000138 02f55733 divu             x14, x10, x15       x14=00000007 x10:00000007 x15:00000001
             4091500            4031 0000013c fc1ff06f jal              x0, -64            
             4128500            4068 000000fc 02f57533 remu             x10, x10, x15       x10=00000000 x10:00000007 x15:00000001
             4165500            4105 00000100 02d7d7b3 divu             x15, x15, x13       x15=00000000 x15:00000001 x13:0000000a
             4167500            4107 00000104 00061363 bne              x12, x0, 6          x12:00000005
             4170500            4110 0000010a 03000693 addi             x13, x0, 48         x13=00000030
             4172500            4112 0000010e 00e35c63 bge              x6, x14, 24          x6:00000009 x14:00000007
             4174500            4114 00000126 00d70733 add              x14, x14, x13       x14=00000037 x14:00000007 x13:00000030
             4175500            4115 00000128 00e80023 sb               x14, 0(x16)         x14:00000037 x16:0001ef65  PA:0001ef65
             4177500            4117 0000012c 00180893 addi             x17, x16, 1         x17=0001ef66 x16:0001ef65
             4178500            4118 00000130 00160613 addi             x12, x12, 1         x12=00000006 x12:00000005
             4180500            4120 00000132 00078d63 beq              x15, x0, 26         x15:00000000
             4182500            4122 0000014c 00088023 sb               x0, 0(x17)          x17:0001ef66  PA:0001ef66
             4185500            4125 00000150 00008067 jalr             x0, x1, 0            x1:000003a6
             4186500            4126 000003a6 01c10513 addi             x10, x2, 28         x10=0001ef6c  x2:0001ef50
             4188500            4128 000003a8 db7ff0ef jal              x1, -586             x1=000003aa
             4189500            4129 0000015e 01052583 lw               x11, 16(x10)        x11=0001ef60 x10:0001ef6c  PA:0001ef7c
             4191500            4131 00000160 00452783 lw               x15, 4(x10)         x15=00000000 x10:0001ef6c  PA:0001ef70
             4193500            4133 00000162 0005c703 lbu              x14, 0(x11)         x14=00000031 x11:0001ef60  PA:0001ef60
             4195500            4135 00000166 00158693 addi             x13, x11, 1         x13=0001ef61 x11:0001ef60
             4196500            4136 0000016a 00070b63 beq              x14, x0, 22         x14:00000031
             4198500            4138 0000016c 00f05a63 bge              x0, x15, 20         x15:00000000
             4200500            4140 00000180 00854603 lbu              x12, 8(x10)         x12=00000000 x10:0001ef6c  PA:0001ef74
             4202500            4142 00000184 00054703 lbu              x14, 0(x10)         x14=000000xX x10:0001ef6c  PA:0001ef6c
             4204500            4144 00000188 00c038b3 sltu             x17, x0, x12        x17=00000000 x12:00000000
             4205500            4145 0000018c 00277813 andi             x16, x14, 2         x16=00000000 x14:000000xX
             4206500            4146 00000190 411787b3 sub              x15, x15, x17       x15=00000000 x15:00000000 x17:00000000
             4208500            4148 00000194 00080c63 beq              x16, x0, 24         x16:00000000
             4210500            4150 000001ac 00977713 andi             x14, x14, 9         x14=00000000 x14:000000xX
             4211500            4151 000001ae 02071363 bne              x14, x0, 38         x14:00000000
             4212500            4152 000001b0 fff78713 addi             x14, x15, -1        x14=ffffffff x15:00000000
             4214500            4154 000001b4 0cf05f63 bge              x0, x15, 222        x15:00000000
             4216500            4156 00000292 00e007b3 add              x15, x0, x14        x15=ffffffff x14:ffffffff
             4218500            4158 00000294 f41ff06f jal              x0, -192           
             4220500            4160 000001d4 00060463 beq              x12, x0, 8          x12:00000000
             4222500            4162 000001dc 00054703 lbu              x14, 0(x10)         x14=000000xX x10:0001ef6c  PA:0001ef6c
             4224500            4164 000001e0 00277613 andi             x12, x14, 2         x12=00000000 x14:000000xX
             4226500            4166 000001e4 00060863 beq              x12, x0, 16         x12:00000000
             4228500            4168 000001f4 00177713 andi             x14, x14, 1         x14=00000000 x14:000000xX
             4230500            4170 000001f6 02070163 beq              x14, x0, 34         x14:00000000
             4232500            4172 00000218 0005c703 lbu              x14, 0(x11)         x14=00000031 x11:0001ef60  PA:0001ef60
             4234500            4174 0000021c 00070863 beq              x14, x0, 16         x14:00000031
             4235500            4175 0000021e 80000637 lui              x12, 0x80000000     x12=80000000
             4236500            4176 00000222 00e62223 sw               x14, 4(x12)         x14:00000031 x12:80000000  PA:80000004
             4238500            4178 00000224 00168693 addi             x13, x13, 1         x13=0001ef62 x13:0001ef61
             4239500            4179 00000226 fff6c703 lbu              x14, -1(x13)        x14=00000030 x13:0001ef62  PA:0001ef61
             4242500            4182 0000022a fe071ce3 bne              x14, x0, -8         x14:00000030
             4244500            4184 00000222 00e62223 sw               x14, 4(x12)         x14:00000030 x12:80000000  PA:80000004
             4246500            4186 00000224 00168693 addi             x13, x13, 1         x13=0001ef63 x13:0001ef62
             4247500            4187 00000226 fff6c703 lbu              x14, -1(x13)        x14=00000032 x13:0001ef63  PA:0001ef62
             4250500            4190 0000022a fe071ce3 bne              x14, x0, -8         x14:00000032
             4252500            4192 00000222 00e62223 sw               x14, 4(x12)         x14:00000032 x12:80000000  PA:80000004
             4254500            4194 00000224 00168693 addi             x13, x13, 1         x13=0001ef64 x13:0001ef63
             4255500            4195 00000226 fff6c703 lbu              x14, -1(x13)        x14=00000037 x13:0001ef64  PA:0001ef63
             4258500            4198 0000022a fe071ce3 bne              x14, x0, -8         x14:00000037
             4260500            4200 00000222 00e62223 sw               x14, 4(x12)         x14:00000037 x12:80000000  PA:80000004
             4262500            4202 00000224 00168693 addi             x13, x13, 1         x13=0001ef65 x13:0001ef64
             4263500            4203 00000226 fff6c703 lbu              x14, -1(x13)        x14=00000039 x13:0001ef65  PA:0001ef64
             4266500            4206 0000022a fe071ce3 bne              x14, x0, -8         x14:00000039
             4268500            4208 00000222 00e62223 sw               x14, 4(x12)         x14:00000039 x12:80000000  PA:80000004
             4270500            4210 00000224 00168693 addi             x13, x13, 1         x13=0001ef66 x13:0001ef65
             4271500            4211 00000226 fff6c703 lbu              x14, -1(x13)        x14=00000037 x13:0001ef66  PA:0001ef65
             4274500            4214 0000022a fe071ce3 bne              x14, x0, -8         x14:00000037
             4276500            4216 00000222 00e62223 sw               x14, 4(x12)         x14:00000037 x12:80000000  PA:80000004
             4278500            4218 00000224 00168693 addi             x13, x13, 1         x13=0001ef67 x13:0001ef66
             4279500            4219 00000226 fff6c703 lbu              x14, -1(x13)        x14=00000000 x13:0001ef67  PA:0001ef66
             4281500            4221 0000022a fe071ce3 bne              x14, x0, -8         x14:00000000
             4282500            4222 0000022c 00054703 lbu              x14, 0(x10)         x14=000000xX x10:0001ef6c  PA:0001ef6c
             4284500            4224 00000230 00800693 addi             x13, x0, 8          x13=00000008
             4285500            4225 00000232 00977713 andi             x14, x14, 9         x14=00000000 x14:000000xX
             4286500            4226 00000234 00d70363 beq              x14, x13, 6         x14:00000000 x13:00000008
             4288500            4228 00000238 00008067 jalr             x0, x1, 0            x1:000003aa
             4289500            4229 000003aa 013006b3 add              x13, x0, x19        x13=0001efc8 x19:0001efc8
             4290500            4230 000003ac 00c12603 lw               x12, 12(x2)         x12=1c01001f  x2:0001ef50  PA:0001ef5c
             4293500            4233 000003ae f09ff06f jal              x0, -248           
             4295500            4235 000002b6 00064783 lbu              x15, 0(x12)         x15=0000000a x12:1c01001f  PA:1c01001f
             4297500            4237 000002ba 00160613 addi             x12, x12, 1         x12=1c010020 x12:1c01001f
             4298500            4238 000002bc 00078c63 beq              x15, x0, 24         x15:0000000a
             4299500            4239 000002be 02500713 addi             x14, x0, 37         x14=00000025
             4301500            4241 000002c2 02e78063 beq              x15, x14, 32        x15:0000000a x14:00000025
             4302500            4242 000002c6 80000737 lui              x14, 0x80000000     x14=80000000
             4303500            4243 000002ca 00f72223 sw               x15, 4(x14)         x15:0000000a x14:80000000  PA:80000004
             4305500            4245 000002cc 00064783 lbu              x15, 0(x12)         x15=00000000 x12:1c010020  PA:1c010020
             4307500            4247 000002d0 00160613 addi             x12, x12, 1         x12=1c010021 x12:1c010020
             4308500            4248 000002d2 fe0796e3 bne              x15, x0, -20        x15:00000000
             4309500            4249 000002d4 04c12083 lw               x1, 76(x2)           x1=0000051a  x2:0001ef50  PA:0001ef9c
             4311500            4251 000002d6 04812403 lw               x8, 72(x2)           x8=1c0100a0  x2:0001ef50  PA:0001ef98
             4313500            4253 000002d8 04412483 lw               x9, 68(x2)           x9=00000000  x2:0001ef50  PA:0001ef94
             4315500            4255 000002da 04012903 lw               x18, 64(x2)         x18=00000000  x2:0001ef50  PA:0001ef90
             4317500            4257 000002dc 03c12983 lw               x19, 60(x2)         x19=00000000  x2:0001ef50  PA:0001ef8c
             4319500            4259 000002de 05010113 addi             x2, x2, 80           x2=0001efa0  x2:0001ef50
             4321500            4261 000002e0 00008067 jalr             x0, x1, 0            x1:0000051a
             4322500            4262 0000051a 01c12083 lw               x1, 28(x2)           x1=00000650  x2:0001efa0  PA:0001efbc
             4324500            4264 0000051c 04010113 addi             x2, x2, 64           x2=0001efe0  x2:0001efa0
             4326500            4266 0000051e 00008067 jalr             x0, x1, 0            x1:00000650
             4327500            4267 00000650 00c42583 lw               x11, 12(x8)         x11=00fe295c  x8:1c0100a0  PA:1c0100ac
             4329500            4269 00000652 1c010537 lui              x10, 0x1c010000     x10=1c010000
             4330500            4270 00000656 02450513 addi             x10, x10, 36        x10=1c010024 x10:1c010000
             4332500            4272 0000065a e93ff0ef jal              x1, -366             x1=0000065c
             4333500            4273 000004ec fc010113 addi             x2, x2, -64          x2=0001efa0  x2:0001efe0
             4334500            4274 000004ee 02c12423 sw               x12, 40(x2)         x12:1c010021  x2:0001efa0  PA:0001efc8
             4336500            4276 000004f0 1c010637 lui              x12, 0x1c010000     x12=1c010000
             4337500            4277 000004f4 02b12223 sw               x11, 36(x2)         x11:00fe295c  x2:0001efa0  PA:0001efc4
             4339500            4279 000004f6 0c462583 lw               x11, 196(x12)       x11=000bc151 x12:1c010000  PA:1c0100c4
             4341500            4281 000004fa 00a00633 add              x12, x0, x10        x12=1c010024 x10:1c010024
             4342500            4282 000004fc 1c010537 lui              x10, 0x1c010000     x10=1c010000
             4343500            4283 00000500 02410313 addi             x6, x2, 36           x6=0001efc4  x2:0001efa0
             4344500            4284 00000504 0c852503 lw               x10, 200(x10)       x10=00000000 x10:1c010000  PA:1c0100c8
             4346500            4286 00000508 02d12623 sw               x13, 44(x2)         x13:0001efc8  x2:0001efa0  PA:0001efcc
             4348500            4288 0000050a 006006b3 add              x13, x0, x6         x13=0001efc4  x6:0001efc4
             4349500            4289 0000050c 00112e23 sw               x1, 28(x2)           x1:0000065c  x2:0001efa0  PA:0001efbc
             4351500            4291 0000050e 02e12823 sw               x14, 48(x2)         x14:80000000  x2:0001efa0  PA:0001efd0
             4353500            4293 00000510 02f12a23 sw               x15, 52(x2)         x15:00000000  x2:0001efa0  PA:0001efd4
             4355500            4295 00000512 03012c23 sw               x16, 56(x2)         x16:00000000  x2:0001efa0  PA:0001efd8
             4357500            4297 00000514 03112e23 sw               x17, 60(x2)         x17:00000000  x2:0001efa0  PA:0001efdc
             4359500            4299 00000516 00612623 sw               x6, 12(x2)           x6:0001efc4  x2:0001efa0  PA:0001efac
             4362500            4302 00000518 d83ff0ef jal              x1, -638             x1=0000051a
             4363500            4303 0000029a fb010113 addi             x2, x2, -80          x2=0001ef50  x2:0001efa0
             4364500            4304 0000029c 01010793 addi             x15, x2, 16         x15=0001ef60  x2:0001ef50
             4365500            4305 0000029e 04812423 sw               x8, 72(x2)           x8:1c0100a0  x2:0001ef50  PA:0001ef98
             4367500            4307 000002a0 04912223 sw               x9, 68(x2)           x9:00000000  x2:0001ef50  PA:0001ef94
             4369500            4309 000002a2 05212023 sw               x18, 64(x2)         x18:00000000  x2:0001ef50  PA:0001ef90
             4371500            4311 000002a4 04112623 sw               x1, 76(x2)           x1:0000051a  x2:0001ef50  PA:0001ef9c
             4373500            4313 000002a6 03312e23 sw               x19, 60(x2)         x19:00000000  x2:0001ef50  PA:0001ef8c
             4375500            4315 000002a8 02f12623 sw               x15, 44(x2)         x15:0001ef60  x2:0001ef50  PA:0001ef7c
             4377500            4317 000002aa 02d00413 addi             x8, x0, 45           x8=0000002d
             4378500            4318 000002ae 03000493 addi             x9, x0, 48           x9=00000030
             4380500            4320 000002b2 02300913 addi             x18, x0, 35         x18=00000023
             4381500            4321 000002b6 00064783 lbu              x15, 0(x12)         x15=00000064 x12:1c010024  PA:1c010024
             4383500            4323 000002ba 00160613 addi             x12, x12, 1         x12=1c010025 x12:1c010024
             4384500            4324 000002bc 00078c63 beq              x15, x0, 24         x15:00000064
             4385500            4325 000002be 02500713 addi             x14, x0, 37         x14=00000025
             4387500            4327 000002c2 02e78063 beq              x15, x14, 32        x15:00000064 x14:00000025
             4388500            4328 000002c6 80000737 lui              x14, 0x80000000     x14=80000000
             4389500            4329 000002ca 00f72223 sw               x15, 4(x14)         x15:00000064 x14:80000000  PA:80000004
             4391500            4331 000002cc 00064783 lbu              x15, 0(x12)         x15=0000005b x12:1c010025  PA:1c010025
             4393500            4333 000002d0 00160613 addi             x12, x12, 1         x12=1c010026 x12:1c010025
             4395500            4335 000002d2 fe0796e3 bne              x15, x0, -20        x15:0000005b
             4398500            4338 000002be 02500713 addi             x14, x0, 37         x14=00000025
             4399500            4339 000002c2 02e78063 beq              x15, x14, 32        x15:0000005b x14:00000025
             4400500            4340 000002c6 80000737 lui              x14, 0x80000000     x14=80000000
             4401500            4341 000002ca 00f72223 sw               x15, 4(x14)         x15:0000005b x14:80000000  PA:80000004
             4403500            4343 000002cc 00064783 lbu              x15, 0(x12)         x15=00000033 x12:1c010026  PA:1c010026
             4405500            4345 000002d0 00160613 addi             x12, x12, 1         x12=1c010027 x12:1c010026
             4407500            4347 000002d2 fe0796e3 bne              x15, x0, -20        x15:00000033
             4410500            4350 000002be 02500713 addi             x14, x0, 37         x14=00000025
             4411500            4351 000002c2 02e78063 beq              x15, x14, 32        x15:00000033 x14:00000025
             4412500            4352 000002c6 80000737 lui              x14, 0x80000000     x14=80000000
             4413500            4353 000002ca 00f72223 sw               x15, 4(x14)         x15:00000033 x14:80000000  PA:80000004
             4415500            4355 000002cc 00064783 lbu              x15, 0(x12)         x15=0000005d x12:1c010027  PA:1c010027
             4417500            4357 000002d0 00160613 addi             x12, x12, 1         x12=1c010028 x12:1c010027
             4419500            4359 000002d2 fe0796e3 bne              x15, x0, -20        x15:0000005d
             4422500            4362 000002be 02500713 addi             x14, x0, 37         x14=00000025
             4423500            4363 000002c2 02e78063 beq              x15, x14, 32        x15:0000005d x14:00000025
             4424500            4364 000002c6 80000737 lui              x14, 0x80000000     x14=80000000
             4425500            4365 000002ca 00f72223 sw               x15, 4(x14)         x15:0000005d x14:80000000  PA:80000004
             4427500            4367 000002cc 00064783 lbu              x15, 0(x12)         x15=0000003d x12:1c010028  PA:1c010028
             4429500            4369 000002d0 00160613 addi             x12, x12, 1         x12=1c010029 x12:1c010028
             4431500            4371 000002d2 fe0796e3 bne              x15, x0, -20        x15:0000003d
             4434500            4374 000002be 02500713 addi             x14, x0, 37         x14=00000025
             4435500            4375 000002c2 02e78063 beq              x15, x14, 32        x15:0000003d x14:00000025
             4436500            4376 000002c6 80000737 lui              x14, 0x80000000     x14=80000000
             4437500            4377 000002ca 00f72223 sw               x15, 4(x14)         x15:0000003d x14:80000000  PA:80000004
             4439500            4379 000002cc 00064783 lbu              x15, 0(x12)         x15=00000025 x12:1c010029  PA:1c010029
             4441500            4381 000002d0 00160613 addi             x12, x12, 1         x12=1c01002a x12:1c010029
             4443500            4383 000002d2 fe0796e3 bne              x15, x0, -20        x15:00000025
             4446500            4386 000002be 02500713 addi             x14, x0, 37         x14=00000025
             4448500            4388 000002c2 02e78063 beq              x15, x14, 32        x15:00000025 x14:00000025
             4451500            4391 000002e2 01c14783 lbu              x15, 28(x2)         x15=000000xX  x2:0001ef50  PA:0001ef6c
             4453500            4393 000002e6 02012023 sw               x0, 32(x2)           x2:0001ef50  PA:0001ef70
             4455500            4395 000002e8 ff47f793 andi             x15, x15, -12       x15=000000xX x15:000000xX
             4456500            4396 000002ea 00f10e23 sb               x15, 28(x2)         x15:000000xX  x2:0001ef50  PA:0001ef6c
             4458500            4398 000002ee 02010223 sb               x0, 36(x2)           x2:0001ef50  PA:0001ef74
             4460500            4400 000002f2 00000813 addi             x16, x0, 0          x16=00000000
             4461500            4401 000002f4 00000593 addi             x11, x0, 0          x11=00000000
             4462500            4402 000002f6 00000893 addi             x17, x0, 0          x17=00000000
             4463500            4403 000002f8 00000713 addi             x14, x0, 0          x14=00000000
             4464500            4404 000002fa 00000513 addi             x10, x0, 0          x10=00000000
             4465500            4405 000002fc 00160613 addi             x12, x12, 1         x12=1c01002b x12:1c01002a
             4466500            4406 000002fe fff64783 lbu              x15, -1(x12)        x15=00000064 x12:1c01002b  PA:1c01002a
             4468500            4408 00000302 fc0789e3 beq              x15, x0, -46        x15:00000064
             4469500            4409 00000304 0a878663 beq              x15, x8, 172        x15:00000064  x8:0000002d
             4470500            4410 00000308 0a978a63 beq              x15, x9, 180        x15:00000064  x9:00000030
             4471500            4411 0000030c 0b278563 beq              x15, x18, 170       x15:00000064 x18:00000023
             4472500            4412 00000310 0a071863 bne              x14, x0, 176        x14:00000000
             4474500            4414 00000312 00088863 beq              x17, x0, 16         x17:00000000
             4478500            4418 00000322 00080963 beq              x16, x0, 18         x16:00000000
             4480500            4420 00000334 fd078593 addi             x11, x15, -48       x11=00000034 x15:00000064
             4481500            4421 00000338 0ff5f513 andi             x10, x11, 255       x10=00000034 x11:00000034
             4482500            4422 0000033c 00900713 addi             x14, x0, 9          x14=00000009
             4483500            4423 0000033e 08a77963 bgeu             x14, x10, 146       x14:00000009 x10:00000034
             4484500            4424 00000342 02e00713 addi             x14, x0, 46         x14=0000002e
             4485500            4425 00000346 0ee78263 beq              x15, x14, 228       x15:00000064 x14:0000002e
             4486500            4426 0000034a 06900713 addi             x14, x0, 105        x14=00000069
             4487500            4427 0000034e 16e78963 beq              x15, x14, 370       x15:00000064 x14:00000069
             4489500            4429 00000352 0ef77d63 bgeu             x14, x15, 250       x14:00000069 x15:00000064
             4491500            4431 0000044c 05800713 addi             x14, x0, 88         x14=00000058
             4492500            4432 00000450 f2e787e3 beq              x15, x14, -210      x15:00000064 x14:00000058
             4493500            4433 00000454 02f77863 bgeu             x14, x15, 48        x14:00000058 x15:00000064
             4494500            4434 00000458 06300713 addi             x14, x0, 99         x14=00000063
             4496500            4436 0000045c 04e79e63 bne              x15, x14, 92        x15:00000064 x14:00000063
             4498500            4438 000004b8 06400713 addi             x14, x0, 100        x14=00000064
             4499500            4439 000004bc dee79de3 bne              x15, x14, -518      x15:00000064 x14:00000064
             4500500            4440 000004c0 00a00793 addi             x15, x0, 10         x15=0000000a
             4501500            4441 000004c2 0006a503 lw               x10, 0(x13)         x10=00fe295c x13:0001efc4  PA:0001efc4
             4503500            4443 000004c4 02f12423 sw               x15, 40(x2)         x15:0000000a  x2:0001ef50  PA:0001ef78
             4505500            4445 000004c6 00468993 addi             x19, x13, 4         x19=0001efc8 x13:0001efc4
             4506500            4446 000004ca 00054463 blt              x10, x0, 8          x10:00fe295c
             4507500            4447 000004ce 01c10593 addi             x11, x2, 28         x11=0001ef6c  x2:0001ef50
             4509500            4449 000004d0 ed3ff06f jal              x0, -302           
             4510500            4450 000003a2 00c12623 sw               x12, 12(x2)         x12:1c01002b  x2:0001ef50  PA:0001ef5c
             4513500            4453 000003a4 d3bff0ef jal              x1, -710             x1=000003a6
             4514500            4454 000000de 00c5a683 lw               x13, 12(x11)        x13=0000000a x11:0001ef6c  PA:0001ef78
             4516500            4456 000000e0 0105a803 lw               x16, 16(x11)        x16=0001ef60 x11:0001ef6c  PA:0001ef7c
             4518500            4458 000000e4 00100793 addi             x15, x0, 1          x15=00000001
             4519500            4459 000000e6 06d56a63 bltu             x10, x13, 116       x10:00fe295c x13:0000000a
             4522500            4462 000000ea 02d787b3 mul              x15, x15, x13       x15=0000000a x15:00000001 x13:0000000a
             4559500            4499 000000ee 02f55733 divu             x14, x10, x15       x14=00196a89 x10:00fe295c x15:0000000a
             4561500            4501 000000f2 fed77ce3 bgeu             x14, x13, -8        x14:00196a89 x13:0000000a
             4566500            4506 000000ea 02d787b3 mul              x15, x15, x13       x15=00000064 x15:0000000a x13:0000000a
             4603500            4543 000000ee 02f55733 divu             x14, x10, x15       x14=00028aa7 x10:00fe295c x15:00000064
             4605500            4545 000000f2 fed77ce3 bgeu             x14, x13, -8        x14:00028aa7 x13:0000000a
             4610500            4550 000000ea 02d787b3 mul              x15, x15, x13       x15=000003e8 x15:00000064 x13:0000000a
             4647500            4587 000000ee 02f55733 divu             x14, x10, x15       x14=00004110 x10:00fe295c x15:000003e8
             4649500            4589 000000f2 fed77ce3 bgeu             x14, x13, -8        x14:00004110 x13:0000000a
             4654500            4594 000000ea 02d787b3 mul              x15, x15, x13       x15=00002710 x15:000003e8 x13:0000000a
             4691500            4631 000000ee 02f55733 divu             x14, x10, x15       x14=00000681 x10:00fe295c x15:00002710
             4693500            4633 000000f2 fed77ce3 bgeu             x14, x13, -8        x14:00000681 x13:0000000a
             4698500            4638 000000ea 02d787b3 mul              x15, x15, x13       x15=000186a0 x15:00002710 x13:0000000a
             4735500            4675 000000ee 02f55733 divu             x14, x10, x15       x14=000000a6 x10:00fe295c x15:000186a0
             4737500            4677 000000f2 fed77ce3 bgeu             x14, x13, -8        x14:000000a6 x13:0000000a
             4742500            4682 000000ea 02d787b3 mul              x15, x15, x13       x15=000f4240 x15:000186a0 x13:0000000a
             4779500            4719 000000ee 02f55733 divu             x14, x10, x15       x14=00000010 x10:00fe295c x15:000f4240
             4781500            4721 000000f2 fed77ce3 bgeu             x14, x13, -8        x14:00000010 x13:0000000a
             4786500            4726 000000ea 02d787b3 mul              x15, x15, x13       x15=00989680 x15:000f4240 x13:0000000a
             4823500            4763 000000ee 02f55733 divu             x14, x10, x15       x14=00000001 x10:00fe295c x15:00989680
             4824500            4764 000000f2 fed77ce3 bgeu             x14, x13, -8        x14:00000001 x13:0000000a
             4825500            4765 000000f6 04078e63 beq              x15, x0, 92         x15:00989680
             4826500            4766 000000f8 00000613 addi             x12, x0, 0          x12=00000000
             4827500            4767 000000fa 00900313 addi             x6, x0, 9            x6=00000009
             4864500            4804 000000fc 02f57533 remu             x10, x10, x15       x10=006592dc x10:00fe295c x15:00989680
             4901500            4841 00000100 02d7d7b3 divu             x15, x15, x13       x15=000f4240 x15:00989680 x13:0000000a
             4902500            4842 00000104 00061363 bne              x12, x0, 6          x12:00000000
             4903500            4843 00000106 02e05c63 bge              x0, x14, 56         x14:00000001
             4905500            4845 0000010a 03000693 addi             x13, x0, 48         x13=00000030
             4907500            4847 0000010e 00e35c63 bge              x6, x14, 24          x6:00000009 x14:00000001
             4909500            4849 00000126 00d70733 add              x14, x14, x13       x14=00000031 x14:00000001 x13:00000030
             4910500            4850 00000128 00e80023 sb               x14, 0(x16)         x14:00000031 x16:0001ef60  PA:0001ef60
             4912500            4852 0000012c 00180893 addi             x17, x16, 1         x17=0001ef61 x16:0001ef60
             4913500            4853 00000130 00160613 addi             x12, x12, 1         x12=00000001 x12:00000000
             4914500            4854 00000132 00078d63 beq              x15, x0, 26         x15:000f4240
             4915500            4855 00000134 00c5a683 lw               x13, 12(x11)        x13=0000000a x11:0001ef6c  PA:0001ef78
             4917500            4857 00000136 01100833 add              x16, x0, x17        x16=0001ef61 x17:0001ef61
             4954500            4894 00000138 02f55733 divu             x14, x10, x15       x14=00000006 x10:006592dc x15:000f4240
             4956500            4896 0000013c fc1ff06f jal              x0, -64            
             4993500            4933 000000fc 02f57533 remu             x10, x10, x15       x10=000a055c x10:006592dc x15:000f4240
             5030500            4970 00000100 02d7d7b3 divu             x15, x15, x13       x15=000186a0 x15:000f4240 x13:0000000a
             5032500            4972 00000104 00061363 bne              x12, x0, 6          x12:00000001
             5035500            4975 0000010a 03000693 addi             x13, x0, 48         x13=00000030
             5037500            4977 0000010e 00e35c63 bge              x6, x14, 24          x6:00000009 x14:00000006
             5039500            4979 00000126 00d70733 add              x14, x14, x13       x14=00000036 x14:00000006 x13:00000030
             5040500            4980 00000128 00e80023 sb               x14, 0(x16)         x14:00000036 x16:0001ef61  PA:0001ef61
             5042500            4982 0000012c 00180893 addi             x17, x16, 1         x17=0001ef62 x16:0001ef61
             5043500            4983 00000130 00160613 addi             x12, x12, 1         x12=00000002 x12:00000001
             5044500            4984 00000132 00078d63 beq              x15, x0, 26         x15:000186a0
             5045500            4985 00000134 00c5a683 lw               x13, 12(x11)        x13=0000000a x11:0001ef6c  PA:0001ef78
             5047500            4987 00000136 01100833 add              x16, x0, x17        x16=0001ef62 x17:0001ef62
             5084500            5024 00000138 02f55733 divu             x14, x10, x15       x14=00000006 x10:000a055c x15:000186a0
             5086500            5026 0000013c fc1ff06f jal              x0, -64            
             5123500            5063 000000fc 02f57533 remu             x10, x10, x15       x10=0000dd9c x10:000a055c x15:000186a0
             5160500            5100 00000100 02d7d7b3 divu             x15, x15, x13       x15=00002710 x15:000186a0 x13:0000000a
             5162500            5102 00000104 00061363 bne              x12, x0, 6          x12:00000002
             5165500            5105 0000010a 03000693 addi             x13, x0, 48         x13=00000030
             5167500            5107 0000010e 00e35c63 bge              x6, x14, 24          x6:00000009 x14:00000006
             5169500            5109 00000126 00d70733 add              x14, x14, x13       x14=00000036 x14:00000006 x13:00000030
             5170500            5110 00000128 00e80023 sb               x14, 0(x16)         x14:00000036 x16:0001ef62  PA:0001ef62
             5172500            5112 0000012c 00180893 addi             x17, x16, 1         x17=0001ef63 x16:0001ef62
             5173500            5113 00000130 00160613 addi             x12, x12, 1         x12=00000003 x12:00000002
             5174500            5114 00000132 00078d63 beq              x15, x0, 26         x15:00002710
             5175500            5115 00000134 00c5a683 lw               x13, 12(x11)        x13=0000000a x11:0001ef6c  PA:0001ef78
             5177500            5117 00000136 01100833 add              x16, x0, x17        x16=0001ef63 x17:0001ef63
             5214500            5154 00000138 02f55733 divu             x14, x10, x15       x14=00000005 x10:0000dd9c x15:00002710
             5216500            5156 0000013c fc1ff06f jal              x0, -64            
             5253500            5193 000000fc 02f57533 remu             x10, x10, x15       x10=00001a4c x10:0000dd9c x15:00002710
             5290500            5230 00000100 02d7d7b3 divu             x15, x15, x13       x15=000003e8 x15:00002710 x13:0000000a
             5292500            5232 00000104 00061363 bne              x12, x0, 6          x12:00000003
             5295500            5235 0000010a 03000693 addi             x13, x0, 48         x13=00000030
             5297500            5237 0000010e 00e35c63 bge              x6, x14, 24          x6:00000009 x14:00000005
             5299500            5239 00000126 00d70733 add              x14, x14, x13       x14=00000035 x14:00000005 x13:00000030
             5300500            5240 00000128 00e80023 sb               x14, 0(x16)         x14:00000035 x16:0001ef63  PA:0001ef63
             5302500            5242 0000012c 00180893 addi             x17, x16, 1         x17=0001ef64 x16:0001ef63
             5303500            5243 00000130 00160613 addi             x12, x12, 1         x12=00000004 x12:00000003
             5304500            5244 00000132 00078d63 beq              x15, x0, 26         x15:000003e8
             5305500            5245 00000134 00c5a683 lw               x13, 12(x11)        x13=0000000a x11:0001ef6c  PA:0001ef78
             5307500            5247 00000136 01100833 add              x16, x0, x17        x16=0001ef64 x17:0001ef64
             5344500            5284 00000138 02f55733 divu             x14, x10, x15       x14=00000006 x10:00001a4c x15:000003e8
             5346500            5286 0000013c fc1ff06f jal              x0, -64            
             5383500            5323 000000fc 02f57533 remu             x10, x10, x15       x10=000002dc x10:00001a4c x15:000003e8
             5420500            5360 00000100 02d7d7b3 divu             x15, x15, x13       x15=00000064 x15:000003e8 x13:0000000a
             5422500            5362 00000104 00061363 bne              x12, x0, 6          x12:00000004
             5425500            5365 0000010a 03000693 addi             x13, x0, 48         x13=00000030
             5427500            5367 0000010e 00e35c63 bge              x6, x14, 24          x6:00000009 x14:00000006
             5429500            5369 00000126 00d70733 add              x14, x14, x13       x14=00000036 x14:00000006 x13:00000030
             5430500            5370 00000128 00e80023 sb               x14, 0(x16)         x14:00000036 x16:0001ef64  PA:0001ef64
             5432500            5372 0000012c 00180893 addi             x17, x16, 1         x17=0001ef65 x16:0001ef64
             5433500            5373 00000130 00160613 addi             x12, x12, 1         x12=00000005 x12:00000004
             5434500            5374 00000132 00078d63 beq              x15, x0, 26         x15:00000064
             5435500            5375 00000134 00c5a683 lw               x13, 12(x11)        x13=0000000a x11:0001ef6c  PA:0001ef78
             5437500            5377 00000136 01100833 add              x16, x0, x17        x16=0001ef65 x17:0001ef65
             5474500            5414 00000138 02f55733 divu             x14, x10, x15       x14=00000007 x10:000002dc x15:00000064
             5476500            5416 0000013c fc1ff06f jal              x0, -64            
             5513500            5453 000000fc 02f57533 remu             x10, x10, x15       x10=00000020 x10:000002dc x15:00000064
             5550500            5490 00000100 02d7d7b3 divu             x15, x15, x13       x15=0000000a x15:00000064 x13:0000000a
             5552500            5492 00000104 00061363 bne              x12, x0, 6          x12:00000005
             5555500            5495 0000010a 03000693 addi             x13, x0, 48         x13=00000030
             5557500            5497 0000010e 00e35c63 bge              x6, x14, 24          x6:00000009 x14:00000007
             5559500            5499 00000126 00d70733 add              x14, x14, x13       x14=00000037 x14:00000007 x13:00000030
             5560500            5500 00000128 00e80023 sb               x14, 0(x16)         x14:00000037 x16:0001ef65  PA:0001ef65
             5562500            5502 0000012c 00180893 addi             x17, x16, 1         x17=0001ef66 x16:0001ef65
             5563500            5503 00000130 00160613 addi             x12, x12, 1         x12=00000006 x12:00000005
             5564500            5504 00000132 00078d63 beq              x15, x0, 26         x15:0000000a
             5565500            5505 00000134 00c5a683 lw               x13, 12(x11)        x13=0000000a x11:0001ef6c  PA:0001ef78
             5567500            5507 00000136 01100833 add              x16, x0, x17        x16=0001ef66 x17:0001ef66
             5604500            5544 00000138 02f55733 divu             x14, x10, x15       x14=00000003 x10:00000020 x15:0000000a
             5606500            5546 0000013c fc1ff06f jal              x0, -64            
             5643500            5583 000000fc 02f57533 remu             x10, x10, x15       x10=00000002 x10:00000020 x15:0000000a
             5680500            5620 00000100 02d7d7b3 divu             x15, x15, x13       x15=00000001 x15:0000000a x13:0000000a
             5682500            5622 00000104 00061363 bne              x12, x0, 6          x12:00000006
             5685500            5625 0000010a 03000693 addi             x13, x0, 48         x13=00000030
             5687500            5627 0000010e 00e35c63 bge              x6, x14, 24          x6:00000009 x14:00000003
             5689500            5629 00000126 00d70733 add              x14, x14, x13       x14=00000033 x14:00000003 x13:00000030
             5690500            5630 00000128 00e80023 sb               x14, 0(x16)         x14:00000033 x16:0001ef66  PA:0001ef66
             5692500            5632 0000012c 00180893 addi             x17, x16, 1         x17=0001ef67 x16:0001ef66
             5693500            5633 00000130 00160613 addi             x12, x12, 1         x12=00000007 x12:00000006
             5694500            5634 00000132 00078d63 beq              x15, x0, 26         x15:00000001
             5695500            5635 00000134 00c5a683 lw               x13, 12(x11)        x13=0000000a x11:0001ef6c  PA:0001ef78
             5697500            5637 00000136 01100833 add              x16, x0, x17        x16=0001ef67 x17:0001ef67
             5734500            5674 00000138 02f55733 divu             x14, x10, x15       x14=00000002 x10:00000002 x15:00000001
             5736500            5676 0000013c fc1ff06f jal              x0, -64            
             5773500            5713 000000fc 02f57533 remu             x10, x10, x15       x10=00000000 x10:00000002 x15:00000001
             5810500            5750 00000100 02d7d7b3 divu             x15, x15, x13       x15=00000000 x15:00000001 x13:0000000a
             5812500            5752 00000104 00061363 bne              x12, x0, 6          x12:00000007
             5815500            5755 0000010a 03000693 addi             x13, x0, 48         x13=00000030
             5817500            5757 0000010e 00e35c63 bge              x6, x14, 24          x6:00000009 x14:00000002
             5819500            5759 00000126 00d70733 add              x14, x14, x13       x14=00000032 x14:00000002 x13:00000030
             5820500            5760 00000128 00e80023 sb               x14, 0(x16)         x14:00000032 x16:0001ef67  PA:0001ef67
             5822500            5762 0000012c 00180893 addi             x17, x16, 1         x17=0001ef68 x16:0001ef67
             5823500            5763 00000130 00160613 addi             x12, x12, 1         x12=00000008 x12:00000007
             5825500            5765 00000132 00078d63 beq              x15, x0, 26         x15:00000000
             5827500            5767 0000014c 00088023 sb               x0, 0(x17)          x17:0001ef68  PA:0001ef68
             5830500            5770 00000150 00008067 jalr             x0, x1, 0            x1:000003a6
             5831500            5771 000003a6 01c10513 addi             x10, x2, 28         x10=0001ef6c  x2:0001ef50
             5833500            5773 000003a8 db7ff0ef jal              x1, -586             x1=000003aa
             5834500            5774 0000015e 01052583 lw               x11, 16(x10)        x11=0001ef60 x10:0001ef6c  PA:0001ef7c
             5836500            5776 00000160 00452783 lw               x15, 4(x10)         x15=00000000 x10:0001ef6c  PA:0001ef70
             5838500            5778 00000162 0005c703 lbu              x14, 0(x11)         x14=00000031 x11:0001ef60  PA:0001ef60
             5840500            5780 00000166 00158693 addi             x13, x11, 1         x13=0001ef61 x11:0001ef60
             5841500            5781 0000016a 00070b63 beq              x14, x0, 22         x14:00000031
             5843500            5783 0000016c 00f05a63 bge              x0, x15, 20         x15:00000000
             5845500            5785 00000180 00854603 lbu              x12, 8(x10)         x12=00000000 x10:0001ef6c  PA:0001ef74
             5847500            5787 00000184 00054703 lbu              x14, 0(x10)         x14=000000xX x10:0001ef6c  PA:0001ef6c
             5849500            5789 00000188 00c038b3 sltu             x17, x0, x12        x17=00000000 x12:00000000
             5850500            5790 0000018c 00277813 andi             x16, x14, 2         x16=00000000 x14:000000xX
             5851500            5791 00000190 411787b3 sub              x15, x15, x17       x15=00000000 x15:00000000 x17:00000000
             5853500            5793 00000194 00080c63 beq              x16, x0, 24         x16:00000000
             5855500            5795 000001ac 00977713 andi             x14, x14, 9         x14=00000000 x14:000000xX
             5856500            5796 000001ae 02071363 bne              x14, x0, 38         x14:00000000
             5857500            5797 000001b0 fff78713 addi             x14, x15, -1        x14=ffffffff x15:00000000
             5859500            5799 000001b4 0cf05f63 bge              x0, x15, 222        x15:00000000
             5861500            5801 00000292 00e007b3 add              x15, x0, x14        x15=ffffffff x14:ffffffff
             5863500            5803 00000294 f41ff06f jal              x0, -192           
             5865500            5805 000001d4 00060463 beq              x12, x0, 8          x12:00000000
             5867500            5807 000001dc 00054703 lbu              x14, 0(x10)         x14=000000xX x10:0001ef6c  PA:0001ef6c
             5869500            5809 000001e0 00277613 andi             x12, x14, 2         x12=00000000 x14:000000xX
             5871500            5811 000001e4 00060863 beq              x12, x0, 16         x12:00000000
             5873500            5813 000001f4 00177713 andi             x14, x14, 1         x14=00000000 x14:000000xX
             5875500            5815 000001f6 02070163 beq              x14, x0, 34         x14:00000000
             5877500            5817 00000218 0005c703 lbu              x14, 0(x11)         x14=00000031 x11:0001ef60  PA:0001ef60
             5879500            5819 0000021c 00070863 beq              x14, x0, 16         x14:00000031
             5880500            5820 0000021e 80000637 lui              x12, 0x80000000     x12=80000000
             5881500            5821 00000222 00e62223 sw               x14, 4(x12)         x14:00000031 x12:80000000  PA:80000004
             5883500            5823 00000224 00168693 addi             x13, x13, 1         x13=0001ef62 x13:0001ef61
             5884500            5824 00000226 fff6c703 lbu              x14, -1(x13)        x14=00000036 x13:0001ef62  PA:0001ef61
             5887500            5827 0000022a fe071ce3 bne              x14, x0, -8         x14:00000036
             5889500            5829 00000222 00e62223 sw               x14, 4(x12)         x14:00000036 x12:80000000  PA:80000004
             5891500            5831 00000224 00168693 addi             x13, x13, 1         x13=0001ef63 x13:0001ef62
             5892500            5832 00000226 fff6c703 lbu              x14, -1(x13)        x14=00000036 x13:0001ef63  PA:0001ef62
             5895500            5835 0000022a fe071ce3 bne              x14, x0, -8         x14:00000036
             5897500            5837 00000222 00e62223 sw               x14, 4(x12)         x14:00000036 x12:80000000  PA:80000004
             5899500            5839 00000224 00168693 addi             x13, x13, 1         x13=0001ef64 x13:0001ef63
             5900500            5840 00000226 fff6c703 lbu              x14, -1(x13)        x14=00000035 x13:0001ef64  PA:0001ef63
             5903500            5843 0000022a fe071ce3 bne              x14, x0, -8         x14:00000035
             5905500            5845 00000222 00e62223 sw               x14, 4(x12)         x14:00000035 x12:80000000  PA:80000004
             5907500            5847 00000224 00168693 addi             x13, x13, 1         x13=0001ef65 x13:0001ef64
             5908500            5848 00000226 fff6c703 lbu              x14, -1(x13)        x14=00000036 x13:0001ef65  PA:0001ef64
             5911500            5851 0000022a fe071ce3 bne              x14, x0, -8         x14:00000036
             5913500            5853 00000222 00e62223 sw               x14, 4(x12)         x14:00000036 x12:80000000  PA:80000004
             5915500            5855 00000224 00168693 addi             x13, x13, 1         x13=0001ef66 x13:0001ef65
             5916500            5856 00000226 fff6c703 lbu              x14, -1(x13)        x14=00000037 x13:0001ef66  PA:0001ef65
             5919500            5859 0000022a fe071ce3 bne              x14, x0, -8         x14:00000037
             5921500            5861 00000222 00e62223 sw               x14, 4(x12)         x14:00000037 x12:80000000  PA:80000004
             5923500            5863 00000224 00168693 addi             x13, x13, 1         x13=0001ef67 x13:0001ef66
             5924500            5864 00000226 fff6c703 lbu              x14, -1(x13)        x14=00000033 x13:0001ef67  PA:0001ef66
             5927500            5867 0000022a fe071ce3 bne              x14, x0, -8         x14:00000033
             5929500            5869 00000222 00e62223 sw               x14, 4(x12)         x14:00000033 x12:80000000  PA:80000004
             5931500            5871 00000224 00168693 addi             x13, x13, 1         x13=0001ef68 x13:0001ef67
             5932500            5872 00000226 fff6c703 lbu              x14, -1(x13)        x14=00000032 x13:0001ef68  PA:0001ef67
             5935500            5875 0000022a fe071ce3 bne              x14, x0, -8         x14:00000032
             5937500            5877 00000222 00e62223 sw               x14, 4(x12)         x14:00000032 x12:80000000  PA:80000004
             5939500            5879 00000224 00168693 addi             x13, x13, 1         x13=0001ef69 x13:0001ef68
             5940500            5880 00000226 fff6c703 lbu              x14, -1(x13)        x14=00000000 x13:0001ef69  PA:0001ef68
             5942500            5882 0000022a fe071ce3 bne              x14, x0, -8         x14:00000000
             5943500            5883 0000022c 00054703 lbu              x14, 0(x10)         x14=000000xX x10:0001ef6c  PA:0001ef6c
             5945500            5885 00000230 00800693 addi             x13, x0, 8          x13=00000008
             5946500            5886 00000232 00977713 andi             x14, x14, 9         x14=00000000 x14:000000xX
             5947500            5887 00000234 00d70363 beq              x14, x13, 6         x14:00000000 x13:00000008
             5949500            5889 00000238 00008067 jalr             x0, x1, 0            x1:000003aa
             5950500            5890 000003aa 013006b3 add              x13, x0, x19        x13=0001efc8 x19:0001efc8
             5951500            5891 000003ac 00c12603 lw               x12, 12(x2)         x12=1c01002b  x2:0001ef50  PA:0001ef5c
             5954500            5894 000003ae f09ff06f jal              x0, -248           
             5956500            5896 000002b6 00064783 lbu              x15, 0(x12)         x15=0000000a x12:1c01002b  PA:1c01002b
             5958500            5898 000002ba 00160613 addi             x12, x12, 1         x12=1c01002c x12:1c01002b
             5959500            5899 000002bc 00078c63 beq              x15, x0, 24         x15:0000000a
             5960500            5900 000002be 02500713 addi             x14, x0, 37         x14=00000025
             5962500            5902 000002c2 02e78063 beq              x15, x14, 32        x15:0000000a x14:00000025
             5963500            5903 000002c6 80000737 lui              x14, 0x80000000     x14=80000000
             5964500            5904 000002ca 00f72223 sw               x15, 4(x14)         x15:0000000a x14:80000000  PA:80000004
             5966500            5906 000002cc 00064783 lbu              x15, 0(x12)         x15=00000000 x12:1c01002c  PA:1c01002c
             5968500            5908 000002d0 00160613 addi             x12, x12, 1         x12=1c01002d x12:1c01002c
             5969500            5909 000002d2 fe0796e3 bne              x15, x0, -20        x15:00000000
             5970500            5910 000002d4 04c12083 lw               x1, 76(x2)           x1=0000051a  x2:0001ef50  PA:0001ef9c
             5972500            5912 000002d6 04812403 lw               x8, 72(x2)           x8=1c0100a0  x2:0001ef50  PA:0001ef98
             5974500            5914 000002d8 04412483 lw               x9, 68(x2)           x9=00000000  x2:0001ef50  PA:0001ef94
             5976500            5916 000002da 04012903 lw               x18, 64(x2)         x18=00000000  x2:0001ef50  PA:0001ef90
             5978500            5918 000002dc 03c12983 lw               x19, 60(x2)         x19=00000000  x2:0001ef50  PA:0001ef8c
             5980500            5920 000002de 05010113 addi             x2, x2, 80           x2=0001efa0  x2:0001ef50
             5982500            5922 000002e0 00008067 jalr             x0, x1, 0            x1:0000051a
             5983500            5923 0000051a 01c12083 lw               x1, 28(x2)           x1=0000065c  x2:0001efa0  PA:0001efbc
             5985500            5925 0000051c 04010113 addi             x2, x2, 64           x2=0001efe0  x2:0001efa0
             5987500            5927 0000051e 00008067 jalr             x0, x1, 0            x1:0000065c
             5988500            5928 0000065c 01042583 lw               x11, 16(x8)         x11=000ad944  x8:1c0100a0  PA:1c0100b0
             5990500            5930 0000065e 1c010537 lui              x10, 0x1c010000     x10=1c010000
             5991500            5931 00000662 03050513 addi             x10, x10, 48        x10=1c010030 x10:1c010000
             5993500            5933 00000666 e87ff0ef jal              x1, -378             x1=00000668
             5994500            5934 000004ec fc010113 addi             x2, x2, -64          x2=0001efa0  x2:0001efe0
             5995500            5935 000004ee 02c12423 sw               x12, 40(x2)         x12:1c01002d  x2:0001efa0  PA:0001efc8
             5997500            5937 000004f0 1c010637 lui              x12, 0x1c010000     x12=1c010000
             5998500            5938 000004f4 02b12223 sw               x11, 36(x2)         x11:000ad944  x2:0001efa0  PA:0001efc4
             6000500            5940 000004f6 0c462583 lw               x11, 196(x12)       x11=000bc151 x12:1c010000  PA:1c0100c4
             6002500            5942 000004fa 00a00633 add              x12, x0, x10        x12=1c010030 x10:1c010030
             6003500            5943 000004fc 1c010537 lui              x10, 0x1c010000     x10=1c010000
             6004500            5944 00000500 02410313 addi             x6, x2, 36           x6=0001efc4  x2:0001efa0
             6005500            5945 00000504 0c852503 lw               x10, 200(x10)       x10=00000000 x10:1c010000  PA:1c0100c8
             6007500            5947 00000508 02d12623 sw               x13, 44(x2)         x13:0001efc8  x2:0001efa0  PA:0001efcc
             6009500            5949 0000050a 006006b3 add              x13, x0, x6         x13=0001efc4  x6:0001efc4
             6010500            5950 0000050c 00112e23 sw               x1, 28(x2)           x1:00000668  x2:0001efa0  PA:0001efbc
             6012500            5952 0000050e 02e12823 sw               x14, 48(x2)         x14:80000000  x2:0001efa0  PA:0001efd0
             6014500            5954 00000510 02f12a23 sw               x15, 52(x2)         x15:00000000  x2:0001efa0  PA:0001efd4
             6016500            5956 00000512 03012c23 sw               x16, 56(x2)         x16:00000000  x2:0001efa0  PA:0001efd8
             6018500            5958 00000514 03112e23 sw               x17, 60(x2)         x17:00000000  x2:0001efa0  PA:0001efdc
             6020500            5960 00000516 00612623 sw               x6, 12(x2)           x6:0001efc4  x2:0001efa0  PA:0001efac
             6023500            5963 00000518 d83ff0ef jal              x1, -638             x1=0000051a
             6024500            5964 0000029a fb010113 addi             x2, x2, -80          x2=0001ef50  x2:0001efa0
             6025500            5965 0000029c 01010793 addi             x15, x2, 16         x15=0001ef60  x2:0001ef50
             6026500            5966 0000029e 04812423 sw               x8, 72(x2)           x8:1c0100a0  x2:0001ef50  PA:0001ef98
             6028500            5968 000002a0 04912223 sw               x9, 68(x2)           x9:00000000  x2:0001ef50  PA:0001ef94
             6030500            5970 000002a2 05212023 sw               x18, 64(x2)         x18:00000000  x2:0001ef50  PA:0001ef90
             6032500            5972 000002a4 04112623 sw               x1, 76(x2)           x1:0000051a  x2:0001ef50  PA:0001ef9c
             6034500            5974 000002a6 03312e23 sw               x19, 60(x2)         x19:00000000  x2:0001ef50  PA:0001ef8c
             6036500            5976 000002a8 02f12623 sw               x15, 44(x2)         x15:0001ef60  x2:0001ef50  PA:0001ef7c
             6038500            5978 000002aa 02d00413 addi             x8, x0, 45           x8=0000002d
             6039500            5979 000002ae 03000493 addi             x9, x0, 48           x9=00000030
             6041500            5981 000002b2 02300913 addi             x18, x0, 35         x18=00000023
             6042500            5982 000002b6 00064783 lbu              x15, 0(x12)         x15=00000064 x12:1c010030  PA:1c010030
             6044500            5984 000002ba 00160613 addi             x12, x12, 1         x12=1c010031 x12:1c010030
             6045500            5985 000002bc 00078c63 beq              x15, x0, 24         x15:00000064
             6046500            5986 000002be 02500713 addi             x14, x0, 37         x14=00000025
             6048500            5988 000002c2 02e78063 beq              x15, x14, 32        x15:00000064 x14:00000025
             6049500            5989 000002c6 80000737 lui              x14, 0x80000000     x14=80000000
             6050500            5990 000002ca 00f72223 sw               x15, 4(x14)         x15:00000064 x14:80000000  PA:80000004
             6052500            5992 000002cc 00064783 lbu              x15, 0(x12)         x15=0000005b x12:1c010031  PA:1c010031
             6054500            5994 000002d0 00160613 addi             x12, x12, 1         x12=1c010032 x12:1c010031
             6056500            5996 000002d2 fe0796e3 bne              x15, x0, -20        x15:0000005b
             6059500            5999 000002be 02500713 addi             x14, x0, 37         x14=00000025
             6060500            6000 000002c2 02e78063 beq              x15, x14, 32        x15:0000005b x14:00000025
             6061500            6001 000002c6 80000737 lui              x14, 0x80000000     x14=80000000
             6062500            6002 000002ca 00f72223 sw               x15, 4(x14)         x15:0000005b x14:80000000  PA:80000004
             6064500            6004 000002cc 00064783 lbu              x15, 0(x12)         x15=00000034 x12:1c010032  PA:1c010032
             6066500            6006 000002d0 00160613 addi             x12, x12, 1         x12=1c010033 x12:1c010032
             6068500            6008 000002d2 fe0796e3 bne              x15, x0, -20        x15:00000034
             6071500            6011 000002be 02500713 addi             x14, x0, 37         x14=00000025
             6072500            6012 000002c2 02e78063 beq              x15, x14, 32        x15:00000034 x14:00000025
             6073500            6013 000002c6 80000737 lui              x14, 0x80000000     x14=80000000
             6074500            6014 000002ca 00f72223 sw               x15, 4(x14)         x15:00000034 x14:80000000  PA:80000004
             6076500            6016 000002cc 00064783 lbu              x15, 0(x12)         x15=0000005d x12:1c010033  PA:1c010033
             6078500            6018 000002d0 00160613 addi             x12, x12, 1         x12=1c010034 x12:1c010033
             6080500            6020 000002d2 fe0796e3 bne              x15, x0, -20        x15:0000005d
             6083500            6023 000002be 02500713 addi             x14, x0, 37         x14=00000025
             6084500            6024 000002c2 02e78063 beq              x15, x14, 32        x15:0000005d x14:00000025
             6085500            6025 000002c6 80000737 lui              x14, 0x80000000     x14=80000000
             6086500            6026 000002ca 00f72223 sw               x15, 4(x14)         x15:0000005d x14:80000000  PA:80000004
             6088500            6028 000002cc 00064783 lbu              x15, 0(x12)         x15=0000003d x12:1c010034  PA:1c010034
             6090500            6030 000002d0 00160613 addi             x12, x12, 1         x12=1c010035 x12:1c010034
             6092500            6032 000002d2 fe0796e3 bne              x15, x0, -20        x15:0000003d
             6095500            6035 000002be 02500713 addi             x14, x0, 37         x14=00000025
             6096500            6036 000002c2 02e78063 beq              x15, x14, 32        x15:0000003d x14:00000025
             6097500            6037 000002c6 80000737 lui              x14, 0x80000000     x14=80000000
             6098500            6038 000002ca 00f72223 sw               x15, 4(x14)         x15:0000003d x14:80000000  PA:80000004
             6100500            6040 000002cc 00064783 lbu              x15, 0(x12)         x15=00000025 x12:1c010035  PA:1c010035
             6102500            6042 000002d0 00160613 addi             x12, x12, 1         x12=1c010036 x12:1c010035
             6104500            6044 000002d2 fe0796e3 bne              x15, x0, -20        x15:00000025
             6107500            6047 000002be 02500713 addi             x14, x0, 37         x14=00000025
             6109500            6049 000002c2 02e78063 beq              x15, x14, 32        x15:00000025 x14:00000025
             6112500            6052 000002e2 01c14783 lbu              x15, 28(x2)         x15=000000xX  x2:0001ef50  PA:0001ef6c
             6114500            6054 000002e6 02012023 sw               x0, 32(x2)           x2:0001ef50  PA:0001ef70
             6116500            6056 000002e8 ff47f793 andi             x15, x15, -12       x15=000000xX x15:000000xX
             6117500            6057 000002ea 00f10e23 sb               x15, 28(x2)         x15:000000xX  x2:0001ef50  PA:0001ef6c
             6119500            6059 000002ee 02010223 sb               x0, 36(x2)           x2:0001ef50  PA:0001ef74
             6121500            6061 000002f2 00000813 addi             x16, x0, 0          x16=00000000
             6122500            6062 000002f4 00000593 addi             x11, x0, 0          x11=00000000
             6123500            6063 000002f6 00000893 addi             x17, x0, 0          x17=00000000
             6124500            6064 000002f8 00000713 addi             x14, x0, 0          x14=00000000
             6125500            6065 000002fa 00000513 addi             x10, x0, 0          x10=00000000
             6126500            6066 000002fc 00160613 addi             x12, x12, 1         x12=1c010037 x12:1c010036
             6127500            6067 000002fe fff64783 lbu              x15, -1(x12)        x15=00000064 x12:1c010037  PA:1c010036
             6129500            6069 00000302 fc0789e3 beq              x15, x0, -46        x15:00000064
             6130500            6070 00000304 0a878663 beq              x15, x8, 172        x15:00000064  x8:0000002d
             6131500            6071 00000308 0a978a63 beq              x15, x9, 180        x15:00000064  x9:00000030
             6132500            6072 0000030c 0b278563 beq              x15, x18, 170       x15:00000064 x18:00000023
             6133500            6073 00000310 0a071863 bne              x14, x0, 176        x14:00000000
             6135500            6075 00000312 00088863 beq              x17, x0, 16         x17:00000000
             6139500            6079 00000322 00080963 beq              x16, x0, 18         x16:00000000
             6141500            6081 00000334 fd078593 addi             x11, x15, -48       x11=00000034 x15:00000064
             6142500            6082 00000338 0ff5f513 andi             x10, x11, 255       x10=00000034 x11:00000034
             6143500            6083 0000033c 00900713 addi             x14, x0, 9          x14=00000009
             6144500            6084 0000033e 08a77963 bgeu             x14, x10, 146       x14:00000009 x10:00000034
             6145500            6085 00000342 02e00713 addi             x14, x0, 46         x14=0000002e
             6146500            6086 00000346 0ee78263 beq              x15, x14, 228       x15:00000064 x14:0000002e
             6147500            6087 0000034a 06900713 addi             x14, x0, 105        x14=00000069
             6148500            6088 0000034e 16e78963 beq              x15, x14, 370       x15:00000064 x14:00000069
             6150500            6090 00000352 0ef77d63 bgeu             x14, x15, 250       x14:00000069 x15:00000064
             6152500            6092 0000044c 05800713 addi             x14, x0, 88         x14=00000058
             6153500            6093 00000450 f2e787e3 beq              x15, x14, -210      x15:00000064 x14:00000058
             6154500            6094 00000454 02f77863 bgeu             x14, x15, 48        x14:00000058 x15:00000064
             6155500            6095 00000458 06300713 addi             x14, x0, 99         x14=00000063
             6157500            6097 0000045c 04e79e63 bne              x15, x14, 92        x15:00000064 x14:00000063
             6159500            6099 000004b8 06400713 addi             x14, x0, 100        x14=00000064
             6160500            6100 000004bc dee79de3 bne              x15, x14, -518      x15:00000064 x14:00000064
             6161500            6101 000004c0 00a00793 addi             x15, x0, 10         x15=0000000a
             6162500            6102 000004c2 0006a503 lw               x10, 0(x13)         x10=000ad944 x13:0001efc4  PA:0001efc4
             6164500            6104 000004c4 02f12423 sw               x15, 40(x2)         x15:0000000a  x2:0001ef50  PA:0001ef78
             6166500            6106 000004c6 00468993 addi             x19, x13, 4         x19=0001efc8 x13:0001efc4
             6167500            6107 000004ca 00054463 blt              x10, x0, 8          x10:000ad944
             6168500            6108 000004ce 01c10593 addi             x11, x2, 28         x11=0001ef6c  x2:0001ef50
             6170500            6110 000004d0 ed3ff06f jal              x0, -302           
             6171500            6111 000003a2 00c12623 sw               x12, 12(x2)         x12:1c010037  x2:0001ef50  PA:0001ef5c
             6174500            6114 000003a4 d3bff0ef jal              x1, -710             x1=000003a6
             6175500            6115 000000de 00c5a683 lw               x13, 12(x11)        x13=0000000a x11:0001ef6c  PA:0001ef78
             6177500            6117 000000e0 0105a803 lw               x16, 16(x11)        x16=0001ef60 x11:0001ef6c  PA:0001ef7c
             6179500            6119 000000e4 00100793 addi             x15, x0, 1          x15=00000001
             6180500            6120 000000e6 06d56a63 bltu             x10, x13, 116       x10:000ad944 x13:0000000a
             6183500            6123 000000ea 02d787b3 mul              x15, x15, x13       x15=0000000a x15:00000001 x13:0000000a
             6220500            6160 000000ee 02f55733 divu             x14, x10, x15       x14=000115ba x10:000ad944 x15:0000000a
             6222500            6162 000000f2 fed77ce3 bgeu             x14, x13, -8        x14:000115ba x13:0000000a
             6227500            6167 000000ea 02d787b3 mul              x15, x15, x13       x15=00000064 x15:0000000a x13:0000000a
             6264500            6204 000000ee 02f55733 divu             x14, x10, x15       x14=00001bc5 x10:000ad944 x15:00000064
             6266500            6206 000000f2 fed77ce3 bgeu             x14, x13, -8        x14:00001bc5 x13:0000000a
             6271500            6211 000000ea 02d787b3 mul              x15, x15, x13       x15=000003e8 x15:00000064 x13:0000000a
             6308500            6248 000000ee 02f55733 divu             x14, x10, x15       x14=000002c6 x10:000ad944 x15:000003e8
             6310500            6250 000000f2 fed77ce3 bgeu             x14, x13, -8        x14:000002c6 x13:0000000a
             6315500            6255 000000ea 02d787b3 mul              x15, x15, x13       x15=00002710 x15:000003e8 x13:0000000a
             6352500            6292 000000ee 02f55733 divu             x14, x10, x15       x14=00000047 x10:000ad944 x15:00002710
             6354500            6294 000000f2 fed77ce3 bgeu             x14, x13, -8        x14:00000047 x13:0000000a
             6359500            6299 000000ea 02d787b3 mul              x15, x15, x13       x15=000186a0 x15:00002710 x13:0000000a
             6396500            6336 000000ee 02f55733 divu             x14, x10, x15       x14=00000007 x10:000ad944 x15:000186a0
             6397500            6337 000000f2 fed77ce3 bgeu             x14, x13, -8        x14:00000007 x13:0000000a
             6398500            6338 000000f6 04078e63 beq              x15, x0, 92         x15:000186a0
             6399500            6339 000000f8 00000613 addi             x12, x0, 0          x12=00000000
             6400500            6340 000000fa 00900313 addi             x6, x0, 9            x6=00000009
             6437500            6377 000000fc 02f57533 remu             x10, x10, x15       x10=00002ae4 x10:000ad944 x15:000186a0
             6474500            6414 00000100 02d7d7b3 divu             x15, x15, x13       x15=00002710 x15:000186a0 x13:0000000a
             6475500            6415 00000104 00061363 bne              x12, x0, 6          x12:00000000
             6476500            6416 00000106 02e05c63 bge              x0, x14, 56         x14:00000007
             6478500            6418 0000010a 03000693 addi             x13, x0, 48         x13=00000030
             6480500            6420 0000010e 00e35c63 bge              x6, x14, 24          x6:00000009 x14:00000007
             6482500            6422 00000126 00d70733 add              x14, x14, x13       x14=00000037 x14:00000007 x13:00000030
             6483500            6423 00000128 00e80023 sb               x14, 0(x16)         x14:00000037 x16:0001ef60  PA:0001ef60
             6485500            6425 0000012c 00180893 addi             x17, x16, 1         x17=0001ef61 x16:0001ef60
             6486500            6426 00000130 00160613 addi             x12, x12, 1         x12=00000001 x12:00000000
             6487500            6427 00000132 00078d63 beq              x15, x0, 26         x15:00002710
             6488500            6428 00000134 00c5a683 lw               x13, 12(x11)        x13=0000000a x11:0001ef6c  PA:0001ef78
             6490500            6430 00000136 01100833 add              x16, x0, x17        x16=0001ef61 x17:0001ef61
             6527500            6467 00000138 02f55733 divu             x14, x10, x15       x14=00000001 x10:00002ae4 x15:00002710
             6529500            6469 0000013c fc1ff06f jal              x0, -64            
             6566500            6506 000000fc 02f57533 remu             x10, x10, x15       x10=000003d4 x10:00002ae4 x15:00002710
             6603500            6543 00000100 02d7d7b3 divu             x15, x15, x13       x15=000003e8 x15:00002710 x13:0000000a
             6605500            6545 00000104 00061363 bne              x12, x0, 6          x12:00000001
             6608500            6548 0000010a 03000693 addi             x13, x0, 48         x13=00000030
             6610500            6550 0000010e 00e35c63 bge              x6, x14, 24          x6:00000009 x14:00000001
             6612500            6552 00000126 00d70733 add              x14, x14, x13       x14=00000031 x14:00000001 x13:00000030
             6613500            6553 00000128 00e80023 sb               x14, 0(x16)         x14:00000031 x16:0001ef61  PA:0001ef61
             6615500            6555 0000012c 00180893 addi             x17, x16, 1         x17=0001ef62 x16:0001ef61
             6616500            6556 00000130 00160613 addi             x12, x12, 1         x12=00000002 x12:00000001
             6617500            6557 00000132 00078d63 beq              x15, x0, 26         x15:000003e8
             6618500            6558 00000134 00c5a683 lw               x13, 12(x11)        x13=0000000a x11:0001ef6c  PA:0001ef78
             6620500            6560 00000136 01100833 add              x16, x0, x17        x16=0001ef62 x17:0001ef62
             6657500            6597 00000138 02f55733 divu             x14, x10, x15       x14=00000000 x10:000003d4 x15:000003e8
             6659500            6599 0000013c fc1ff06f jal              x0, -64            
             6696500            6636 000000fc 02f57533 remu             x10, x10, x15       x10=000003d4 x10:000003d4 x15:000003e8
             6733500            6673 00000100 02d7d7b3 divu             x15, x15, x13       x15=00000064 x15:000003e8 x13:0000000a
             6735500            6675 00000104 00061363 bne              x12, x0, 6          x12:00000002
             6738500            6678 0000010a 03000693 addi             x13, x0, 48         x13=00000030
             6740500            6680 0000010e 00e35c63 bge              x6, x14, 24          x6:00000009 x14:00000000
             6742500            6682 00000126 00d70733 add              x14, x14, x13       x14=00000030 x14:00000000 x13:00000030
             6743500            6683 00000128 00e80023 sb               x14, 0(x16)         x14:00000030 x16:0001ef62  PA:0001ef62
             6745500            6685 0000012c 00180893 addi             x17, x16, 1         x17=0001ef63 x16:0001ef62
             6746500            6686 00000130 00160613 addi             x12, x12, 1         x12=00000003 x12:00000002
             6747500            6687 00000132 00078d63 beq              x15, x0, 26         x15:00000064
             6748500            6688 00000134 00c5a683 lw               x13, 12(x11)        x13=0000000a x11:0001ef6c  PA:0001ef78
             6750500            6690 00000136 01100833 add              x16, x0, x17        x16=0001ef63 x17:0001ef63
             6787500            6727 00000138 02f55733 divu             x14, x10, x15       x14=00000009 x10:000003d4 x15:00000064
             6789500            6729 0000013c fc1ff06f jal              x0, -64            
             6826500            6766 000000fc 02f57533 remu             x10, x10, x15       x10=00000050 x10:000003d4 x15:00000064
             6863500            6803 00000100 02d7d7b3 divu             x15, x15, x13       x15=0000000a x15:00000064 x13:0000000a
             6865500            6805 00000104 00061363 bne              x12, x0, 6          x12:00000003
             6868500            6808 0000010a 03000693 addi             x13, x0, 48         x13=00000030
             6870500            6810 0000010e 00e35c63 bge              x6, x14, 24          x6:00000009 x14:00000009
             6872500            6812 00000126 00d70733 add              x14, x14, x13       x14=00000039 x14:00000009 x13:00000030
             6873500            6813 00000128 00e80023 sb               x14, 0(x16)         x14:00000039 x16:0001ef63  PA:0001ef63
             6875500            6815 0000012c 00180893 addi             x17, x16, 1         x17=0001ef64 x16:0001ef63
             6876500            6816 00000130 00160613 addi             x12, x12, 1         x12=00000004 x12:00000003
             6877500            6817 00000132 00078d63 beq              x15, x0, 26         x15:0000000a
             6878500            6818 00000134 00c5a683 lw               x13, 12(x11)        x13=0000000a x11:0001ef6c  PA:0001ef78
             6880500            6820 00000136 01100833 add              x16, x0, x17        x16=0001ef64 x17:0001ef64
             6917500            6857 00000138 02f55733 divu             x14, x10, x15       x14=00000008 x10:00000050 x15:0000000a
             6919500            6859 0000013c fc1ff06f jal              x0, -64            
             6956500            6896 000000fc 02f57533 remu             x10, x10, x15       x10=00000000 x10:00000050 x15:0000000a
             6993500            6933 00000100 02d7d7b3 divu             x15, x15, x13       x15=00000001 x15:0000000a x13:0000000a
             6995500            6935 00000104 00061363 bne              x12, x0, 6          x12:00000004
             6998500            6938 0000010a 03000693 addi             x13, x0, 48         x13=00000030
             7000500            6940 0000010e 00e35c63 bge              x6, x14, 24          x6:00000009 x14:00000008
             7002500            6942 00000126 00d70733 add              x14, x14, x13       x14=00000038 x14:00000008 x13:00000030
             7003500            6943 00000128 00e80023 sb               x14, 0(x16)         x14:00000038 x16:0001ef64  PA:0001ef64
             7005500            6945 0000012c 00180893 addi             x17, x16, 1         x17=0001ef65 x16:0001ef64
             7006500            6946 00000130 00160613 addi             x12, x12, 1         x12=00000005 x12:00000004
             7007500            6947 00000132 00078d63 beq              x15, x0, 26         x15:00000001
             7008500            6948 00000134 00c5a683 lw               x13, 12(x11)        x13=0000000a x11:0001ef6c  PA:0001ef78
             7010500            6950 00000136 01100833 add              x16, x0, x17        x16=0001ef65 x17:0001ef65
             7047500            6987 00000138 02f55733 divu             x14, x10, x15       x14=00000000 x10:00000000 x15:00000001
             7049500            6989 0000013c fc1ff06f jal              x0, -64            
             7086500            7026 000000fc 02f57533 remu             x10, x10, x15       x10=00000000 x10:00000000 x15:00000001
             7123500            7063 00000100 02d7d7b3 divu             x15, x15, x13       x15=00000000 x15:00000001 x13:0000000a
             7125500            7065 00000104 00061363 bne              x12, x0, 6          x12:00000005
             7128500            7068 0000010a 03000693 addi             x13, x0, 48         x13=00000030
             7130500            7070 0000010e 00e35c63 bge              x6, x14, 24          x6:00000009 x14:00000000
             7132500            7072 00000126 00d70733 add              x14, x14, x13       x14=00000030 x14:00000000 x13:00000030
             7133500            7073 00000128 00e80023 sb               x14, 0(x16)         x14:00000030 x16:0001ef65  PA:0001ef65
             7135500            7075 0000012c 00180893 addi             x17, x16, 1         x17=0001ef66 x16:0001ef65
             7136500            7076 00000130 00160613 addi             x12, x12, 1         x12=00000006 x12:00000005
             7138500            7078 00000132 00078d63 beq              x15, x0, 26         x15:00000000
             7140500            7080 0000014c 00088023 sb               x0, 0(x17)          x17:0001ef66  PA:0001ef66
             7143500            7083 00000150 00008067 jalr             x0, x1, 0            x1:000003a6
             7144500            7084 000003a6 01c10513 addi             x10, x2, 28         x10=0001ef6c  x2:0001ef50
             7146500            7086 000003a8 db7ff0ef jal              x1, -586             x1=000003aa
             7147500            7087 0000015e 01052583 lw               x11, 16(x10)        x11=0001ef60 x10:0001ef6c  PA:0001ef7c
             7149500            7089 00000160 00452783 lw               x15, 4(x10)         x15=00000000 x10:0001ef6c  PA:0001ef70
             7151500            7091 00000162 0005c703 lbu              x14, 0(x11)         x14=00000037 x11:0001ef60  PA:0001ef60
             7153500            7093 00000166 00158693 addi             x13, x11, 1         x13=0001ef61 x11:0001ef60
             7154500            7094 0000016a 00070b63 beq              x14, x0, 22         x14:00000037
             7156500            7096 0000016c 00f05a63 bge              x0, x15, 20         x15:00000000
             7158500            7098 00000180 00854603 lbu              x12, 8(x10)         x12=00000000 x10:0001ef6c  PA:0001ef74
             7160500            7100 00000184 00054703 lbu              x14, 0(x10)         x14=000000xX x10:0001ef6c  PA:0001ef6c
             7162500            7102 00000188 00c038b3 sltu             x17, x0, x12        x17=00000000 x12:00000000
             7163500            7103 0000018c 00277813 andi             x16, x14, 2         x16=00000000 x14:000000xX
             7164500            7104 00000190 411787b3 sub              x15, x15, x17       x15=00000000 x15:00000000 x17:00000000
             7166500            7106 00000194 00080c63 beq              x16, x0, 24         x16:00000000
             7168500            7108 000001ac 00977713 andi             x14, x14, 9         x14=00000000 x14:000000xX
             7169500            7109 000001ae 02071363 bne              x14, x0, 38         x14:00000000
             7170500            7110 000001b0 fff78713 addi             x14, x15, -1        x14=ffffffff x15:00000000
             7172500            7112 000001b4 0cf05f63 bge              x0, x15, 222        x15:00000000
             7174500            7114 00000292 00e007b3 add              x15, x0, x14        x15=ffffffff x14:ffffffff
             7176500            7116 00000294 f41ff06f jal              x0, -192           
             7178500            7118 000001d4 00060463 beq              x12, x0, 8          x12:00000000
             7180500            7120 000001dc 00054703 lbu              x14, 0(x10)         x14=000000xX x10:0001ef6c  PA:0001ef6c
             7182500            7122 000001e0 00277613 andi             x12, x14, 2         x12=00000000 x14:000000xX
             7184500            7124 000001e4 00060863 beq              x12, x0, 16         x12:00000000
             7186500            7126 000001f4 00177713 andi             x14, x14, 1         x14=00000000 x14:000000xX
             7188500            7128 000001f6 02070163 beq              x14, x0, 34         x14:00000000
             7190500            7130 00000218 0005c703 lbu              x14, 0(x11)         x14=00000037 x11:0001ef60  PA:0001ef60
             7192500            7132 0000021c 00070863 beq              x14, x0, 16         x14:00000037
             7193500            7133 0000021e 80000637 lui              x12, 0x80000000     x12=80000000
             7194500            7134 00000222 00e62223 sw               x14, 4(x12)         x14:00000037 x12:80000000  PA:80000004
             7196500            7136 00000224 00168693 addi             x13, x13, 1         x13=0001ef62 x13:0001ef61
             7197500            7137 00000226 fff6c703 lbu              x14, -1(x13)        x14=00000031 x13:0001ef62  PA:0001ef61
             7200500            7140 0000022a fe071ce3 bne              x14, x0, -8         x14:00000031
             7202500            7142 00000222 00e62223 sw               x14, 4(x12)         x14:00000031 x12:80000000  PA:80000004
             7204500            7144 00000224 00168693 addi             x13, x13, 1         x13=0001ef63 x13:0001ef62
             7205500            7145 00000226 fff6c703 lbu              x14, -1(x13)        x14=00000030 x13:0001ef63  PA:0001ef62
             7208500            7148 0000022a fe071ce3 bne              x14, x0, -8         x14:00000030
             7210500            7150 00000222 00e62223 sw               x14, 4(x12)         x14:00000030 x12:80000000  PA:80000004
             7212500            7152 00000224 00168693 addi             x13, x13, 1         x13=0001ef64 x13:0001ef63
             7213500            7153 00000226 fff6c703 lbu              x14, -1(x13)        x14=00000039 x13:0001ef64  PA:0001ef63
             7216500            7156 0000022a fe071ce3 bne              x14, x0, -8         x14:00000039
             7218500            7158 00000222 00e62223 sw               x14, 4(x12)         x14:00000039 x12:80000000  PA:80000004
             7220500            7160 00000224 00168693 addi             x13, x13, 1         x13=0001ef65 x13:0001ef64
             7221500            7161 00000226 fff6c703 lbu              x14, -1(x13)        x14=00000038 x13:0001ef65  PA:0001ef64
             7224500            7164 0000022a fe071ce3 bne              x14, x0, -8         x14:00000038
             7226500            7166 00000222 00e62223 sw               x14, 4(x12)         x14:00000038 x12:80000000  PA:80000004
             7228500            7168 00000224 00168693 addi             x13, x13, 1         x13=0001ef66 x13:0001ef65
             7229500            7169 00000226 fff6c703 lbu              x14, -1(x13)        x14=00000030 x13:0001ef66  PA:0001ef65
             7232500            7172 0000022a fe071ce3 bne              x14, x0, -8         x14:00000030
             7234500            7174 00000222 00e62223 sw               x14, 4(x12)         x14:00000030 x12:80000000  PA:80000004
             7236500            7176 00000224 00168693 addi             x13, x13, 1         x13=0001ef67 x13:0001ef66
             7237500            7177 00000226 fff6c703 lbu              x14, -1(x13)        x14=00000000 x13:0001ef67  PA:0001ef66
             7239500            7179 0000022a fe071ce3 bne              x14, x0, -8         x14:00000000
             7240500            7180 0000022c 00054703 lbu              x14, 0(x10)         x14=000000xX x10:0001ef6c  PA:0001ef6c
             7242500            7182 00000230 00800693 addi             x13, x0, 8          x13=00000008
             7243500            7183 00000232 00977713 andi             x14, x14, 9         x14=00000000 x14:000000xX
             7244500            7184 00000234 00d70363 beq              x14, x13, 6         x14:00000000 x13:00000008
             7246500            7186 00000238 00008067 jalr             x0, x1, 0            x1:000003aa
             7247500            7187 000003aa 013006b3 add              x13, x0, x19        x13=0001efc8 x19:0001efc8
             7248500            7188 000003ac 00c12603 lw               x12, 12(x2)         x12=1c010037  x2:0001ef50  PA:0001ef5c
             7251500            7191 000003ae f09ff06f jal              x0, -248           
             7253500            7193 000002b6 00064783 lbu              x15, 0(x12)         x15=0000000a x12:1c010037  PA:1c010037
             7255500            7195 000002ba 00160613 addi             x12, x12, 1         x12=1c010038 x12:1c010037
             7256500            7196 000002bc 00078c63 beq              x15, x0, 24         x15:0000000a
             7257500            7197 000002be 02500713 addi             x14, x0, 37         x14=00000025
             7259500            7199 000002c2 02e78063 beq              x15, x14, 32        x15:0000000a x14:00000025
             7260500            7200 000002c6 80000737 lui              x14, 0x80000000     x14=80000000
             7261500            7201 000002ca 00f72223 sw               x15, 4(x14)         x15:0000000a x14:80000000  PA:80000004
             7263500            7203 000002cc 00064783 lbu              x15, 0(x12)         x15=00000000 x12:1c010038  PA:1c010038
             7265500            7205 000002d0 00160613 addi             x12, x12, 1         x12=1c010039 x12:1c010038
             7266500            7206 000002d2 fe0796e3 bne              x15, x0, -20        x15:00000000
             7267500            7207 000002d4 04c12083 lw               x1, 76(x2)           x1=0000051a  x2:0001ef50  PA:0001ef9c
             7269500            7209 000002d6 04812403 lw               x8, 72(x2)           x8=1c0100a0  x2:0001ef50  PA:0001ef98
             7271500            7211 000002d8 04412483 lw               x9, 68(x2)           x9=00000000  x2:0001ef50  PA:0001ef94
             7273500            7213 000002da 04012903 lw               x18, 64(x2)         x18=00000000  x2:0001ef50  PA:0001ef90
             7275500            7215 000002dc 03c12983 lw               x19, 60(x2)         x19=00000000  x2:0001ef50  PA:0001ef8c
             7277500            7217 000002de 05010113 addi             x2, x2, 80           x2=0001efa0  x2:0001ef50
             7279500            7219 000002e0 00008067 jalr             x0, x1, 0            x1:0000051a
             7280500            7220 0000051a 01c12083 lw               x1, 28(x2)           x1=00000668  x2:0001efa0  PA:0001efbc
             7282500            7222 0000051c 04010113 addi             x2, x2, 64           x2=0001efe0  x2:0001efa0
             7284500            7224 0000051e 00008067 jalr             x0, x1, 0            x1:00000668
             7285500            7225 00000668 01442583 lw               x11, 20(x8)         x11=00f588c6  x8:1c0100a0  PA:1c0100b4
             7287500            7227 0000066a 1c010537 lui              x10, 0x1c010000     x10=1c010000
             7288500            7228 0000066e 03c50513 addi             x10, x10, 60        x10=1c01003c x10:1c010000
             7290500            7230 00000672 e7bff0ef jal              x1, -390             x1=00000674
             7291500            7231 000004ec fc010113 addi             x2, x2, -64          x2=0001efa0  x2:0001efe0
             7292500            7232 000004ee 02c12423 sw               x12, 40(x2)         x12:1c010039  x2:0001efa0  PA:0001efc8
             7294500            7234 000004f0 1c010637 lui              x12, 0x1c010000     x12=1c010000
             7295500            7235 000004f4 02b12223 sw               x11, 36(x2)         x11:00f588c6  x2:0001efa0  PA:0001efc4
             7297500            7237 000004f6 0c462583 lw               x11, 196(x12)       x11=000bc151 x12:1c010000  PA:1c0100c4
             7299500            7239 000004fa 00a00633 add              x12, x0, x10        x12=1c01003c x10:1c01003c
             7300500            7240 000004fc 1c010537 lui              x10, 0x1c010000     x10=1c010000
             7301500            7241 00000500 02410313 addi             x6, x2, 36           x6=0001efc4  x2:0001efa0
             7302500            7242 00000504 0c852503 lw               x10, 200(x10)       x10=00000000 x10:1c010000  PA:1c0100c8
             7304500            7244 00000508 02d12623 sw               x13, 44(x2)         x13:0001efc8  x2:0001efa0  PA:0001efcc
             7306500            7246 0000050a 006006b3 add              x13, x0, x6         x13=0001efc4  x6:0001efc4
             7307500            7247 0000050c 00112e23 sw               x1, 28(x2)           x1:00000674  x2:0001efa0  PA:0001efbc
             7309500            7249 0000050e 02e12823 sw               x14, 48(x2)         x14:80000000  x2:0001efa0  PA:0001efd0
             7311500            7251 00000510 02f12a23 sw               x15, 52(x2)         x15:00000000  x2:0001efa0  PA:0001efd4
             7313500            7253 00000512 03012c23 sw               x16, 56(x2)         x16:00000000  x2:0001efa0  PA:0001efd8
             7315500            7255 00000514 03112e23 sw               x17, 60(x2)         x17:00000000  x2:0001efa0  PA:0001efdc
             7317500            7257 00000516 00612623 sw               x6, 12(x2)           x6:0001efc4  x2:0001efa0  PA:0001efac
             7320500            7260 00000518 d83ff0ef jal              x1, -638             x1=0000051a
             7321500            7261 0000029a fb010113 addi             x2, x2, -80          x2=0001ef50  x2:0001efa0
             7322500            7262 0000029c 01010793 addi             x15, x2, 16         x15=0001ef60  x2:0001ef50
             7323500            7263 0000029e 04812423 sw               x8, 72(x2)           x8:1c0100a0  x2:0001ef50  PA:0001ef98
             7325500            7265 000002a0 04912223 sw               x9, 68(x2)           x9:00000000  x2:0001ef50  PA:0001ef94
             7327500            7267 000002a2 05212023 sw               x18, 64(x2)         x18:00000000  x2:0001ef50  PA:0001ef90
             7329500            7269 000002a4 04112623 sw               x1, 76(x2)           x1:0000051a  x2:0001ef50  PA:0001ef9c
             7331500            7271 000002a6 03312e23 sw               x19, 60(x2)         x19:00000000  x2:0001ef50  PA:0001ef8c
             7333500            7273 000002a8 02f12623 sw               x15, 44(x2)         x15:0001ef60  x2:0001ef50  PA:0001ef7c
             7335500            7275 000002aa 02d00413 addi             x8, x0, 45           x8=0000002d
             7336500            7276 000002ae 03000493 addi             x9, x0, 48           x9=00000030
             7338500            7278 000002b2 02300913 addi             x18, x0, 35         x18=00000023
             7339500            7279 000002b6 00064783 lbu              x15, 0(x12)         x15=00000064 x12:1c01003c  PA:1c01003c
             7341500            7281 000002ba 00160613 addi             x12, x12, 1         x12=1c01003d x12:1c01003c
             7342500            7282 000002bc 00078c63 beq              x15, x0, 24         x15:00000064
             7343500            7283 000002be 02500713 addi             x14, x0, 37         x14=00000025
             7345500            7285 000002c2 02e78063 beq              x15, x14, 32        x15:00000064 x14:00000025
             7346500            7286 000002c6 80000737 lui              x14, 0x80000000     x14=80000000
             7347500            7287 000002ca 00f72223 sw               x15, 4(x14)         x15:00000064 x14:80000000  PA:80000004
             7349500            7289 000002cc 00064783 lbu              x15, 0(x12)         x15=0000005b x12:1c01003d  PA:1c01003d
             7351500            7291 000002d0 00160613 addi             x12, x12, 1         x12=1c01003e x12:1c01003d
             7353500            7293 000002d2 fe0796e3 bne              x15, x0, -20        x15:0000005b
             7356500            7296 000002be 02500713 addi             x14, x0, 37         x14=00000025
             7357500            7297 000002c2 02e78063 beq              x15, x14, 32        x15:0000005b x14:00000025
             7358500            7298 000002c6 80000737 lui              x14, 0x80000000     x14=80000000
             7359500            7299 000002ca 00f72223 sw               x15, 4(x14)         x15:0000005b x14:80000000  PA:80000004
             7361500            7301 000002cc 00064783 lbu              x15, 0(x12)         x15=00000035 x12:1c01003e  PA:1c01003e
             7363500            7303 000002d0 00160613 addi             x12, x12, 1         x12=1c01003f x12:1c01003e
             7365500            7305 000002d2 fe0796e3 bne              x15, x0, -20        x15:00000035
             7368500            7308 000002be 02500713 addi             x14, x0, 37         x14=00000025
             7369500            7309 000002c2 02e78063 beq              x15, x14, 32        x15:00000035 x14:00000025
             7370500            7310 000002c6 80000737 lui              x14, 0x80000000     x14=80000000
             7371500            7311 000002ca 00f72223 sw               x15, 4(x14)         x15:00000035 x14:80000000  PA:80000004
             7373500            7313 000002cc 00064783 lbu              x15, 0(x12)         x15=0000005d x12:1c01003f  PA:1c01003f
             7375500            7315 000002d0 00160613 addi             x12, x12, 1         x12=1c010040 x12:1c01003f
             7377500            7317 000002d2 fe0796e3 bne              x15, x0, -20        x15:0000005d
             7380500            7320 000002be 02500713 addi             x14, x0, 37         x14=00000025
             7381500            7321 000002c2 02e78063 beq              x15, x14, 32        x15:0000005d x14:00000025
             7382500            7322 000002c6 80000737 lui              x14, 0x80000000     x14=80000000
             7383500            7323 000002ca 00f72223 sw               x15, 4(x14)         x15:0000005d x14:80000000  PA:80000004
             7385500            7325 000002cc 00064783 lbu              x15, 0(x12)         x15=0000003d x12:1c010040  PA:1c010040
             7387500            7327 000002d0 00160613 addi             x12, x12, 1         x12=1c010041 x12:1c010040
             7389500            7329 000002d2 fe0796e3 bne              x15, x0, -20        x15:0000003d
             7392500            7332 000002be 02500713 addi             x14, x0, 37         x14=00000025
             7393500            7333 000002c2 02e78063 beq              x15, x14, 32        x15:0000003d x14:00000025
             7394500            7334 000002c6 80000737 lui              x14, 0x80000000     x14=80000000
             7395500            7335 000002ca 00f72223 sw               x15, 4(x14)         x15:0000003d x14:80000000  PA:80000004
             7397500            7337 000002cc 00064783 lbu              x15, 0(x12)         x15=00000025 x12:1c010041  PA:1c010041
             7399500            7339 000002d0 00160613 addi             x12, x12, 1         x12=1c010042 x12:1c010041
             7401500            7341 000002d2 fe0796e3 bne              x15, x0, -20        x15:00000025
             7404500            7344 000002be 02500713 addi             x14, x0, 37         x14=00000025
             7406500            7346 000002c2 02e78063 beq              x15, x14, 32        x15:00000025 x14:00000025
             7409500            7349 000002e2 01c14783 lbu              x15, 28(x2)         x15=000000xX  x2:0001ef50  PA:0001ef6c
             7411500            7351 000002e6 02012023 sw               x0, 32(x2)           x2:0001ef50  PA:0001ef70
             7413500            7353 000002e8 ff47f793 andi             x15, x15, -12       x15=000000xX x15:000000xX
             7414500            7354 000002ea 00f10e23 sb               x15, 28(x2)         x15:000000xX  x2:0001ef50  PA:0001ef6c
             7416500            7356 000002ee 02010223 sb               x0, 36(x2)           x2:0001ef50  PA:0001ef74
             7418500            7358 000002f2 00000813 addi             x16, x0, 0          x16=00000000
             7419500            7359 000002f4 00000593 addi             x11, x0, 0          x11=00000000
             7420500            7360 000002f6 00000893 addi             x17, x0, 0          x17=00000000
             7421500            7361 000002f8 00000713 addi             x14, x0, 0          x14=00000000
             7422500            7362 000002fa 00000513 addi             x10, x0, 0          x10=00000000
             7423500            7363 000002fc 00160613 addi             x12, x12, 1         x12=1c010043 x12:1c010042
             7424500            7364 000002fe fff64783 lbu              x15, -1(x12)        x15=00000064 x12:1c010043  PA:1c010042
             7426500            7366 00000302 fc0789e3 beq              x15, x0, -46        x15:00000064
             7427500            7367 00000304 0a878663 beq              x15, x8, 172        x15:00000064  x8:0000002d
             7428500            7368 00000308 0a978a63 beq              x15, x9, 180        x15:00000064  x9:00000030
             7429500            7369 0000030c 0b278563 beq              x15, x18, 170       x15:00000064 x18:00000023
             7430500            7370 00000310 0a071863 bne              x14, x0, 176        x14:00000000
             7432500            7372 00000312 00088863 beq              x17, x0, 16         x17:00000000
             7436500            7376 00000322 00080963 beq              x16, x0, 18         x16:00000000
             7438500            7378 00000334 fd078593 addi             x11, x15, -48       x11=00000034 x15:00000064
             7439500            7379 00000338 0ff5f513 andi             x10, x11, 255       x10=00000034 x11:00000034
             7440500            7380 0000033c 00900713 addi             x14, x0, 9          x14=00000009
             7441500            7381 0000033e 08a77963 bgeu             x14, x10, 146       x14:00000009 x10:00000034
             7442500            7382 00000342 02e00713 addi             x14, x0, 46         x14=0000002e
             7443500            7383 00000346 0ee78263 beq              x15, x14, 228       x15:00000064 x14:0000002e
             7444500            7384 0000034a 06900713 addi             x14, x0, 105        x14=00000069
             7445500            7385 0000034e 16e78963 beq              x15, x14, 370       x15:00000064 x14:00000069
             7447500            7387 00000352 0ef77d63 bgeu             x14, x15, 250       x14:00000069 x15:00000064
             7449500            7389 0000044c 05800713 addi             x14, x0, 88         x14=00000058
             7450500            7390 00000450 f2e787e3 beq              x15, x14, -210      x15:00000064 x14:00000058
             7451500            7391 00000454 02f77863 bgeu             x14, x15, 48        x14:00000058 x15:00000064
             7452500            7392 00000458 06300713 addi             x14, x0, 99         x14=00000063
             7454500            7394 0000045c 04e79e63 bne              x15, x14, 92        x15:00000064 x14:00000063
             7456500            7396 000004b8 06400713 addi             x14, x0, 100        x14=00000064
             7457500            7397 000004bc dee79de3 bne              x15, x14, -518      x15:00000064 x14:00000064
             7458500            7398 000004c0 00a00793 addi             x15, x0, 10         x15=0000000a
             7459500            7399 000004c2 0006a503 lw               x10, 0(x13)         x10=00f588c6 x13:0001efc4  PA:0001efc4
             7461500            7401 000004c4 02f12423 sw               x15, 40(x2)         x15:0000000a  x2:0001ef50  PA:0001ef78
             7463500            7403 000004c6 00468993 addi             x19, x13, 4         x19=0001efc8 x13:0001efc4
             7464500            7404 000004ca 00054463 blt              x10, x0, 8          x10:00f588c6
             7465500            7405 000004ce 01c10593 addi             x11, x2, 28         x11=0001ef6c  x2:0001ef50
             7467500            7407 000004d0 ed3ff06f jal              x0, -302           
             7468500            7408 000003a2 00c12623 sw               x12, 12(x2)         x12:1c010043  x2:0001ef50  PA:0001ef5c
             7471500            7411 000003a4 d3bff0ef jal              x1, -710             x1=000003a6
             7472500            7412 000000de 00c5a683 lw               x13, 12(x11)        x13=0000000a x11:0001ef6c  PA:0001ef78
             7474500            7414 000000e0 0105a803 lw               x16, 16(x11)        x16=0001ef60 x11:0001ef6c  PA:0001ef7c
             7476500            7416 000000e4 00100793 addi             x15, x0, 1          x15=00000001
             7477500            7417 000000e6 06d56a63 bltu             x10, x13, 116       x10:00f588c6 x13:0000000a
             7480500            7420 000000ea 02d787b3 mul              x15, x15, x13       x15=0000000a x15:00000001 x13:0000000a
             7517500            7457 000000ee 02f55733 divu             x14, x10, x15       x14=00188dad x10:00f588c6 x15:0000000a
             7519500            7459 000000f2 fed77ce3 bgeu             x14, x13, -8        x14:00188dad x13:0000000a
             7524500            7464 000000ea 02d787b3 mul              x15, x15, x13       x15=00000064 x15:0000000a x13:0000000a
             7561500            7501 000000ee 02f55733 divu             x14, x10, x15       x14=00027491 x10:00f588c6 x15:00000064
             7563500            7503 000000f2 fed77ce3 bgeu             x14, x13, -8        x14:00027491 x13:0000000a
             7568500            7508 000000ea 02d787b3 mul              x15, x15, x13       x15=000003e8 x15:00000064 x13:0000000a
             7605500            7545 000000ee 02f55733 divu             x14, x10, x15       x14=00003edb x10:00f588c6 x15:000003e8
             7607500            7547 000000f2 fed77ce3 bgeu             x14, x13, -8        x14:00003edb x13:0000000a
             7612500            7552 000000ea 02d787b3 mul              x15, x15, x13       x15=00002710 x15:000003e8 x13:0000000a
             7649500            7589 000000ee 02f55733 divu             x14, x10, x15       x14=00000649 x10:00f588c6 x15:00002710
             7651500            7591 000000f2 fed77ce3 bgeu             x14, x13, -8        x14:00000649 x13:0000000a
             7656500            7596 000000ea 02d787b3 mul              x15, x15, x13       x15=000186a0 x15:00002710 x13:0000000a
             7693500            7633 000000ee 02f55733 divu             x14, x10, x15       x14=000000a0 x10:00f588c6 x15:000186a0
             7695500            7635 000000f2 fed77ce3 bgeu             x14, x13, -8        x14:000000a0 x13:0000000a
             7700500            7640 000000ea 02d787b3 mul              x15, x15, x13       x15=000f4240 x15:000186a0 x13:0000000a
             7737500            7677 000000ee 02f55733 divu             x14, x10, x15       x14=00000010 x10:00f588c6 x15:000f4240
             7739500            7679 000000f2 fed77ce3 bgeu             x14, x13, -8        x14:00000010 x13:0000000a
             7744500            7684 000000ea 02d787b3 mul              x15, x15, x13       x15=00989680 x15:000f4240 x13:0000000a
             7781500            7721 000000ee 02f55733 divu             x14, x10, x15       x14=00000001 x10:00f588c6 x15:00989680
             7782500            7722 000000f2 fed77ce3 bgeu             x14, x13, -8        x14:00000001 x13:0000000a
             7783500            7723 000000f6 04078e63 beq              x15, x0, 92         x15:00989680
             7784500            7724 000000f8 00000613 addi             x12, x0, 0          x12=00000000
             7785500            7725 000000fa 00900313 addi             x6, x0, 9            x6=00000009
             7822500            7762 000000fc 02f57533 remu             x10, x10, x15       x10=005cf246 x10:00f588c6 x15:00989680
             7859500            7799 00000100 02d7d7b3 divu             x15, x15, x13       x15=000f4240 x15:00989680 x13:0000000a
             7860500            7800 00000104 00061363 bne              x12, x0, 6          x12:00000000
             7861500            7801 00000106 02e05c63 bge              x0, x14, 56         x14:00000001
             7863500            7803 0000010a 03000693 addi             x13, x0, 48         x13=00000030
             7865500            7805 0000010e 00e35c63 bge              x6, x14, 24          x6:00000009 x14:00000001
             7867500            7807 00000126 00d70733 add              x14, x14, x13       x14=00000031 x14:00000001 x13:00000030
             7868500            7808 00000128 00e80023 sb               x14, 0(x16)         x14:00000031 x16:0001ef60  PA:0001ef60
             7870500            7810 0000012c 00180893 addi             x17, x16, 1         x17=0001ef61 x16:0001ef60
             7871500            7811 00000130 00160613 addi             x12, x12, 1         x12=00000001 x12:00000000
             7872500            7812 00000132 00078d63 beq              x15, x0, 26         x15:000f4240
             7873500            7813 00000134 00c5a683 lw               x13, 12(x11)        x13=0000000a x11:0001ef6c  PA:0001ef78
             7875500            7815 00000136 01100833 add              x16, x0, x17        x16=0001ef61 x17:0001ef61
             7912500            7852 00000138 02f55733 divu             x14, x10, x15       x14=00000006 x10:005cf246 x15:000f4240
             7914500            7854 0000013c fc1ff06f jal              x0, -64            
             7951500            7891 000000fc 02f57533 remu             x10, x10, x15       x10=000164c6 x10:005cf246 x15:000f4240
             7988500            7928 00000100 02d7d7b3 divu             x15, x15, x13       x15=000186a0 x15:000f4240 x13:0000000a
             7990500            7930 00000104 00061363 bne              x12, x0, 6          x12:00000001
             7993500            7933 0000010a 03000693 addi             x13, x0, 48         x13=00000030
             7995500            7935 0000010e 00e35c63 bge              x6, x14, 24          x6:00000009 x14:00000006
             7997500            7937 00000126 00d70733 add              x14, x14, x13       x14=00000036 x14:00000006 x13:00000030
             7998500            7938 00000128 00e80023 sb               x14, 0(x16)         x14:00000036 x16:0001ef61  PA:0001ef61
             8000500            7940 0000012c 00180893 addi             x17, x16, 1         x17=0001ef62 x16:0001ef61
             8001500            7941 00000130 00160613 addi             x12, x12, 1         x12=00000002 x12:00000001
             8002500            7942 00000132 00078d63 beq              x15, x0, 26         x15:000186a0
             8003500            7943 00000134 00c5a683 lw               x13, 12(x11)        x13=0000000a x11:0001ef6c  PA:0001ef78
             8005500            7945 00000136 01100833 add              x16, x0, x17        x16=0001ef62 x17:0001ef62
             8042500            7982 00000138 02f55733 divu             x14, x10, x15       x14=00000000 x10:000164c6 x15:000186a0
             8044500            7984 0000013c fc1ff06f jal              x0, -64            
             8081500            8021 000000fc 02f57533 remu             x10, x10, x15       x10=000164c6 x10:000164c6 x15:000186a0
             8118500            8058 00000100 02d7d7b3 divu             x15, x15, x13       x15=00002710 x15:000186a0 x13:0000000a
             8120500            8060 00000104 00061363 bne              x12, x0, 6          x12:00000002
             8123500            8063 0000010a 03000693 addi             x13, x0, 48         x13=00000030
             8125500            8065 0000010e 00e35c63 bge              x6, x14, 24          x6:00000009 x14:00000000
             8127500            8067 00000126 00d70733 add              x14, x14, x13       x14=00000030 x14:00000000 x13:00000030
             8128500            8068 00000128 00e80023 sb               x14, 0(x16)         x14:00000030 x16:0001ef62  PA:0001ef62
             8130500            8070 0000012c 00180893 addi             x17, x16, 1         x17=0001ef63 x16:0001ef62
             8131500            8071 00000130 00160613 addi             x12, x12, 1         x12=00000003 x12:00000002
             8132500            8072 00000132 00078d63 beq              x15, x0, 26         x15:00002710
             8133500            8073 00000134 00c5a683 lw               x13, 12(x11)        x13=0000000a x11:0001ef6c  PA:0001ef78
             8135500            8075 00000136 01100833 add              x16, x0, x17        x16=0001ef63 x17:0001ef63
             8172500            8112 00000138 02f55733 divu             x14, x10, x15       x14=00000009 x10:000164c6 x15:00002710
             8174500            8114 0000013c fc1ff06f jal              x0, -64            
             8211500            8151 000000fc 02f57533 remu             x10, x10, x15       x10=00000536 x10:000164c6 x15:00002710
             8248500            8188 00000100 02d7d7b3 divu             x15, x15, x13       x15=000003e8 x15:00002710 x13:0000000a
             8250500            8190 00000104 00061363 bne              x12, x0, 6          x12:00000003
             8253500            8193 0000010a 03000693 addi             x13, x0, 48         x13=00000030
             8255500            8195 0000010e 00e35c63 bge              x6, x14, 24          x6:00000009 x14:00000009
             8257500            8197 00000126 00d70733 add              x14, x14, x13       x14=00000039 x14:00000009 x13:00000030
             8258500            8198 00000128 00e80023 sb               x14, 0(x16)         x14:00000039 x16:0001ef63  PA:0001ef63
             8260500            8200 0000012c 00180893 addi             x17, x16, 1         x17=0001ef64 x16:0001ef63
             8261500            8201 00000130 00160613 addi             x12, x12, 1         x12=00000004 x12:00000003
             8262500            8202 00000132 00078d63 beq              x15, x0, 26         x15:000003e8
             8263500            8203 00000134 00c5a683 lw               x13, 12(x11)        x13=0000000a x11:0001ef6c  PA:0001ef78
             8265500            8205 00000136 01100833 add              x16, x0, x17        x16=0001ef64 x17:0001ef64
             8302500            8242 00000138 02f55733 divu             x14, x10, x15       x14=00000001 x10:00000536 x15:000003e8
             8304500            8244 0000013c fc1ff06f jal              x0, -64            
             8341500            8281 000000fc 02f57533 remu             x10, x10, x15       x10=0000014e x10:00000536 x15:000003e8
             8378500            8318 00000100 02d7d7b3 divu             x15, x15, x13       x15=00000064 x15:000003e8 x13:0000000a
             8380500            8320 00000104 00061363 bne              x12, x0, 6          x12:00000004
             8383500            8323 0000010a 03000693 addi             x13, x0, 48         x13=00000030
             8385500            8325 0000010e 00e35c63 bge              x6, x14, 24          x6:00000009 x14:00000001
             8387500            8327 00000126 00d70733 add              x14, x14, x13       x14=00000031 x14:00000001 x13:00000030
             8388500            8328 00000128 00e80023 sb               x14, 0(x16)         x14:00000031 x16:0001ef64  PA:0001ef64
             8390500            8330 0000012c 00180893 addi             x17, x16, 1         x17=0001ef65 x16:0001ef64
             8391500            8331 00000130 00160613 addi             x12, x12, 1         x12=00000005 x12:00000004
             8392500            8332 00000132 00078d63 beq              x15, x0, 26         x15:00000064
             8393500            8333 00000134 00c5a683 lw               x13, 12(x11)        x13=0000000a x11:0001ef6c  PA:0001ef78
             8395500            8335 00000136 01100833 add              x16, x0, x17        x16=0001ef65 x17:0001ef65
             8432500            8372 00000138 02f55733 divu             x14, x10, x15       x14=00000003 x10:0000014e x15:00000064
             8434500            8374 0000013c fc1ff06f jal              x0, -64            
             8471500            8411 000000fc 02f57533 remu             x10, x10, x15       x10=00000022 x10:0000014e x15:00000064
             8508500            8448 00000100 02d7d7b3 divu             x15, x15, x13       x15=0000000a x15:00000064 x13:0000000a
             8510500            8450 00000104 00061363 bne              x12, x0, 6          x12:00000005
             8513500            8453 0000010a 03000693 addi             x13, x0, 48         x13=00000030
             8515500            8455 0000010e 00e35c63 bge              x6, x14, 24          x6:00000009 x14:00000003
             8517500            8457 00000126 00d70733 add              x14, x14, x13       x14=00000033 x14:00000003 x13:00000030
             8518500            8458 00000128 00e80023 sb               x14, 0(x16)         x14:00000033 x16:0001ef65  PA:0001ef65
             8520500            8460 0000012c 00180893 addi             x17, x16, 1         x17=0001ef66 x16:0001ef65
             8521500            8461 00000130 00160613 addi             x12, x12, 1         x12=00000006 x12:00000005
             8522500            8462 00000132 00078d63 beq              x15, x0, 26         x15:0000000a
             8523500            8463 00000134 00c5a683 lw               x13, 12(x11)        x13=0000000a x11:0001ef6c  PA:0001ef78
             8525500            8465 00000136 01100833 add              x16, x0, x17        x16=0001ef66 x17:0001ef66
             8562500            8502 00000138 02f55733 divu             x14, x10, x15       x14=00000003 x10:00000022 x15:0000000a
             8564500            8504 0000013c fc1ff06f jal              x0, -64            
             8601500            8541 000000fc 02f57533 remu             x10, x10, x15       x10=00000004 x10:00000022 x15:0000000a
             8638500            8578 00000100 02d7d7b3 divu             x15, x15, x13       x15=00000001 x15:0000000a x13:0000000a
             8640500            8580 00000104 00061363 bne              x12, x0, 6          x12:00000006
             8643500            8583 0000010a 03000693 addi             x13, x0, 48         x13=00000030
             8645500            8585 0000010e 00e35c63 bge              x6, x14, 24          x6:00000009 x14:00000003
             8647500            8587 00000126 00d70733 add              x14, x14, x13       x14=00000033 x14:00000003 x13:00000030
             8648500            8588 00000128 00e80023 sb               x14, 0(x16)         x14:00000033 x16:0001ef66  PA:0001ef66
             8650500            8590 0000012c 00180893 addi             x17, x16, 1         x17=0001ef67 x16:0001ef66
             8651500            8591 00000130 00160613 addi             x12, x12, 1         x12=00000007 x12:00000006
             8652500            8592 00000132 00078d63 beq              x15, x0, 26         x15:00000001
             8653500            8593 00000134 00c5a683 lw               x13, 12(x11)        x13=0000000a x11:0001ef6c  PA:0001ef78
             8655500            8595 00000136 01100833 add              x16, x0, x17        x16=0001ef67 x17:0001ef67
             8692500            8632 00000138 02f55733 divu             x14, x10, x15       x14=00000004 x10:00000004 x15:00000001
             8694500            8634 0000013c fc1ff06f jal              x0, -64            
             8731500            8671 000000fc 02f57533 remu             x10, x10, x15       x10=00000000 x10:00000004 x15:00000001
             8768500            8708 00000100 02d7d7b3 divu             x15, x15, x13       x15=00000000 x15:00000001 x13:0000000a
             8770500            8710 00000104 00061363 bne              x12, x0, 6          x12:00000007
             8773500            8713 0000010a 03000693 addi             x13, x0, 48         x13=00000030
             8775500            8715 0000010e 00e35c63 bge              x6, x14, 24          x6:00000009 x14:00000004
             8777500            8717 00000126 00d70733 add              x14, x14, x13       x14=00000034 x14:00000004 x13:00000030
             8778500            8718 00000128 00e80023 sb               x14, 0(x16)         x14:00000034 x16:0001ef67  PA:0001ef67
             8780500            8720 0000012c 00180893 addi             x17, x16, 1         x17=0001ef68 x16:0001ef67
             8781500            8721 00000130 00160613 addi             x12, x12, 1         x12=00000008 x12:00000007
             8783500            8723 00000132 00078d63 beq              x15, x0, 26         x15:00000000
             8785500            8725 0000014c 00088023 sb               x0, 0(x17)          x17:0001ef68  PA:0001ef68
             8788500            8728 00000150 00008067 jalr             x0, x1, 0            x1:000003a6
             8789500            8729 000003a6 01c10513 addi             x10, x2, 28         x10=0001ef6c  x2:0001ef50
             8791500            8731 000003a8 db7ff0ef jal              x1, -586             x1=000003aa
             8792500            8732 0000015e 01052583 lw               x11, 16(x10)        x11=0001ef60 x10:0001ef6c  PA:0001ef7c
             8794500            8734 00000160 00452783 lw               x15, 4(x10)         x15=00000000 x10:0001ef6c  PA:0001ef70
             8796500            8736 00000162 0005c703 lbu              x14, 0(x11)         x14=00000031 x11:0001ef60  PA:0001ef60
             8798500            8738 00000166 00158693 addi             x13, x11, 1         x13=0001ef61 x11:0001ef60
             8799500            8739 0000016a 00070b63 beq              x14, x0, 22         x14:00000031
             8801500            8741 0000016c 00f05a63 bge              x0, x15, 20         x15:00000000
             8803500            8743 00000180 00854603 lbu              x12, 8(x10)         x12=00000000 x10:0001ef6c  PA:0001ef74
             8805500            8745 00000184 00054703 lbu              x14, 0(x10)         x14=000000xX x10:0001ef6c  PA:0001ef6c
             8807500            8747 00000188 00c038b3 sltu             x17, x0, x12        x17=00000000 x12:00000000
             8808500            8748 0000018c 00277813 andi             x16, x14, 2         x16=00000000 x14:000000xX
             8809500            8749 00000190 411787b3 sub              x15, x15, x17       x15=00000000 x15:00000000 x17:00000000
             8811500            8751 00000194 00080c63 beq              x16, x0, 24         x16:00000000
             8813500            8753 000001ac 00977713 andi             x14, x14, 9         x14=00000000 x14:000000xX
             8814500            8754 000001ae 02071363 bne              x14, x0, 38         x14:00000000
             8815500            8755 000001b0 fff78713 addi             x14, x15, -1        x14=ffffffff x15:00000000
             8817500            8757 000001b4 0cf05f63 bge              x0, x15, 222        x15:00000000
             8819500            8759 00000292 00e007b3 add              x15, x0, x14        x15=ffffffff x14:ffffffff
             8821500            8761 00000294 f41ff06f jal              x0, -192           
             8823500            8763 000001d4 00060463 beq              x12, x0, 8          x12:00000000
             8825500            8765 000001dc 00054703 lbu              x14, 0(x10)         x14=000000xX x10:0001ef6c  PA:0001ef6c
             8827500            8767 000001e0 00277613 andi             x12, x14, 2         x12=00000000 x14:000000xX
             8829500            8769 000001e4 00060863 beq              x12, x0, 16         x12:00000000
             8831500            8771 000001f4 00177713 andi             x14, x14, 1         x14=00000000 x14:000000xX
             8833500            8773 000001f6 02070163 beq              x14, x0, 34         x14:00000000
             8835500            8775 00000218 0005c703 lbu              x14, 0(x11)         x14=00000031 x11:0001ef60  PA:0001ef60
             8837500            8777 0000021c 00070863 beq              x14, x0, 16         x14:00000031
             8838500            8778 0000021e 80000637 lui              x12, 0x80000000     x12=80000000
             8839500            8779 00000222 00e62223 sw               x14, 4(x12)         x14:00000031 x12:80000000  PA:80000004
             8841500            8781 00000224 00168693 addi             x13, x13, 1         x13=0001ef62 x13:0001ef61
             8842500            8782 00000226 fff6c703 lbu              x14, -1(x13)        x14=00000036 x13:0001ef62  PA:0001ef61
             8845500            8785 0000022a fe071ce3 bne              x14, x0, -8         x14:00000036
             8847500            8787 00000222 00e62223 sw               x14, 4(x12)         x14:00000036 x12:80000000  PA:80000004
             8849500            8789 00000224 00168693 addi             x13, x13, 1         x13=0001ef63 x13:0001ef62
             8850500            8790 00000226 fff6c703 lbu              x14, -1(x13)        x14=00000030 x13:0001ef63  PA:0001ef62
             8853500            8793 0000022a fe071ce3 bne              x14, x0, -8         x14:00000030
             8855500            8795 00000222 00e62223 sw               x14, 4(x12)         x14:00000030 x12:80000000  PA:80000004
             8857500            8797 00000224 00168693 addi             x13, x13, 1         x13=0001ef64 x13:0001ef63
             8858500            8798 00000226 fff6c703 lbu              x14, -1(x13)        x14=00000039 x13:0001ef64  PA:0001ef63
             8861500            8801 0000022a fe071ce3 bne              x14, x0, -8         x14:00000039
             8863500            8803 00000222 00e62223 sw               x14, 4(x12)         x14:00000039 x12:80000000  PA:80000004
             8865500            8805 00000224 00168693 addi             x13, x13, 1         x13=0001ef65 x13:0001ef64
             8866500            8806 00000226 fff6c703 lbu              x14, -1(x13)        x14=00000031 x13:0001ef65  PA:0001ef64
             8869500            8809 0000022a fe071ce3 bne              x14, x0, -8         x14:00000031
             8871500            8811 00000222 00e62223 sw               x14, 4(x12)         x14:00000031 x12:80000000  PA:80000004
             8873500            8813 00000224 00168693 addi             x13, x13, 1         x13=0001ef66 x13:0001ef65
             8874500            8814 00000226 fff6c703 lbu              x14, -1(x13)        x14=00000033 x13:0001ef66  PA:0001ef65
             8877500            8817 0000022a fe071ce3 bne              x14, x0, -8         x14:00000033
             8879500            8819 00000222 00e62223 sw               x14, 4(x12)         x14:00000033 x12:80000000  PA:80000004
             8881500            8821 00000224 00168693 addi             x13, x13, 1         x13=0001ef67 x13:0001ef66
             8882500            8822 00000226 fff6c703 lbu              x14, -1(x13)        x14=00000033 x13:0001ef67  PA:0001ef66
             8885500            8825 0000022a fe071ce3 bne              x14, x0, -8         x14:00000033
             8887500            8827 00000222 00e62223 sw               x14, 4(x12)         x14:00000033 x12:80000000  PA:80000004
             8889500            8829 00000224 00168693 addi             x13, x13, 1         x13=0001ef68 x13:0001ef67
             8890500            8830 00000226 fff6c703 lbu              x14, -1(x13)        x14=00000034 x13:0001ef68  PA:0001ef67
             8893500            8833 0000022a fe071ce3 bne              x14, x0, -8         x14:00000034
             8895500            8835 00000222 00e62223 sw               x14, 4(x12)         x14:00000034 x12:80000000  PA:80000004
             8897500            8837 00000224 00168693 addi             x13, x13, 1         x13=0001ef69 x13:0001ef68
             8898500            8838 00000226 fff6c703 lbu              x14, -1(x13)        x14=00000000 x13:0001ef69  PA:0001ef68
             8900500            8840 0000022a fe071ce3 bne              x14, x0, -8         x14:00000000
             8901500            8841 0000022c 00054703 lbu              x14, 0(x10)         x14=000000xX x10:0001ef6c  PA:0001ef6c
             8903500            8843 00000230 00800693 addi             x13, x0, 8          x13=00000008
             8904500            8844 00000232 00977713 andi             x14, x14, 9         x14=00000000 x14:000000xX
             8905500            8845 00000234 00d70363 beq              x14, x13, 6         x14:00000000 x13:00000008
             8907500            8847 00000238 00008067 jalr             x0, x1, 0            x1:000003aa
             8908500            8848 000003aa 013006b3 add              x13, x0, x19        x13=0001efc8 x19:0001efc8
             8909500            8849 000003ac 00c12603 lw               x12, 12(x2)         x12=1c010043  x2:0001ef50  PA:0001ef5c
             8912500            8852 000003ae f09ff06f jal              x0, -248           
             8914500            8854 000002b6 00064783 lbu              x15, 0(x12)         x15=0000000a x12:1c010043  PA:1c010043
             8916500            8856 000002ba 00160613 addi             x12, x12, 1         x12=1c010044 x12:1c010043
             8917500            8857 000002bc 00078c63 beq              x15, x0, 24         x15:0000000a
             8918500            8858 000002be 02500713 addi             x14, x0, 37         x14=00000025
             8920500            8860 000002c2 02e78063 beq              x15, x14, 32        x15:0000000a x14:00000025
             8921500            8861 000002c6 80000737 lui              x14, 0x80000000     x14=80000000
             8922500            8862 000002ca 00f72223 sw               x15, 4(x14)         x15:0000000a x14:80000000  PA:80000004
             8924500            8864 000002cc 00064783 lbu              x15, 0(x12)         x15=00000000 x12:1c010044  PA:1c010044
             8926500            8866 000002d0 00160613 addi             x12, x12, 1         x12=1c010045 x12:1c010044
             8927500            8867 000002d2 fe0796e3 bne              x15, x0, -20        x15:00000000
             8928500            8868 000002d4 04c12083 lw               x1, 76(x2)           x1=0000051a  x2:0001ef50  PA:0001ef9c
             8930500            8870 000002d6 04812403 lw               x8, 72(x2)           x8=1c0100a0  x2:0001ef50  PA:0001ef98
             8932500            8872 000002d8 04412483 lw               x9, 68(x2)           x9=00000000  x2:0001ef50  PA:0001ef94
             8934500            8874 000002da 04012903 lw               x18, 64(x2)         x18=00000000  x2:0001ef50  PA:0001ef90
             8936500            8876 000002dc 03c12983 lw               x19, 60(x2)         x19=00000000  x2:0001ef50  PA:0001ef8c
             8938500            8878 000002de 05010113 addi             x2, x2, 80           x2=0001efa0  x2:0001ef50
             8940500            8880 000002e0 00008067 jalr             x0, x1, 0            x1:0000051a
             8941500            8881 0000051a 01c12083 lw               x1, 28(x2)           x1=00000674  x2:0001efa0  PA:0001efbc
             8943500            8883 0000051c 04010113 addi             x2, x2, 64           x2=0001efe0  x2:0001efa0
             8945500            8885 0000051e 00008067 jalr             x0, x1, 0            x1:00000674
             8946500            8886 00000674 01842583 lw               x11, 24(x8)         x11=0001918d  x8:1c0100a0  PA:1c0100b8
             8948500            8888 00000676 1c010537 lui              x10, 0x1c010000     x10=1c010000
             8949500            8889 0000067a 04850513 addi             x10, x10, 72        x10=1c010048 x10:1c010000
             8951500            8891 0000067e e6fff0ef jal              x1, -402             x1=00000680
             8952500            8892 000004ec fc010113 addi             x2, x2, -64          x2=0001efa0  x2:0001efe0
             8953500            8893 000004ee 02c12423 sw               x12, 40(x2)         x12:1c010045  x2:0001efa0  PA:0001efc8
             8955500            8895 000004f0 1c010637 lui              x12, 0x1c010000     x12=1c010000
             8956500            8896 000004f4 02b12223 sw               x11, 36(x2)         x11:0001918d  x2:0001efa0  PA:0001efc4
             8958500            8898 000004f6 0c462583 lw               x11, 196(x12)       x11=000bc151 x12:1c010000  PA:1c0100c4
             8960500            8900 000004fa 00a00633 add              x12, x0, x10        x12=1c010048 x10:1c010048
             8961500            8901 000004fc 1c010537 lui              x10, 0x1c010000     x10=1c010000
             8962500            8902 00000500 02410313 addi             x6, x2, 36           x6=0001efc4  x2:0001efa0
             8963500            8903 00000504 0c852503 lw               x10, 200(x10)       x10=00000000 x10:1c010000  PA:1c0100c8
             8965500            8905 00000508 02d12623 sw               x13, 44(x2)         x13:0001efc8  x2:0001efa0  PA:0001efcc
             8967500            8907 0000050a 006006b3 add              x13, x0, x6         x13=0001efc4  x6:0001efc4
             8968500            8908 0000050c 00112e23 sw               x1, 28(x2)           x1:00000680  x2:0001efa0  PA:0001efbc
             8970500            8910 0000050e 02e12823 sw               x14, 48(x2)         x14:80000000  x2:0001efa0  PA:0001efd0
             8972500            8912 00000510 02f12a23 sw               x15, 52(x2)         x15:00000000  x2:0001efa0  PA:0001efd4
             8974500            8914 00000512 03012c23 sw               x16, 56(x2)         x16:00000000  x2:0001efa0  PA:0001efd8
             8976500            8916 00000514 03112e23 sw               x17, 60(x2)         x17:00000000  x2:0001efa0  PA:0001efdc
             8978500            8918 00000516 00612623 sw               x6, 12(x2)           x6:0001efc4  x2:0001efa0  PA:0001efac
             8981500            8921 00000518 d83ff0ef jal              x1, -638             x1=0000051a
             8982500            8922 0000029a fb010113 addi             x2, x2, -80          x2=0001ef50  x2:0001efa0
             8983500            8923 0000029c 01010793 addi             x15, x2, 16         x15=0001ef60  x2:0001ef50
             8984500            8924 0000029e 04812423 sw               x8, 72(x2)           x8:1c0100a0  x2:0001ef50  PA:0001ef98
             8986500            8926 000002a0 04912223 sw               x9, 68(x2)           x9:00000000  x2:0001ef50  PA:0001ef94
             8988500            8928 000002a2 05212023 sw               x18, 64(x2)         x18:00000000  x2:0001ef50  PA:0001ef90
             8990500            8930 000002a4 04112623 sw               x1, 76(x2)           x1:0000051a  x2:0001ef50  PA:0001ef9c
             8992500            8932 000002a6 03312e23 sw               x19, 60(x2)         x19:00000000  x2:0001ef50  PA:0001ef8c
             8994500            8934 000002a8 02f12623 sw               x15, 44(x2)         x15:0001ef60  x2:0001ef50  PA:0001ef7c
             8996500            8936 000002aa 02d00413 addi             x8, x0, 45           x8=0000002d
             8997500            8937 000002ae 03000493 addi             x9, x0, 48           x9=00000030
             8999500            8939 000002b2 02300913 addi             x18, x0, 35         x18=00000023
             9000500            8940 000002b6 00064783 lbu              x15, 0(x12)         x15=00000064 x12:1c010048  PA:1c010048
             9002500            8942 000002ba 00160613 addi             x12, x12, 1         x12=1c010049 x12:1c010048
             9003500            8943 000002bc 00078c63 beq              x15, x0, 24         x15:00000064
             9004500            8944 000002be 02500713 addi             x14, x0, 37         x14=00000025
             9006500            8946 000002c2 02e78063 beq              x15, x14, 32        x15:00000064 x14:00000025
             9007500            8947 000002c6 80000737 lui              x14, 0x80000000     x14=80000000
             9008500            8948 000002ca 00f72223 sw               x15, 4(x14)         x15:00000064 x14:80000000  PA:80000004
             9010500            8950 000002cc 00064783 lbu              x15, 0(x12)         x15=0000005b x12:1c010049  PA:1c010049
             9012500            8952 000002d0 00160613 addi             x12, x12, 1         x12=1c01004a x12:1c010049
             9014500            8954 000002d2 fe0796e3 bne              x15, x0, -20        x15:0000005b
             9017500            8957 000002be 02500713 addi             x14, x0, 37         x14=00000025
             9018500            8958 000002c2 02e78063 beq              x15, x14, 32        x15:0000005b x14:00000025
             9019500            8959 000002c6 80000737 lui              x14, 0x80000000     x14=80000000
             9020500            8960 000002ca 00f72223 sw               x15, 4(x14)         x15:0000005b x14:80000000  PA:80000004
             9022500            8962 000002cc 00064783 lbu              x15, 0(x12)         x15=00000036 x12:1c01004a  PA:1c01004a
             9024500            8964 000002d0 00160613 addi             x12, x12, 1         x12=1c01004b x12:1c01004a
             9026500            8966 000002d2 fe0796e3 bne              x15, x0, -20        x15:00000036
             9029500            8969 000002be 02500713 addi             x14, x0, 37         x14=00000025
             9030500            8970 000002c2 02e78063 beq              x15, x14, 32        x15:00000036 x14:00000025
             9031500            8971 000002c6 80000737 lui              x14, 0x80000000     x14=80000000
             9032500            8972 000002ca 00f72223 sw               x15, 4(x14)         x15:00000036 x14:80000000  PA:80000004
             9034500            8974 000002cc 00064783 lbu              x15, 0(x12)         x15=0000005d x12:1c01004b  PA:1c01004b
             9036500            8976 000002d0 00160613 addi             x12, x12, 1         x12=1c01004c x12:1c01004b
             9038500            8978 000002d2 fe0796e3 bne              x15, x0, -20        x15:0000005d
             9041500            8981 000002be 02500713 addi             x14, x0, 37         x14=00000025
             9042500            8982 000002c2 02e78063 beq              x15, x14, 32        x15:0000005d x14:00000025
             9043500            8983 000002c6 80000737 lui              x14, 0x80000000     x14=80000000
             9044500            8984 000002ca 00f72223 sw               x15, 4(x14)         x15:0000005d x14:80000000  PA:80000004
             9046500            8986 000002cc 00064783 lbu              x15, 0(x12)         x15=0000003d x12:1c01004c  PA:1c01004c
             9048500            8988 000002d0 00160613 addi             x12, x12, 1         x12=1c01004d x12:1c01004c
             9050500            8990 000002d2 fe0796e3 bne              x15, x0, -20        x15:0000003d
             9053500            8993 000002be 02500713 addi             x14, x0, 37         x14=00000025
             9054500            8994 000002c2 02e78063 beq              x15, x14, 32        x15:0000003d x14:00000025
             9055500            8995 000002c6 80000737 lui              x14, 0x80000000     x14=80000000
             9056500            8996 000002ca 00f72223 sw               x15, 4(x14)         x15:0000003d x14:80000000  PA:80000004
             9058500            8998 000002cc 00064783 lbu              x15, 0(x12)         x15=00000025 x12:1c01004d  PA:1c01004d
             9060500            9000 000002d0 00160613 addi             x12, x12, 1         x12=1c01004e x12:1c01004d
             9062500            9002 000002d2 fe0796e3 bne              x15, x0, -20        x15:00000025
             9065500            9005 000002be 02500713 addi             x14, x0, 37         x14=00000025
             9067500            9007 000002c2 02e78063 beq              x15, x14, 32        x15:00000025 x14:00000025
             9070500            9010 000002e2 01c14783 lbu              x15, 28(x2)         x15=000000xX  x2:0001ef50  PA:0001ef6c
             9072500            9012 000002e6 02012023 sw               x0, 32(x2)           x2:0001ef50  PA:0001ef70
             9074500            9014 000002e8 ff47f793 andi             x15, x15, -12       x15=000000xX x15:000000xX
             9075500            9015 000002ea 00f10e23 sb               x15, 28(x2)         x15:000000xX  x2:0001ef50  PA:0001ef6c
             9077500            9017 000002ee 02010223 sb               x0, 36(x2)           x2:0001ef50  PA:0001ef74
             9079500            9019 000002f2 00000813 addi             x16, x0, 0          x16=00000000
             9080500            9020 000002f4 00000593 addi             x11, x0, 0          x11=00000000
             9081500            9021 000002f6 00000893 addi             x17, x0, 0          x17=00000000
             9082500            9022 000002f8 00000713 addi             x14, x0, 0          x14=00000000
             9083500            9023 000002fa 00000513 addi             x10, x0, 0          x10=00000000
             9084500            9024 000002fc 00160613 addi             x12, x12, 1         x12=1c01004f x12:1c01004e
             9085500            9025 000002fe fff64783 lbu              x15, -1(x12)        x15=00000064 x12:1c01004f  PA:1c01004e
             9087500            9027 00000302 fc0789e3 beq              x15, x0, -46        x15:00000064
             9088500            9028 00000304 0a878663 beq              x15, x8, 172        x15:00000064  x8:0000002d
             9089500            9029 00000308 0a978a63 beq              x15, x9, 180        x15:00000064  x9:00000030
             9090500            9030 0000030c 0b278563 beq              x15, x18, 170       x15:00000064 x18:00000023
             9091500            9031 00000310 0a071863 bne              x14, x0, 176        x14:00000000
             9093500            9033 00000312 00088863 beq              x17, x0, 16         x17:00000000
             9097500            9037 00000322 00080963 beq              x16, x0, 18         x16:00000000
             9099500            9039 00000334 fd078593 addi             x11, x15, -48       x11=00000034 x15:00000064
             9100500            9040 00000338 0ff5f513 andi             x10, x11, 255       x10=00000034 x11:00000034
             9101500            9041 0000033c 00900713 addi             x14, x0, 9          x14=00000009
             9102500            9042 0000033e 08a77963 bgeu             x14, x10, 146       x14:00000009 x10:00000034
             9103500            9043 00000342 02e00713 addi             x14, x0, 46         x14=0000002e
             9104500            9044 00000346 0ee78263 beq              x15, x14, 228       x15:00000064 x14:0000002e
             9105500            9045 0000034a 06900713 addi             x14, x0, 105        x14=00000069
             9106500            9046 0000034e 16e78963 beq              x15, x14, 370       x15:00000064 x14:00000069
             9108500            9048 00000352 0ef77d63 bgeu             x14, x15, 250       x14:00000069 x15:00000064
             9110500            9050 0000044c 05800713 addi             x14, x0, 88         x14=00000058
             9111500            9051 00000450 f2e787e3 beq              x15, x14, -210      x15:00000064 x14:00000058
             9112500            9052 00000454 02f77863 bgeu             x14, x15, 48        x14:00000058 x15:00000064
             9113500            9053 00000458 06300713 addi             x14, x0, 99         x14=00000063
             9115500            9055 0000045c 04e79e63 bne              x15, x14, 92        x15:00000064 x14:00000063
             9117500            9057 000004b8 06400713 addi             x14, x0, 100        x14=00000064
             9118500            9058 000004bc dee79de3 bne              x15, x14, -518      x15:00000064 x14:00000064
             9119500            9059 000004c0 00a00793 addi             x15, x0, 10         x15=0000000a
             9120500            9060 000004c2 0006a503 lw               x10, 0(x13)         x10=0001918d x13:0001efc4  PA:0001efc4
             9122500            9062 000004c4 02f12423 sw               x15, 40(x2)         x15:0000000a  x2:0001ef50  PA:0001ef78
             9124500            9064 000004c6 00468993 addi             x19, x13, 4         x19=0001efc8 x13:0001efc4
             9125500            9065 000004ca 00054463 blt              x10, x0, 8          x10:0001918d
             9126500            9066 000004ce 01c10593 addi             x11, x2, 28         x11=0001ef6c  x2:0001ef50
             9128500            9068 000004d0 ed3ff06f jal              x0, -302           
             9129500            9069 000003a2 00c12623 sw               x12, 12(x2)         x12:1c01004f  x2:0001ef50  PA:0001ef5c
             9132500            9072 000003a4 d3bff0ef jal              x1, -710             x1=000003a6
             9133500            9073 000000de 00c5a683 lw               x13, 12(x11)        x13=0000000a x11:0001ef6c  PA:0001ef78
             9135500            9075 000000e0 0105a803 lw               x16, 16(x11)        x16=0001ef60 x11:0001ef6c  PA:0001ef7c
             9137500            9077 000000e4 00100793 addi             x15, x0, 1          x15=00000001
             9138500            9078 000000e6 06d56a63 bltu             x10, x13, 116       x10:0001918d x13:0000000a
             9141500            9081 000000ea 02d787b3 mul              x15, x15, x13       x15=0000000a x15:00000001 x13:0000000a
             9178500            9118 000000ee 02f55733 divu             x14, x10, x15       x14=00002827 x10:0001918d x15:0000000a
             9180500            9120 000000f2 fed77ce3 bgeu             x14, x13, -8        x14:00002827 x13:0000000a
             9185500            9125 000000ea 02d787b3 mul              x15, x15, x13       x15=00000064 x15:0000000a x13:0000000a
             9222500            9162 000000ee 02f55733 divu             x14, x10, x15       x14=00000403 x10:0001918d x15:00000064
             9224500            9164 000000f2 fed77ce3 bgeu             x14, x13, -8        x14:00000403 x13:0000000a
             9229500            9169 000000ea 02d787b3 mul              x15, x15, x13       x15=000003e8 x15:00000064 x13:0000000a
             9266500            9206 000000ee 02f55733 divu             x14, x10, x15       x14=00000066 x10:0001918d x15:000003e8
             9268500            9208 000000f2 fed77ce3 bgeu             x14, x13, -8        x14:00000066 x13:0000000a
             9273500            9213 000000ea 02d787b3 mul              x15, x15, x13       x15=00002710 x15:000003e8 x13:0000000a
             9310500            9250 000000ee 02f55733 divu             x14, x10, x15       x14=0000000a x10:0001918d x15:00002710
             9312500            9252 000000f2 fed77ce3 bgeu             x14, x13, -8        x14:0000000a x13:0000000a
             9317500            9257 000000ea 02d787b3 mul              x15, x15, x13       x15=000186a0 x15:00002710 x13:0000000a
             9354500            9294 000000ee 02f55733 divu             x14, x10, x15       x14=00000001 x10:0001918d x15:000186a0
             9355500            9295 000000f2 fed77ce3 bgeu             x14, x13, -8        x14:00000001 x13:0000000a
             9356500            9296 000000f6 04078e63 beq              x15, x0, 92         x15:000186a0
             9357500            9297 000000f8 00000613 addi             x12, x0, 0          x12=00000000
             9358500            9298 000000fa 00900313 addi             x6, x0, 9            x6=00000009
             9395500            9335 000000fc 02f57533 remu             x10, x10, x15       x10=00000aed x10:0001918d x15:000186a0
             9432500            9372 00000100 02d7d7b3 divu             x15, x15, x13       x15=00002710 x15:000186a0 x13:0000000a
             9433500            9373 00000104 00061363 bne              x12, x0, 6          x12:00000000
             9434500            9374 00000106 02e05c63 bge              x0, x14, 56         x14:00000001
             9436500            9376 0000010a 03000693 addi             x13, x0, 48         x13=00000030
             9438500            9378 0000010e 00e35c63 bge              x6, x14, 24          x6:00000009 x14:00000001
             9440500            9380 00000126 00d70733 add              x14, x14, x13       x14=00000031 x14:00000001 x13:00000030
             9441500            9381 00000128 00e80023 sb               x14, 0(x16)         x14:00000031 x16:0001ef60  PA:0001ef60
             9443500            9383 0000012c 00180893 addi             x17, x16, 1         x17=0001ef61 x16:0001ef60
             9444500            9384 00000130 00160613 addi             x12, x12, 1         x12=00000001 x12:00000000
             9445500            9385 00000132 00078d63 beq              x15, x0, 26         x15:00002710
             9446500            9386 00000134 00c5a683 lw               x13, 12(x11)        x13=0000000a x11:0001ef6c  PA:0001ef78
             9448500            9388 00000136 01100833 add              x16, x0, x17        x16=0001ef61 x17:0001ef61
             9485500            9425 00000138 02f55733 divu             x14, x10, x15       x14=00000000 x10:00000aed x15:00002710
             9487500            9427 0000013c fc1ff06f jal              x0, -64            
             9524500            9464 000000fc 02f57533 remu             x10, x10, x15       x10=00000aed x10:00000aed x15:00002710
             9561500            9501 00000100 02d7d7b3 divu             x15, x15, x13       x15=000003e8 x15:00002710 x13:0000000a
             9563500            9503 00000104 00061363 bne              x12, x0, 6          x12:00000001
             9566500            9506 0000010a 03000693 addi             x13, x0, 48         x13=00000030
             9568500            9508 0000010e 00e35c63 bge              x6, x14, 24          x6:00000009 x14:00000000
             9570500            9510 00000126 00d70733 add              x14, x14, x13       x14=00000030 x14:00000000 x13:00000030
             9571500            9511 00000128 00e80023 sb               x14, 0(x16)         x14:00000030 x16:0001ef61  PA:0001ef61
             9573500            9513 0000012c 00180893 addi             x17, x16, 1         x17=0001ef62 x16:0001ef61
             9574500            9514 00000130 00160613 addi             x12, x12, 1         x12=00000002 x12:00000001
             9575500            9515 00000132 00078d63 beq              x15, x0, 26         x15:000003e8
             9576500            9516 00000134 00c5a683 lw               x13, 12(x11)        x13=0000000a x11:0001ef6c  PA:0001ef78
             9578500            9518 00000136 01100833 add              x16, x0, x17        x16=0001ef62 x17:0001ef62
             9615500            9555 00000138 02f55733 divu             x14, x10, x15       x14=00000002 x10:00000aed x15:000003e8
             9617500            9557 0000013c fc1ff06f jal              x0, -64            
             9654500            9594 000000fc 02f57533 remu             x10, x10, x15       x10=0000031d x10:00000aed x15:000003e8
             9691500            9631 00000100 02d7d7b3 divu             x15, x15, x13       x15=00000064 x15:000003e8 x13:0000000a
             9693500            9633 00000104 00061363 bne              x12, x0, 6          x12:00000002
             9696500            9636 0000010a 03000693 addi             x13, x0, 48         x13=00000030
             9698500            9638 0000010e 00e35c63 bge              x6, x14, 24          x6:00000009 x14:00000002
             9700500            9640 00000126 00d70733 add              x14, x14, x13       x14=00000032 x14:00000002 x13:00000030
             9701500            9641 00000128 00e80023 sb               x14, 0(x16)         x14:00000032 x16:0001ef62  PA:0001ef62
             9703500            9643 0000012c 00180893 addi             x17, x16, 1         x17=0001ef63 x16:0001ef62
             9704500            9644 00000130 00160613 addi             x12, x12, 1         x12=00000003 x12:00000002
             9705500            9645 00000132 00078d63 beq              x15, x0, 26         x15:00000064
             9706500            9646 00000134 00c5a683 lw               x13, 12(x11)        x13=0000000a x11:0001ef6c  PA:0001ef78
             9708500            9648 00000136 01100833 add              x16, x0, x17        x16=0001ef63 x17:0001ef63
             9745500            9685 00000138 02f55733 divu             x14, x10, x15       x14=00000007 x10:0000031d x15:00000064
             9747500            9687 0000013c fc1ff06f jal              x0, -64            
             9784500            9724 000000fc 02f57533 remu             x10, x10, x15       x10=00000061 x10:0000031d x15:00000064
             9821500            9761 00000100 02d7d7b3 divu             x15, x15, x13       x15=0000000a x15:00000064 x13:0000000a
             9823500            9763 00000104 00061363 bne              x12, x0, 6          x12:00000003
             9826500            9766 0000010a 03000693 addi             x13, x0, 48         x13=00000030
             9828500            9768 0000010e 00e35c63 bge              x6, x14, 24          x6:00000009 x14:00000007
             9830500            9770 00000126 00d70733 add              x14, x14, x13       x14=00000037 x14:00000007 x13:00000030
             9831500            9771 00000128 00e80023 sb               x14, 0(x16)         x14:00000037 x16:0001ef63  PA:0001ef63
             9833500            9773 0000012c 00180893 addi             x17, x16, 1         x17=0001ef64 x16:0001ef63
             9834500            9774 00000130 00160613 addi             x12, x12, 1         x12=00000004 x12:00000003
             9835500            9775 00000132 00078d63 beq              x15, x0, 26         x15:0000000a
             9836500            9776 00000134 00c5a683 lw               x13, 12(x11)        x13=0000000a x11:0001ef6c  PA:0001ef78
             9838500            9778 00000136 01100833 add              x16, x0, x17        x16=0001ef64 x17:0001ef64
             9875500            9815 00000138 02f55733 divu             x14, x10, x15       x14=00000009 x10:00000061 x15:0000000a
             9877500            9817 0000013c fc1ff06f jal              x0, -64            
             9914500            9854 000000fc 02f57533 remu             x10, x10, x15       x10=00000007 x10:00000061 x15:0000000a
             9951500            9891 00000100 02d7d7b3 divu             x15, x15, x13       x15=00000001 x15:0000000a x13:0000000a
             9953500            9893 00000104 00061363 bne              x12, x0, 6          x12:00000004
             9956500            9896 0000010a 03000693 addi             x13, x0, 48         x13=00000030
             9958500            9898 0000010e 00e35c63 bge              x6, x14, 24          x6:00000009 x14:00000009
             9960500            9900 00000126 00d70733 add              x14, x14, x13       x14=00000039 x14:00000009 x13:00000030
             9961500            9901 00000128 00e80023 sb               x14, 0(x16)         x14:00000039 x16:0001ef64  PA:0001ef64
             9963500            9903 0000012c 00180893 addi             x17, x16, 1         x17=0001ef65 x16:0001ef64
             9964500            9904 00000130 00160613 addi             x12, x12, 1         x12=00000005 x12:00000004
             9965500            9905 00000132 00078d63 beq              x15, x0, 26         x15:00000001
             9966500            9906 00000134 00c5a683 lw               x13, 12(x11)        x13=0000000a x11:0001ef6c  PA:0001ef78
             9968500            9908 00000136 01100833 add              x16, x0, x17        x16=0001ef65 x17:0001ef65
            10005500            9945 00000138 02f55733 divu             x14, x10, x15       x14=00000007 x10:00000007 x15:00000001
            10007500            9947 0000013c fc1ff06f jal              x0, -64            
            10044500            9984 000000fc 02f57533 remu             x10, x10, x15       x10=00000000 x10:00000007 x15:00000001
            10081500           10021 00000100 02d7d7b3 divu             x15, x15, x13       x15=00000000 x15:00000001 x13:0000000a
            10083500           10023 00000104 00061363 bne              x12, x0, 6          x12:00000005
            10086500           10026 0000010a 03000693 addi             x13, x0, 48         x13=00000030
            10088500           10028 0000010e 00e35c63 bge              x6, x14, 24          x6:00000009 x14:00000007
            10090500           10030 00000126 00d70733 add              x14, x14, x13       x14=00000037 x14:00000007 x13:00000030
            10091500           10031 00000128 00e80023 sb               x14, 0(x16)         x14:00000037 x16:0001ef65  PA:0001ef65
            10093500           10033 0000012c 00180893 addi             x17, x16, 1         x17=0001ef66 x16:0001ef65
            10094500           10034 00000130 00160613 addi             x12, x12, 1         x12=00000006 x12:00000005
            10096500           10036 00000132 00078d63 beq              x15, x0, 26         x15:00000000
            10098500           10038 0000014c 00088023 sb               x0, 0(x17)          x17:0001ef66  PA:0001ef66
            10101500           10041 00000150 00008067 jalr             x0, x1, 0            x1:000003a6
            10102500           10042 000003a6 01c10513 addi             x10, x2, 28         x10=0001ef6c  x2:0001ef50
            10104500           10044 000003a8 db7ff0ef jal              x1, -586             x1=000003aa
            10105500           10045 0000015e 01052583 lw               x11, 16(x10)        x11=0001ef60 x10:0001ef6c  PA:0001ef7c
            10107500           10047 00000160 00452783 lw               x15, 4(x10)         x15=00000000 x10:0001ef6c  PA:0001ef70
            10109500           10049 00000162 0005c703 lbu              x14, 0(x11)         x14=00000031 x11:0001ef60  PA:0001ef60
            10111500           10051 00000166 00158693 addi             x13, x11, 1         x13=0001ef61 x11:0001ef60
            10112500           10052 0000016a 00070b63 beq              x14, x0, 22         x14:00000031
            10114500           10054 0000016c 00f05a63 bge              x0, x15, 20         x15:00000000
            10116500           10056 00000180 00854603 lbu              x12, 8(x10)         x12=00000000 x10:0001ef6c  PA:0001ef74
            10118500           10058 00000184 00054703 lbu              x14, 0(x10)         x14=000000xX x10:0001ef6c  PA:0001ef6c
            10120500           10060 00000188 00c038b3 sltu             x17, x0, x12        x17=00000000 x12:00000000
            10121500           10061 0000018c 00277813 andi             x16, x14, 2         x16=00000000 x14:000000xX
            10122500           10062 00000190 411787b3 sub              x15, x15, x17       x15=00000000 x15:00000000 x17:00000000
            10124500           10064 00000194 00080c63 beq              x16, x0, 24         x16:00000000
            10126500           10066 000001ac 00977713 andi             x14, x14, 9         x14=00000000 x14:000000xX
            10127500           10067 000001ae 02071363 bne              x14, x0, 38         x14:00000000
            10128500           10068 000001b0 fff78713 addi             x14, x15, -1        x14=ffffffff x15:00000000
            10130500           10070 000001b4 0cf05f63 bge              x0, x15, 222        x15:00000000
            10132500           10072 00000292 00e007b3 add              x15, x0, x14        x15=ffffffff x14:ffffffff
            10134500           10074 00000294 f41ff06f jal              x0, -192           
            10136500           10076 000001d4 00060463 beq              x12, x0, 8          x12:00000000
            10138500           10078 000001dc 00054703 lbu              x14, 0(x10)         x14=000000xX x10:0001ef6c  PA:0001ef6c
            10140500           10080 000001e0 00277613 andi             x12, x14, 2         x12=00000000 x14:000000xX
            10142500           10082 000001e4 00060863 beq              x12, x0, 16         x12:00000000
            10144500           10084 000001f4 00177713 andi             x14, x14, 1         x14=00000000 x14:000000xX
            10146500           10086 000001f6 02070163 beq              x14, x0, 34         x14:00000000
            10148500           10088 00000218 0005c703 lbu              x14, 0(x11)         x14=00000031 x11:0001ef60  PA:0001ef60
            10150500           10090 0000021c 00070863 beq              x14, x0, 16         x14:00000031
            10151500           10091 0000021e 80000637 lui              x12, 0x80000000     x12=80000000
            10152500           10092 00000222 00e62223 sw               x14, 4(x12)         x14:00000031 x12:80000000  PA:80000004
            10154500           10094 00000224 00168693 addi             x13, x13, 1         x13=0001ef62 x13:0001ef61
            10155500           10095 00000226 fff6c703 lbu              x14, -1(x13)        x14=00000030 x13:0001ef62  PA:0001ef61
            10158500           10098 0000022a fe071ce3 bne              x14, x0, -8         x14:00000030
            10160500           10100 00000222 00e62223 sw               x14, 4(x12)         x14:00000030 x12:80000000  PA:80000004
            10162500           10102 00000224 00168693 addi             x13, x13, 1         x13=0001ef63 x13:0001ef62
            10163500           10103 00000226 fff6c703 lbu              x14, -1(x13)        x14=00000032 x13:0001ef63  PA:0001ef62
            10166500           10106 0000022a fe071ce3 bne              x14, x0, -8         x14:00000032
            10168500           10108 00000222 00e62223 sw               x14, 4(x12)         x14:00000032 x12:80000000  PA:80000004
            10170500           10110 00000224 00168693 addi             x13, x13, 1         x13=0001ef64 x13:0001ef63
            10171500           10111 00000226 fff6c703 lbu              x14, -1(x13)        x14=00000037 x13:0001ef64  PA:0001ef63
            10174500           10114 0000022a fe071ce3 bne              x14, x0, -8         x14:00000037
            10176500           10116 00000222 00e62223 sw               x14, 4(x12)         x14:00000037 x12:80000000  PA:80000004
            10178500           10118 00000224 00168693 addi             x13, x13, 1         x13=0001ef65 x13:0001ef64
            10179500           10119 00000226 fff6c703 lbu              x14, -1(x13)        x14=00000039 x13:0001ef65  PA:0001ef64
            10182500           10122 0000022a fe071ce3 bne              x14, x0, -8         x14:00000039
            10184500           10124 00000222 00e62223 sw               x14, 4(x12)         x14:00000039 x12:80000000  PA:80000004
            10186500           10126 00000224 00168693 addi             x13, x13, 1         x13=0001ef66 x13:0001ef65
            10187500           10127 00000226 fff6c703 lbu              x14, -1(x13)        x14=00000037 x13:0001ef66  PA:0001ef65
            10190500           10130 0000022a fe071ce3 bne              x14, x0, -8         x14:00000037
            10192500           10132 00000222 00e62223 sw               x14, 4(x12)         x14:00000037 x12:80000000  PA:80000004
            10194500           10134 00000224 00168693 addi             x13, x13, 1         x13=0001ef67 x13:0001ef66
            10195500           10135 00000226 fff6c703 lbu              x14, -1(x13)        x14=00000000 x13:0001ef67  PA:0001ef66
            10197500           10137 0000022a fe071ce3 bne              x14, x0, -8         x14:00000000
            10198500           10138 0000022c 00054703 lbu              x14, 0(x10)         x14=000000xX x10:0001ef6c  PA:0001ef6c
            10200500           10140 00000230 00800693 addi             x13, x0, 8          x13=00000008
            10201500           10141 00000232 00977713 andi             x14, x14, 9         x14=00000000 x14:000000xX
            10202500           10142 00000234 00d70363 beq              x14, x13, 6         x14:00000000 x13:00000008
            10204500           10144 00000238 00008067 jalr             x0, x1, 0            x1:000003aa
            10205500           10145 000003aa 013006b3 add              x13, x0, x19        x13=0001efc8 x19:0001efc8
            10206500           10146 000003ac 00c12603 lw               x12, 12(x2)         x12=1c01004f  x2:0001ef50  PA:0001ef5c
            10209500           10149 000003ae f09ff06f jal              x0, -248           
            10211500           10151 000002b6 00064783 lbu              x15, 0(x12)         x15=0000000a x12:1c01004f  PA:1c01004f
            10213500           10153 000002ba 00160613 addi             x12, x12, 1         x12=1c010050 x12:1c01004f
            10214500           10154 000002bc 00078c63 beq              x15, x0, 24         x15:0000000a
            10215500           10155 000002be 02500713 addi             x14, x0, 37         x14=00000025
            10217500           10157 000002c2 02e78063 beq              x15, x14, 32        x15:0000000a x14:00000025
            10218500           10158 000002c6 80000737 lui              x14, 0x80000000     x14=80000000
            10219500           10159 000002ca 00f72223 sw               x15, 4(x14)         x15:0000000a x14:80000000  PA:80000004
            10221500           10161 000002cc 00064783 lbu              x15, 0(x12)         x15=00000000 x12:1c010050  PA:1c010050
            10223500           10163 000002d0 00160613 addi             x12, x12, 1         x12=1c010051 x12:1c010050
            10224500           10164 000002d2 fe0796e3 bne              x15, x0, -20        x15:00000000
            10225500           10165 000002d4 04c12083 lw               x1, 76(x2)           x1=0000051a  x2:0001ef50  PA:0001ef9c
            10227500           10167 000002d6 04812403 lw               x8, 72(x2)           x8=1c0100a0  x2:0001ef50  PA:0001ef98
            10229500           10169 000002d8 04412483 lw               x9, 68(x2)           x9=00000000  x2:0001ef50  PA:0001ef94
            10231500           10171 000002da 04012903 lw               x18, 64(x2)         x18=00000000  x2:0001ef50  PA:0001ef90
            10233500           10173 000002dc 03c12983 lw               x19, 60(x2)         x19=00000000  x2:0001ef50  PA:0001ef8c
            10235500           10175 000002de 05010113 addi             x2, x2, 80           x2=0001efa0  x2:0001ef50
            10237500           10177 000002e0 00008067 jalr             x0, x1, 0            x1:0000051a
            10238500           10178 0000051a 01c12083 lw               x1, 28(x2)           x1=00000680  x2:0001efa0  PA:0001efbc
            10240500           10180 0000051c 04010113 addi             x2, x2, 64           x2=0001efe0  x2:0001efa0
            10242500           10182 0000051e 00008067 jalr             x0, x1, 0            x1:00000680
            10243500           10183 00000680 01c42583 lw               x11, 28(x8)         x11=00f588c6  x8:1c0100a0  PA:1c0100bc
            10245500           10185 00000682 1c010537 lui              x10, 0x1c010000     x10=1c010000
            10246500           10186 00000686 05450513 addi             x10, x10, 84        x10=1c010054 x10:1c010000
            10248500           10188 0000068a e63ff0ef jal              x1, -414             x1=0000068c
            10249500           10189 000004ec fc010113 addi             x2, x2, -64          x2=0001efa0  x2:0001efe0
            10250500           10190 000004ee 02c12423 sw               x12, 40(x2)         x12:1c010051  x2:0001efa0  PA:0001efc8
            10252500           10192 000004f0 1c010637 lui              x12, 0x1c010000     x12=1c010000
            10253500           10193 000004f4 02b12223 sw               x11, 36(x2)         x11:00f588c6  x2:0001efa0  PA:0001efc4
            10255500           10195 000004f6 0c462583 lw               x11, 196(x12)       x11=000bc151 x12:1c010000  PA:1c0100c4
            10257500           10197 000004fa 00a00633 add              x12, x0, x10        x12=1c010054 x10:1c010054
            10258500           10198 000004fc 1c010537 lui              x10, 0x1c010000     x10=1c010000
            10259500           10199 00000500 02410313 addi             x6, x2, 36           x6=0001efc4  x2:0001efa0
            10260500           10200 00000504 0c852503 lw               x10, 200(x10)       x10=00000000 x10:1c010000  PA:1c0100c8
            10262500           10202 00000508 02d12623 sw               x13, 44(x2)         x13:0001efc8  x2:0001efa0  PA:0001efcc
            10264500           10204 0000050a 006006b3 add              x13, x0, x6         x13=0001efc4  x6:0001efc4
            10265500           10205 0000050c 00112e23 sw               x1, 28(x2)           x1:0000068c  x2:0001efa0  PA:0001efbc
            10267500           10207 0000050e 02e12823 sw               x14, 48(x2)         x14:80000000  x2:0001efa0  PA:0001efd0
            10269500           10209 00000510 02f12a23 sw               x15, 52(x2)         x15:00000000  x2:0001efa0  PA:0001efd4
            10271500           10211 00000512 03012c23 sw               x16, 56(x2)         x16:00000000  x2:0001efa0  PA:0001efd8
            10273500           10213 00000514 03112e23 sw               x17, 60(x2)         x17:00000000  x2:0001efa0  PA:0001efdc
            10275500           10215 00000516 00612623 sw               x6, 12(x2)           x6:0001efc4  x2:0001efa0  PA:0001efac
            10278500           10218 00000518 d83ff0ef jal              x1, -638             x1=0000051a
            10279500           10219 0000029a fb010113 addi             x2, x2, -80          x2=0001ef50  x2:0001efa0
            10280500           10220 0000029c 01010793 addi             x15, x2, 16         x15=0001ef60  x2:0001ef50
            10281500           10221 0000029e 04812423 sw               x8, 72(x2)           x8:1c0100a0  x2:0001ef50  PA:0001ef98
            10283500           10223 000002a0 04912223 sw               x9, 68(x2)           x9:00000000  x2:0001ef50  PA:0001ef94
            10285500           10225 000002a2 05212023 sw               x18, 64(x2)         x18:00000000  x2:0001ef50  PA:0001ef90
            10287500           10227 000002a4 04112623 sw               x1, 76(x2)           x1:0000051a  x2:0001ef50  PA:0001ef9c
            10289500           10229 000002a6 03312e23 sw               x19, 60(x2)         x19:00000000  x2:0001ef50  PA:0001ef8c
            10291500           10231 000002a8 02f12623 sw               x15, 44(x2)         x15:0001ef60  x2:0001ef50  PA:0001ef7c
            10293500           10233 000002aa 02d00413 addi             x8, x0, 45           x8=0000002d
            10294500           10234 000002ae 03000493 addi             x9, x0, 48           x9=00000030
            10296500           10236 000002b2 02300913 addi             x18, x0, 35         x18=00000023
            10297500           10237 000002b6 00064783 lbu              x15, 0(x12)         x15=00000064 x12:1c010054  PA:1c010054
            10299500           10239 000002ba 00160613 addi             x12, x12, 1         x12=1c010055 x12:1c010054
            10300500           10240 000002bc 00078c63 beq              x15, x0, 24         x15:00000064
            10301500           10241 000002be 02500713 addi             x14, x0, 37         x14=00000025
            10303500           10243 000002c2 02e78063 beq              x15, x14, 32        x15:00000064 x14:00000025
            10304500           10244 000002c6 80000737 lui              x14, 0x80000000     x14=80000000
            10305500           10245 000002ca 00f72223 sw               x15, 4(x14)         x15:00000064 x14:80000000  PA:80000004
            10307500           10247 000002cc 00064783 lbu              x15, 0(x12)         x15=0000005b x12:1c010055  PA:1c010055
            10309500           10249 000002d0 00160613 addi             x12, x12, 1         x12=1c010056 x12:1c010055
            10311500           10251 000002d2 fe0796e3 bne              x15, x0, -20        x15:0000005b
            10314500           10254 000002be 02500713 addi             x14, x0, 37         x14=00000025
            10315500           10255 000002c2 02e78063 beq              x15, x14, 32        x15:0000005b x14:00000025
            10316500           10256 000002c6 80000737 lui              x14, 0x80000000     x14=80000000
            10317500           10257 000002ca 00f72223 sw               x15, 4(x14)         x15:0000005b x14:80000000  PA:80000004
            10319500           10259 000002cc 00064783 lbu              x15, 0(x12)         x15=00000037 x12:1c010056  PA:1c010056
            10321500           10261 000002d0 00160613 addi             x12, x12, 1         x12=1c010057 x12:1c010056
            10323500           10263 000002d2 fe0796e3 bne              x15, x0, -20        x15:00000037
            10326500           10266 000002be 02500713 addi             x14, x0, 37         x14=00000025
            10327500           10267 000002c2 02e78063 beq              x15, x14, 32        x15:00000037 x14:00000025
            10328500           10268 000002c6 80000737 lui              x14, 0x80000000     x14=80000000
            10329500           10269 000002ca 00f72223 sw               x15, 4(x14)         x15:00000037 x14:80000000  PA:80000004
            10331500           10271 000002cc 00064783 lbu              x15, 0(x12)         x15=0000005d x12:1c010057  PA:1c010057
            10333500           10273 000002d0 00160613 addi             x12, x12, 1         x12=1c010058 x12:1c010057
            10335500           10275 000002d2 fe0796e3 bne              x15, x0, -20        x15:0000005d
            10338500           10278 000002be 02500713 addi             x14, x0, 37         x14=00000025
            10339500           10279 000002c2 02e78063 beq              x15, x14, 32        x15:0000005d x14:00000025
            10340500           10280 000002c6 80000737 lui              x14, 0x80000000     x14=80000000
            10341500           10281 000002ca 00f72223 sw               x15, 4(x14)         x15:0000005d x14:80000000  PA:80000004
            10343500           10283 000002cc 00064783 lbu              x15, 0(x12)         x15=0000003d x12:1c010058  PA:1c010058
            10345500           10285 000002d0 00160613 addi             x12, x12, 1         x12=1c010059 x12:1c010058
            10347500           10287 000002d2 fe0796e3 bne              x15, x0, -20        x15:0000003d
            10350500           10290 000002be 02500713 addi             x14, x0, 37         x14=00000025
            10351500           10291 000002c2 02e78063 beq              x15, x14, 32        x15:0000003d x14:00000025
            10352500           10292 000002c6 80000737 lui              x14, 0x80000000     x14=80000000
            10353500           10293 000002ca 00f72223 sw               x15, 4(x14)         x15:0000003d x14:80000000  PA:80000004
            10355500           10295 000002cc 00064783 lbu              x15, 0(x12)         x15=00000025 x12:1c010059  PA:1c010059
            10357500           10297 000002d0 00160613 addi             x12, x12, 1         x12=1c01005a x12:1c010059
            10359500           10299 000002d2 fe0796e3 bne              x15, x0, -20        x15:00000025
            10362500           10302 000002be 02500713 addi             x14, x0, 37         x14=00000025
            10364500           10304 000002c2 02e78063 beq              x15, x14, 32        x15:00000025 x14:00000025
            10367500           10307 000002e2 01c14783 lbu              x15, 28(x2)         x15=000000xX  x2:0001ef50  PA:0001ef6c
            10369500           10309 000002e6 02012023 sw               x0, 32(x2)           x2:0001ef50  PA:0001ef70
            10371500           10311 000002e8 ff47f793 andi             x15, x15, -12       x15=000000xX x15:000000xX
            10372500           10312 000002ea 00f10e23 sb               x15, 28(x2)         x15:000000xX  x2:0001ef50  PA:0001ef6c
            10374500           10314 000002ee 02010223 sb               x0, 36(x2)           x2:0001ef50  PA:0001ef74
            10376500           10316 000002f2 00000813 addi             x16, x0, 0          x16=00000000
            10377500           10317 000002f4 00000593 addi             x11, x0, 0          x11=00000000
            10378500           10318 000002f6 00000893 addi             x17, x0, 0          x17=00000000
            10379500           10319 000002f8 00000713 addi             x14, x0, 0          x14=00000000
            10380500           10320 000002fa 00000513 addi             x10, x0, 0          x10=00000000
            10381500           10321 000002fc 00160613 addi             x12, x12, 1         x12=1c01005b x12:1c01005a
            10382500           10322 000002fe fff64783 lbu              x15, -1(x12)        x15=00000064 x12:1c01005b  PA:1c01005a
            10384500           10324 00000302 fc0789e3 beq              x15, x0, -46        x15:00000064
            10385500           10325 00000304 0a878663 beq              x15, x8, 172        x15:00000064  x8:0000002d
            10386500           10326 00000308 0a978a63 beq              x15, x9, 180        x15:00000064  x9:00000030
            10387500           10327 0000030c 0b278563 beq              x15, x18, 170       x15:00000064 x18:00000023
            10388500           10328 00000310 0a071863 bne              x14, x0, 176        x14:00000000
            10390500           10330 00000312 00088863 beq              x17, x0, 16         x17:00000000
            10394500           10334 00000322 00080963 beq              x16, x0, 18         x16:00000000
            10396500           10336 00000334 fd078593 addi             x11, x15, -48       x11=00000034 x15:00000064
            10397500           10337 00000338 0ff5f513 andi             x10, x11, 255       x10=00000034 x11:00000034
            10398500           10338 0000033c 00900713 addi             x14, x0, 9          x14=00000009
            10399500           10339 0000033e 08a77963 bgeu             x14, x10, 146       x14:00000009 x10:00000034
            10400500           10340 00000342 02e00713 addi             x14, x0, 46         x14=0000002e
            10401500           10341 00000346 0ee78263 beq              x15, x14, 228       x15:00000064 x14:0000002e
            10402500           10342 0000034a 06900713 addi             x14, x0, 105        x14=00000069
            10403500           10343 0000034e 16e78963 beq              x15, x14, 370       x15:00000064 x14:00000069
            10405500           10345 00000352 0ef77d63 bgeu             x14, x15, 250       x14:00000069 x15:00000064
            10407500           10347 0000044c 05800713 addi             x14, x0, 88         x14=00000058
            10408500           10348 00000450 f2e787e3 beq              x15, x14, -210      x15:00000064 x14:00000058
            10409500           10349 00000454 02f77863 bgeu             x14, x15, 48        x14:00000058 x15:00000064
            10410500           10350 00000458 06300713 addi             x14, x0, 99         x14=00000063
            10412500           10352 0000045c 04e79e63 bne              x15, x14, 92        x15:00000064 x14:00000063
            10414500           10354 000004b8 06400713 addi             x14, x0, 100        x14=00000064
            10415500           10355 000004bc dee79de3 bne              x15, x14, -518      x15:00000064 x14:00000064
            10416500           10356 000004c0 00a00793 addi             x15, x0, 10         x15=0000000a
            10417500           10357 000004c2 0006a503 lw               x10, 0(x13)         x10=00f588c6 x13:0001efc4  PA:0001efc4
            10419500           10359 000004c4 02f12423 sw               x15, 40(x2)         x15:0000000a  x2:0001ef50  PA:0001ef78
            10421500           10361 000004c6 00468993 addi             x19, x13, 4         x19=0001efc8 x13:0001efc4
            10422500           10362 000004ca 00054463 blt              x10, x0, 8          x10:00f588c6
            10423500           10363 000004ce 01c10593 addi             x11, x2, 28         x11=0001ef6c  x2:0001ef50
            10425500           10365 000004d0 ed3ff06f jal              x0, -302           
            10426500           10366 000003a2 00c12623 sw               x12, 12(x2)         x12:1c01005b  x2:0001ef50  PA:0001ef5c
            10429500           10369 000003a4 d3bff0ef jal              x1, -710             x1=000003a6
            10430500           10370 000000de 00c5a683 lw               x13, 12(x11)        x13=0000000a x11:0001ef6c  PA:0001ef78
            10432500           10372 000000e0 0105a803 lw               x16, 16(x11)        x16=0001ef60 x11:0001ef6c  PA:0001ef7c
            10434500           10374 000000e4 00100793 addi             x15, x0, 1          x15=00000001
            10435500           10375 000000e6 06d56a63 bltu             x10, x13, 116       x10:00f588c6 x13:0000000a
            10438500           10378 000000ea 02d787b3 mul              x15, x15, x13       x15=0000000a x15:00000001 x13:0000000a
            10475500           10415 000000ee 02f55733 divu             x14, x10, x15       x14=00188dad x10:00f588c6 x15:0000000a
            10477500           10417 000000f2 fed77ce3 bgeu             x14, x13, -8        x14:00188dad x13:0000000a
            10482500           10422 000000ea 02d787b3 mul              x15, x15, x13       x15=00000064 x15:0000000a x13:0000000a
            10519500           10459 000000ee 02f55733 divu             x14, x10, x15       x14=00027491 x10:00f588c6 x15:00000064
            10521500           10461 000000f2 fed77ce3 bgeu             x14, x13, -8        x14:00027491 x13:0000000a
            10526500           10466 000000ea 02d787b3 mul              x15, x15, x13       x15=000003e8 x15:00000064 x13:0000000a
            10563500           10503 000000ee 02f55733 divu             x14, x10, x15       x14=00003edb x10:00f588c6 x15:000003e8
            10565500           10505 000000f2 fed77ce3 bgeu             x14, x13, -8        x14:00003edb x13:0000000a
            10570500           10510 000000ea 02d787b3 mul              x15, x15, x13       x15=00002710 x15:000003e8 x13:0000000a
            10607500           10547 000000ee 02f55733 divu             x14, x10, x15       x14=00000649 x10:00f588c6 x15:00002710
            10609500           10549 000000f2 fed77ce3 bgeu             x14, x13, -8        x14:00000649 x13:0000000a
            10614500           10554 000000ea 02d787b3 mul              x15, x15, x13       x15=000186a0 x15:00002710 x13:0000000a
            10651500           10591 000000ee 02f55733 divu             x14, x10, x15       x14=000000a0 x10:00f588c6 x15:000186a0
            10653500           10593 000000f2 fed77ce3 bgeu             x14, x13, -8        x14:000000a0 x13:0000000a
            10658500           10598 000000ea 02d787b3 mul              x15, x15, x13       x15=000f4240 x15:000186a0 x13:0000000a
            10695500           10635 000000ee 02f55733 divu             x14, x10, x15       x14=00000010 x10:00f588c6 x15:000f4240
            10697500           10637 000000f2 fed77ce3 bgeu             x14, x13, -8        x14:00000010 x13:0000000a
            10702500           10642 000000ea 02d787b3 mul              x15, x15, x13       x15=00989680 x15:000f4240 x13:0000000a
            10739500           10679 000000ee 02f55733 divu             x14, x10, x15       x14=00000001 x10:00f588c6 x15:00989680
            10740500           10680 000000f2 fed77ce3 bgeu             x14, x13, -8        x14:00000001 x13:0000000a
            10741500           10681 000000f6 04078e63 beq              x15, x0, 92         x15:00989680
            10742500           10682 000000f8 00000613 addi             x12, x0, 0          x12=00000000
            10743500           10683 000000fa 00900313 addi             x6, x0, 9            x6=00000009
            10780500           10720 000000fc 02f57533 remu             x10, x10, x15       x10=005cf246 x10:00f588c6 x15:00989680
            10817500           10757 00000100 02d7d7b3 divu             x15, x15, x13       x15=000f4240 x15:00989680 x13:0000000a
            10818500           10758 00000104 00061363 bne              x12, x0, 6          x12:00000000
            10819500           10759 00000106 02e05c63 bge              x0, x14, 56         x14:00000001
            10821500           10761 0000010a 03000693 addi             x13, x0, 48         x13=00000030
            10823500           10763 0000010e 00e35c63 bge              x6, x14, 24          x6:00000009 x14:00000001
            10825500           10765 00000126 00d70733 add              x14, x14, x13       x14=00000031 x14:00000001 x13:00000030
            10826500           10766 00000128 00e80023 sb               x14, 0(x16)         x14:00000031 x16:0001ef60  PA:0001ef60
            10828500           10768 0000012c 00180893 addi             x17, x16, 1         x17=0001ef61 x16:0001ef60
            10829500           10769 00000130 00160613 addi             x12, x12, 1         x12=00000001 x12:00000000
            10830500           10770 00000132 00078d63 beq              x15, x0, 26         x15:000f4240
            10831500           10771 00000134 00c5a683 lw               x13, 12(x11)        x13=0000000a x11:0001ef6c  PA:0001ef78
            10833500           10773 00000136 01100833 add              x16, x0, x17        x16=0001ef61 x17:0001ef61
            10870500           10810 00000138 02f55733 divu             x14, x10, x15       x14=00000006 x10:005cf246 x15:000f4240
            10872500           10812 0000013c fc1ff06f jal              x0, -64            
            10909500           10849 000000fc 02f57533 remu             x10, x10, x15       x10=000164c6 x10:005cf246 x15:000f4240
            10946500           10886 00000100 02d7d7b3 divu             x15, x15, x13       x15=000186a0 x15:000f4240 x13:0000000a
            10948500           10888 00000104 00061363 bne              x12, x0, 6          x12:00000001
            10951500           10891 0000010a 03000693 addi             x13, x0, 48         x13=00000030
            10953500           10893 0000010e 00e35c63 bge              x6, x14, 24          x6:00000009 x14:00000006
            10955500           10895 00000126 00d70733 add              x14, x14, x13       x14=00000036 x14:00000006 x13:00000030
            10956500           10896 00000128 00e80023 sb               x14, 0(x16)         x14:00000036 x16:0001ef61  PA:0001ef61
            10958500           10898 0000012c 00180893 addi             x17, x16, 1         x17=0001ef62 x16:0001ef61
            10959500           10899 00000130 00160613 addi             x12, x12, 1         x12=00000002 x12:00000001
            10960500           10900 00000132 00078d63 beq              x15, x0, 26         x15:000186a0
            10961500           10901 00000134 00c5a683 lw               x13, 12(x11)        x13=0000000a x11:0001ef6c  PA:0001ef78
            10963500           10903 00000136 01100833 add              x16, x0, x17        x16=0001ef62 x17:0001ef62
            11000500           10940 00000138 02f55733 divu             x14, x10, x15       x14=00000000 x10:000164c6 x15:000186a0
            11002500           10942 0000013c fc1ff06f jal              x0, -64            
            11039500           10979 000000fc 02f57533 remu             x10, x10, x15       x10=000164c6 x10:000164c6 x15:000186a0
            11076500           11016 00000100 02d7d7b3 divu             x15, x15, x13       x15=00002710 x15:000186a0 x13:0000000a
            11078500           11018 00000104 00061363 bne              x12, x0, 6          x12:00000002
            11081500           11021 0000010a 03000693 addi             x13, x0, 48         x13=00000030
            11083500           11023 0000010e 00e35c63 bge              x6, x14, 24          x6:00000009 x14:00000000
            11085500           11025 00000126 00d70733 add              x14, x14, x13       x14=00000030 x14:00000000 x13:00000030
            11086500           11026 00000128 00e80023 sb               x14, 0(x16)         x14:00000030 x16:0001ef62  PA:0001ef62
            11088500           11028 0000012c 00180893 addi             x17, x16, 1         x17=0001ef63 x16:0001ef62
            11089500           11029 00000130 00160613 addi             x12, x12, 1         x12=00000003 x12:00000002
            11090500           11030 00000132 00078d63 beq              x15, x0, 26         x15:00002710
            11091500           11031 00000134 00c5a683 lw               x13, 12(x11)        x13=0000000a x11:0001ef6c  PA:0001ef78
            11093500           11033 00000136 01100833 add              x16, x0, x17        x16=0001ef63 x17:0001ef63
            11130500           11070 00000138 02f55733 divu             x14, x10, x15       x14=00000009 x10:000164c6 x15:00002710
            11132500           11072 0000013c fc1ff06f jal              x0, -64            
            11169500           11109 000000fc 02f57533 remu             x10, x10, x15       x10=00000536 x10:000164c6 x15:00002710
            11206500           11146 00000100 02d7d7b3 divu             x15, x15, x13       x15=000003e8 x15:00002710 x13:0000000a
            11208500           11148 00000104 00061363 bne              x12, x0, 6          x12:00000003
            11211500           11151 0000010a 03000693 addi             x13, x0, 48         x13=00000030
            11213500           11153 0000010e 00e35c63 bge              x6, x14, 24          x6:00000009 x14:00000009
            11215500           11155 00000126 00d70733 add              x14, x14, x13       x14=00000039 x14:00000009 x13:00000030
            11216500           11156 00000128 00e80023 sb               x14, 0(x16)         x14:00000039 x16:0001ef63  PA:0001ef63
            11218500           11158 0000012c 00180893 addi             x17, x16, 1         x17=0001ef64 x16:0001ef63
            11219500           11159 00000130 00160613 addi             x12, x12, 1         x12=00000004 x12:00000003
            11220500           11160 00000132 00078d63 beq              x15, x0, 26         x15:000003e8
            11221500           11161 00000134 00c5a683 lw               x13, 12(x11)        x13=0000000a x11:0001ef6c  PA:0001ef78
            11223500           11163 00000136 01100833 add              x16, x0, x17        x16=0001ef64 x17:0001ef64
            11260500           11200 00000138 02f55733 divu             x14, x10, x15       x14=00000001 x10:00000536 x15:000003e8
            11262500           11202 0000013c fc1ff06f jal              x0, -64            
            11299500           11239 000000fc 02f57533 remu             x10, x10, x15       x10=0000014e x10:00000536 x15:000003e8
            11336500           11276 00000100 02d7d7b3 divu             x15, x15, x13       x15=00000064 x15:000003e8 x13:0000000a
            11338500           11278 00000104 00061363 bne              x12, x0, 6          x12:00000004
            11341500           11281 0000010a 03000693 addi             x13, x0, 48         x13=00000030
            11343500           11283 0000010e 00e35c63 bge              x6, x14, 24          x6:00000009 x14:00000001
            11345500           11285 00000126 00d70733 add              x14, x14, x13       x14=00000031 x14:00000001 x13:00000030
            11346500           11286 00000128 00e80023 sb               x14, 0(x16)         x14:00000031 x16:0001ef64  PA:0001ef64
            11348500           11288 0000012c 00180893 addi             x17, x16, 1         x17=0001ef65 x16:0001ef64
            11349500           11289 00000130 00160613 addi             x12, x12, 1         x12=00000005 x12:00000004
            11350500           11290 00000132 00078d63 beq              x15, x0, 26         x15:00000064
            11351500           11291 00000134 00c5a683 lw               x13, 12(x11)        x13=0000000a x11:0001ef6c  PA:0001ef78
            11353500           11293 00000136 01100833 add              x16, x0, x17        x16=0001ef65 x17:0001ef65
            11390500           11330 00000138 02f55733 divu             x14, x10, x15       x14=00000003 x10:0000014e x15:00000064
            11392500           11332 0000013c fc1ff06f jal              x0, -64            
            11429500           11369 000000fc 02f57533 remu             x10, x10, x15       x10=00000022 x10:0000014e x15:00000064
            11466500           11406 00000100 02d7d7b3 divu             x15, x15, x13       x15=0000000a x15:00000064 x13:0000000a
            11468500           11408 00000104 00061363 bne              x12, x0, 6          x12:00000005
            11471500           11411 0000010a 03000693 addi             x13, x0, 48         x13=00000030
            11473500           11413 0000010e 00e35c63 bge              x6, x14, 24          x6:00000009 x14:00000003
            11475500           11415 00000126 00d70733 add              x14, x14, x13       x14=00000033 x14:00000003 x13:00000030
            11476500           11416 00000128 00e80023 sb               x14, 0(x16)         x14:00000033 x16:0001ef65  PA:0001ef65
            11478500           11418 0000012c 00180893 addi             x17, x16, 1         x17=0001ef66 x16:0001ef65
            11479500           11419 00000130 00160613 addi             x12, x12, 1         x12=00000006 x12:00000005
            11480500           11420 00000132 00078d63 beq              x15, x0, 26         x15:0000000a
            11481500           11421 00000134 00c5a683 lw               x13, 12(x11)        x13=0000000a x11:0001ef6c  PA:0001ef78
            11483500           11423 00000136 01100833 add              x16, x0, x17        x16=0001ef66 x17:0001ef66
            11520500           11460 00000138 02f55733 divu             x14, x10, x15       x14=00000003 x10:00000022 x15:0000000a
            11522500           11462 0000013c fc1ff06f jal              x0, -64            
            11559500           11499 000000fc 02f57533 remu             x10, x10, x15       x10=00000004 x10:00000022 x15:0000000a
            11596500           11536 00000100 02d7d7b3 divu             x15, x15, x13       x15=00000001 x15:0000000a x13:0000000a
            11598500           11538 00000104 00061363 bne              x12, x0, 6          x12:00000006
            11601500           11541 0000010a 03000693 addi             x13, x0, 48         x13=00000030
            11603500           11543 0000010e 00e35c63 bge              x6, x14, 24          x6:00000009 x14:00000003
            11605500           11545 00000126 00d70733 add              x14, x14, x13       x14=00000033 x14:00000003 x13:00000030
            11606500           11546 00000128 00e80023 sb               x14, 0(x16)         x14:00000033 x16:0001ef66  PA:0001ef66
            11608500           11548 0000012c 00180893 addi             x17, x16, 1         x17=0001ef67 x16:0001ef66
            11609500           11549 00000130 00160613 addi             x12, x12, 1         x12=00000007 x12:00000006
            11610500           11550 00000132 00078d63 beq              x15, x0, 26         x15:00000001
            11611500           11551 00000134 00c5a683 lw               x13, 12(x11)        x13=0000000a x11:0001ef6c  PA:0001ef78
            11613500           11553 00000136 01100833 add              x16, x0, x17        x16=0001ef67 x17:0001ef67
            11650500           11590 00000138 02f55733 divu             x14, x10, x15       x14=00000004 x10:00000004 x15:00000001
            11652500           11592 0000013c fc1ff06f jal              x0, -64            
            11689500           11629 000000fc 02f57533 remu             x10, x10, x15       x10=00000000 x10:00000004 x15:00000001
            11726500           11666 00000100 02d7d7b3 divu             x15, x15, x13       x15=00000000 x15:00000001 x13:0000000a
            11728500           11668 00000104 00061363 bne              x12, x0, 6          x12:00000007
            11731500           11671 0000010a 03000693 addi             x13, x0, 48         x13=00000030
            11733500           11673 0000010e 00e35c63 bge              x6, x14, 24          x6:00000009 x14:00000004
            11735500           11675 00000126 00d70733 add              x14, x14, x13       x14=00000034 x14:00000004 x13:00000030
            11736500           11676 00000128 00e80023 sb               x14, 0(x16)         x14:00000034 x16:0001ef67  PA:0001ef67
            11738500           11678 0000012c 00180893 addi             x17, x16, 1         x17=0001ef68 x16:0001ef67
            11739500           11679 00000130 00160613 addi             x12, x12, 1         x12=00000008 x12:00000007
            11741500           11681 00000132 00078d63 beq              x15, x0, 26         x15:00000000
            11743500           11683 0000014c 00088023 sb               x0, 0(x17)          x17:0001ef68  PA:0001ef68
            11746500           11686 00000150 00008067 jalr             x0, x1, 0            x1:000003a6
            11747500           11687 000003a6 01c10513 addi             x10, x2, 28         x10=0001ef6c  x2:0001ef50
            11749500           11689 000003a8 db7ff0ef jal              x1, -586             x1=000003aa
            11750500           11690 0000015e 01052583 lw               x11, 16(x10)        x11=0001ef60 x10:0001ef6c  PA:0001ef7c
            11752500           11692 00000160 00452783 lw               x15, 4(x10)         x15=00000000 x10:0001ef6c  PA:0001ef70
            11754500           11694 00000162 0005c703 lbu              x14, 0(x11)         x14=00000031 x11:0001ef60  PA:0001ef60
            11756500           11696 00000166 00158693 addi             x13, x11, 1         x13=0001ef61 x11:0001ef60
            11757500           11697 0000016a 00070b63 beq              x14, x0, 22         x14:00000031
            11759500           11699 0000016c 00f05a63 bge              x0, x15, 20         x15:00000000
            11761500           11701 00000180 00854603 lbu              x12, 8(x10)         x12=00000000 x10:0001ef6c  PA:0001ef74
            11763500           11703 00000184 00054703 lbu              x14, 0(x10)         x14=000000xX x10:0001ef6c  PA:0001ef6c
            11765500           11705 00000188 00c038b3 sltu             x17, x0, x12        x17=00000000 x12:00000000
            11766500           11706 0000018c 00277813 andi             x16, x14, 2         x16=00000000 x14:000000xX
            11767500           11707 00000190 411787b3 sub              x15, x15, x17       x15=00000000 x15:00000000 x17:00000000
            11769500           11709 00000194 00080c63 beq              x16, x0, 24         x16:00000000
            11771500           11711 000001ac 00977713 andi             x14, x14, 9         x14=00000000 x14:000000xX
            11772500           11712 000001ae 02071363 bne              x14, x0, 38         x14:00000000
            11773500           11713 000001b0 fff78713 addi             x14, x15, -1        x14=ffffffff x15:00000000
            11775500           11715 000001b4 0cf05f63 bge              x0, x15, 222        x15:00000000
            11777500           11717 00000292 00e007b3 add              x15, x0, x14        x15=ffffffff x14:ffffffff
            11779500           11719 00000294 f41ff06f jal              x0, -192           
            11781500           11721 000001d4 00060463 beq              x12, x0, 8          x12:00000000
            11783500           11723 000001dc 00054703 lbu              x14, 0(x10)         x14=000000xX x10:0001ef6c  PA:0001ef6c
            11785500           11725 000001e0 00277613 andi             x12, x14, 2         x12=00000000 x14:000000xX
            11787500           11727 000001e4 00060863 beq              x12, x0, 16         x12:00000000
            11789500           11729 000001f4 00177713 andi             x14, x14, 1         x14=00000000 x14:000000xX
            11791500           11731 000001f6 02070163 beq              x14, x0, 34         x14:00000000
            11793500           11733 00000218 0005c703 lbu              x14, 0(x11)         x14=00000031 x11:0001ef60  PA:0001ef60
            11795500           11735 0000021c 00070863 beq              x14, x0, 16         x14:00000031
            11796500           11736 0000021e 80000637 lui              x12, 0x80000000     x12=80000000
            11797500           11737 00000222 00e62223 sw               x14, 4(x12)         x14:00000031 x12:80000000  PA:80000004
            11799500           11739 00000224 00168693 addi             x13, x13, 1         x13=0001ef62 x13:0001ef61
            11800500           11740 00000226 fff6c703 lbu              x14, -1(x13)        x14=00000036 x13:0001ef62  PA:0001ef61
            11803500           11743 0000022a fe071ce3 bne              x14, x0, -8         x14:00000036
            11805500           11745 00000222 00e62223 sw               x14, 4(x12)         x14:00000036 x12:80000000  PA:80000004
            11807500           11747 00000224 00168693 addi             x13, x13, 1         x13=0001ef63 x13:0001ef62
            11808500           11748 00000226 fff6c703 lbu              x14, -1(x13)        x14=00000030 x13:0001ef63  PA:0001ef62
            11811500           11751 0000022a fe071ce3 bne              x14, x0, -8         x14:00000030
            11813500           11753 00000222 00e62223 sw               x14, 4(x12)         x14:00000030 x12:80000000  PA:80000004
            11815500           11755 00000224 00168693 addi             x13, x13, 1         x13=0001ef64 x13:0001ef63
            11816500           11756 00000226 fff6c703 lbu              x14, -1(x13)        x14=00000039 x13:0001ef64  PA:0001ef63
            11819500           11759 0000022a fe071ce3 bne              x14, x0, -8         x14:00000039
            11821500           11761 00000222 00e62223 sw               x14, 4(x12)         x14:00000039 x12:80000000  PA:80000004
            11823500           11763 00000224 00168693 addi             x13, x13, 1         x13=0001ef65 x13:0001ef64
            11824500           11764 00000226 fff6c703 lbu              x14, -1(x13)        x14=00000031 x13:0001ef65  PA:0001ef64
            11827500           11767 0000022a fe071ce3 bne              x14, x0, -8         x14:00000031
            11829500           11769 00000222 00e62223 sw               x14, 4(x12)         x14:00000031 x12:80000000  PA:80000004
            11831500           11771 00000224 00168693 addi             x13, x13, 1         x13=0001ef66 x13:0001ef65
            11832500           11772 00000226 fff6c703 lbu              x14, -1(x13)        x14=00000033 x13:0001ef66  PA:0001ef65
            11835500           11775 0000022a fe071ce3 bne              x14, x0, -8         x14:00000033
            11837500           11777 00000222 00e62223 sw               x14, 4(x12)         x14:00000033 x12:80000000  PA:80000004
            11839500           11779 00000224 00168693 addi             x13, x13, 1         x13=0001ef67 x13:0001ef66
            11840500           11780 00000226 fff6c703 lbu              x14, -1(x13)        x14=00000033 x13:0001ef67  PA:0001ef66
            11843500           11783 0000022a fe071ce3 bne              x14, x0, -8         x14:00000033
            11845500           11785 00000222 00e62223 sw               x14, 4(x12)         x14:00000033 x12:80000000  PA:80000004
            11847500           11787 00000224 00168693 addi             x13, x13, 1         x13=0001ef68 x13:0001ef67
            11848500           11788 00000226 fff6c703 lbu              x14, -1(x13)        x14=00000034 x13:0001ef68  PA:0001ef67
            11851500           11791 0000022a fe071ce3 bne              x14, x0, -8         x14:00000034
            11853500           11793 00000222 00e62223 sw               x14, 4(x12)         x14:00000034 x12:80000000  PA:80000004
            11855500           11795 00000224 00168693 addi             x13, x13, 1         x13=0001ef69 x13:0001ef68
            11856500           11796 00000226 fff6c703 lbu              x14, -1(x13)        x14=00000000 x13:0001ef69  PA:0001ef68
            11858500           11798 0000022a fe071ce3 bne              x14, x0, -8         x14:00000000
            11859500           11799 0000022c 00054703 lbu              x14, 0(x10)         x14=000000xX x10:0001ef6c  PA:0001ef6c
            11861500           11801 00000230 00800693 addi             x13, x0, 8          x13=00000008
            11862500           11802 00000232 00977713 andi             x14, x14, 9         x14=00000000 x14:000000xX
            11863500           11803 00000234 00d70363 beq              x14, x13, 6         x14:00000000 x13:00000008
            11865500           11805 00000238 00008067 jalr             x0, x1, 0            x1:000003aa
            11866500           11806 000003aa 013006b3 add              x13, x0, x19        x13=0001efc8 x19:0001efc8
            11867500           11807 000003ac 00c12603 lw               x12, 12(x2)         x12=1c01005b  x2:0001ef50  PA:0001ef5c
            11870500           11810 000003ae f09ff06f jal              x0, -248           
            11872500           11812 000002b6 00064783 lbu              x15, 0(x12)         x15=0000000a x12:1c01005b  PA:1c01005b
            11874500           11814 000002ba 00160613 addi             x12, x12, 1         x12=1c01005c x12:1c01005b
            11875500           11815 000002bc 00078c63 beq              x15, x0, 24         x15:0000000a
            11876500           11816 000002be 02500713 addi             x14, x0, 37         x14=00000025
            11878500           11818 000002c2 02e78063 beq              x15, x14, 32        x15:0000000a x14:00000025
            11879500           11819 000002c6 80000737 lui              x14, 0x80000000     x14=80000000
            11880500           11820 000002ca 00f72223 sw               x15, 4(x14)         x15:0000000a x14:80000000  PA:80000004
            11882500           11822 000002cc 00064783 lbu              x15, 0(x12)         x15=00000000 x12:1c01005c  PA:1c01005c
            11884500           11824 000002d0 00160613 addi             x12, x12, 1         x12=1c01005d x12:1c01005c
            11885500           11825 000002d2 fe0796e3 bne              x15, x0, -20        x15:00000000
            11886500           11826 000002d4 04c12083 lw               x1, 76(x2)           x1=0000051a  x2:0001ef50  PA:0001ef9c
            11888500           11828 000002d6 04812403 lw               x8, 72(x2)           x8=1c0100a0  x2:0001ef50  PA:0001ef98
            11890500           11830 000002d8 04412483 lw               x9, 68(x2)           x9=00000000  x2:0001ef50  PA:0001ef94
            11892500           11832 000002da 04012903 lw               x18, 64(x2)         x18=00000000  x2:0001ef50  PA:0001ef90
            11894500           11834 000002dc 03c12983 lw               x19, 60(x2)         x19=00000000  x2:0001ef50  PA:0001ef8c
            11896500           11836 000002de 05010113 addi             x2, x2, 80           x2=0001efa0  x2:0001ef50
            11898500           11838 000002e0 00008067 jalr             x0, x1, 0            x1:0000051a
            11899500           11839 0000051a 01c12083 lw               x1, 28(x2)           x1=0000068c  x2:0001efa0  PA:0001efbc
            11901500           11841 0000051c 04010113 addi             x2, x2, 64           x2=0001efe0  x2:0001efa0
            11903500           11843 0000051e 00008067 jalr             x0, x1, 0            x1:0000068c
            11904500           11844 0000068c 02042583 lw               x11, 32(x8)         x11=000bc151  x8:1c0100a0  PA:1c0100c0
            11906500           11846 0000068e 1c010537 lui              x10, 0x1c010000     x10=1c010000
            11907500           11847 00000692 06050513 addi             x10, x10, 96        x10=1c010060 x10:1c010000
            11909500           11849 00000696 e57ff0ef jal              x1, -426             x1=00000698
            11910500           11850 000004ec fc010113 addi             x2, x2, -64          x2=0001efa0  x2:0001efe0
            11911500           11851 000004ee 02c12423 sw               x12, 40(x2)         x12:1c01005d  x2:0001efa0  PA:0001efc8
            11913500           11853 000004f0 1c010637 lui              x12, 0x1c010000     x12=1c010000
            11914500           11854 000004f4 02b12223 sw               x11, 36(x2)         x11:000bc151  x2:0001efa0  PA:0001efc4
            11916500           11856 000004f6 0c462583 lw               x11, 196(x12)       x11=000bc151 x12:1c010000  PA:1c0100c4
            11918500           11858 000004fa 00a00633 add              x12, x0, x10        x12=1c010060 x10:1c010060
            11919500           11859 000004fc 1c010537 lui              x10, 0x1c010000     x10=1c010000
            11920500           11860 00000500 02410313 addi             x6, x2, 36           x6=0001efc4  x2:0001efa0
            11921500           11861 00000504 0c852503 lw               x10, 200(x10)       x10=00000000 x10:1c010000  PA:1c0100c8
            11923500           11863 00000508 02d12623 sw               x13, 44(x2)         x13:0001efc8  x2:0001efa0  PA:0001efcc
            11925500           11865 0000050a 006006b3 add              x13, x0, x6         x13=0001efc4  x6:0001efc4
            11926500           11866 0000050c 00112e23 sw               x1, 28(x2)           x1:00000698  x2:0001efa0  PA:0001efbc
            11928500           11868 0000050e 02e12823 sw               x14, 48(x2)         x14:80000000  x2:0001efa0  PA:0001efd0
            11930500           11870 00000510 02f12a23 sw               x15, 52(x2)         x15:00000000  x2:0001efa0  PA:0001efd4
            11932500           11872 00000512 03012c23 sw               x16, 56(x2)         x16:00000000  x2:0001efa0  PA:0001efd8
            11934500           11874 00000514 03112e23 sw               x17, 60(x2)         x17:00000000  x2:0001efa0  PA:0001efdc
            11936500           11876 00000516 00612623 sw               x6, 12(x2)           x6:0001efc4  x2:0001efa0  PA:0001efac
            11939500           11879 00000518 d83ff0ef jal              x1, -638             x1=0000051a
            11940500           11880 0000029a fb010113 addi             x2, x2, -80          x2=0001ef50  x2:0001efa0
            11941500           11881 0000029c 01010793 addi             x15, x2, 16         x15=0001ef60  x2:0001ef50
            11942500           11882 0000029e 04812423 sw               x8, 72(x2)           x8:1c0100a0  x2:0001ef50  PA:0001ef98
            11944500           11884 000002a0 04912223 sw               x9, 68(x2)           x9:00000000  x2:0001ef50  PA:0001ef94
            11946500           11886 000002a2 05212023 sw               x18, 64(x2)         x18:00000000  x2:0001ef50  PA:0001ef90
            11948500           11888 000002a4 04112623 sw               x1, 76(x2)           x1:0000051a  x2:0001ef50  PA:0001ef9c
            11950500           11890 000002a6 03312e23 sw               x19, 60(x2)         x19:00000000  x2:0001ef50  PA:0001ef8c
            11952500           11892 000002a8 02f12623 sw               x15, 44(x2)         x15:0001ef60  x2:0001ef50  PA:0001ef7c
            11954500           11894 000002aa 02d00413 addi             x8, x0, 45           x8=0000002d
            11955500           11895 000002ae 03000493 addi             x9, x0, 48           x9=00000030
            11957500           11897 000002b2 02300913 addi             x18, x0, 35         x18=00000023
            11958500           11898 000002b6 00064783 lbu              x15, 0(x12)         x15=00000064 x12:1c010060  PA:1c010060
            11960500           11900 000002ba 00160613 addi             x12, x12, 1         x12=1c010061 x12:1c010060
            11961500           11901 000002bc 00078c63 beq              x15, x0, 24         x15:00000064
            11962500           11902 000002be 02500713 addi             x14, x0, 37         x14=00000025
            11964500           11904 000002c2 02e78063 beq              x15, x14, 32        x15:00000064 x14:00000025
            11965500           11905 000002c6 80000737 lui              x14, 0x80000000     x14=80000000
            11966500           11906 000002ca 00f72223 sw               x15, 4(x14)         x15:00000064 x14:80000000  PA:80000004
            11968500           11908 000002cc 00064783 lbu              x15, 0(x12)         x15=0000005b x12:1c010061  PA:1c010061
            11970500           11910 000002d0 00160613 addi             x12, x12, 1         x12=1c010062 x12:1c010061
            11972500           11912 000002d2 fe0796e3 bne              x15, x0, -20        x15:0000005b
            11975500           11915 000002be 02500713 addi             x14, x0, 37         x14=00000025
            11976500           11916 000002c2 02e78063 beq              x15, x14, 32        x15:0000005b x14:00000025
            11977500           11917 000002c6 80000737 lui              x14, 0x80000000     x14=80000000
            11978500           11918 000002ca 00f72223 sw               x15, 4(x14)         x15:0000005b x14:80000000  PA:80000004
            11980500           11920 000002cc 00064783 lbu              x15, 0(x12)         x15=00000038 x12:1c010062  PA:1c010062
            11982500           11922 000002d0 00160613 addi             x12, x12, 1         x12=1c010063 x12:1c010062
            11984500           11924 000002d2 fe0796e3 bne              x15, x0, -20        x15:00000038
            11987500           11927 000002be 02500713 addi             x14, x0, 37         x14=00000025
            11988500           11928 000002c2 02e78063 beq              x15, x14, 32        x15:00000038 x14:00000025
            11989500           11929 000002c6 80000737 lui              x14, 0x80000000     x14=80000000
            11990500           11930 000002ca 00f72223 sw               x15, 4(x14)         x15:00000038 x14:80000000  PA:80000004
            11992500           11932 000002cc 00064783 lbu              x15, 0(x12)         x15=0000005d x12:1c010063  PA:1c010063
            11994500           11934 000002d0 00160613 addi             x12, x12, 1         x12=1c010064 x12:1c010063
            11996500           11936 000002d2 fe0796e3 bne              x15, x0, -20        x15:0000005d
            11999500           11939 000002be 02500713 addi             x14, x0, 37         x14=00000025
            12000500           11940 000002c2 02e78063 beq              x15, x14, 32        x15:0000005d x14:00000025
            12001500           11941 000002c6 80000737 lui              x14, 0x80000000     x14=80000000
            12002500           11942 000002ca 00f72223 sw               x15, 4(x14)         x15:0000005d x14:80000000  PA:80000004
            12004500           11944 000002cc 00064783 lbu              x15, 0(x12)         x15=0000003d x12:1c010064  PA:1c010064
            12006500           11946 000002d0 00160613 addi             x12, x12, 1         x12=1c010065 x12:1c010064
            12008500           11948 000002d2 fe0796e3 bne              x15, x0, -20        x15:0000003d
            12011500           11951 000002be 02500713 addi             x14, x0, 37         x14=00000025
            12012500           11952 000002c2 02e78063 beq              x15, x14, 32        x15:0000003d x14:00000025
            12013500           11953 000002c6 80000737 lui              x14, 0x80000000     x14=80000000
            12014500           11954 000002ca 00f72223 sw               x15, 4(x14)         x15:0000003d x14:80000000  PA:80000004
            12016500           11956 000002cc 00064783 lbu              x15, 0(x12)         x15=00000025 x12:1c010065  PA:1c010065
            12018500           11958 000002d0 00160613 addi             x12, x12, 1         x12=1c010066 x12:1c010065
            12020500           11960 000002d2 fe0796e3 bne              x15, x0, -20        x15:00000025
            12023500           11963 000002be 02500713 addi             x14, x0, 37         x14=00000025
            12025500           11965 000002c2 02e78063 beq              x15, x14, 32        x15:00000025 x14:00000025
            12028500           11968 000002e2 01c14783 lbu              x15, 28(x2)         x15=000000xX  x2:0001ef50  PA:0001ef6c
            12030500           11970 000002e6 02012023 sw               x0, 32(x2)           x2:0001ef50  PA:0001ef70
            12032500           11972 000002e8 ff47f793 andi             x15, x15, -12       x15=000000xX x15:000000xX
            12033500           11973 000002ea 00f10e23 sb               x15, 28(x2)         x15:000000xX  x2:0001ef50  PA:0001ef6c
            12035500           11975 000002ee 02010223 sb               x0, 36(x2)           x2:0001ef50  PA:0001ef74
            12037500           11977 000002f2 00000813 addi             x16, x0, 0          x16=00000000
            12038500           11978 000002f4 00000593 addi             x11, x0, 0          x11=00000000
            12039500           11979 000002f6 00000893 addi             x17, x0, 0          x17=00000000
            12040500           11980 000002f8 00000713 addi             x14, x0, 0          x14=00000000
            12041500           11981 000002fa 00000513 addi             x10, x0, 0          x10=00000000
            12042500           11982 000002fc 00160613 addi             x12, x12, 1         x12=1c010067 x12:1c010066
            12043500           11983 000002fe fff64783 lbu              x15, -1(x12)        x15=00000064 x12:1c010067  PA:1c010066
            12045500           11985 00000302 fc0789e3 beq              x15, x0, -46        x15:00000064
            12046500           11986 00000304 0a878663 beq              x15, x8, 172        x15:00000064  x8:0000002d
            12047500           11987 00000308 0a978a63 beq              x15, x9, 180        x15:00000064  x9:00000030
            12048500           11988 0000030c 0b278563 beq              x15, x18, 170       x15:00000064 x18:00000023
            12049500           11989 00000310 0a071863 bne              x14, x0, 176        x14:00000000
            12051500           11991 00000312 00088863 beq              x17, x0, 16         x17:00000000
            12055500           11995 00000322 00080963 beq              x16, x0, 18         x16:00000000
            12057500           11997 00000334 fd078593 addi             x11, x15, -48       x11=00000034 x15:00000064
            12058500           11998 00000338 0ff5f513 andi             x10, x11, 255       x10=00000034 x11:00000034
            12059500           11999 0000033c 00900713 addi             x14, x0, 9          x14=00000009
            12060500           12000 0000033e 08a77963 bgeu             x14, x10, 146       x14:00000009 x10:00000034
            12061500           12001 00000342 02e00713 addi             x14, x0, 46         x14=0000002e
            12062500           12002 00000346 0ee78263 beq              x15, x14, 228       x15:00000064 x14:0000002e
            12063500           12003 0000034a 06900713 addi             x14, x0, 105        x14=00000069
            12064500           12004 0000034e 16e78963 beq              x15, x14, 370       x15:00000064 x14:00000069
            12066500           12006 00000352 0ef77d63 bgeu             x14, x15, 250       x14:00000069 x15:00000064
            12068500           12008 0000044c 05800713 addi             x14, x0, 88         x14=00000058
            12069500           12009 00000450 f2e787e3 beq              x15, x14, -210      x15:00000064 x14:00000058
            12070500           12010 00000454 02f77863 bgeu             x14, x15, 48        x14:00000058 x15:00000064
            12071500           12011 00000458 06300713 addi             x14, x0, 99         x14=00000063
            12073500           12013 0000045c 04e79e63 bne              x15, x14, 92        x15:00000064 x14:00000063
            12075500           12015 000004b8 06400713 addi             x14, x0, 100        x14=00000064
            12076500           12016 000004bc dee79de3 bne              x15, x14, -518      x15:00000064 x14:00000064
            12077500           12017 000004c0 00a00793 addi             x15, x0, 10         x15=0000000a
            12078500           12018 000004c2 0006a503 lw               x10, 0(x13)         x10=000bc151 x13:0001efc4  PA:0001efc4
            12080500           12020 000004c4 02f12423 sw               x15, 40(x2)         x15:0000000a  x2:0001ef50  PA:0001ef78
            12082500           12022 000004c6 00468993 addi             x19, x13, 4         x19=0001efc8 x13:0001efc4
            12083500           12023 000004ca 00054463 blt              x10, x0, 8          x10:000bc151
            12084500           12024 000004ce 01c10593 addi             x11, x2, 28         x11=0001ef6c  x2:0001ef50
            12086500           12026 000004d0 ed3ff06f jal              x0, -302           
            12087500           12027 000003a2 00c12623 sw               x12, 12(x2)         x12:1c010067  x2:0001ef50  PA:0001ef5c
            12090500           12030 000003a4 d3bff0ef jal              x1, -710             x1=000003a6
            12091500           12031 000000de 00c5a683 lw               x13, 12(x11)        x13=0000000a x11:0001ef6c  PA:0001ef78
            12093500           12033 000000e0 0105a803 lw               x16, 16(x11)        x16=0001ef60 x11:0001ef6c  PA:0001ef7c
            12095500           12035 000000e4 00100793 addi             x15, x0, 1          x15=00000001
            12096500           12036 000000e6 06d56a63 bltu             x10, x13, 116       x10:000bc151 x13:0000000a
            12099500           12039 000000ea 02d787b3 mul              x15, x15, x13       x15=0000000a x15:00000001 x13:0000000a
            12136500           12076 000000ee 02f55733 divu             x14, x10, x15       x14=00012cee x10:000bc151 x15:0000000a
            12138500           12078 000000f2 fed77ce3 bgeu             x14, x13, -8        x14:00012cee x13:0000000a
            12143500           12083 000000ea 02d787b3 mul              x15, x15, x13       x15=00000064 x15:0000000a x13:0000000a
            12180500           12120 000000ee 02f55733 divu             x14, x10, x15       x14=00001e17 x10:000bc151 x15:00000064
            12182500           12122 000000f2 fed77ce3 bgeu             x14, x13, -8        x14:00001e17 x13:0000000a
            12187500           12127 000000ea 02d787b3 mul              x15, x15, x13       x15=000003e8 x15:00000064 x13:0000000a
            12224500           12164 000000ee 02f55733 divu             x14, x10, x15       x14=00000302 x10:000bc151 x15:000003e8
            12226500           12166 000000f2 fed77ce3 bgeu             x14, x13, -8        x14:00000302 x13:0000000a
            12231500           12171 000000ea 02d787b3 mul              x15, x15, x13       x15=00002710 x15:000003e8 x13:0000000a
            12268500           12208 000000ee 02f55733 divu             x14, x10, x15       x14=0000004d x10:000bc151 x15:00002710
            12270500           12210 000000f2 fed77ce3 bgeu             x14, x13, -8        x14:0000004d x13:0000000a
            12275500           12215 000000ea 02d787b3 mul              x15, x15, x13       x15=000186a0 x15:00002710 x13:0000000a
            12312500           12252 000000ee 02f55733 divu             x14, x10, x15       x14=00000007 x10:000bc151 x15:000186a0
            12313500           12253 000000f2 fed77ce3 bgeu             x14, x13, -8        x14:00000007 x13:0000000a
            12314500           12254 000000f6 04078e63 beq              x15, x0, 92         x15:000186a0
            12315500           12255 000000f8 00000613 addi             x12, x0, 0          x12=00000000
            12316500           12256 000000fa 00900313 addi             x6, x0, 9            x6=00000009
            12353500           12293 000000fc 02f57533 remu             x10, x10, x15       x10=000112f1 x10:000bc151 x15:000186a0
            12390500           12330 00000100 02d7d7b3 divu             x15, x15, x13       x15=00002710 x15:000186a0 x13:0000000a
            12391500           12331 00000104 00061363 bne              x12, x0, 6          x12:00000000
            12392500           12332 00000106 02e05c63 bge              x0, x14, 56         x14:00000007
            12394500           12334 0000010a 03000693 addi             x13, x0, 48         x13=00000030
            12396500           12336 0000010e 00e35c63 bge              x6, x14, 24          x6:00000009 x14:00000007
            12398500           12338 00000126 00d70733 add              x14, x14, x13       x14=00000037 x14:00000007 x13:00000030
            12399500           12339 00000128 00e80023 sb               x14, 0(x16)         x14:00000037 x16:0001ef60  PA:0001ef60
            12401500           12341 0000012c 00180893 addi             x17, x16, 1         x17=0001ef61 x16:0001ef60
            12402500           12342 00000130 00160613 addi             x12, x12, 1         x12=00000001 x12:00000000
            12403500           12343 00000132 00078d63 beq              x15, x0, 26         x15:00002710
            12404500           12344 00000134 00c5a683 lw               x13, 12(x11)        x13=0000000a x11:0001ef6c  PA:0001ef78
            12406500           12346 00000136 01100833 add              x16, x0, x17        x16=0001ef61 x17:0001ef61
            12443500           12383 00000138 02f55733 divu             x14, x10, x15       x14=00000007 x10:000112f1 x15:00002710
            12445500           12385 0000013c fc1ff06f jal              x0, -64            
            12482500           12422 000000fc 02f57533 remu             x10, x10, x15       x10=00000181 x10:000112f1 x15:00002710
            12519500           12459 00000100 02d7d7b3 divu             x15, x15, x13       x15=000003e8 x15:00002710 x13:0000000a
            12521500           12461 00000104 00061363 bne              x12, x0, 6          x12:00000001
            12524500           12464 0000010a 03000693 addi             x13, x0, 48         x13=00000030
            12526500           12466 0000010e 00e35c63 bge              x6, x14, 24          x6:00000009 x14:00000007
            12528500           12468 00000126 00d70733 add              x14, x14, x13       x14=00000037 x14:00000007 x13:00000030
            12529500           12469 00000128 00e80023 sb               x14, 0(x16)         x14:00000037 x16:0001ef61  PA:0001ef61
            12531500           12471 0000012c 00180893 addi             x17, x16, 1         x17=0001ef62 x16:0001ef61
            12532500           12472 00000130 00160613 addi             x12, x12, 1         x12=00000002 x12:00000001
            12533500           12473 00000132 00078d63 beq              x15, x0, 26         x15:000003e8
            12534500           12474 00000134 00c5a683 lw               x13, 12(x11)        x13=0000000a x11:0001ef6c  PA:0001ef78
            12536500           12476 00000136 01100833 add              x16, x0, x17        x16=0001ef62 x17:0001ef62
            12573500           12513 00000138 02f55733 divu             x14, x10, x15       x14=00000000 x10:00000181 x15:000003e8
            12575500           12515 0000013c fc1ff06f jal              x0, -64            
            12612500           12552 000000fc 02f57533 remu             x10, x10, x15       x10=00000181 x10:00000181 x15:000003e8
            12649500           12589 00000100 02d7d7b3 divu             x15, x15, x13       x15=00000064 x15:000003e8 x13:0000000a
            12651500           12591 00000104 00061363 bne              x12, x0, 6          x12:00000002
            12654500           12594 0000010a 03000693 addi             x13, x0, 48         x13=00000030
            12656500           12596 0000010e 00e35c63 bge              x6, x14, 24          x6:00000009 x14:00000000
            12658500           12598 00000126 00d70733 add              x14, x14, x13       x14=00000030 x14:00000000 x13:00000030
            12659500           12599 00000128 00e80023 sb               x14, 0(x16)         x14:00000030 x16:0001ef62  PA:0001ef62
            12661500           12601 0000012c 00180893 addi             x17, x16, 1         x17=0001ef63 x16:0001ef62
            12662500           12602 00000130 00160613 addi             x12, x12, 1         x12=00000003 x12:00000002
            12663500           12603 00000132 00078d63 beq              x15, x0, 26         x15:00000064
            12664500           12604 00000134 00c5a683 lw               x13, 12(x11)        x13=0000000a x11:0001ef6c  PA:0001ef78
            12666500           12606 00000136 01100833 add              x16, x0, x17        x16=0001ef63 x17:0001ef63
            12703500           12643 00000138 02f55733 divu             x14, x10, x15       x14=00000003 x10:00000181 x15:00000064
            12705500           12645 0000013c fc1ff06f jal              x0, -64            
            12742500           12682 000000fc 02f57533 remu             x10, x10, x15       x10=00000055 x10:00000181 x15:00000064
            12779500           12719 00000100 02d7d7b3 divu             x15, x15, x13       x15=0000000a x15:00000064 x13:0000000a
            12781500           12721 00000104 00061363 bne              x12, x0, 6          x12:00000003
            12784500           12724 0000010a 03000693 addi             x13, x0, 48         x13=00000030
            12786500           12726 0000010e 00e35c63 bge              x6, x14, 24          x6:00000009 x14:00000003
            12788500           12728 00000126 00d70733 add              x14, x14, x13       x14=00000033 x14:00000003 x13:00000030
            12789500           12729 00000128 00e80023 sb               x14, 0(x16)         x14:00000033 x16:0001ef63  PA:0001ef63
            12791500           12731 0000012c 00180893 addi             x17, x16, 1         x17=0001ef64 x16:0001ef63
            12792500           12732 00000130 00160613 addi             x12, x12, 1         x12=00000004 x12:00000003
            12793500           12733 00000132 00078d63 beq              x15, x0, 26         x15:0000000a
            12794500           12734 00000134 00c5a683 lw               x13, 12(x11)        x13=0000000a x11:0001ef6c  PA:0001ef78
            12796500           12736 00000136 01100833 add              x16, x0, x17        x16=0001ef64 x17:0001ef64
            12833500           12773 00000138 02f55733 divu             x14, x10, x15       x14=00000008 x10:00000055 x15:0000000a
            12835500           12775 0000013c fc1ff06f jal              x0, -64            
            12872500           12812 000000fc 02f57533 remu             x10, x10, x15       x10=00000005 x10:00000055 x15:0000000a
            12909500           12849 00000100 02d7d7b3 divu             x15, x15, x13       x15=00000001 x15:0000000a x13:0000000a
            12911500           12851 00000104 00061363 bne              x12, x0, 6          x12:00000004
            12914500           12854 0000010a 03000693 addi             x13, x0, 48         x13=00000030
            12916500           12856 0000010e 00e35c63 bge              x6, x14, 24          x6:00000009 x14:00000008
            12918500           12858 00000126 00d70733 add              x14, x14, x13       x14=00000038 x14:00000008 x13:00000030
            12919500           12859 00000128 00e80023 sb               x14, 0(x16)         x14:00000038 x16:0001ef64  PA:0001ef64
            12921500           12861 0000012c 00180893 addi             x17, x16, 1         x17=0001ef65 x16:0001ef64
            12922500           12862 00000130 00160613 addi             x12, x12, 1         x12=00000005 x12:00000004
            12923500           12863 00000132 00078d63 beq              x15, x0, 26         x15:00000001
            12924500           12864 00000134 00c5a683 lw               x13, 12(x11)        x13=0000000a x11:0001ef6c  PA:0001ef78
            12926500           12866 00000136 01100833 add              x16, x0, x17        x16=0001ef65 x17:0001ef65
            12963500           12903 00000138 02f55733 divu             x14, x10, x15       x14=00000005 x10:00000005 x15:00000001
            12965500           12905 0000013c fc1ff06f jal              x0, -64            
            13002500           12942 000000fc 02f57533 remu             x10, x10, x15       x10=00000000 x10:00000005 x15:00000001
            13039500           12979 00000100 02d7d7b3 divu             x15, x15, x13       x15=00000000 x15:00000001 x13:0000000a
            13041500           12981 00000104 00061363 bne              x12, x0, 6          x12:00000005
            13044500           12984 0000010a 03000693 addi             x13, x0, 48         x13=00000030
            13046500           12986 0000010e 00e35c63 bge              x6, x14, 24          x6:00000009 x14:00000005
            13048500           12988 00000126 00d70733 add              x14, x14, x13       x14=00000035 x14:00000005 x13:00000030
            13049500           12989 00000128 00e80023 sb               x14, 0(x16)         x14:00000035 x16:0001ef65  PA:0001ef65
            13051500           12991 0000012c 00180893 addi             x17, x16, 1         x17=0001ef66 x16:0001ef65
            13052500           12992 00000130 00160613 addi             x12, x12, 1         x12=00000006 x12:00000005
            13054500           12994 00000132 00078d63 beq              x15, x0, 26         x15:00000000
            13056500           12996 0000014c 00088023 sb               x0, 0(x17)          x17:0001ef66  PA:0001ef66
            13059500           12999 00000150 00008067 jalr             x0, x1, 0            x1:000003a6
            13060500           13000 000003a6 01c10513 addi             x10, x2, 28         x10=0001ef6c  x2:0001ef50
            13062500           13002 000003a8 db7ff0ef jal              x1, -586             x1=000003aa
            13063500           13003 0000015e 01052583 lw               x11, 16(x10)        x11=0001ef60 x10:0001ef6c  PA:0001ef7c
            13065500           13005 00000160 00452783 lw               x15, 4(x10)         x15=00000000 x10:0001ef6c  PA:0001ef70
            13067500           13007 00000162 0005c703 lbu              x14, 0(x11)         x14=00000037 x11:0001ef60  PA:0001ef60
            13069500           13009 00000166 00158693 addi             x13, x11, 1         x13=0001ef61 x11:0001ef60
            13070500           13010 0000016a 00070b63 beq              x14, x0, 22         x14:00000037
            13072500           13012 0000016c 00f05a63 bge              x0, x15, 20         x15:00000000
            13074500           13014 00000180 00854603 lbu              x12, 8(x10)         x12=00000000 x10:0001ef6c  PA:0001ef74
            13076500           13016 00000184 00054703 lbu              x14, 0(x10)         x14=000000xX x10:0001ef6c  PA:0001ef6c
            13078500           13018 00000188 00c038b3 sltu             x17, x0, x12        x17=00000000 x12:00000000
            13079500           13019 0000018c 00277813 andi             x16, x14, 2         x16=00000000 x14:000000xX
            13080500           13020 00000190 411787b3 sub              x15, x15, x17       x15=00000000 x15:00000000 x17:00000000
            13082500           13022 00000194 00080c63 beq              x16, x0, 24         x16:00000000
            13084500           13024 000001ac 00977713 andi             x14, x14, 9         x14=00000000 x14:000000xX
            13085500           13025 000001ae 02071363 bne              x14, x0, 38         x14:00000000
            13086500           13026 000001b0 fff78713 addi             x14, x15, -1        x14=ffffffff x15:00000000
            13088500           13028 000001b4 0cf05f63 bge              x0, x15, 222        x15:00000000
            13090500           13030 00000292 00e007b3 add              x15, x0, x14        x15=ffffffff x14:ffffffff
            13092500           13032 00000294 f41ff06f jal              x0, -192           
            13094500           13034 000001d4 00060463 beq              x12, x0, 8          x12:00000000
            13096500           13036 000001dc 00054703 lbu              x14, 0(x10)         x14=000000xX x10:0001ef6c  PA:0001ef6c
            13098500           13038 000001e0 00277613 andi             x12, x14, 2         x12=00000000 x14:000000xX
            13100500           13040 000001e4 00060863 beq              x12, x0, 16         x12:00000000
            13102500           13042 000001f4 00177713 andi             x14, x14, 1         x14=00000000 x14:000000xX
            13104500           13044 000001f6 02070163 beq              x14, x0, 34         x14:00000000
            13106500           13046 00000218 0005c703 lbu              x14, 0(x11)         x14=00000037 x11:0001ef60  PA:0001ef60
            13108500           13048 0000021c 00070863 beq              x14, x0, 16         x14:00000037
            13109500           13049 0000021e 80000637 lui              x12, 0x80000000     x12=80000000
            13110500           13050 00000222 00e62223 sw               x14, 4(x12)         x14:00000037 x12:80000000  PA:80000004
            13112500           13052 00000224 00168693 addi             x13, x13, 1         x13=0001ef62 x13:0001ef61
            13113500           13053 00000226 fff6c703 lbu              x14, -1(x13)        x14=00000037 x13:0001ef62  PA:0001ef61
            13116500           13056 0000022a fe071ce3 bne              x14, x0, -8         x14:00000037
            13118500           13058 00000222 00e62223 sw               x14, 4(x12)         x14:00000037 x12:80000000  PA:80000004
            13120500           13060 00000224 00168693 addi             x13, x13, 1         x13=0001ef63 x13:0001ef62
            13121500           13061 00000226 fff6c703 lbu              x14, -1(x13)        x14=00000030 x13:0001ef63  PA:0001ef62
            13124500           13064 0000022a fe071ce3 bne              x14, x0, -8         x14:00000030
            13126500           13066 00000222 00e62223 sw               x14, 4(x12)         x14:00000030 x12:80000000  PA:80000004
            13128500           13068 00000224 00168693 addi             x13, x13, 1         x13=0001ef64 x13:0001ef63
            13129500           13069 00000226 fff6c703 lbu              x14, -1(x13)        x14=00000033 x13:0001ef64  PA:0001ef63
            13132500           13072 0000022a fe071ce3 bne              x14, x0, -8         x14:00000033
            13134500           13074 00000222 00e62223 sw               x14, 4(x12)         x14:00000033 x12:80000000  PA:80000004
            13136500           13076 00000224 00168693 addi             x13, x13, 1         x13=0001ef65 x13:0001ef64
            13137500           13077 00000226 fff6c703 lbu              x14, -1(x13)        x14=00000038 x13:0001ef65  PA:0001ef64
            13140500           13080 0000022a fe071ce3 bne              x14, x0, -8         x14:00000038
            13142500           13082 00000222 00e62223 sw               x14, 4(x12)         x14:00000038 x12:80000000  PA:80000004
            13144500           13084 00000224 00168693 addi             x13, x13, 1         x13=0001ef66 x13:0001ef65
            13145500           13085 00000226 fff6c703 lbu              x14, -1(x13)        x14=00000035 x13:0001ef66  PA:0001ef65
            13148500           13088 0000022a fe071ce3 bne              x14, x0, -8         x14:00000035
            13150500           13090 00000222 00e62223 sw               x14, 4(x12)         x14:00000035 x12:80000000  PA:80000004
            13152500           13092 00000224 00168693 addi             x13, x13, 1         x13=0001ef67 x13:0001ef66
            13153500           13093 00000226 fff6c703 lbu              x14, -1(x13)        x14=00000000 x13:0001ef67  PA:0001ef66
            13155500           13095 0000022a fe071ce3 bne              x14, x0, -8         x14:00000000
            13156500           13096 0000022c 00054703 lbu              x14, 0(x10)         x14=000000xX x10:0001ef6c  PA:0001ef6c
            13158500           13098 00000230 00800693 addi             x13, x0, 8          x13=00000008
            13159500           13099 00000232 00977713 andi             x14, x14, 9         x14=00000000 x14:000000xX
            13160500           13100 00000234 00d70363 beq              x14, x13, 6         x14:00000000 x13:00000008
            13162500           13102 00000238 00008067 jalr             x0, x1, 0            x1:000003aa
            13163500           13103 000003aa 013006b3 add              x13, x0, x19        x13=0001efc8 x19:0001efc8
            13164500           13104 000003ac 00c12603 lw               x12, 12(x2)         x12=1c010067  x2:0001ef50  PA:0001ef5c
            13167500           13107 000003ae f09ff06f jal              x0, -248           
            13169500           13109 000002b6 00064783 lbu              x15, 0(x12)         x15=0000000a x12:1c010067  PA:1c010067
            13171500           13111 000002ba 00160613 addi             x12, x12, 1         x12=1c010068 x12:1c010067
            13172500           13112 000002bc 00078c63 beq              x15, x0, 24         x15:0000000a
            13173500           13113 000002be 02500713 addi             x14, x0, 37         x14=00000025
            13175500           13115 000002c2 02e78063 beq              x15, x14, 32        x15:0000000a x14:00000025
            13176500           13116 000002c6 80000737 lui              x14, 0x80000000     x14=80000000
            13177500           13117 000002ca 00f72223 sw               x15, 4(x14)         x15:0000000a x14:80000000  PA:80000004
            13179500           13119 000002cc 00064783 lbu              x15, 0(x12)         x15=00000000 x12:1c010068  PA:1c010068
            13181500           13121 000002d0 00160613 addi             x12, x12, 1         x12=1c010069 x12:1c010068
            13182500           13122 000002d2 fe0796e3 bne              x15, x0, -20        x15:00000000
            13183500           13123 000002d4 04c12083 lw               x1, 76(x2)           x1=0000051a  x2:0001ef50  PA:0001ef9c
            13185500           13125 000002d6 04812403 lw               x8, 72(x2)           x8=1c0100a0  x2:0001ef50  PA:0001ef98
            13187500           13127 000002d8 04412483 lw               x9, 68(x2)           x9=00000000  x2:0001ef50  PA:0001ef94
            13189500           13129 000002da 04012903 lw               x18, 64(x2)         x18=00000000  x2:0001ef50  PA:0001ef90
            13191500           13131 000002dc 03c12983 lw               x19, 60(x2)         x19=00000000  x2:0001ef50  PA:0001ef8c
            13193500           13133 000002de 05010113 addi             x2, x2, 80           x2=0001efa0  x2:0001ef50
            13195500           13135 000002e0 00008067 jalr             x0, x1, 0            x1:0000051a
            13196500           13136 0000051a 01c12083 lw               x1, 28(x2)           x1=00000698  x2:0001efa0  PA:0001efbc
            13198500           13138 0000051c 04010113 addi             x2, x2, 64           x2=0001efe0  x2:0001efa0
            13200500           13140 0000051e 00008067 jalr             x0, x1, 0            x1:00000698
            13201500           13141 00000698 00c12703 lw               x14, 12(x2)         x14=00000001  x2:0001efe0  PA:0001efec
            13203500           13143 0000069a 01c12083 lw               x1, 28(x2)           x1=000000c4  x2:0001efe0  PA:0001effc
            13205500           13145 0000069c 01812403 lw               x8, 24(x2)           x8=00000000  x2:0001efe0  PA:0001eff8
            13207500           13147 0000069e 800007b7 lui              x15, 0x80000000     x15=80000000
            13208500           13148 000006a2 00e7a023 sw               x14, 0(x15)         x14:00000001 x15:80000000  PA:80000000
            13210500           13150 000006a4 00c12503 lw               x10, 12(x2)         x10=00000001  x2:0001efe0  PA:0001efec
            13212500           13152 000006a6 02010113 addi             x2, x2, 32           x2=0001f000  x2:0001efe0
            13214500           13154 000006a8 00008067 jalr             x0, x1, 0            x1:000000c4
            13215500           13155 000000c4 00a00433 add              x8, x0, x10          x8=00000001 x10:00000001
            13216500           13156 000000c6 00800533 add              x10, x0, x8         x10=00000001  x8:00000001
            13217500           13157 000000c8 10500073 wfi                                 
